INFO: [VRFC 10-2263] Analyzing Verilog file "C:/Users/usama/Desktop/18-4-2026/arm_fpga_04_hdmi_output/arm_fpga_04_hdmi_output.ip_user_files/bd/design_1/ip/design_1_processing_system7_0_0/sim/design_1_processing_system7_0_0.v" into library xil_defaultlib
INFO: [VRFC 10-311] analyzing module design_1_processing_system7_0_0
INFO: [VRFC 10-2263] Analyzing Verilog file "C:/Users/usama/Desktop/18-4-2026/arm_fpga_04_hdmi_output/arm_fpga_04_hdmi_output.gen/sources_1/bd/design_1/ipshared/9097/src/mmcme2_drp.v" into library xil_defaultlib
INFO: [VRFC 10-311] analyzing module mmcme2_drp
INFO: [VRFC 10-2263] Analyzing Verilog file "C:/Users/usama/Desktop/18-4-2026/arm_fpga_04_hdmi_output/arm_fpga_04_hdmi_output.ip_user_files/bd/design_1/ip/design_1_axi_smc_0/bd_0/sim/bd_afc3.v" into library xil_defaultlib
INFO: [VRFC 10-311] analyzing module bd_afc3
INFO: [VRFC 10-311] analyzing module clk_map_imp_5Y9LOC
INFO: [VRFC 10-311] analyzing module m00_exit_pipeline_imp_1TZX5BB
INFO: [VRFC 10-311] analyzing module s00_entry_pipeline_imp_USCCV8
INFO: [VRFC 10-311] analyzing module s00_nodes_imp_Y7M43I
INFO: [VRFC 10-2263] Analyzing Verilog file "C:/Users/usama/Desktop/18-4-2026/arm_fpga_04_hdmi_output/arm_fpga_04_hdmi_output.ip_user_files/bd/design_1/ip/design_1_axi_smc_0/bd_0/ip/ip_0/sim/bd_afc3_one_0.v" into library xil_defaultlib
INFO: [VRFC 10-311] analyzing module bd_afc3_one_0
INFO: [VRFC 10-2263] Analyzing SystemVerilog file "C:/Users/usama/Desktop/18-4-2026/arm_fpga_04_hdmi_output/arm_fpga_04_hdmi_output.ip_user_files/bd/design_1/ip/design_1_axi_smc_0/bd_0/ip/ip_2/sim/bd_afc3_s00mmu_0.sv" into library xil_defaultlib
INFO: [VRFC 10-311] analyzing module bd_afc3_s00mmu_0
INFO: [VRFC 10-2263] Analyzing SystemVerilog file "C:/Users/usama/Desktop/18-4-2026/arm_fpga_04_hdmi_output/arm_fpga_04_hdmi_output.ip_user_files/bd/design_1/ip/design_1_axi_smc_0/bd_0/ip/ip_3/sim/bd_afc3_s00tr_0.sv" into library xil_defaultlib
INFO: [VRFC 10-311] analyzing module bd_afc3_s00tr_0
INFO: [VRFC 10-2263] Analyzing SystemVerilog file "C:/Users/usama/Desktop/18-4-2026/arm_fpga_04_hdmi_output/arm_fpga_04_hdmi_output.ip_user_files/bd/design_1/ip/design_1_axi_smc_0/bd_0/ip/ip_4/sim/bd_afc3_s00sic_0.sv" into library xil_defaultlib
INFO: [VRFC 10-311] analyzing module bd_afc3_s00sic_0
INFO: [VRFC 10-2263] Analyzing SystemVerilog file "C:/Users/usama/Desktop/18-4-2026/arm_fpga_04_hdmi_output/arm_fpga_04_hdmi_output.ip_user_files/bd/design_1/ip/design_1_axi_smc_0/bd_0/ip/ip_5/sim/bd_afc3_s00a2s_0.sv" into library xil_defaultlib
INFO: [VRFC 10-311] analyzing module bd_afc3_s00a2s_0
INFO: [VRFC 10-2263] Analyzing SystemVerilog file "C:/Users/usama/Desktop/18-4-2026/arm_fpga_04_hdmi_output/arm_fpga_04_hdmi_output.ip_user_files/bd/design_1/ip/design_1_axi_smc_0/bd_0/ip/ip_6/sim/bd_afc3_sarn_0.sv" into library xil_defaultlib
INFO: [VRFC 10-311] analyzing module bd_afc3_sarn_0
INFO: [VRFC 10-2263] Analyzing SystemVerilog file "C:/Users/usama/Desktop/18-4-2026/arm_fpga_04_hdmi_output/arm_fpga_04_hdmi_output.ip_user_files/bd/design_1/ip/design_1_axi_smc_0/bd_0/ip/ip_7/sim/bd_afc3_srn_0.sv" into library xil_defaultlib
INFO: [VRFC 10-311] analyzing module bd_afc3_srn_0
INFO: [VRFC 10-2263] Analyzing SystemVerilog file "C:/Users/usama/Desktop/18-4-2026/arm_fpga_04_hdmi_output/arm_fpga_04_hdmi_output.ip_user_files/bd/design_1/ip/design_1_axi_smc_0/bd_0/ip/ip_8/sim/bd_afc3_m00s2a_0.sv" into library xil_defaultlib
INFO: [VRFC 10-311] analyzing module bd_afc3_m00s2a_0
INFO: [VRFC 10-2263] Analyzing SystemVerilog file "C:/Users/usama/Desktop/18-4-2026/arm_fpga_04_hdmi_output/arm_fpga_04_hdmi_output.ip_user_files/bd/design_1/ip/design_1_axi_smc_0/bd_0/ip/ip_9/sim/bd_afc3_m00e_0.sv" into library xil_defaultlib
INFO: [VRFC 10-311] analyzing module bd_afc3_m00e_0
INFO: [VRFC 10-2263] Analyzing Verilog file "C:/Users/usama/Desktop/18-4-2026/arm_fpga_04_hdmi_output/arm_fpga_04_hdmi_output.ip_user_files/bd/design_1/ip/design_1_axi_smc_0/sim/design_1_axi_smc_0.v" into library xil_defaultlib
INFO: [VRFC 10-311] analyzing module design_1_axi_smc_0
INFO: [VRFC 10-2263] Analyzing Verilog file "C:/Users/usama/Desktop/18-4-2026/arm_fpga_04_hdmi_output/arm_fpga_04_hdmi_output.ip_user_files/bd/design_1/ip/design_1_axis_subset_converter_0_0/hdl/tdata_design_1_axis_subset_converter_0_0.v" into library xil_defaultlib
INFO: [VRFC 10-311] analyzing module tdata_design_1_axis_subset_converter_0_0
INFO: [VRFC 10-2263] Analyzing Verilog file "C:/Users/usama/Desktop/18-4-2026/arm_fpga_04_hdmi_output/arm_fpga_04_hdmi_output.ip_user_files/bd/design_1/ip/design_1_axis_subset_converter_0_0/hdl/tuser_design_1_axis_subset_converter_0_0.v" into library xil_defaultlib
INFO: [VRFC 10-311] analyzing module tuser_design_1_axis_subset_converter_0_0
INFO: [VRFC 10-2263] Analyzing Verilog file "C:/Users/usama/Desktop/18-4-2026/arm_fpga_04_hdmi_output/arm_fpga_04_hdmi_output.ip_user_files/bd/design_1/ip/design_1_axis_subset_converter_0_0/hdl/tstrb_design_1_axis_subset_converter_0_0.v" into library xil_defaultlib
INFO: [VRFC 10-311] analyzing module tstrb_design_1_axis_subset_converter_0_0
INFO: [VRFC 10-2263] Analyzing Verilog file "C:/Users/usama/Desktop/18-4-2026/arm_fpga_04_hdmi_output/arm_fpga_04_hdmi_output.ip_user_files/bd/design_1/ip/design_1_axis_subset_converter_0_0/hdl/tkeep_design_1_axis_subset_converter_0_0.v" into library xil_defaultlib
INFO: [VRFC 10-311] analyzing module tkeep_design_1_axis_subset_converter_0_0
INFO: [VRFC 10-2263] Analyzing Verilog file "C:/Users/usama/Desktop/18-4-2026/arm_fpga_04_hdmi_output/arm_fpga_04_hdmi_output.ip_user_files/bd/design_1/ip/design_1_axis_subset_converter_0_0/hdl/tid_design_1_axis_subset_converter_0_0.v" into library xil_defaultlib
INFO: [VRFC 10-311] analyzing module tid_design_1_axis_subset_converter_0_0
INFO: [VRFC 10-2263] Analyzing Verilog file "C:/Users/usama/Desktop/18-4-2026/arm_fpga_04_hdmi_output/arm_fpga_04_hdmi_output.ip_user_files/bd/design_1/ip/design_1_axis_subset_converter_0_0/hdl/tdest_design_1_axis_subset_converter_0_0.v" into library xil_defaultlib
INFO: [VRFC 10-311] analyzing module tdest_design_1_axis_subset_converter_0_0
INFO: [VRFC 10-2263] Analyzing Verilog file "C:/Users/usama/Desktop/18-4-2026/arm_fpga_04_hdmi_output/arm_fpga_04_hdmi_output.ip_user_files/bd/design_1/ip/design_1_axis_subset_converter_0_0/hdl/tlast_design_1_axis_subset_converter_0_0.v" into library xil_defaultlib
INFO: [VRFC 10-311] analyzing module tlast_design_1_axis_subset_converter_0_0
INFO: [VRFC 10-2263] Analyzing Verilog file "C:/Users/usama/Desktop/18-4-2026/arm_fpga_04_hdmi_output/arm_fpga_04_hdmi_output.ip_user_files/bd/design_1/ip/design_1_axis_subset_converter_0_0/hdl/top_design_1_axis_subset_converter_0_0.v" into library xil_defaultlib
INFO: [VRFC 10-311] analyzing module top_design_1_axis_subset_converter_0_0
INFO: [VRFC 10-2263] Analyzing Verilog file "C:/Users/usama/Desktop/18-4-2026/arm_fpga_04_hdmi_output/arm_fpga_04_hdmi_output.ip_user_files/bd/design_1/ip/design_1_axis_subset_converter_0_0/sim/design_1_axis_subset_converter_0_0.v" into library xil_defaultlib
INFO: [VRFC 10-311] analyzing module design_1_axis_subset_converter_0_0
INFO: [VRFC 10-2263] Analyzing Verilog file "C:/Users/usama/Desktop/18-4-2026/arm_fpga_04_hdmi_output/arm_fpga_04_hdmi_output.ip_user_files/bd/design_1/ip/design_1_xbar_0/sim/design_1_xbar_0.v" into library xil_defaultlib
INFO: [VRFC 10-311] analyzing module design_1_xbar_0
INFO: [VRFC 10-2263] Analyzing Verilog file "C:/Users/usama/Desktop/18-4-2026/arm_fpga_04_hdmi_output/arm_fpga_04_hdmi_output.ip_user_files/bd/design_1/ip/design_1_v_axi4s_vid_out_0_0/sim/design_1_v_axi4s_vid_out_0_0.v" into library xil_defaultlib
INFO: [VRFC 10-311] analyzing module design_1_v_axi4s_vid_out_0_0
INFO: [VRFC 10-2263] Analyzing Verilog file "C:/Users/usama/Desktop/18-4-2026/arm_fpga_04_hdmi_output/arm_fpga_04_hdmi_output.ip_user_files/bd/design_1/ip/design_1_xlconcat_0_0/sim/design_1_xlconcat_0_0.v" into library xil_defaultlib
INFO: [VRFC 10-311] analyzing module design_1_xlconcat_0_0
INFO: [VRFC 10-2263] Analyzing Verilog file "C:/Users/usama/Desktop/18-4-2026/arm_fpga_04_hdmi_output/arm_fpga_04_hdmi_output.ip_user_files/bd/design_1/ip/design_1_xlconstant_0_0/sim/design_1_xlconstant_0_0.v" into library xil_defaultlib
INFO: [VRFC 10-311] analyzing module design_1_xlconstant_0_0
INFO: [VRFC 10-2263] Analyzing Verilog file "C:/Users/usama/Desktop/18-4-2026/arm_fpga_04_hdmi_output/arm_fpga_04_hdmi_output.ip_user_files/bd/design_1/ip/design_1_xlconstant_1_0/sim/design_1_xlconstant_1_0.v" into library xil_defaultlib
INFO: [VRFC 10-311] analyzing module design_1_xlconstant_1_0
INFO: [VRFC 10-2263] Analyzing Verilog file "C:/Users/usama/Desktop/18-4-2026/arm_fpga_04_hdmi_output/arm_fpga_04_hdmi_output.ip_user_files/bd/design_1/sim/design_1.v" into library xil_defaultlib
INFO: [VRFC 10-311] analyzing module design_1
INFO: [VRFC 10-311] analyzing module design_1_ps7_0_axi_periph_0
INFO: [VRFC 10-311] analyzing module m00_couplers_imp_15SPJYW
INFO: [VRFC 10-311] analyzing module m01_couplers_imp_XU9C55
INFO: [VRFC 10-311] analyzing module m02_couplers_imp_14WQB4R
INFO: [VRFC 10-311] analyzing module m03_couplers_imp_YFYJ3U
INFO: [VRFC 10-311] analyzing module s00_couplers_imp_UYSKKA
INFO: [VRFC 10-2263] Analyzing Verilog file "C:/Users/usama/Desktop/18-4-2026/arm_fpga_04_hdmi_output/arm_fpga_04_hdmi_output.ip_user_files/bd/design_1/ip/design_1_auto_pc_0/sim/design_1_auto_pc_0.v" into library xil_defaultlib
INFO: [VRFC 10-311] analyzing module design_1_auto_pc_0
INFO: [VRFC 10-2263] Analyzing Verilog file "C:/Users/usama/Desktop/18-4-2026/arm_fpga_04_hdmi_output/arm_fpga_04_hdmi_output.gen/sources_1/bd/design_1/hdl/design_1_wrapper.v" into library xil_defaultlib
INFO: [VRFC 10-311] analyzing module design_1_wrapper
INFO: [VRFC 10-163] Analyzing VHDL file "C:/Users/usama/Desktop/18-4-2026/arm_fpga_04_hdmi_output/arm_fpga_04_hdmi_output.ip_user_files/bd/design_1/ip/design_1_rst_ps7_0_142M_0/sim/design_1_rst_ps7_0_142M_0.vhd" into library xil_defaultlib
INFO: [VRFC 10-3107] analyzing entity 'design_1_rst_ps7_0_142M_0'
INFO: [VRFC 10-163] Analyzing VHDL file "C:/Users/usama/Desktop/18-4-2026/arm_fpga_04_hdmi_output/arm_fpga_04_hdmi_output.ip_user_files/bd/design_1/ip/design_1_rst_ps7_0_100M_0/sim/design_1_rst_ps7_0_100M_0.vhd" into library xil_defaultlib
INFO: [VRFC 10-3107] analyzing entity 'design_1_rst_ps7_0_100M_0'
INFO: [VRFC 10-163] Analyzing VHDL file "C:/Users/usama/Desktop/18-4-2026/arm_fpga_04_hdmi_output/arm_fpga_04_hdmi_output.gen/sources_1/bd/design_1/ipshared/9097/src/axi_dynclk_S00_AXI.vhd" into library xil_defaultlib
INFO: [VRFC 10-3107] analyzing entity 'axi_dynclk_S00_AXI'
INFO: [VRFC 10-163] Analyzing VHDL file "C:/Users/usama/Desktop/18-4-2026/arm_fpga_04_hdmi_output/arm_fpga_04_hdmi_output.gen/sources_1/bd/design_1/ipshared/9097/src/axi_dynclk.vhd" into library xil_defaultlib
INFO: [VRFC 10-3107] analyzing entity 'axi_dynclk'
WARNING: [VRFC 10-3093] actual for formal port 'rst' is neither a static name nor a globally static expression [C:/Users/usama/Desktop/18-4-2026/arm_fpga_04_hdmi_output/arm_fpga_04_hdmi_output.gen/sources_1/bd/design_1/ipshared/9097/src/axi_dynclk.vhd:225]
WARNING: [VRFC 10-3093] actual for formal port 's1_clkout0' is neither a static name nor a globally static expression [C:/Users/usama/Desktop/18-4-2026/arm_fpga_04_hdmi_output/arm_fpga_04_hdmi_output.gen/sources_1/bd/design_1/ipshared/9097/src/axi_dynclk.vhd:227]
WARNING: [VRFC 10-3093] actual for formal port 's1_clkfbout' is neither a static name nor a globally static expression [C:/Users/usama/Desktop/18-4-2026/arm_fpga_04_hdmi_output/arm_fpga_04_hdmi_output.gen/sources_1/bd/design_1/ipshared/9097/src/axi_dynclk.vhd:228]
WARNING: [VRFC 10-3093] actual for formal port 's1_lock' is neither a static name nor a globally static expression [C:/Users/usama/Desktop/18-4-2026/arm_fpga_04_hdmi_output/arm_fpga_04_hdmi_output.gen/sources_1/bd/design_1/ipshared/9097/src/axi_dynclk.vhd:230]
INFO: [VRFC 10-163] Analyzing VHDL file "C:/Users/usama/Desktop/18-4-2026/arm_fpga_04_hdmi_output/arm_fpga_04_hdmi_output.ip_user_files/bd/design_1/ip/design_1_axi_dynclk_0_0/sim/design_1_axi_dynclk_0_0.vhd" into library xil_defaultlib
INFO: [VRFC 10-3107] analyzing entity 'design_1_axi_dynclk_0_0'
INFO: [VRFC 10-163] Analyzing VHDL file "C:/Users/usama/Desktop/18-4-2026/arm_fpga_04_hdmi_output/arm_fpga_04_hdmi_output.gen/sources_1/bd/design_1/ipshared/ca91/src/ClockGen.vhd" into library xil_defaultlib
INFO: [VRFC 10-3107] analyzing entity 'ClockGen'
ERROR: [VRFC 10-2987] 'resetbridge' is not compiled in library 'xil_defaultlib' [C:/Users/usama/Desktop/18-4-2026/arm_fpga_04_hdmi_output/arm_fpga_04_hdmi_output.gen/sources_1/bd/design_1/ipshared/ca91/src/ClockGen.vhd:56]
ERROR: [VRFC 10-2987] 'syncasync' is not compiled in library 'xil_defaultlib' [C:/Users/usama/Desktop/18-4-2026/arm_fpga_04_hdmi_output/arm_fpga_04_hdmi_output.gen/sources_1/bd/design_1/ipshared/ca91/src/ClockGen.vhd:64]
ERROR: [VRFC 10-3782] unit 'behavioral' ignored due to previous errors [C:/Users/usama/Desktop/18-4-2026/arm_fpga_04_hdmi_output/arm_fpga_04_hdmi_output.gen/sources_1/bd/design_1/ipshared/ca91/src/ClockGen.vhd:46]
INFO: [VRFC 10-3070] VHDL file 'C:/Users/usama/Desktop/18-4-2026/arm_fpga_04_hdmi_output/arm_fpga_04_hdmi_output.gen/sources_1/bd/design_1/ipshared/ca91/src/ClockGen.vhd' ignored due to errors
