21:29:18 **** Incremental Build of configuration Debug for project zynq_lwip ****
make pre-build main-build 
a9-linaro-pre-build-step
' '
make: Nothing to be done for 'main-build'.
21:29:22 **** Incremental Build of configuration Debug for project zynq_lwip ****
make pre-build main-build 
a9-linaro-pre-build-step
' '
make: Nothing to be done for 'main-build'.
21:29:29 **** Incremental Build of configuration Debug for project zynq_lwip ****
make pre-build main-build 
a9-linaro-pre-build-step
' '
make: Nothing to be done for 'main-build'.
21:29:33 **** Incremental Build of configuration Debug for project zynq_lwip ****
make pre-build main-build 
a9-linaro-pre-build-step
' '
make: Nothing to be done for 'main-build'.
21:29:54 **** Incremental Build of configuration Debug for project zynq_lwip ****
make pre-build main-build 
a9-linaro-pre-build-step
' '
make: Nothing to be done for 'main-build'.
