21:38:29 INFO  : Launching XSCT server: xsct.bat -n  -interactive C:\Users\Saad\Desktop\stingray\temp_xsdb_launch_script.tcl
21:38:29 INFO  : Registering command handlers for Vitis TCF services
21:38:29 INFO  : Platform repository initialization has completed.
21:38:32 INFO  : XSCT server has started successfully.
21:38:32 INFO  : plnx-install-location is set to ''
21:38:32 INFO  : Successfully done setting XSCT server connection channel  
21:38:32 INFO  : Successfully done setting workspace for the tool. 
21:38:32 INFO  : Successfully done query RDI_DATADIR 
21:40:12 INFO  : Result from executing command 'getProjects': ethernet
21:40:12 INFO  : Result from executing command 'getPlatforms': 
21:40:12 WARN  : An unexpected exception occurred in the module 'platform project logging'
21:40:12 INFO  : Platform 'ethernet' is added to custom repositories.
21:40:22 INFO  : Platform 'ethernet' is added to custom repositories.
21:45:46 INFO  : Result from executing command 'getProjects': ethernet
21:45:46 INFO  : Result from executing command 'getPlatforms': ethernet|C:/Users/Saad/Desktop/stingray/ethernet/export/ethernet/ethernet.xpfm
21:45:47 INFO  : Checking for BSP changes to sync application flags for project 'ethernet_2021'...
21:46:42 INFO  : Connected to target on host '127.0.0.1' and port '3121'.
21:46:56 INFO  : Jtag cable 'Digilent JTAG-SMT2 210251A08870' is selected.
21:47:09 INFO  : 'jtag frequency' command is executed.
21:47:09 INFO  : Context for 'APU' is selected.
21:47:09 INFO  : System reset is completed.
21:47:13 INFO  : 'after 3000' command is executed.
21:47:23 INFO  : 'targets -set -filter {jtag_cable_name =~ "Digilent JTAG-SMT2 210251A08870" && level==0 && jtag_device_ctx=="jsn-JTAG-SMT2-210251A08870-13722093-0"}' command is executed.
21:47:37 INFO  : Device configured successfully with "C:/Users/Saad/Desktop/stingray/ethernet_2021/_ide/bitstream/ethernet.bit"
21:47:51 INFO  : Context for 'APU' is selected.
21:48:04 INFO  : Hardware design and registers information is loaded from 'C:/Users/Saad/Desktop/stingray/ethernet/export/ethernet/hw/ethernet.xsa'.
21:48:04 INFO  : 'configparams force-mem-access 1' command is executed.
21:48:04 INFO  : Context for 'APU' is selected.
21:48:04 INFO  : Sourcing of 'C:/Users/Saad/Desktop/stingray/ethernet_2021/_ide/psinit/ps7_init.tcl' is done.
21:49:51 INFO  : 'ps7_init' command is executed.
21:50:04 INFO  : 'ps7_post_config' command is executed.
21:50:04 INFO  : Context for processor 'ps7_cortexa9_0' is selected.
21:50:31 INFO  : The application 'C:/Users/Saad/Desktop/stingray/ethernet_2021/Debug/ethernet_2021.elf' is downloaded to processor 'ps7_cortexa9_0'.
21:50:45 INFO  : 'configparams force-mem-access 0' command is executed.
21:50:45 INFO  : ----------------XSDB Script----------------
connect -url tcp:127.0.0.1:3121
targets -set -nocase -filter {name =~"APU*"}
rst -system
after 3000
targets -set -filter {jtag_cable_name =~ "Digilent JTAG-SMT2 210251A08870" && level==0 && jtag_device_ctx=="jsn-JTAG-SMT2-210251A08870-13722093-0"}
fpga -file C:/Users/Saad/Desktop/stingray/ethernet_2021/_ide/bitstream/ethernet.bit
targets -set -nocase -filter {name =~"APU*"}
loadhw -hw C:/Users/Saad/Desktop/stingray/ethernet/export/ethernet/hw/ethernet.xsa -mem-ranges [list {0x40000000 0xbfffffff}] -regs
configparams force-mem-access 1
targets -set -nocase -filter {name =~"APU*"}
source C:/Users/Saad/Desktop/stingray/ethernet_2021/_ide/psinit/ps7_init.tcl
ps7_init
ps7_post_config
targets -set -nocase -filter {name =~ "*A9*#0"}
dow C:/Users/Saad/Desktop/stingray/ethernet_2021/Debug/ethernet_2021.elf
configparams force-mem-access 0
----------------End of Script----------------

21:51:11 INFO  : Context for processor 'ps7_cortexa9_0' is selected.
21:51:25 INFO  : 'con' command is executed.
21:51:25 INFO  : ----------------XSDB Script (After Launch)----------------
targets -set -nocase -filter {name =~ "*A9*#0"}
con
----------------End of Script----------------

21:51:25 INFO  : Launch script is exported to file 'C:\Users\Saad\Desktop\stingray\ethernet_2021_system\_ide\scripts\debugger_ethernet_2021-default.tcl'
22:20:31 INFO  : Disconnected from the channel tcfchan#2.
22:20:41 INFO  : Connected to target on host '127.0.0.1' and port '3121'.
22:20:41 INFO  : Jtag cable 'Digilent JTAG-SMT2 210251A08870' is selected.
22:20:55 INFO  : 'jtag frequency' command is executed.
22:20:55 INFO  : Context for 'APU' is selected.
22:20:55 INFO  : System reset is completed.
22:20:58 INFO  : 'after 3000' command is executed.
22:21:08 INFO  : 'targets -set -filter {jtag_cable_name =~ "Digilent JTAG-SMT2 210251A08870" && level==0 && jtag_device_ctx=="jsn-JTAG-SMT2-210251A08870-13722093-0"}' command is executed.
22:21:23 INFO  : Device configured successfully with "C:/Users/Saad/Desktop/stingray/ethernet_2021/_ide/bitstream/ethernet.bit"
22:21:36 INFO  : Context for 'APU' is selected.
22:21:36 INFO  : Hardware design and registers information is loaded from 'C:/Users/Saad/Desktop/stingray/ethernet/export/ethernet/hw/ethernet.xsa'.
22:21:36 INFO  : 'configparams force-mem-access 1' command is executed.
22:21:36 INFO  : Context for 'APU' is selected.
22:21:36 INFO  : Sourcing of 'C:/Users/Saad/Desktop/stingray/ethernet_2021/_ide/psinit/ps7_init.tcl' is done.
22:22:43 INFO  : 'ps7_init' command is executed.
22:22:43 INFO  : 'ps7_post_config' command is executed.
22:22:43 INFO  : Context for processor 'ps7_cortexa9_0' is selected.
22:23:10 INFO  : The application 'C:/Users/Saad/Desktop/stingray/ethernet_2021/Debug/ethernet_2021.elf' is downloaded to processor 'ps7_cortexa9_0'.
22:23:23 INFO  : 'configparams force-mem-access 0' command is executed.
22:23:23 INFO  : ----------------XSDB Script----------------
connect -url tcp:127.0.0.1:3121
targets -set -nocase -filter {name =~"APU*"}
rst -system
after 3000
targets -set -filter {jtag_cable_name =~ "Digilent JTAG-SMT2 210251A08870" && level==0 && jtag_device_ctx=="jsn-JTAG-SMT2-210251A08870-13722093-0"}
fpga -file C:/Users/Saad/Desktop/stingray/ethernet_2021/_ide/bitstream/ethernet.bit
targets -set -nocase -filter {name =~"APU*"}
loadhw -hw C:/Users/Saad/Desktop/stingray/ethernet/export/ethernet/hw/ethernet.xsa -mem-ranges [list {0x40000000 0xbfffffff}] -regs
configparams force-mem-access 1
targets -set -nocase -filter {name =~"APU*"}
source C:/Users/Saad/Desktop/stingray/ethernet_2021/_ide/psinit/ps7_init.tcl
ps7_init
ps7_post_config
targets -set -nocase -filter {name =~ "*A9*#0"}
dow C:/Users/Saad/Desktop/stingray/ethernet_2021/Debug/ethernet_2021.elf
configparams force-mem-access 0
----------------End of Script----------------

22:23:23 INFO  : Context for processor 'ps7_cortexa9_0' is selected.
22:23:36 INFO  : 'con' command is executed.
22:23:36 INFO  : ----------------XSDB Script (After Launch)----------------
targets -set -nocase -filter {name =~ "*A9*#0"}
con
----------------End of Script----------------

22:23:36 INFO  : Launch script is exported to file 'C:\Users\Saad\Desktop\stingray\ethernet_2021_system\_ide\scripts\debugger_ethernet_2021-default.tcl'
22:27:20 INFO  : Disconnected from the channel tcfchan#3.
22:27:23 INFO  : Connected to target on host '127.0.0.1' and port '3121'.
22:27:23 INFO  : Jtag cable 'Digilent JTAG-SMT2 210251A08870' is selected.
22:27:36 INFO  : 'jtag frequency' command is executed.
22:27:36 INFO  : Context for 'APU' is selected.
22:27:36 INFO  : System reset is completed.
22:27:39 INFO  : 'after 3000' command is executed.
22:27:50 INFO  : 'targets -set -filter {jtag_cable_name =~ "Digilent JTAG-SMT2 210251A08870" && level==0 && jtag_device_ctx=="jsn-JTAG-SMT2-210251A08870-13722093-0"}' command is executed.
22:28:04 INFO  : Device configured successfully with "C:/Users/Saad/Desktop/stingray/ethernet_2021/_ide/bitstream/ethernet.bit"
22:28:04 INFO  : Context for 'APU' is selected.
22:28:04 INFO  : Hardware design and registers information is loaded from 'C:/Users/Saad/Desktop/stingray/ethernet/export/ethernet/hw/ethernet.xsa'.
22:28:04 INFO  : 'configparams force-mem-access 1' command is executed.
22:28:04 INFO  : Context for 'APU' is selected.
22:28:04 INFO  : Sourcing of 'C:/Users/Saad/Desktop/stingray/ethernet_2021/_ide/psinit/ps7_init.tcl' is done.
22:29:24 INFO  : 'ps7_init' command is executed.
22:29:38 INFO  : 'ps7_post_config' command is executed.
22:29:38 INFO  : Context for processor 'ps7_cortexa9_0' is selected.
22:30:05 INFO  : The application 'C:/Users/Saad/Desktop/stingray/ethernet_2021/Debug/ethernet_2021.elf' is downloaded to processor 'ps7_cortexa9_0'.
22:30:18 INFO  : 'configparams force-mem-access 0' command is executed.
22:30:18 INFO  : ----------------XSDB Script----------------
connect -url tcp:127.0.0.1:3121
targets -set -nocase -filter {name =~"APU*"}
rst -system
after 3000
targets -set -filter {jtag_cable_name =~ "Digilent JTAG-SMT2 210251A08870" && level==0 && jtag_device_ctx=="jsn-JTAG-SMT2-210251A08870-13722093-0"}
fpga -file C:/Users/Saad/Desktop/stingray/ethernet_2021/_ide/bitstream/ethernet.bit
targets -set -nocase -filter {name =~"APU*"}
loadhw -hw C:/Users/Saad/Desktop/stingray/ethernet/export/ethernet/hw/ethernet.xsa -mem-ranges [list {0x40000000 0xbfffffff}] -regs
configparams force-mem-access 1
targets -set -nocase -filter {name =~"APU*"}
source C:/Users/Saad/Desktop/stingray/ethernet_2021/_ide/psinit/ps7_init.tcl
ps7_init
ps7_post_config
targets -set -nocase -filter {name =~ "*A9*#0"}
dow C:/Users/Saad/Desktop/stingray/ethernet_2021/Debug/ethernet_2021.elf
configparams force-mem-access 0
----------------End of Script----------------

22:30:31 INFO  : Context for processor 'ps7_cortexa9_0' is selected.
22:30:45 INFO  : 'con' command is executed.
22:30:45 INFO  : ----------------XSDB Script (After Launch)----------------
targets -set -nocase -filter {name =~ "*A9*#0"}
con
----------------End of Script----------------

22:30:45 INFO  : Launch script is exported to file 'C:\Users\Saad\Desktop\stingray\ethernet_2021_system\_ide\scripts\debugger_ethernet_2021-default.tcl'
22:43:03 INFO  : Disconnected from the channel tcfchan#4.
22:43:06 INFO  : Connected to target on host '127.0.0.1' and port '3121'.
22:43:07 INFO  : Jtag cable 'Digilent JTAG-SMT2 210251A08870' is selected.
22:43:20 INFO  : 'jtag frequency' command is executed.
22:43:20 INFO  : Context for 'APU' is selected.
22:43:20 INFO  : System reset is completed.
22:43:23 INFO  : 'after 3000' command is executed.
22:43:33 INFO  : 'targets -set -filter {jtag_cable_name =~ "Digilent JTAG-SMT2 210251A08870" && level==0 && jtag_device_ctx=="jsn-JTAG-SMT2-210251A08870-13722093-0"}' command is executed.
22:43:48 INFO  : Device configured successfully with "C:/Users/Saad/Desktop/stingray/ethernet_2021/_ide/bitstream/ethernet.bit"
22:43:48 INFO  : Context for 'APU' is selected.
22:43:48 INFO  : Hardware design and registers information is loaded from 'C:/Users/Saad/Desktop/stingray/ethernet/export/ethernet/hw/ethernet.xsa'.
22:43:48 INFO  : 'configparams force-mem-access 1' command is executed.
22:43:48 INFO  : Context for 'APU' is selected.
22:43:48 INFO  : Sourcing of 'C:/Users/Saad/Desktop/stingray/ethernet_2021/_ide/psinit/ps7_init.tcl' is done.
22:46:01 INFO  : 'ps7_init' command is executed.
22:46:14 INFO  : 'ps7_post_config' command is executed.
22:46:14 INFO  : Context for processor 'ps7_cortexa9_0' is selected.
22:46:28 INFO  : The application 'C:/Users/Saad/Desktop/stingray/ethernet_2021/Debug/ethernet_2021.elf' is downloaded to processor 'ps7_cortexa9_0'.
22:46:41 INFO  : 'configparams force-mem-access 0' command is executed.
22:46:41 INFO  : ----------------XSDB Script----------------
connect -url tcp:127.0.0.1:3121
targets -set -nocase -filter {name =~"APU*"}
rst -system
after 3000
targets -set -filter {jtag_cable_name =~ "Digilent JTAG-SMT2 210251A08870" && level==0 && jtag_device_ctx=="jsn-JTAG-SMT2-210251A08870-13722093-0"}
fpga -file C:/Users/Saad/Desktop/stingray/ethernet_2021/_ide/bitstream/ethernet.bit
targets -set -nocase -filter {name =~"APU*"}
loadhw -hw C:/Users/Saad/Desktop/stingray/ethernet/export/ethernet/hw/ethernet.xsa -mem-ranges [list {0x40000000 0xbfffffff}] -regs
configparams force-mem-access 1
targets -set -nocase -filter {name =~"APU*"}
source C:/Users/Saad/Desktop/stingray/ethernet_2021/_ide/psinit/ps7_init.tcl
ps7_init
ps7_post_config
targets -set -nocase -filter {name =~ "*A9*#0"}
dow C:/Users/Saad/Desktop/stingray/ethernet_2021/Debug/ethernet_2021.elf
configparams force-mem-access 0
----------------End of Script----------------

22:46:55 INFO  : Context for processor 'ps7_cortexa9_0' is selected.
22:47:08 INFO  : 'con' command is executed.
22:47:08 INFO  : ----------------XSDB Script (After Launch)----------------
targets -set -nocase -filter {name =~ "*A9*#0"}
con
----------------End of Script----------------

22:47:08 INFO  : Launch script is exported to file 'C:\Users\Saad\Desktop\stingray\ethernet_2021_system\_ide\scripts\debugger_ethernet_2021-default.tcl'
22:53:29 INFO  : Disconnected from the channel tcfchan#5.
22:53:35 INFO  : Connected to target on host '127.0.0.1' and port '3121'.
22:53:35 INFO  : Jtag cable 'Digilent JTAG-SMT2 210251A08870' is selected.
22:53:48 INFO  : 'jtag frequency' command is executed.
22:53:48 INFO  : Context for 'APU' is selected.
22:53:48 INFO  : System reset is completed.
22:53:51 INFO  : 'after 3000' command is executed.
22:54:02 INFO  : 'targets -set -filter {jtag_cable_name =~ "Digilent JTAG-SMT2 210251A08870" && level==0 && jtag_device_ctx=="jsn-JTAG-SMT2-210251A08870-13722093-0"}' command is executed.
22:54:03 INFO  : Device configured successfully with "C:/Users/Saad/Desktop/stingray/ethernet_2021/_ide/bitstream/ethernet.bit"
22:54:03 INFO  : Context for 'APU' is selected.
22:54:16 INFO  : Hardware design and registers information is loaded from 'C:/Users/Saad/Desktop/stingray/ethernet/export/ethernet/hw/ethernet.xsa'.
22:54:16 INFO  : 'configparams force-mem-access 1' command is executed.
22:54:16 INFO  : Context for 'APU' is selected.
22:54:16 INFO  : Sourcing of 'C:/Users/Saad/Desktop/stingray/ethernet_2021/_ide/psinit/ps7_init.tcl' is done.
22:55:10 INFO  : 'ps7_init' command is executed.
22:55:10 INFO  : 'ps7_post_config' command is executed.
22:55:10 INFO  : Context for processor 'ps7_cortexa9_0' is selected.
22:56:03 INFO  : The application 'C:/Users/Saad/Desktop/stingray/ethernet_2021/Debug/ethernet_2021.elf' is downloaded to processor 'ps7_cortexa9_0'.
22:56:17 INFO  : 'configparams force-mem-access 0' command is executed.
22:56:17 INFO  : ----------------XSDB Script----------------
connect -url tcp:127.0.0.1:3121
targets -set -nocase -filter {name =~"APU*"}
rst -system
after 3000
targets -set -filter {jtag_cable_name =~ "Digilent JTAG-SMT2 210251A08870" && level==0 && jtag_device_ctx=="jsn-JTAG-SMT2-210251A08870-13722093-0"}
fpga -file C:/Users/Saad/Desktop/stingray/ethernet_2021/_ide/bitstream/ethernet.bit
targets -set -nocase -filter {name =~"APU*"}
loadhw -hw C:/Users/Saad/Desktop/stingray/ethernet/export/ethernet/hw/ethernet.xsa -mem-ranges [list {0x40000000 0xbfffffff}] -regs
configparams force-mem-access 1
targets -set -nocase -filter {name =~"APU*"}
source C:/Users/Saad/Desktop/stingray/ethernet_2021/_ide/psinit/ps7_init.tcl
ps7_init
ps7_post_config
targets -set -nocase -filter {name =~ "*A9*#0"}
dow C:/Users/Saad/Desktop/stingray/ethernet_2021/Debug/ethernet_2021.elf
configparams force-mem-access 0
----------------End of Script----------------

22:56:30 INFO  : Context for processor 'ps7_cortexa9_0' is selected.
22:56:43 INFO  : 'con' command is executed.
22:56:43 INFO  : ----------------XSDB Script (After Launch)----------------
targets -set -nocase -filter {name =~ "*A9*#0"}
con
----------------End of Script----------------

22:56:43 INFO  : Launch script is exported to file 'C:\Users\Saad\Desktop\stingray\ethernet_2021_system\_ide\scripts\debugger_ethernet_2021-default.tcl'
