#-----------------------------------------------------------
# Vivado v2021.2 (64-bit)
# SW Build 3367213 on Tue Oct 19 02:48:09 MDT 2021
# IP Build 3369179 on Thu Oct 21 08:25:16 MDT 2021
# Start of session at: Tue May 19 13:13:18 2026
# Process ID: 6176
# Current directory: C:/Users/Saad/Desktop/stingray/arm_13_lwip
# Command line: vivado.exe -gui_launcher_event rodinguilauncherevent1104 C:\Users\Saad\Desktop\stingray\arm_13_lwip\arm_13_lwip.xpr
# Log file: C:/Users/Saad/Desktop/stingray/arm_13_lwip/vivado.log
# Journal file: C:/Users/Saad/Desktop/stingray/arm_13_lwip\vivado.jou
# Running On: DESKTOP-N4P9TIA, OS: Windows, CPU Frequency: 2496 MHz, CPU Physical cores: 10, Host memory: 16890 MB
#-----------------------------------------------------------
start_gui
WWARNING: [Board 49-26] cannot add Board Part xilinx.com:kcu105:part0:1.6 available at D:/Vivado/2021.2/data/xhub/boards/XilinxBoardStore/boards/Xilinx/kcu105/1.6/board.xml as part xcku040-ffva1156-2-e specified in board_part file is either invalid or not available
WARNING: [Board 49-26] cannot add Board Part xilinx.com:kcu105:part0:1.7 available at D:/Vivado/2021.2/data/xhub/boards/XilinxBoardStore/boards/Xilinx/kcu105/1.7/board.xml as part xcku040-ffva1156-2-e specified in board_part file is either invalid or not available
WARNING: [Board 49-26] cannot add Board Part xilinx.com:kcu116:part0:1.4 available at D:/Vivado/2021.2/data/xhub/boards/XilinxBoardStore/boards/Xilinx/kcu116/1.4/board.xml as part xcku5p-ffvb676-2-e specified in board_part file is either invalid or not available
WARNING: [Board 49-26] cannot add Board Part xilinx.com:kcu116:part0:1.5 available at D:/Vivado/2021.2/data/xhub/boards/XilinxBoardStore/boards/Xilinx/kcu116/1.5/board.xml as part xcku5p-ffvb676-2-e specified in board_part file is either invalid or not available
WARNING: [Board 49-26] cannot add Board Part xilinx.com:vck190_es:part0:1.3 available at D:/Vivado/2021.2/data/xhub/boards/XilinxBoardStore/boards/Xilinx/vck190/es/1.3/board.xml as part xcvc1902-vsva2197-2mp-e-s-es1 specified in board_part file is either invalid or not available
WARNING: [Board 49-26] cannot add Board Part xilinx.com:vcu108:part0:1.6 available at D:/Vivado/2021.2/data/xhub/boards/XilinxBoardStore/boards/Xilinx/vcu108/1.6/board.xml as part xcvu095-ffva2104-2-e specified in board_part file is either invalid or not available
WARNING: [Board 49-26] cannot add Board Part xilinx.com:vcu108:part0:1.7 available at D:/Vivado/2021.2/data/xhub/boards/XilinxBoardStore/boards/Xilinx/vcu108/1.7/board.xml as part xcvu095-ffva2104-2-e specified in board_part file is either invalid or not available
WARNING: [Board 49-26] cannot add Board Part xilinx.com:vcu110:part0:1.4 available at D:/Vivado/2021.2/data/xhub/boards/XilinxBoardStore/boards/Xilinx/vcu110/1.4/board.xml as part xcvu190-flgc2104-2-e specified in board_part file is either invalid or not available
WARNING: [Board 49-26] cannot add Board Part xilinx.com:vcu128:part0:1.0 available at D:/Vivado/2021.2/data/xhub/boards/XilinxBoardStore/boards/Xilinx/vcu128/production/1.0/board.xml as part xcvu37p-fsvh2892-2l-e specified in board_part file is either invalid or not available
WARNING: [Board 49-26] cannot add Board Part xilinx.com:vcu129:part0:1.0 available at D:/Vivado/2021.2/data/xhub/boards/XilinxBoardStore/boards/Xilinx/vcu129/production/1.0/board.xml as part xcvu29p-fsga2577-2l-e specified in board_part file is either invalid or not available
WARNING: [Board 49-26] cannot add Board Part xilinx.com:vmk180:part0:2.2 available at D:/Vivado/2021.2/data/xhub/boards/XilinxBoardStore/boards/Xilinx/vmk180/production/2.2/board.xml as part xcvm1802-vsva2197-2mp-e-s specified in board_part file is either invalid or not available
WARNING: [Board 49-26] cannot add Board Part xilinx.com:vmk180_es:part0:1.3 available at D:/Vivado/2021.2/data/xhub/boards/XilinxBoardStore/boards/Xilinx/vmk180/es/1.3/board.xml as part xcvm1802-vsva2197-2mp-e-s-es1 specified in board_part file is either invalid or not available
WARNING: [Board 49-26] cannot add Board Part xilinx.com:vpk120_es:part0:1.2 available at D:/Vivado/2021.2/data/xhub/boards/XilinxBoardStore/boards/Xilinx/vpk120/es/1.2/board.xml as part xcvp1202-vsva2785-2mp-e-s-es1 specified in board_part file is either invalid or not available
WARNING: [Board 49-26] cannot add Board Part xilinx.com:zcu208_es:part0:1.0 available at D:/Vivado/2021.2/data/xhub/boards/XilinxBoardStore/boards/Xilinx/zcu208/es/1.0/board.xml as part xczu48dr-fsvg1517-2-e-es1 specified in board_part file is either invalid or not available
WARNING: [Board 49-26] cannot add Board Part xilinx.com:zcu208_es:part0:1.1 available at D:/Vivado/2021.2/data/xhub/boards/XilinxBoardStore/boards/Xilinx/zcu208/es/1.1/board.xml as part xczu48dr-fsvg1517-2-e-es1 specified in board_part file is either invalid or not available
WARNING: [Board 49-26] cannot add Board Part xilinx.com:zcu208_es:part0:1.2 available at D:/Vivado/2021.2/data/xhub/boards/XilinxBoardStore/boards/Xilinx/zcu208/es/1.2/board.xml as part xczu48dr-fsvg1517-2-e-es1 specified in board_part file is either invalid or not available
WARNING: [Board 49-26] cannot add Board Part xilinx.com:zcu208ld:part0:2.0 available at D:/Vivado/2021.2/data/xhub/boards/XilinxBoardStore/boards/Xilinx/zcu208ld/production/2.0/board.xml as part xczu58dr-fsvg1517-2-i specified in board_part file is either invalid or not available
WARNING: [Board 49-26] cannot add Board Part xilinx.com:zcu208ld_es:part0:1.0 available at D:/Vivado/2021.2/data/xhub/boards/XilinxBoardStore/boards/Xilinx/zcu208ld/es/1.0/board.xml as part xczu58dr-fsvg1517-2-i-es1 specified in board_part file is either invalid or not available
WARNING: [Board 49-26] cannot add Board Part xilinx.com:zcu216_es:part0:1.0 available at D:/Vivado/2021.2/data/xhub/boards/XilinxBoardStore/boards/Xilinx/zcu216/es/1.0/board.xml as part xczu49dr-ffvf1760-2-e-es1 specified in board_part file is either invalid or not available
WARNING: [Board 49-26] cannot add Board Part xilinx.com:zcu216_es:part0:1.1 available at D:/Vivado/2021.2/data/xhub/boards/XilinxBoardStore/boards/Xilinx/zcu216/es/1.1/board.xml as part xczu49dr-ffvf1760-2-e-es1 specified in board_part file is either invalid or not available
WARNING: [Board 49-26] cannot add Board Part xilinx.com:zcu216_es:part0:1.2 available at D:/Vivado/2021.2/data/xhub/boards/XilinxBoardStore/boards/Xilinx/zcu216/es/1.2/board.xml as part xczu49dr-ffvf1760-2-e-es1 specified in board_part file is either invalid or not available
WARNING: [Board 49-26] cannot add Board Part xilinx.com:zcu216ld:part0:2.0 available at D:/Vivado/2021.2/data/xhub/boards/XilinxBoardStore/boards/Xilinx/zcu216ld/production/2.0/board.xml as part xczu59dr-ffvf1760-2-i specified in board_part file is either invalid or not available
WARNING: [Board 49-26] cannot add Board Part xilinx.com:zcu216ld_es:part0:1.0 available at D:/Vivado/2021.2/data/xhub/boards/XilinxBoardStore/boards/Xilinx/zcu216ld/es/1.0/board.xml as part xczu59dr-ffvf1760-2-i-es1 specified in board_part file is either invalid or not available
WARNING: [Board 49-26] cannot add Board Part xilinx.com:zcu670:part0:1.0 available at D:/Vivado/2021.2/data/xhub/boards/XilinxBoardStore/boards/Xilinx/zcu670/1.0/board.xml as part xczu67dr-fsve1156-2-i specified in board_part file is either invalid or not availableoopen_project C:/Users/Saad/Desktop/stingray/arm_13_lwip/arm_13_lwip.xpr
INFO: [Project 1-313] Project file moved from 'C:/Users/a/Desktop/USB/FPGA/ZYNQ_MINI_New/03_Sample_Projects/7010/ARM/arm_13_lwip' since last save.
CRITICAL WARNING: [Project 1-505] Unrecognized Option Name EnableResourceEstimation
CRITICAL WARNING: [Project 1-505] Unrecognized Option Name SimCompileState
CRITICAL WARNING: [Project 1-505] Unrecognized Option Name LocalIPRepoLeafDirName
WARNING: [filemgmt 20-922] The BXML file is of a newer version (0.40) then the current supported version (0.39).
Data could be potentially be lost
Scanning sources...
Finished scanning sources
INFO: [Project 1-1877] Auto incremental dir location 'C:/Users/a/Desktop/USB/FPGA/ZYNQ_MINI_New/03_Sample_Projects/7010/ARM/arm_13_lwip/arm_13_lwip.srcs/utils_1/imports/synth_1' of run 'synth_1' is not writable, setting it to default location 'C:/Users/Saad/Desktop/stingray/arm_13_lwip/arm_13_lwip.srcs/utils_1/imports/synth_1'.
INFO: [Project 1-1877] Auto incremental dir location 'C:/Users/a/Desktop/USB/FPGA/ZYNQ_MINI_New/03_Sample_Projects/7010/ARM/arm_13_lwip/arm_13_lwip.srcs/utils_1/imports/design_1_processing_system7_0_0_synth_1' of run 'design_1_processing_system7_0_0_synth_1' is not writable, setting it to default location 'C:/Users/Saad/Desktop/stingray/arm_13_lwip/arm_13_lwip.srcs/utils_1/imports/design_1_processing_system7_0_0_synth_1'.
INFO: [Project 1-1877] Auto incremental dir location 'C:/Users/a/Desktop/USB/FPGA/ZYNQ_MINI_New/03_Sample_Projects/7010/ARM/arm_13_lwip/arm_13_lwip.srcs/utils_1/imports/impl_1' of run 'impl_1' is not writable, setting it to default location 'C:/Users/Saad/Desktop/stingray/arm_13_lwip/arm_13_lwip.srcs/utils_1/imports/impl_1'.
INFO: [Project 1-1877] Auto incremental dir location 'C:/Users/a/Desktop/USB/FPGA/ZYNQ_MINI_New/03_Sample_Projects/7010/ARM/arm_13_lwip/arm_13_lwip.srcs/utils_1/imports/design_1_processing_system7_0_0_impl_1' of run 'design_1_processing_system7_0_0_impl_1' is not writable, setting it to default location 'C:/Users/Saad/Desktop/stingray/arm_13_lwip/arm_13_lwip.srcs/utils_1/imports/design_1_processing_system7_0_0_impl_1'.
INFO: [IP_Flow 19-234] Refreshing IP repositories
INFO: [IP_Flow 19-1704] No user IP repositories specified
INFO: [IP_Flow 19-2313] Loaded Vivado IP repository 'D:/Vivado/2021.2/data/ip'.
ERROR: [IP_Flow 19-7077] IP XCI file missing or corrupt 'value_src' field.
ERROR: [IP_Flow 19-7077] IP XCI file missing or corrupt 'value_permission' field.
ERROR: [IP_Flow 19-7077] IP XCI file missing or corrupt 'value_permission' field.
ERROR: [IP_Flow 19-7077] IP XCI file missing or corrupt 'value_src' field.
ERROR: [IP_Flow 19-7077] IP XCI file missing or corrupt 'value_permission' field.
ERROR: [IP_Flow 19-7077] IP XCI file missing or corrupt 'value_src' field.
ERROR: [IP_Flow 19-7077] IP XCI file missing or corrupt 'value_permission' field.
ERROR: [IP_Flow 19-7077] IP XCI file missing or corrupt 'value_src' field.
ERROR: [IP_Flow 19-7077] IP XCI file missing or corrupt 'value_permission' field.
ERROR: [IP_Flow 19-7077] IP XCI file missing or corrupt 'value_src' field.
ERROR: [IP_Flow 19-7077] IP XCI file missing or corrupt 'value_permission' field.
ERROR: [IP_Flow 19-7077] IP XCI file missing or corrupt 'value_src' field.
ERROR: [IP_Flow 19-7077] IP XCI file missing or corrupt 'value_permission' field.
ERROR: [IP_Flow 19-7077] IP XCI file missing or corrupt 'value_src' field.
ERROR: [IP_Flow 19-7077] IP XCI file missing or corrupt 'value_permission' field.
ERROR: [IP_Flow 19-7077] IP XCI file missing or corrupt 'value_src' field.
ERROR: [IP_Flow 19-7077] IP XCI file missing or corrupt 'value_permission' field.
ERROR: [IP_Flow 19-7077] IP XCI file missing or corrupt 'value_src' field.
ERROR: [IP_Flow 19-7077] IP XCI file missing or corrupt 'value_permission' field.
ERROR: [IP_Flow 19-7077] IP XCI file missing or corrupt 'value_src' field.
ERROR: [IP_Flow 19-7077] IP XCI file missing or corrupt 'value_permission' field.
ERROR: [IP_Flow 19-7077] IP XCI file missing or corrupt 'value_src' field.
ERROR: [IP_Flow 19-7077] IP XCI file missing or corrupt 'value_permission' field.
ERROR: [IP_Flow 19-7077] IP XCI file missing or corrupt 'value_src' field.
ERROR: [IP_Flow 19-7077] IP XCI file missing or corrupt 'value_permission' field.
ERROR: [IP_Flow 19-7077] IP XCI file missing or corrupt 'value_src' field.
ERROR: [IP_Flow 19-7077] IP XCI file missing or corrupt 'value_permission' field.
ERROR: [IP_Flow 19-7077] IP XCI file missing or corrupt 'value_src' field.
ERROR: [IP_Flow 19-7077] IP XCI file missing or corrupt 'value_permission' field.
ERROR: [IP_Flow 19-7077] IP XCI file missing or corrupt 'value_src' field.
ERROR: [IP_Flow 19-7077] IP XCI file missing or corrupt 'value_permission' field.
ERROR: [IP_Flow 19-7077] IP XCI file missing or corrupt 'value_src' field.
ERROR: [IP_Flow 19-7077] IP XCI file missing or corrupt 'value_permission' field.
ERROR: [IP_Flow 19-7077] IP XCI file missing or corrupt 'value_src' field.
ERROR: [IP_Flow 19-7077] IP XCI file missing or corrupt 'value_permission' field.
ERROR: [IP_Flow 19-7077] IP XCI file missing or corrupt 'value_src' field.
ERROR: [IP_Flow 19-7077] IP XCI file missing or corrupt 'value_permission' field.
ERROR: [IP_Flow 19-7077] IP XCI file missing or corrupt 'value_src' field.
ERROR: [IP_Flow 19-7077] IP XCI file missing or corrupt 'value_permission' field.
ERROR: [IP_Flow 19-7077] IP XCI file missing or corrupt 'value_src' field.
ERROR: [IP_Flow 19-7077] IP XCI file missing or corrupt 'value_permission' field.
ERROR: [IP_Flow 19-7077] IP XCI file missing or corrupt 'value_src' field.
ERROR: [IP_Flow 19-7077] IP XCI file missing or corrupt 'value_permission' field.
ERROR: [IP_Flow 19-7077] IP XCI file missing or corrupt 'value_src' field.
ERROR: [IP_Flow 19-7077] IP XCI file missing or corrupt 'value_permission' field.
ERROR: [IP_Flow 19-7077] IP XCI file missing or corrupt 'value_src' field.
ERROR: [IP_Flow 19-7077] IP XCI file missing or corrupt 'value_permission' field.
ERROR: [IP_Flow 19-7077] IP XCI file missing or corrupt 'value_src' field.
ERROR: [IP_Flow 19-7077] IP XCI file missing or corrupt 'value_permission' field.
ERROR: [IP_Flow 19-7077] IP XCI file missing or corrupt 'value_src' field.
ERROR: [IP_Flow 19-7077] IP XCI file missing or corrupt 'value_permission' field.
ERROR: [IP_Flow 19-7077] IP XCI file missing or corrupt 'value_src' field.
ERROR: [IP_Flow 19-7077] IP XCI file missing or corrupt 'value_permission' field.
ERROR: [IP_Flow 19-7077] IP XCI file missing or corrupt 'value_src' field.
ERROR: [IP_Flow 19-7077] IP XCI file missing or corrupt 'value_permission' field.
ERROR: [IP_Flow 19-7077] IP XCI file missing or corrupt 'value_src' field.
ERROR: [IP_Flow 19-7077] IP XCI file missing or corrupt 'value_permission' field.
ERROR: [IP_Flow 19-7077] IP XCI file missing or corrupt 'value_src' field.
ERROR: [IP_Flow 19-7077] IP XCI file missing or corrupt 'value_permission' field.
ERROR: [IP_Flow 19-7077] IP XCI file missing or corrupt 'value_src' field.
ERROR: [IP_Flow 19-7077] IP XCI file missing or corrupt 'value_permission' field.
ERROR: [IP_Flow 19-7077] IP XCI file missing or corrupt 'value_src' field.
ERROR: [IP_Flow 19-7077] IP XCI file missing or corrupt 'value_permission' field.
ERROR: [IP_Flow 19-7077] IP XCI file missing or corrupt 'value_src' field.
ERROR: [IP_Flow 19-7077] IP XCI file missing or corrupt 'value_permission' field.
ERROR: [IP_Flow 19-7077] IP XCI file missing or corrupt 'value_src' field.
ERROR: [IP_Flow 19-7077] IP XCI file missing or corrupt 'value_permission' field.
ERROR: [IP_Flow 19-7077] IP XCI file missing or corrupt 'value_src' field.
ERROR: [IP_Flow 19-7077] IP XCI file missing or corrupt 'value_permission' field.
ERROR: [IP_Flow 19-7077] IP XCI file missing or corrupt 'value_src' field.
ERROR: [IP_Flow 19-7077] IP XCI file missing or corrupt 'value_permission' field.
ERROR: [IP_Flow 19-7077] IP XCI file missing or corrupt 'value_permission' field.
ERROR: [IP_Flow 19-7077] IP XCI file missing or corrupt 'value_src' field.
ERROR: [IP_Flow 19-7077] IP XCI file missing or corrupt 'value_permission' field.
ERROR: [IP_Flow 19-7077] IP XCI file missing or corrupt 'value_src' field.
ERROR: [IP_Flow 19-7077] IP XCI file missing or corrupt 'value_permission' field.
ERROR: [IP_Flow 19-7077] IP XCI file missing or corrupt 'value_src' field.
ERROR: [IP_Flow 19-7077] IP XCI file missing or corrupt 'value_permission' field.
ERROR: [IP_Flow 19-7077] IP XCI file missing or corrupt 'value_src' field.
ERROR: [IP_Flow 19-7077] IP XCI file missing or corrupt 'value_permission' field.
ERROR: [IP_Flow 19-7077] IP XCI file missing or corrupt 'value_permission' field.
ERROR: [IP_Flow 19-7077] IP XCI file missing or corrupt 'value_permission' field.
ERROR: [IP_Flow 19-7077] IP XCI file missing or corrupt 'value_permission' field.
ERROR: [IP_Flow 19-7077] IP XCI file missing or corrupt 'value_permission' field.
ERROR: [IP_Flow 19-7077] IP XCI file missing or corrupt 'value_permission' field.
ERROR: [IP_Flow 19-7077] IP XCI file missing or corrupt 'value_permission' field.
ERROR: [IP_Flow 19-7077] IP XCI file missing or corrupt 'value_permission' field.
ERROR: [IP_Flow 19-7077] IP XCI file missing or corrupt 'value_permission' field.
ERROR: [IP_Flow 19-7077] IP XCI file missing or corrupt 'value_permission' field.
ERROR: [IP_Flow 19-7077] IP XCI file missing or corrupt 'value_permission' field.
ERROR: [IP_Flow 19-7077] IP XCI file missing or corrupt 'value_src' field.
ERROR: [IP_Flow 19-7077] IP XCI file missing or corrupt 'value_permission' field.
ERROR: [IP_Flow 19-7077] IP XCI file missing or corrupt 'value_src' field.
ERROR: [IP_Flow 19-7077] IP XCI file missing or corrupt 'value_permission' field.
ERROR: [IP_Flow 19-7077] IP XCI file missing or corrupt 'value_src' field.
ERROR: [IP_Flow 19-7077] IP XCI file missing or corrupt 'value_permission' field.
ERROR: [IP_Flow 19-7077] IP XCI file missing or corrupt 'value_src' field.
ERROR: [IP_Flow 19-7077] IP XCI file missing or corrupt 'value_permission' field.
ERROR: [IP_Flow 19-7077] IP XCI file missing or corrupt 'value_src' field.
ERROR: [IP_Flow 19-7077] IP XCI file missing or corrupt 'value_permission' field.
INFO: [Common 17-14] Message 'IP_Flow 19-7077' appears 100 times and further instances of the messages will be disabled. Use the Tcl command set_msg_config to change the current settings.
WARNING: [BD 41-1663] The design 'design_1.bd' cannot be modified due to following reason(s):
* Project is read-only. Please run 'save_project_as' before making any change to the bd-design. 

WARNING: [BD 41-1661] One or more IPs have been locked in the design 'design_1.bd'. Please run report_ip_status for more details and recommendations on how to fix this issue.
List of locked IPs:
design_1_processing_system7_0_0

WARNING: [Project 1-231] Project 'arm_13_lwip.xpr' was created with a future version and may or may not perform reliably with this version of Vivado. It has been opened in read-only mode for the protection of unrecognized data. Use 'File | Save Project As...' if you wish to alter a copy of the project.
open_project: Time (s): cpu = 00:00:14 ; elapsed = 00:00:05 . Memory (MB): peak = 1332.973 ; gain = 0.000
ERROR: [Common 17-39] 'open_project' failed due to earlier errors.
update_compile_order -fileset sources_1
exit
INFO: [Common 17-206] Exiting Vivado at Tue May 19 13:18:54 2026...
s/sources_1/bd/design_1/design_1.bd}
Reading block design file <C:/Users/Saad/Desktop/stingray/arm_13_lwip/arm_13_lwip.srcs/sources_1/bd/design_1/design_1.bd>...
ERROR: [Project 1-228] Project 'arm_13_lwip' is read-only. To save your work, please use the 'File | Save Project As...' command first.
ERROR: [Ip 78-90] Error in initialization of Rule object 'xilinx.com:bd_rule:oran_radio_if:1.0'
Adding component instance block -- xilinx.com:ip:processing_system7:5.5 - processing_system7_0
Successfully read diagram <design_1> from block design file <C:/Users/Saad/Desktop/stingray/arm_13_lwip/arm_13_lwip.srcs/sources_1/bd/design_1/design_1.bd>
open_bd_design: Time (s): cpu = 00:00:06 ; elapsed = 00:00:06 . Memory (MB): peak = 1687.898 ; gain = 0.000
ERROR: [Project 1-228] Project 'arm_13_lwip' is read-only. To save your work, please use the 'File | Save Project As...' command first.
WARNING: [IP_Flow 19-474] Invalid Parameter 'Component_Name'
exit
INFO: [Common 17-206] Exiting Vivado at Tue May 19 13:18:47 2026...
