#
# A fatal error has been detected by the Java Runtime Environment:
#
#  EXCEPTION_ACCESS_VIOLATION (0xc0000005) at pc=0x00007ff9b5d94840, pid=7740, tid=4504
#
# JRE version: OpenJDK Runtime Environment 18.9 (11.0.11+9) (build 11.0.11+9)
# Java VM: OpenJDK 64-Bit Server VM 18.9 (11.0.11+9, mixed mode, tiered, compressed oops, g1 gc, windows-amd64)
# Problematic frame:
# C  [librdi_constraints.dll+0x914840]
#
# No core dump will be written. Minidumps are not enabled by default on client versions of Windows
#
# If you would like to submit a bug report, please visit:
#   https://bugreport.java.com/bugreport/crash.jsp
# The crash happened outside the Java Virtual Machine in native code.
# See problematic frame for where to report the bug.
#

---------------  S U M M A R Y ------------

Command Line: -Dsun.java2d.pmoffscreen=false -Dhttps.protocols=TLSv1,TLSv1.1,TLSv1.2 -Dsun.java2d.xrender=false -Dsun.java2d.d3d=false -Dsun.awt.nopixfmt=true -Dsun.java2d.dpiaware=true -Dsun.java2d.uiScale.enabled=false -Xverify:none -Dswing.aatext=true -XX:-UsePerfData -Djdk.map.althashing.threshold=512 -XX:StringTableSize=4072 --add-opens=java.base/java.nio=ALL-UNNAMED --add-opens=java.desktop/sun.swing=ALL-UNNAMED --add-opens=java.desktop/javax.swing=ALL-UNNAMED --add-opens=java.desktop/javax.swing.tree=ALL-UNNAMED --add-opens=java.desktop/javax.swing.plaf.basic=ALL-UNNAMED --add-opens=java.desktop/javax.swing.plaf.synth=ALL-UNNAMED --add-opens=java.desktop/com.sun.awt=ALL-UNNAMED -XX:NewSize=60m -XX:MaxNewSize=60m -Xms256m -Xmx3072m -Xss5m 

Host: Intel(R) Xeon(R) E-2286G CPU @ 4.00GHz, 12 cores, 15G,  Windows 10 , 64 bit Build 19041 (10.0.19041.5915)
Time: Sun Apr 19 12:36:31 2026 Pakistan Standard Time elapsed time: 2152.897281 seconds (0d 0h 35m 52s)

---------------  T H R E A D  ---------------

Current thread (0x000001eabc9e4000):  JavaThread "AWT-EventQueue-0" [_thread_in_native, id=4504, stack(0x0000006ec8900000,0x0000006ec8e00000)]

Stack: [0x0000006ec8900000,0x0000006ec8e00000],  sp=0x0000006ec8dfa498,  free space=5097k
Native frames: (J=compiled Java code, j=interpreted, Vv=VM code, C=native code)
C  [librdi_constraints.dll+0x914840]

Java frames: (J=compiled Java code, j=interpreted, Vv=VM code)
j  ui.project.projecti.Design_warnForSynthRunGoingStale(J)Z+0
j  ui.project.a.iBC()Z+4
j  ui.dlg.i.a.f.m(Lui/views/cP;)V+17
j  ui.data.design.l.a(Lui/project/a;Lui/views/cP;Ljava/lang/Runnable;)Z+59
j  ui.data.design.l.a(Ljava/util/Collection;Lui/views/Q/u;)Z+85
j  ui.views.Q.X.b(Lui/views/Q/al;Ljava/util/Collection;)Z+61
j  ui.views.Q.X.a(Lui/views/Q/al;Ljava/util/Collection;)V+3
j  ui.views.Q.X.a(Ljava/lang/String;ZLjava/lang/Runnable;Ljava/lang/Runnable;)Z+257
j  ui.views.Q.X.a(Ljava/lang/String;Ljava/lang/Runnable;Ljava/lang/Runnable;)Z+5
j  ui.views.Q.X.c(Ljava/lang/String;Ljava/lang/Runnable;)Z+4
j  ui.views.c.t.b.d.b(Lui/data/design/D;Ljava/lang/String;Ljava/lang/String;)V+472
j  ui.views.c.t.b.d.E(Lui/data/design/D;)V+6
j  ui.views.c.t.b.d.F(Lui/data/design/D;)V+130
j  ui.views.c.t.b.d.run()V+249
j  ui.frmwork.cmd.a.hOw()Z+96
j  ui.utils.ap.actionPerformed(Ljava/awt/event/ActionEvent;)V+4
j  javax.swing.AbstractButton.fireActionPerformed(Ljava/awt/event/ActionEvent;)V+83 java.desktop@11.0.11
j  javax.swing.AbstractButton$Handler.actionPerformed(Ljava/awt/event/ActionEvent;)V+5 java.desktop@11.0.11
j  javax.swing.DefaultButtonModel.fireActionPerformed(Ljava/awt/event/ActionEvent;)V+34 java.desktop@11.0.11
j  javax.swing.DefaultButtonModel.setPressed(Z)V+117 java.desktop@11.0.11
j  javax.swing.AbstractButton.doClick(I)V+60 java.desktop@11.0.11
j  javax.swing.plaf.basic.BasicMenuItemUI.doClick(Ljavax/swing/MenuSelectionManager;)V+47 java.desktop@11.0.11
j  javax.swing.plaf.basic.BasicMenuItemUI$Handler.mouseReleased(Ljava/awt/event/MouseEvent;)V+76 java.desktop@11.0.11
j  java.awt.AWTEventMulticaster.mouseReleased(Ljava/awt/event/MouseEvent;)V+8 java.desktop@11.0.11
j  java.awt.AWTEventMulticaster.mouseReleased(Ljava/awt/event/MouseEvent;)V+8 java.desktop@11.0.11
J 20140 c1 java.awt.Component.processMouseEvent(Ljava/awt/event/MouseEvent;)V java.desktop@11.0.11 (100 bytes) @ 0x000001eac777331c [0x000001eac7772ea0+0x000000000000047c]
J 20139 c1 javax.swing.JComponent.processMouseEvent(Ljava/awt/event/MouseEvent;)V java.desktop@11.0.11 (27 bytes) @ 0x000001eac76c5374 [0x000001eac76c5160+0x0000000000000214]
J 15529 c2 java.awt.Container.processEvent(Ljava/awt/AWTEvent;)V java.desktop@11.0.11 (22 bytes) @ 0x000001eacf373644 [0x000001eacf373520+0x0000000000000124]
J 17269 c1 java.awt.Component.dispatchEventImpl(Ljava/awt/AWTEvent;)V java.desktop@11.0.11 (777 bytes) @ 0x000001eac8635fa4 [0x000001eac8631fe0+0x0000000000003fc4]
J 20377 c2 java.awt.Container.dispatchEventImpl(Ljava/awt/AWTEvent;)V java.desktop@11.0.11 (129 bytes) @ 0x000001eacf8f7868 [0x000001eacf8f7140+0x0000000000000728]
J 19578 c2 java.awt.LightweightDispatcher.retargetMouseEvent(Ljava/awt/Component;ILjava/awt/event/MouseEvent;)V java.desktop@11.0.11 (372 bytes) @ 0x000001eacf7babf4 [0x000001eacf7ba580+0x0000000000000674]
J 20377 c2 java.awt.Container.dispatchEventImpl(Ljava/awt/AWTEvent;)V java.desktop@11.0.11 (129 bytes) @ 0x000001eacf8f8290 [0x000001eacf8f7140+0x0000000000001150]
J 17113 c1 java.awt.Window.dispatchEventImpl(Ljava/awt/AWTEvent;)V java.desktop@11.0.11 (23 bytes) @ 0x000001eac75e85cc [0x000001eac75e7fa0+0x000000000000062c]
J 15541 c2 java.awt.EventQueue$4.run()Ljava/lang/Object; java.desktop@11.0.11 (5 bytes) @ 0x000001eacf374628 [0x000001eacf374480+0x00000000000001a8]
v  ~StubRoutines::call_stub
J 4076  java.security.AccessController.doPrivileged(Ljava/security/PrivilegedAction;Ljava/security/AccessControlContext;)Ljava/lang/Object; java.base@11.0.11 (0 bytes) @ 0x000001eace94ea36 [0x000001eace94e9c0+0x0000000000000076]
J 8929 c1 java.awt.EventQueue$5.run()Ljava/lang/Object; java.desktop@11.0.11 (5 bytes) @ 0x000001eac88b710c [0x000001eac88b6dc0+0x000000000000034c]
v  ~StubRoutines::call_stub
J 4076  java.security.AccessController.doPrivileged(Ljava/security/PrivilegedAction;Ljava/security/AccessControlContext;)Ljava/lang/Object; java.base@11.0.11 (0 bytes) @ 0x000001eace94ea36 [0x000001eace94e9c0+0x0000000000000076]
J 14500 c2 ui.frmwork.a.d.dispatchEvent(Ljava/awt/AWTEvent;)V (42 bytes) @ 0x000001eacead9700 [0x000001eacead91c0+0x0000000000000540]
J 19081 c2 java.awt.EventDispatchThread.pumpOneEventForFilters(I)V java.desktop@11.0.11 (113 bytes) @ 0x000001eaceea11c8 [0x000001eaceea0600+0x0000000000000bc8]
j  java.awt.EventDispatchThread.pumpEventsForFilter(ILjava/awt/Conditional;Ljava/awt/EventFilter;)V+35 java.desktop@11.0.11
j  java.awt.EventDispatchThread.pumpEventsForHierarchy(ILjava/awt/Conditional;Ljava/awt/Component;)V+11 java.desktop@11.0.11
j  java.awt.EventDispatchThread.pumpEvents(ILjava/awt/Conditional;)V+4 java.desktop@11.0.11
j  java.awt.EventDispatchThread.pumpEvents(Ljava/awt/Conditional;)V+3 java.desktop@11.0.11
j  java.awt.EventDispatchThread.run()V+9 java.desktop@11.0.11
v  ~StubRoutines::call_stub

siginfo: EXCEPTION_ACCESS_VIOLATION (0xc0000005), reading address 0xffffffffffffffff


Register to memory mapping:

RIP=0x00007ff9b5d94840 librdi_constraints.dll
RAX=0x0000000000000004 is an unknown value
RBX=0x000001ea8edf80b0 points into unknown readable memory: 0x0000000000000000 | 00 00 00 00 00 00 00 00
RCX=0x726577651ab54b2a is an unknown value
RDX=0x0000006ec8dfa558 is pointing into the stack for thread: 0x000001eabc9e4000
RSP=0x0000006ec8dfa498 is pointing into the stack for thread: 0x000001eabc9e4000
RBP=0x0000006ec8dfa601 is pointing into the stack for thread: 0x000001eabc9e4000
RSI=0x0000006ec8dfa560 is pointing into the stack for thread: 0x000001eabc9e4000
RDI=0x0000006ec8dfa558 is pointing into the stack for thread: 0x000001eabc9e4000
R8 =0x0000006ec8dfa560 is pointing into the stack for thread: 0x000001eabc9e4000
R9 =0x0000000000000006 is an unknown value
R10=0x000001eac6c6f348 is at code_begin+1000 in an Interpreter codelet
method entry point (kind = native)  [0x000001eac6c6ef60, 0x000001eac6c6fa00]  2720 bytes
R11=0x000000074112b2d8 is an oop: java.lang.Class 
{0x000000074112b2d8} - klass: 'java/lang/Class'
R12=0x0 is NULL
R13={method} {0x000001eabde39108} 'Design_warnForSynthRunGoingStale' '(J)Z' in 'ui/project/projecti'
R14=0x0000006ec8dfa6b8 is pointing into the stack for thread: 0x000001eabc9e4000
R15=0x000001eabc9e4000 is a thread


Registers:
RAX=0x0000000000000004, RBX=0x000001ea8edf80b0, RCX=0x726577651ab54b2a, RDX=0x0000006ec8dfa558
RSP=0x0000006ec8dfa498, RBP=0x0000006ec8dfa601, RSI=0x0000006ec8dfa560, RDI=0x0000006ec8dfa558
R8 =0x0000006ec8dfa560, R9 =0x0000000000000006, R10=0x000001eac6c6f348, R11=0x000000074112b2d8
R12=0x0000000000000000, R13=0x000001eabde39100, R14=0x0000006ec8dfa6b8, R15=0x000001eabc9e4000
RIP=0x00007ff9b5d94840, EFLAGS=0x0000000000010202

Top of Stack: (sp=0x0000006ec8dfa498)
0x0000006ec8dfa498:   00007ff98d79bd1f 000000000000003a
0x0000006ec8dfa4a8:   0000000000000100 000001eadd9ec700
0x0000006ec8dfa4b8:   00007ffa14a30515 fffffffffffffffe
0x0000006ec8dfa4c8:   0000006ec8dfa5e0 00007ff98d93e720
0x0000006ec8dfa4d8:   00007ffa14a341b6 000001ea9c580cc8
0x0000006ec8dfa4e8:   00002a3c5cca2bba 000001eabc9e4000
0x0000006ec8dfa4f8:   0000006ec8dfa6b8 0000000000000275
0x0000006ec8dfa508:   00000000000001d0 0000006ec8dfa690
0x0000006ec8dfa518:   00007ff98d79be73 000000000000000a
0x0000006ec8dfa528:   000001eaddf6b5c0 000000000000000d
0x0000006ec8dfa538:   000001eabde39100 0000000000000000
0x0000006ec8dfa548:   00007ff98d93e74f 000001eabc9e4000
0x0000006ec8dfa558:   0000006ec8dfa600 000001eabde39100
0x0000006ec8dfa568:   00007ffa1459d94f 000001eabc9e4348
0x0000006ec8dfa578:   fffffffffffffffe 000001eabde39100
0x0000006ec8dfa588:   000001eabc9e4000 000001eabd6b34d0 

Instructions: (pc=0x00007ff9b5d94840)
0x00007ff9b5d94740:   55 d4 00 48 83 7f 18 10 48 8b d7 72 03 48 8b 17
0x00007ff9b5d94750:   48 8b 74 24 38 48 8d 4c 24 20 48 8b 5c 24 20 48
0x00007ff9b5d94760:   83 fe 10 4c 8b 44 24 30 48 0f 43 cb 4c 3b 47 10
0x00007ff9b5d94770:   75 0e e8 81 a5 94 00 85 c0 75 05 40 b7 01 eb 03
0x00007ff9b5d94780:   40 32 ff 48 83 fe 10 72 34 48 8d 56 01 48 8b c3
0x00007ff9b5d94790:   48 81 fa 00 10 00 00 72 1c 48 8b 5b f8 48 83 c2
0x00007ff9b5d947a0:   27 48 2b c3 48 83 c0 f8 48 83 f8 1f 76 07 ff 15
0x00007ff9b5d947b0:   bc 40 d4 00 cc 48 8b cb e8 db 8c 94 00 40 0f b6
0x00007ff9b5d947c0:   c7 48 8b 4c 24 40 48 33 cc e8 62 8c 94 00 48 8b
0x00007ff9b5d947d0:   5c 24 68 48 8b 74 24 70 48 83 c4 50 5f c3 cc cc
0x00007ff9b5d947e0:   48 8b 89 38 04 00 00 e9 74 e6 fd ff cc cc cc cc
0x00007ff9b5d947f0:   b0 01 c3 cc cc cc cc cc cc cc cc cc cc cc cc cc
0x00007ff9b5d94800:   b0 01 c3 cc cc cc cc cc cc cc cc cc cc cc cc cc
0x00007ff9b5d94810:   b0 01 c3 cc cc cc cc cc cc cc cc cc cc cc cc cc
0x00007ff9b5d94820:   b0 01 c3 cc cc cc cc cc cc cc cc cc cc cc cc cc
0x00007ff9b5d94830:   b0 01 c3 cc cc cc cc cc cc cc cc cc cc cc cc cc
0x00007ff9b5d94840:   48 8b 89 38 01 00 00 e9 f4 32 fb ff cc cc cc cc
0x00007ff9b5d94850:   0f b6 81 f8 00 00 00 c3 cc cc cc cc cc cc cc cc
0x00007ff9b5d94860:   0f b6 81 f9 00 00 00 c3 cc cc cc cc cc cc cc cc
0x00007ff9b5d94870:   48 89 5c 24 18 55 56 57 48 83 ec 20 48 8b a9 80
0x00007ff9b5d94880:   01 00 00 48 8b f2 48 8b 99 78 01 00 00 48 3b dd
0x00007ff9b5d94890:   74 53 4c 89 74 24 40 4c 8b 72 18 4c 89 7c 24 48
0x00007ff9b5d948a0:   4c 8b 7a 10 48 8b d6 49 83 fe 10 72 03 48 8b 16
0x00007ff9b5d948b0:   48 83 7b 18 10 48 8b cb 72 03 48 8b 0b 4c 8b 43
0x00007ff9b5d948c0:   10 4d 3b c7 75 09 e8 2d a4 94 00 85 c0 74 09 48
0x00007ff9b5d948d0:   83 c3 20 48 3b dd 75 cc 4c 8b 74 24 40 48 3b dd
0x00007ff9b5d948e0:   4c 8b 7c 24 48 48 8b 5c 24 50 0f 95 c0 48 83 c4
0x00007ff9b5d948f0:   20 5f 5e 5d c3 cc cc cc cc cc cc cc cc cc cc cc
0x00007ff9b5d94900:   40 57 48 83 ec 50 48 c7 44 24 20 fe ff ff ff 48
0x00007ff9b5d94910:   89 5c 24 70 48 8b 05 15 92 4a 01 48 33 c4 48 89
0x00007ff9b5d94920:   44 24 48 48 8b fa 48 8b d9 66 0f 6f 05 8f c4 d6
0x00007ff9b5d94930:   00 f3 0f 7f 44 24 38 c6 44 24 28 00 41 b8 06 00 


Stack slot to memory mapping:
stack at sp + 0 slots: 0x00007ff98d79bd1f librdi_project.dll
stack at sp + 1 slots: 0x000000000000003a is an unknown value
stack at sp + 2 slots: 0x0000000000000100 is an unknown value
stack at sp + 3 slots: 0x000001eadd9ec700 points into unknown readable memory: 0x0000000000000081 | 81 00 00 00 00 00 00 00
stack at sp + 4 slots: 0x00007ffa14a30515 jvm.dll
stack at sp + 5 slots: 0xfffffffffffffffe is an unknown value
stack at sp + 6 slots: 0x0000006ec8dfa5e0 is pointing into the stack for thread: 0x000001eabc9e4000
stack at sp + 7 slots: 0x00007ff98d93e720 librdi_project.dll


---------------  P R O C E S S  ---------------

Threads class SMR info:
_java_thread_list=0x000001ea8def73c0, length=59, elements={
0x000001eae9ed7000, 0x000001eaeb28d800, 0x000001eadd8ab000, 0x000001eaed083800,
0x000001eaed084800, 0x000001eaed085000, 0x000001eaddd76800, 0x000001eaddd73800,
0x000001eae9e96800, 0x000001eae9ddc000, 0x000001eaf5186000, 0x000001eaf53bf000,
0x000001eaf5b45800, 0x000001eabce48800, 0x000001eabc9e4000, 0x000001eaddd79000,
0x000001eaddd74000, 0x000001eaddd76000, 0x000001eaddd75000, 0x000001eaf8001800,
0x000001eaf7ffe800, 0x000001eaf8000000, 0x000001eaf8001000, 0x000001eaf8002800,
0x000001eaf8003800, 0x000001eaf7ffd800, 0x000001eaf8004000, 0x000001eaf8006800,
0x000001eaf800a000, 0x000001eaf800a800, 0x000001eaddd7a000, 0x000001eaddd77800,
0x000001eaddd78000, 0x000001ea8d965800, 0x000001ea8d961800, 0x000001ea8d95f800,
0x000001ea8d964800, 0x000001ea8d963000, 0x000001ea8d962000, 0x000001ea8d966000,
0x000001ea8d960800, 0x000001ea8d967000, 0x000001ea8d969800, 0x000001ea8d968000,
0x000001ea8d96b000, 0x000001ea8d96d000, 0x000001ea8d96c000, 0x000001ea8d96d800,
0x000001ea8d96e800, 0x000001ea8d968800, 0x000001eaf7ffc000, 0x000001eaf8008000,
0x000001ea9307e000, 0x000001ea93081800, 0x000001ea9307f800, 0x000001ea93083000,
0x000001ea93085800, 0x000001ea9307d800, 0x000001ea93089800
}

Java Threads: ( => current thread )
  0x000001eae9ed7000 JavaThread "main" [_thread_blocked, id=8436, stack(0x0000006ec3a00000,0x0000006ec3b00000)]
  0x000001eaeb28d800 JavaThread "Reference Handler" daemon [_thread_blocked, id=2376, stack(0x0000006ec4100000,0x0000006ec4600000)]
  0x000001eadd8ab000 JavaThread "Finalizer" daemon [_thread_blocked, id=9840, stack(0x0000006ec4600000,0x0000006ec4b00000)]
  0x000001eaed083800 JavaThread "Signal Dispatcher" daemon [_thread_blocked, id=8004, stack(0x0000006ec4b00000,0x0000006ec5000000)]
  0x000001eaed084800 JavaThread "Attach Listener" daemon [_thread_blocked, id=6580, stack(0x0000006ec5000000,0x0000006ec5500000)]
  0x000001eaed085000 JavaThread "Service Thread" daemon [_thread_blocked, id=7468, stack(0x0000006ec5500000,0x0000006ec5a00000)]
  0x000001eaddd76800 JavaThread "C2 CompilerThread0" daemon [_thread_blocked, id=8356, stack(0x0000006ec5a00000,0x0000006ec5b00000)]
  0x000001eaddd73800 JavaThread "C1 CompilerThread0" daemon [_thread_blocked, id=7544, stack(0x0000006ec5b00000,0x0000006ec5c00000)]
  0x000001eae9e96800 JavaThread "Sweeper thread" daemon [_thread_blocked, id=7636, stack(0x0000006ec5c00000,0x0000006ec6100000)]
  0x000001eae9ddc000 JavaThread "Common-Cleaner" daemon [_thread_blocked, id=13784, stack(0x0000006ec6100000,0x0000006ec6600000)]
  0x000001eaf5186000 JavaThread "Java2D Disposer" daemon [_thread_blocked, id=1680, stack(0x0000006ec6900000,0x0000006ec6e00000)]
  0x000001eaf53bf000 JavaThread "AWT-Windows" daemon [_thread_in_native, id=13292, stack(0x0000006ec7300000,0x0000006ec7800000)]
  0x000001eaf5b45800 JavaThread "TimerQueue" daemon [_thread_blocked, id=12556, stack(0x0000006ec7f00000,0x0000006ec8400000)]
  0x000001eabce48800 JavaThread "AWT-Shutdown" [_thread_blocked, id=4468, stack(0x0000006ec6e00000,0x0000006ec7300000)]
=>0x000001eabc9e4000 JavaThread "AWT-EventQueue-0" [_thread_in_native, id=4504, stack(0x0000006ec8900000,0x0000006ec8e00000)]
  0x000001eaddd79000 JavaThread "Thread-1" [_thread_in_native, id=9628, stack(0x0000006ec2300000,0x0000006ec3700000)]
  0x000001eaddd74000 JavaThread "Process Messages Thread" [_thread_blocked, id=10900, stack(0x0000006ec9800000,0x0000006ec9d00000)]
  0x000001eaddd76000 JavaThread "Batik CleanerThread" daemon [_thread_blocked, id=11560, stack(0x0000006ec8e00000,0x0000006ec9300000)]
  0x000001eaddd75000 JavaThread "SyntheticaCleanerThread" daemon [_thread_blocked, id=13924, stack(0x0000006eca200000,0x0000006eca700000)]
  0x000001eaf8001800 JavaThread "Monitor HEventQueue Thread" [_thread_blocked, id=1328, stack(0x0000006ecaf00000,0x0000006ecb400000)]
  0x000001eaf7ffe800 JavaThread "SyntheticaAnimation 50" daemon [_thread_blocked, id=3716, stack(0x0000006ecb400000,0x0000006ecb900000)]
  0x000001eaf8000000 JavaThread "SyntheticaAnimation 25" daemon [_thread_blocked, id=3744, stack(0x0000006ecb900000,0x0000006ecbe00000)]
  0x000001eaf8001000 JavaThread "SyntheticaAnimation 70" daemon [_thread_blocked, id=6412, stack(0x0000006ecc300000,0x0000006ecc800000)]
  0x000001eaf8002800 JavaThread "Refresh Filesets Swing Worker Thread" [_thread_blocked, id=14720, stack(0x0000006ec8400000,0x0000006ec8900000)]
  0x000001eaf8003800 JavaThread "Thread-19" [_thread_blocked, id=9876, stack(0x0000006ec9d00000,0x0000006eca200000)]
  0x000001eaf7ffd800 JavaThread "OutputGobbler" daemon [_thread_in_native, id=1276, stack(0x0000006eca700000,0x0000006ecac00000)]
  0x000001eaf8004000 JavaThread "ErrorGobbler" daemon [_thread_in_native, id=1284, stack(0x0000006ecc800000,0x0000006eccd00000)]
  0x000001eaf8006800 JavaThread "hw_ila_monitor" [_thread_blocked, id=3924, stack(0x0000006ecd700000,0x0000006ecdc00000)]
  0x000001eaf800a000 JavaThread "pool-2-thread-1" [_thread_blocked, id=9784, stack(0x0000006ece600000,0x0000006eceb00000)]
  0x000001eaf800a800 JavaThread "pool-3-thread-1" [_thread_blocked, id=10692, stack(0x0000006eceb00000,0x0000006ecf000000)]
  0x000001eaddd7a000 JavaThread "pool-4-thread-1" [_thread_blocked, id=4452, stack(0x0000006ecf000000,0x0000006ecf500000)]
  0x000001eaddd77800 JavaThread "pool-5-thread-1" [_thread_blocked, id=7136, stack(0x0000006ecf500000,0x0000006ecfa00000)]
  0x000001eaddd78000 JavaThread "pool-6-thread-1" [_thread_blocked, id=7116, stack(0x0000006ecfa00000,0x0000006ecff00000)]
  0x000001ea8d965800 JavaThread "pool-7-thread-1" [_thread_blocked, id=6148, stack(0x0000006ecff00000,0x0000006ed0400000)]
  0x000001ea8d961800 JavaThread "pool-8-thread-1" [_thread_blocked, id=7128, stack(0x0000006ed0400000,0x0000006ed0900000)]
  0x000001ea8d95f800 JavaThread "pool-9-thread-1" [_thread_blocked, id=7624, stack(0x0000006ed0900000,0x0000006ed0e00000)]
  0x000001ea8d964800 JavaThread "pool-10-thread-1" [_thread_blocked, id=12168, stack(0x0000006ed0e00000,0x0000006ed1300000)]
  0x000001ea8d963000 JavaThread "pool-11-thread-1" [_thread_blocked, id=9400, stack(0x0000006ed1300000,0x0000006ed1800000)]
  0x000001ea8d962000 JavaThread "pool-12-thread-1" [_thread_blocked, id=10112, stack(0x0000006ed1800000,0x0000006ed1d00000)]
  0x000001ea8d966000 JavaThread "pool-13-thread-1" [_thread_blocked, id=11860, stack(0x0000006ed1d00000,0x0000006ed2200000)]
  0x000001ea8d960800 JavaThread "pool-14-thread-1" [_thread_blocked, id=10092, stack(0x0000006ed2200000,0x0000006ed2700000)]
  0x000001ea8d967000 JavaThread "pool-15-thread-1" [_thread_blocked, id=10212, stack(0x0000006ed2700000,0x0000006ed2c00000)]
  0x000001ea8d969800 JavaThread "Update Runs Swing Worker Thread" [_thread_blocked, id=13404, stack(0x0000006ed3100000,0x0000006ed3600000)]
  0x000001ea8d968000 JavaThread "Watchdog Thread for com.sigasi.lsp.server.BootstrappedLspServer" daemon [_thread_blocked, id=2612, stack(0x0000006ed2c00000,0x0000006ed3100000)]
  0x000001ea8d96b000 JavaThread "Life support thread" daemon [_thread_blocked, id=8980, stack(0x0000006ed3600000,0x0000006ed3b00000)]
  0x000001ea8d96d000 JavaThread "Protocol translation thread 0" [_thread_in_native, id=13148, stack(0x0000006ecd200000,0x0000006ecd700000)]
  0x000001ea8d96c000 JavaThread "pool-17-thread-1" [_thread_blocked, id=10796, stack(0x0000006ed3b00000,0x0000006ed4000000)]
  0x000001ea8d96d800 JavaThread "EMF Reference Cleaner" daemon [_thread_blocked, id=10596, stack(0x0000006ed4000000,0x0000006ed4500000)]
  0x000001ea8d96e800 JavaThread "ForkJoinPool.commonPool-worker-5" daemon [_thread_blocked, id=11112, stack(0x0000006ecbe00000,0x0000006ecc300000)]
  0x000001ea8d968800 JavaThread "SyntheticaAnimation 50" daemon [_thread_blocked, id=2216, stack(0x0000006ed4500000,0x0000006ed4a00000)]
  0x000001eaf7ffc000 JavaThread "QuantumRenderer-0" daemon [_thread_blocked, id=13968, stack(0x0000006ed6800000,0x0000006ed6d00000)]
  0x000001eaf8008000 JavaThread "InvokeLaterDispatcher" daemon [_thread_blocked, id=11548, stack(0x0000006ed6d00000,0x0000006ed7200000)]
  0x000001ea9307e000 JavaThread "JavaFX Application Thread" [_thread_in_native, id=11600, stack(0x0000006ed7200000,0x0000006ed7700000)]
  0x000001ea93081800 JavaThread "Thread-55" daemon [_thread_in_native, id=14432, stack(0x0000006ecdf00000,0x0000006ece000000)]
  0x000001ea9307f800 JavaThread "Prism Font Disposer" daemon [_thread_blocked, id=4244, stack(0x0000006ece000000,0x0000006ece500000)]
  0x000001ea93083000 JavaThread "Disposer" daemon [_thread_blocked, id=8156, stack(0x0000006ed6300000,0x0000006ed6800000)]
  0x000001ea93085800 JavaThread "SocketStreamHandle-1" daemon [_thread_in_native, id=11332, stack(0x0000006eda600000,0x0000006edab00000)]
  0x000001ea9307d800 JavaThread "Cleaner-0" daemon [_thread_blocked, id=6380, stack(0x0000006ed7d00000,0x0000006ed8200000)]
  0x000001ea93089800 JavaThread "Image Fetcher 0" daemon [_thread_blocked, id=1620, stack(0x0000006ed4a00000,0x0000006ed4f00000)]

Other Threads:
  0x000001eab7aef000 VMThread "VM Thread" [stack: 0x0000006ec4000000,0x0000006ec4100000] [id=11920]
  0x000001eae9ddd000 WatcherThread [stack: 0x0000006ec6600000,0x0000006ec6700000] [id=10844]
  0x000001eaeda72800 GCTaskThread "GC Thread#0" [stack: 0x0000006ec3b00000,0x0000006ec3c00000] [id=1932]
  0x000001eaf588d800 GCTaskThread "GC Thread#1" [stack: 0x0000006ec7800000,0x0000006ec7900000] [id=11904]
  0x000001eaf5200800 GCTaskThread "GC Thread#2" [stack: 0x0000006ec7900000,0x0000006ec7a00000] [id=11912]
  0x000001eaf5289000 GCTaskThread "GC Thread#3" [stack: 0x0000006ec7a00000,0x0000006ec7b00000] [id=4080]
  0x000001eaf5289800 GCTaskThread "GC Thread#4" [stack: 0x0000006ec7b00000,0x0000006ec7c00000] [id=6308]
  0x000001eabc9a5800 GCTaskThread "GC Thread#5" [stack: 0x0000006ec7c00000,0x0000006ec7d00000] [id=980]
  0x000001eabcb57800 GCTaskThread "GC Thread#6" [stack: 0x0000006ec6800000,0x0000006ec6900000] [id=8920]
  0x000001eabd209000 GCTaskThread "GC Thread#7" [stack: 0x0000006ec9300000,0x0000006ec9400000] [id=6340]
  0x000001eabd20a000 GCTaskThread "GC Thread#8" [stack: 0x0000006ec9400000,0x0000006ec9500000] [id=7024]
  0x000001eabd7c4000 GCTaskThread "GC Thread#9" [stack: 0x0000006ec9500000,0x0000006ec9600000] [id=12540]
  0x000001eaebbd8800 ConcurrentGCThread "G1 Main Marker" [stack: 0x0000006ec3c00000,0x0000006ec3d00000] [id=1920]
  0x000001eae6e6d800 ConcurrentGCThread "G1 Conc#0" [stack: 0x0000006ec3d00000,0x0000006ec3e00000] [id=7140]
  0x000001eabd7c5800 ConcurrentGCThread "G1 Conc#1" [stack: 0x0000006ec9600000,0x0000006ec9700000] [id=7268]
  0x000001eabd343000 ConcurrentGCThread "G1 Conc#2" [stack: 0x0000006ec9700000,0x0000006ec9800000] [id=12312]
  0x000001eaddf62800 ConcurrentGCThread "G1 Refine#0" [stack: 0x0000006ec3e00000,0x0000006ec3f00000] [id=11800]
  0x000001eaf5030800 ConcurrentGCThread "G1 Refine#1" [stack: 0x0000006ec7d00000,0x0000006ec7e00000] [id=2272]
  0x000001eaf5031000 ConcurrentGCThread "G1 Refine#2" [stack: 0x0000006ec7e00000,0x0000006ec7f00000] [id=528]
  0x000001eaeadd7800 ConcurrentGCThread "G1 Young RemSet Sampling" [stack: 0x0000006ec3f00000,0x0000006ec4000000] [id=14352]

Threads with active compile tasks:

VM state:not at safepoint (normal execution)

VM Mutex/Monitor currently owned by a thread: None

Heap address: 0x0000000740000000, size: 3072 MB, Compressed Oops mode: Zero based, Oop shift amount: 3
Narrow klass base: 0x0000000800000000, Narrow klass shift: 0
Compressed class space size: 1073741824 Address: 0x0000000800000000

Heap:
 garbage-first heap   total 262144K, used 144157K [0x0000000740000000, 0x0000000800000000)
  region size 1024K, 45 young (46080K), 3 survivors (3072K)
 Metaspace       used 113297K, capacity 116406K, committed 116492K, reserved 1148928K
  class space    used 15067K, capacity 16454K, committed 16512K, reserved 1048576K
Heap Regions: E=young(eden), S=young(survivor), O=old, HS=humongous(starts), HC=humongous(continues), CS=collection set, F=free, A=archive, TAMS=top-at-mark-start (previous, next)
|   0|0x0000000740000000, 0x0000000740100000, 0x0000000740100000|100%|HS|  |TAMS 0x0000000740000000, 0x0000000740000000| Untracked 
|   1|0x0000000740100000, 0x0000000740200000, 0x0000000740200000|100%|HC|  |TAMS 0x0000000740100000, 0x0000000740100000| Untracked 
|   2|0x0000000740200000, 0x0000000740300000, 0x0000000740300000|100%|HS|  |TAMS 0x0000000740200000, 0x0000000740200000| Untracked 
|   3|0x0000000740300000, 0x00000007403f50f8, 0x0000000740400000| 95%| O|  |TAMS 0x0000000740300000, 0x0000000740300000| Untracked 
|   4|0x0000000740400000, 0x00000007404f6bf8, 0x0000000740500000| 96%| O|  |TAMS 0x0000000740400000, 0x0000000740400000| Untracked 
|   5|0x0000000740500000, 0x0000000740600000, 0x0000000740600000|100%| O|  |TAMS 0x0000000740500000, 0x0000000740500000| Untracked 
|   6|0x0000000740600000, 0x00000007406f62a8, 0x0000000740700000| 96%| O|  |TAMS 0x0000000740600000, 0x0000000740600000| Untracked 
|   7|0x0000000740700000, 0x00000007407fffe8, 0x0000000740800000| 99%| O|  |TAMS 0x0000000740700000, 0x0000000740700000| Untracked 
|   8|0x0000000740800000, 0x00000007408ffff0, 0x0000000740900000| 99%| O|  |TAMS 0x0000000740800000, 0x0000000740800000| Untracked 
|   9|0x0000000740900000, 0x00000007409ffff8, 0x0000000740a00000| 99%| O|  |TAMS 0x0000000740900000, 0x0000000740900000| Untracked 
|  10|0x0000000740a00000, 0x0000000740affff8, 0x0000000740b00000| 99%| O|  |TAMS 0x0000000740a00000, 0x0000000740a00000| Untracked 
|  11|0x0000000740b00000, 0x0000000740bff7b0, 0x0000000740c00000| 99%| O|  |TAMS 0x0000000740b00000, 0x0000000740b00000| Untracked 
|  12|0x0000000740c00000, 0x0000000740cf99e0, 0x0000000740d00000| 97%| O|  |TAMS 0x0000000740c00000, 0x0000000740c00000| Untracked 
|  13|0x0000000740d00000, 0x0000000740e00000, 0x0000000740e00000|100%| O|  |TAMS 0x0000000740d00000, 0x0000000740d00000| Untracked 
|  14|0x0000000740e00000, 0x0000000740efffe8, 0x0000000740f00000| 99%| O|  |TAMS 0x0000000740e00000, 0x0000000740e00000| Untracked 
|  15|0x0000000740f00000, 0x0000000741000000, 0x0000000741000000|100%| O|  |TAMS 0x0000000740f00000, 0x0000000740f00000| Untracked 
|  16|0x0000000741000000, 0x00000007410ff9d0, 0x0000000741100000| 99%| O|  |TAMS 0x0000000741000000, 0x0000000741000000| Untracked 
|  17|0x0000000741100000, 0x00000007411ffff8, 0x0000000741200000| 99%| O|  |TAMS 0x0000000741100000, 0x0000000741100000| Untracked 
|  18|0x0000000741200000, 0x00000007412ee520, 0x0000000741300000| 93%| O|  |TAMS 0x0000000741200000, 0x0000000741200000| Untracked 
|  19|0x0000000741300000, 0x00000007413ffff0, 0x0000000741400000| 99%| O|  |TAMS 0x0000000741300000, 0x0000000741300000| Untracked 
|  20|0x0000000741400000, 0x00000007414ffff0, 0x0000000741500000| 99%| O|  |TAMS 0x0000000741400000, 0x0000000741400000| Untracked 
|  21|0x0000000741500000, 0x00000007415fc908, 0x0000000741600000| 98%| O|  |TAMS 0x0000000741500000, 0x0000000741500000| Untracked 
|  22|0x0000000741600000, 0x00000007416ffff0, 0x0000000741700000| 99%| O|  |TAMS 0x0000000741600000, 0x0000000741600000| Untracked 
|  23|0x0000000741700000, 0x0000000741800000, 0x0000000741800000|100%| O|  |TAMS 0x0000000741700000, 0x0000000741700000| Untracked 
|  24|0x0000000741800000, 0x00000007418ffff0, 0x0000000741900000| 99%| O|  |TAMS 0x0000000741800000, 0x0000000741800000| Untracked 
|  25|0x0000000741900000, 0x00000007419adce8, 0x0000000741a00000| 67%| O|  |TAMS 0x0000000741900000, 0x0000000741900000| Untracked 
|  26|0x0000000741a00000, 0x0000000741afe3c0, 0x0000000741b00000| 99%| O|  |TAMS 0x0000000741a00000, 0x0000000741a00000| Untracked 
|  27|0x0000000741b00000, 0x0000000741c00000, 0x0000000741c00000|100%| O|  |TAMS 0x0000000741b00000, 0x0000000741b00000| Untracked 
|  28|0x0000000741c00000, 0x0000000741d00000, 0x0000000741d00000|100%| O|  |TAMS 0x0000000741c00000, 0x0000000741c00000| Untracked 
|  29|0x0000000741d00000, 0x0000000741dffff0, 0x0000000741e00000| 99%| O|  |TAMS 0x0000000741d00000, 0x0000000741d00000| Untracked 
|  30|0x0000000741e00000, 0x0000000741efe9d8, 0x0000000741f00000| 99%| O|  |TAMS 0x0000000741e00000, 0x0000000741e00000| Untracked 
|  31|0x0000000741f00000, 0x0000000741fffff8, 0x0000000742000000| 99%| O|  |TAMS 0x0000000741f00000, 0x0000000741f00000| Untracked 
|  32|0x0000000742000000, 0x00000007420fff30, 0x0000000742100000| 99%| O|  |TAMS 0x0000000742000000, 0x0000000742000000| Untracked 
|  33|0x0000000742100000, 0x00000007421e0ad8, 0x0000000742200000| 87%| O|  |TAMS 0x0000000742100000, 0x0000000742100000| Untracked 
|  34|0x0000000742200000, 0x0000000742300000, 0x0000000742300000|100%| O|  |TAMS 0x0000000742200000, 0x0000000742200000| Untracked 
|  35|0x0000000742300000, 0x0000000742400000, 0x0000000742400000|100%| O|  |TAMS 0x0000000742300000, 0x0000000742300000| Untracked 
|  36|0x0000000742400000, 0x0000000742500000, 0x0000000742500000|100%| O|  |TAMS 0x0000000742400000, 0x0000000742400000| Untracked 
|  37|0x0000000742500000, 0x00000007425e6f60, 0x0000000742600000| 90%| O|  |TAMS 0x0000000742500000, 0x0000000742500000| Untracked 
|  38|0x0000000742600000, 0x0000000742700000, 0x0000000742700000|100%|HS|  |TAMS 0x0000000742600000, 0x0000000742600000| Untracked 
|  39|0x0000000742700000, 0x0000000742800000, 0x0000000742800000|100%|HC|  |TAMS 0x0000000742700000, 0x0000000742700000| Untracked 
|  40|0x0000000742800000, 0x0000000742900000, 0x0000000742900000|100%|HC|  |TAMS 0x0000000742800000, 0x0000000742800000| Untracked 
|  41|0x0000000742900000, 0x00000007429ffff0, 0x0000000742a00000| 99%| O|  |TAMS 0x0000000742900000, 0x0000000742900000| Untracked 
|  42|0x0000000742a00000, 0x0000000742aea4b8, 0x0000000742b00000| 91%| O|  |TAMS 0x0000000742a00000, 0x0000000742a00000| Untracked 
|  43|0x0000000742b00000, 0x0000000742bffff8, 0x0000000742c00000| 99%| O|  |TAMS 0x0000000742b00000, 0x0000000742b00000| Untracked 
|  44|0x0000000742c00000, 0x0000000742d00000, 0x0000000742d00000|100%|HS|  |TAMS 0x0000000742c00000, 0x0000000742c00000| Untracked 
|  45|0x0000000742d00000, 0x0000000742e00000, 0x0000000742e00000|100%|HS|  |TAMS 0x0000000742d00000, 0x0000000742d00000| Untracked 
|  46|0x0000000742e00000, 0x0000000742effff0, 0x0000000742f00000| 99%| O|  |TAMS 0x0000000742e00000, 0x0000000742e00000| Untracked 
|  47|0x0000000742f00000, 0x0000000742fffff0, 0x0000000743000000| 99%| O|  |TAMS 0x0000000742f00000, 0x0000000742f00000| Untracked 
|  48|0x0000000743000000, 0x0000000743100000, 0x0000000743100000|100%| O|  |TAMS 0x0000000743000000, 0x0000000743000000| Untracked 
|  49|0x0000000743100000, 0x00000007431ffff8, 0x0000000743200000| 99%| O|  |TAMS 0x0000000743100000, 0x0000000743100000| Untracked 
|  50|0x0000000743200000, 0x00000007432fff88, 0x0000000743300000| 99%| O|  |TAMS 0x0000000743200000, 0x0000000743200000| Untracked 
|  51|0x0000000743300000, 0x00000007433e8640, 0x0000000743400000| 90%| O|  |TAMS 0x0000000743300000, 0x0000000743300000| Untracked 
|  52|0x0000000743400000, 0x00000007434fffe0, 0x0000000743500000| 99%| O|  |TAMS 0x0000000743400000, 0x0000000743400000| Untracked 
|  53|0x0000000743500000, 0x00000007435fffb0, 0x0000000743600000| 99%| O|  |TAMS 0x0000000743500000, 0x0000000743500000| Untracked 
|  54|0x0000000743600000, 0x00000007436ffee8, 0x0000000743700000| 99%| O|  |TAMS 0x0000000743600000, 0x0000000743600000| Untracked 
|  55|0x0000000743700000, 0x00000007437ffff0, 0x0000000743800000| 99%| O|  |TAMS 0x0000000743700000, 0x0000000743700000| Untracked 
|  56|0x0000000743800000, 0x00000007438fffe8, 0x0000000743900000| 99%| O|  |TAMS 0x0000000743800000, 0x0000000743800000| Untracked 
|  57|0x0000000743900000, 0x00000007439e3c40, 0x0000000743a00000| 88%| O|  |TAMS 0x0000000743900000, 0x0000000743900000| Untracked 
|  58|0x0000000743a00000, 0x0000000743afffe8, 0x0000000743b00000| 99%| O|  |TAMS 0x0000000743a00000, 0x0000000743a00000| Untracked 
|  59|0x0000000743b00000, 0x0000000743bfffc0, 0x0000000743c00000| 99%| O|  |TAMS 0x0000000743b00000, 0x0000000743b00000| Untracked 
|  60|0x0000000743c00000, 0x0000000743cfff28, 0x0000000743d00000| 99%| O|  |TAMS 0x0000000743c00000, 0x0000000743c00000| Untracked 
|  61|0x0000000743d00000, 0x0000000743dfffe8, 0x0000000743e00000| 99%| O|  |TAMS 0x0000000743d00000, 0x0000000743d00000| Untracked 
|  62|0x0000000743e00000, 0x0000000743effff8, 0x0000000743f00000| 99%| O|  |TAMS 0x0000000743e00000, 0x0000000743e00000| Untracked 
|  63|0x0000000743f00000, 0x0000000743ffe948, 0x0000000744000000| 99%| O|  |TAMS 0x0000000743f00000, 0x0000000743f00000| Untracked 
|  64|0x0000000744000000, 0x00000007440fca40, 0x0000000744100000| 98%| O|  |TAMS 0x0000000744000000, 0x0000000744000000| Untracked 
|  65|0x0000000744100000, 0x0000000744200000, 0x0000000744200000|100%| O|  |TAMS 0x0000000744100000, 0x0000000744100000| Untracked 
|  66|0x0000000744200000, 0x00000007442ffff0, 0x0000000744300000| 99%| O|  |TAMS 0x0000000744200000, 0x0000000744200000| Untracked 
|  67|0x0000000744300000, 0x00000007443fffe8, 0x0000000744400000| 99%| O|  |TAMS 0x0000000744300000, 0x0000000744300000| Untracked 
|  68|0x0000000744400000, 0x00000007444fffe8, 0x0000000744500000| 99%| O|  |TAMS 0x0000000744400000, 0x0000000744400000| Untracked 
|  69|0x0000000744500000, 0x0000000744600000, 0x0000000744600000|100%| O|  |TAMS 0x0000000744500000, 0x0000000744500000| Untracked 
|  70|0x0000000744600000, 0x00000007446ffff8, 0x0000000744700000| 99%| O|  |TAMS 0x0000000744600000, 0x0000000744600000| Untracked 
|  71|0x0000000744700000, 0x00000007447fffe8, 0x0000000744800000| 99%| O|  |TAMS 0x0000000744700000, 0x0000000744700000| Untracked 
|  72|0x0000000744800000, 0x00000007448ffc60, 0x0000000744900000| 99%| O|  |TAMS 0x0000000744800000, 0x0000000744800000| Untracked 
|  73|0x0000000744900000, 0x00000007449ffff0, 0x0000000744a00000| 99%| O|  |TAMS 0x0000000744900000, 0x0000000744900000| Untracked 
|  74|0x0000000744a00000, 0x0000000744ab5b10, 0x0000000744b00000| 70%| O|  |TAMS 0x0000000744a00000, 0x0000000744a00000| Untracked 
|  75|0x0000000744b00000, 0x0000000744bff320, 0x0000000744c00000| 99%| O|  |TAMS 0x0000000744b00000, 0x0000000744b00000| Untracked 
|  76|0x0000000744c00000, 0x0000000744cfffe8, 0x0000000744d00000| 99%| O|  |TAMS 0x0000000744c00000, 0x0000000744c00000| Untracked 
|  77|0x0000000744d00000, 0x0000000744dc29e8, 0x0000000744e00000| 76%| O|  |TAMS 0x0000000744d00000, 0x0000000744d00000| Untracked 
|  78|0x0000000744e00000, 0x0000000744f00000, 0x0000000744f00000|100%| O|  |TAMS 0x0000000744e00000, 0x0000000744e00000| Untracked 
|  79|0x0000000744f00000, 0x0000000745000000, 0x0000000745000000|100%| O|  |TAMS 0x0000000744f00000, 0x0000000744f00000| Untracked 
|  80|0x0000000745000000, 0x0000000745100000, 0x0000000745100000|100%|HS|  |TAMS 0x0000000745000000, 0x0000000745000000| Untracked 
|  81|0x0000000745100000, 0x00000007451ffe88, 0x0000000745200000| 99%| O|  |TAMS 0x0000000745100000, 0x0000000745100000| Untracked 
|  82|0x0000000745200000, 0x00000007452fd818, 0x0000000745300000| 99%| O|  |TAMS 0x0000000745200000, 0x0000000745200000| Untracked 
|  83|0x0000000745300000, 0x00000007453ffff8, 0x0000000745400000| 99%| O|  |TAMS 0x0000000745300000, 0x0000000745300000| Untracked 
|  84|0x0000000745400000, 0x0000000745447018, 0x0000000745500000| 27%| O|  |TAMS 0x0000000745400000, 0x0000000745400000| Untracked 
|  85|0x0000000745500000, 0x00000007455ffff8, 0x0000000745600000| 99%| O|  |TAMS 0x0000000745500000, 0x0000000745500000| Untracked 
|  86|0x0000000745600000, 0x0000000745600000, 0x0000000745700000|  0%| F|  |TAMS 0x0000000745600000, 0x0000000745600000| Untracked 
|  87|0x0000000745700000, 0x0000000745800000, 0x0000000745800000|100%|HS|  |TAMS 0x0000000745700000, 0x0000000745700000| Untracked 
|  88|0x0000000745800000, 0x0000000745900000, 0x0000000745900000|100%|HC|  |TAMS 0x0000000745800000, 0x0000000745800000| Untracked 
|  89|0x0000000745900000, 0x0000000745a00000, 0x0000000745a00000|100%|HC|  |TAMS 0x0000000745900000, 0x0000000745900000| Untracked 
|  90|0x0000000745a00000, 0x0000000745b00000, 0x0000000745b00000|100%|HC|  |TAMS 0x0000000745a00000, 0x0000000745a00000| Untracked 
|  91|0x0000000745b00000, 0x0000000745c00000, 0x0000000745c00000|100%|HC|  |TAMS 0x0000000745b00000, 0x0000000745b00000| Untracked 
|  92|0x0000000745c00000, 0x0000000745d00000, 0x0000000745d00000|100%|HC|  |TAMS 0x0000000745c00000, 0x0000000745c00000| Untracked 
|  93|0x0000000745d00000, 0x0000000745e00000, 0x0000000745e00000|100%|HC|  |TAMS 0x0000000745d00000, 0x0000000745d00000| Untracked 
|  94|0x0000000745e00000, 0x0000000745f00000, 0x0000000745f00000|100%|HC|  |TAMS 0x0000000745e00000, 0x0000000745e00000| Untracked 
|  95|0x0000000745f00000, 0x0000000745fffff8, 0x0000000746000000| 99%| O|  |TAMS 0x0000000745f00000, 0x0000000745f00000| Untracked 
|  96|0x0000000746000000, 0x0000000746001648, 0x0000000746100000|  0%| O|  |TAMS 0x0000000746000000, 0x0000000746000000| Untracked 
|  97|0x0000000746100000, 0x0000000746100000, 0x0000000746200000|  0%| F|  |TAMS 0x0000000746100000, 0x0000000746100000| Untracked 
|  98|0x0000000746200000, 0x00000007462fffe0, 0x0000000746300000| 99%| O|  |TAMS 0x0000000746200000, 0x0000000746200000| Untracked 
|  99|0x0000000746300000, 0x0000000746305a40, 0x0000000746400000|  2%| O|  |TAMS 0x0000000746300000, 0x0000000746300000| Untracked 
| 100|0x0000000746400000, 0x000000074648ef00, 0x0000000746500000| 55%| O|  |TAMS 0x0000000746400000, 0x0000000746400000| Untracked 
| 101|0x0000000746500000, 0x0000000746500000, 0x0000000746600000|  0%| F|  |TAMS 0x0000000746500000, 0x0000000746500000| Untracked 
| 102|0x0000000746600000, 0x0000000746654bd8, 0x0000000746700000| 33%| O|  |TAMS 0x0000000746600000, 0x0000000746600000| Untracked 
| 103|0x0000000746700000, 0x0000000746700000, 0x0000000746800000|  0%| F|  |TAMS 0x0000000746700000, 0x0000000746700000| Untracked 
| 104|0x0000000746800000, 0x0000000746876080, 0x0000000746900000| 46%| O|  |TAMS 0x0000000746800000, 0x0000000746800000| Untracked 
| 105|0x0000000746900000, 0x0000000746900000, 0x0000000746a00000|  0%| F|  |TAMS 0x0000000746900000, 0x0000000746900000| Untracked 
| 106|0x0000000746a00000, 0x0000000746b00000, 0x0000000746b00000|100%|HS|  |TAMS 0x0000000746a00000, 0x0000000746a00000| Untracked 
| 107|0x0000000746b00000, 0x0000000746c00000, 0x0000000746c00000|100%|HC|  |TAMS 0x0000000746b00000, 0x0000000746b00000| Untracked 
| 108|0x0000000746c00000, 0x0000000746c00000, 0x0000000746d00000|  0%| F|  |TAMS 0x0000000746c00000, 0x0000000746c00000| Untracked 
| 109|0x0000000746d00000, 0x0000000746d00000, 0x0000000746e00000|  0%| F|  |TAMS 0x0000000746d00000, 0x0000000746d00000| Untracked 
| 110|0x0000000746e00000, 0x0000000746e00000, 0x0000000746f00000|  0%| F|  |TAMS 0x0000000746e00000, 0x0000000746e00000| Untracked 
| 111|0x0000000746f00000, 0x0000000746f00000, 0x0000000747000000|  0%| F|  |TAMS 0x0000000746f00000, 0x0000000746f00000| Untracked 
| 112|0x0000000747000000, 0x0000000747000000, 0x0000000747100000|  0%| F|  |TAMS 0x0000000747000000, 0x0000000747000000| Untracked 
| 113|0x0000000747100000, 0x0000000747100000, 0x0000000747200000|  0%| F|  |TAMS 0x0000000747100000, 0x0000000747100000| Untracked 
| 114|0x0000000747200000, 0x0000000747200000, 0x0000000747300000|  0%| F|  |TAMS 0x0000000747200000, 0x0000000747200000| Untracked 
| 115|0x0000000747300000, 0x0000000747300000, 0x0000000747400000|  0%| F|  |TAMS 0x0000000747300000, 0x0000000747300000| Untracked 
| 116|0x0000000747400000, 0x0000000747400000, 0x0000000747500000|  0%| F|  |TAMS 0x0000000747400000, 0x0000000747400000| Untracked 
| 117|0x0000000747500000, 0x0000000747500000, 0x0000000747600000|  0%| F|  |TAMS 0x0000000747500000, 0x0000000747500000| Untracked 
| 118|0x0000000747600000, 0x0000000747600000, 0x0000000747700000|  0%| F|  |TAMS 0x0000000747600000, 0x0000000747600000| Untracked 
| 119|0x0000000747700000, 0x0000000747700000, 0x0000000747800000|  0%| F|  |TAMS 0x0000000747700000, 0x0000000747700000| Untracked 
| 120|0x0000000747800000, 0x0000000747800000, 0x0000000747900000|  0%| F|  |TAMS 0x0000000747800000, 0x0000000747800000| Untracked 
| 121|0x0000000747900000, 0x0000000747900000, 0x0000000747a00000|  0%| F|  |TAMS 0x0000000747900000, 0x0000000747900000| Untracked 
| 122|0x0000000747a00000, 0x0000000747a00000, 0x0000000747b00000|  0%| F|  |TAMS 0x0000000747a00000, 0x0000000747a00000| Untracked 
| 123|0x0000000747b00000, 0x0000000747b00000, 0x0000000747c00000|  0%| F|  |TAMS 0x0000000747b00000, 0x0000000747b00000| Untracked 
| 124|0x0000000747c00000, 0x0000000747c00000, 0x0000000747d00000|  0%| F|  |TAMS 0x0000000747c00000, 0x0000000747c00000| Untracked 
| 125|0x0000000747d00000, 0x0000000747d00000, 0x0000000747e00000|  0%| F|  |TAMS 0x0000000747d00000, 0x0000000747d00000| Untracked 
| 126|0x0000000747e00000, 0x0000000747e00000, 0x0000000747f00000|  0%| F|  |TAMS 0x0000000747e00000, 0x0000000747e00000| Untracked 
| 127|0x0000000747f00000, 0x0000000747f00000, 0x0000000748000000|  0%| F|  |TAMS 0x0000000747f00000, 0x0000000747f00000| Untracked 
| 128|0x0000000748000000, 0x0000000748000000, 0x0000000748100000|  0%| F|  |TAMS 0x0000000748000000, 0x0000000748000000| Untracked 
| 129|0x0000000748100000, 0x0000000748100000, 0x0000000748200000|  0%| F|  |TAMS 0x0000000748100000, 0x0000000748100000| Untracked 
| 130|0x0000000748200000, 0x0000000748200000, 0x0000000748300000|  0%| F|  |TAMS 0x0000000748200000, 0x0000000748200000| Untracked 
| 131|0x0000000748300000, 0x0000000748300000, 0x0000000748400000|  0%| F|  |TAMS 0x0000000748300000, 0x0000000748300000| Untracked 
| 132|0x0000000748400000, 0x0000000748400000, 0x0000000748500000|  0%| F|  |TAMS 0x0000000748400000, 0x0000000748400000| Untracked 
| 133|0x0000000748500000, 0x0000000748500000, 0x0000000748600000|  0%| F|  |TAMS 0x0000000748500000, 0x0000000748500000| Untracked 
| 134|0x0000000748600000, 0x0000000748600000, 0x0000000748700000|  0%| F|  |TAMS 0x0000000748600000, 0x0000000748600000| Untracked 
| 135|0x0000000748700000, 0x0000000748700000, 0x0000000748800000|  0%| F|  |TAMS 0x0000000748700000, 0x0000000748700000| Untracked 
| 136|0x0000000748800000, 0x0000000748800000, 0x0000000748900000|  0%| F|  |TAMS 0x0000000748800000, 0x0000000748800000| Untracked 
| 137|0x0000000748900000, 0x0000000748900000, 0x0000000748a00000|  0%| F|  |TAMS 0x0000000748900000, 0x0000000748900000| Untracked 
| 138|0x0000000748a00000, 0x0000000748a00000, 0x0000000748b00000|  0%| F|  |TAMS 0x0000000748a00000, 0x0000000748a00000| Untracked 
| 139|0x0000000748b00000, 0x0000000748b00000, 0x0000000748c00000|  0%| F|  |TAMS 0x0000000748b00000, 0x0000000748b00000| Untracked 
| 140|0x0000000748c00000, 0x0000000748c00000, 0x0000000748d00000|  0%| F|  |TAMS 0x0000000748c00000, 0x0000000748c00000| Untracked 
| 141|0x0000000748d00000, 0x0000000748d00000, 0x0000000748e00000|  0%| F|  |TAMS 0x0000000748d00000, 0x0000000748d00000| Untracked 
| 142|0x0000000748e00000, 0x0000000748e00000, 0x0000000748f00000|  0%| F|  |TAMS 0x0000000748e00000, 0x0000000748e00000| Untracked 
| 143|0x0000000748f00000, 0x0000000748f00000, 0x0000000749000000|  0%| F|  |TAMS 0x0000000748f00000, 0x0000000748f00000| Untracked 
| 144|0x0000000749000000, 0x0000000749000000, 0x0000000749100000|  0%| F|  |TAMS 0x0000000749000000, 0x0000000749000000| Untracked 
| 145|0x0000000749100000, 0x0000000749100000, 0x0000000749200000|  0%| F|  |TAMS 0x0000000749100000, 0x0000000749100000| Untracked 
| 146|0x0000000749200000, 0x0000000749200000, 0x0000000749300000|  0%| F|  |TAMS 0x0000000749200000, 0x0000000749200000| Untracked 
| 147|0x0000000749300000, 0x0000000749300000, 0x0000000749400000|  0%| F|  |TAMS 0x0000000749300000, 0x0000000749300000| Untracked 
| 148|0x0000000749400000, 0x0000000749400000, 0x0000000749500000|  0%| F|  |TAMS 0x0000000749400000, 0x0000000749400000| Untracked 
| 149|0x0000000749500000, 0x0000000749500000, 0x0000000749600000|  0%| F|  |TAMS 0x0000000749500000, 0x0000000749500000| Untracked 
| 150|0x0000000749600000, 0x0000000749600000, 0x0000000749700000|  0%| F|  |TAMS 0x0000000749600000, 0x0000000749600000| Untracked 
| 151|0x0000000749700000, 0x0000000749700000, 0x0000000749800000|  0%| F|  |TAMS 0x0000000749700000, 0x0000000749700000| Untracked 
| 152|0x0000000749800000, 0x0000000749800000, 0x0000000749900000|  0%| F|  |TAMS 0x0000000749800000, 0x0000000749800000| Untracked 
| 153|0x0000000749900000, 0x0000000749900000, 0x0000000749a00000|  0%| F|  |TAMS 0x0000000749900000, 0x0000000749900000| Untracked 
| 154|0x0000000749a00000, 0x0000000749a00000, 0x0000000749b00000|  0%| F|  |TAMS 0x0000000749a00000, 0x0000000749a00000| Untracked 
| 155|0x0000000749b00000, 0x0000000749b00000, 0x0000000749c00000|  0%| F|  |TAMS 0x0000000749b00000, 0x0000000749b00000| Untracked 
| 156|0x0000000749c00000, 0x0000000749c00000, 0x0000000749d00000|  0%| F|  |TAMS 0x0000000749c00000, 0x0000000749c00000| Untracked 
| 157|0x0000000749d00000, 0x0000000749d00000, 0x0000000749e00000|  0%| F|  |TAMS 0x0000000749d00000, 0x0000000749d00000| Untracked 
| 158|0x0000000749e00000, 0x0000000749e00000, 0x0000000749f00000|  0%| F|  |TAMS 0x0000000749e00000, 0x0000000749e00000| Untracked 
| 159|0x0000000749f00000, 0x0000000749f00000, 0x000000074a000000|  0%| F|  |TAMS 0x0000000749f00000, 0x0000000749f00000| Untracked 
| 160|0x000000074a000000, 0x000000074a000000, 0x000000074a100000|  0%| F|  |TAMS 0x000000074a000000, 0x000000074a000000| Untracked 
| 161|0x000000074a100000, 0x000000074a100000, 0x000000074a200000|  0%| F|  |TAMS 0x000000074a100000, 0x000000074a100000| Untracked 
| 162|0x000000074a200000, 0x000000074a200000, 0x000000074a300000|  0%| F|  |TAMS 0x000000074a200000, 0x000000074a200000| Untracked 
| 163|0x000000074a300000, 0x000000074a300000, 0x000000074a400000|  0%| F|  |TAMS 0x000000074a300000, 0x000000074a300000| Untracked 
| 164|0x000000074a400000, 0x000000074a400000, 0x000000074a500000|  0%| F|  |TAMS 0x000000074a400000, 0x000000074a400000| Untracked 
| 165|0x000000074a500000, 0x000000074a500000, 0x000000074a600000|  0%| F|  |TAMS 0x000000074a500000, 0x000000074a500000| Untracked 
| 166|0x000000074a600000, 0x000000074a600000, 0x000000074a700000|  0%| F|  |TAMS 0x000000074a600000, 0x000000074a600000| Untracked 
| 167|0x000000074a700000, 0x000000074a700000, 0x000000074a800000|  0%| F|  |TAMS 0x000000074a700000, 0x000000074a700000| Untracked 
| 168|0x000000074a800000, 0x000000074a800000, 0x000000074a900000|  0%| F|  |TAMS 0x000000074a800000, 0x000000074a800000| Untracked 
| 169|0x000000074a900000, 0x000000074a900000, 0x000000074aa00000|  0%| F|  |TAMS 0x000000074a900000, 0x000000074a900000| Untracked 
| 170|0x000000074aa00000, 0x000000074aa00000, 0x000000074ab00000|  0%| F|  |TAMS 0x000000074aa00000, 0x000000074aa00000| Untracked 
| 171|0x000000074ab00000, 0x000000074ab00000, 0x000000074ac00000|  0%| F|  |TAMS 0x000000074ab00000, 0x000000074ab00000| Untracked 
| 172|0x000000074ac00000, 0x000000074ac00000, 0x000000074ad00000|  0%| F|  |TAMS 0x000000074ac00000, 0x000000074ac00000| Untracked 
| 173|0x000000074ad00000, 0x000000074ad00000, 0x000000074ae00000|  0%| F|  |TAMS 0x000000074ad00000, 0x000000074ad00000| Untracked 
| 174|0x000000074ae00000, 0x000000074ae00000, 0x000000074af00000|  0%| F|  |TAMS 0x000000074ae00000, 0x000000074ae00000| Untracked 
| 175|0x000000074af00000, 0x000000074af00000, 0x000000074b000000|  0%| F|  |TAMS 0x000000074af00000, 0x000000074af00000| Untracked 
| 176|0x000000074b000000, 0x000000074b000000, 0x000000074b100000|  0%| F|  |TAMS 0x000000074b000000, 0x000000074b000000| Untracked 
| 177|0x000000074b100000, 0x000000074b100000, 0x000000074b200000|  0%| F|  |TAMS 0x000000074b100000, 0x000000074b100000| Untracked 
| 178|0x000000074b200000, 0x000000074b200000, 0x000000074b300000|  0%| F|  |TAMS 0x000000074b200000, 0x000000074b200000| Untracked 
| 179|0x000000074b300000, 0x000000074b300000, 0x000000074b400000|  0%| F|  |TAMS 0x000000074b300000, 0x000000074b300000| Untracked 
| 180|0x000000074b400000, 0x000000074b400000, 0x000000074b500000|  0%| F|  |TAMS 0x000000074b400000, 0x000000074b400000| Untracked 
| 181|0x000000074b500000, 0x000000074b500000, 0x000000074b600000|  0%| F|  |TAMS 0x000000074b500000, 0x000000074b500000| Untracked 
| 182|0x000000074b600000, 0x000000074b600000, 0x000000074b700000|  0%| F|  |TAMS 0x000000074b600000, 0x000000074b600000| Untracked 
| 183|0x000000074b700000, 0x000000074b700000, 0x000000074b800000|  0%| F|  |TAMS 0x000000074b700000, 0x000000074b700000| Untracked 
| 184|0x000000074b800000, 0x000000074b800000, 0x000000074b900000|  0%| F|  |TAMS 0x000000074b800000, 0x000000074b800000| Untracked 
| 185|0x000000074b900000, 0x000000074b900000, 0x000000074ba00000|  0%| F|  |TAMS 0x000000074b900000, 0x000000074b900000| Untracked 
| 186|0x000000074ba00000, 0x000000074ba00000, 0x000000074bb00000|  0%| F|  |TAMS 0x000000074ba00000, 0x000000074ba00000| Untracked 
| 187|0x000000074bb00000, 0x000000074bb00000, 0x000000074bc00000|  0%| F|  |TAMS 0x000000074bb00000, 0x000000074bb00000| Untracked 
| 188|0x000000074bc00000, 0x000000074bc00000, 0x000000074bd00000|  0%| F|  |TAMS 0x000000074bc00000, 0x000000074bc00000| Untracked 
| 189|0x000000074bd00000, 0x000000074bd00000, 0x000000074be00000|  0%| F|  |TAMS 0x000000074bd00000, 0x000000074bd00000| Untracked 
| 190|0x000000074be00000, 0x000000074be00000, 0x000000074bf00000|  0%| F|  |TAMS 0x000000074be00000, 0x000000074be00000| Untracked 
| 191|0x000000074bf00000, 0x000000074bf00000, 0x000000074c000000|  0%| F|  |TAMS 0x000000074bf00000, 0x000000074bf00000| Untracked 
| 192|0x000000074c000000, 0x000000074c000000, 0x000000074c100000|  0%| F|  |TAMS 0x000000074c000000, 0x000000074c000000| Untracked 
| 193|0x000000074c100000, 0x000000074c100000, 0x000000074c200000|  0%| F|  |TAMS 0x000000074c100000, 0x000000074c100000| Untracked 
| 194|0x000000074c200000, 0x000000074c200000, 0x000000074c300000|  0%| F|  |TAMS 0x000000074c200000, 0x000000074c200000| Untracked 
| 195|0x000000074c300000, 0x000000074c300000, 0x000000074c400000|  0%| F|  |TAMS 0x000000074c300000, 0x000000074c300000| Untracked 
| 196|0x000000074c400000, 0x000000074c4c1e20, 0x000000074c500000| 75%| S|CS|TAMS 0x000000074c400000, 0x000000074c400000| Complete 
| 197|0x000000074c500000, 0x000000074c600000, 0x000000074c600000|100%| S|CS|TAMS 0x000000074c500000, 0x000000074c500000| Complete 
| 198|0x000000074c600000, 0x000000074c700000, 0x000000074c700000|100%| S|CS|TAMS 0x000000074c600000, 0x000000074c600000| Complete 
| 199|0x000000074c700000, 0x000000074c700000, 0x000000074c800000|  0%| F|  |TAMS 0x000000074c700000, 0x000000074c700000| Untracked 
| 200|0x000000074c800000, 0x000000074c800000, 0x000000074c900000|  0%| F|  |TAMS 0x000000074c800000, 0x000000074c800000| Untracked 
| 201|0x000000074c900000, 0x000000074c900000, 0x000000074ca00000|  0%| F|  |TAMS 0x000000074c900000, 0x000000074c900000| Untracked 
| 202|0x000000074ca00000, 0x000000074ca00000, 0x000000074cb00000|  0%| F|  |TAMS 0x000000074ca00000, 0x000000074ca00000| Untracked 
| 203|0x000000074cb00000, 0x000000074cb00000, 0x000000074cc00000|  0%| F|  |TAMS 0x000000074cb00000, 0x000000074cb00000| Untracked 
| 204|0x000000074cc00000, 0x000000074cc00000, 0x000000074cd00000|  0%| F|  |TAMS 0x000000074cc00000, 0x000000074cc00000| Untracked 
| 205|0x000000074cd00000, 0x000000074cd00000, 0x000000074ce00000|  0%| F|  |TAMS 0x000000074cd00000, 0x000000074cd00000| Untracked 
| 206|0x000000074ce00000, 0x000000074ce00000, 0x000000074cf00000|  0%| F|  |TAMS 0x000000074ce00000, 0x000000074ce00000| Untracked 
| 207|0x000000074cf00000, 0x000000074cf00000, 0x000000074d000000|  0%| F|  |TAMS 0x000000074cf00000, 0x000000074cf00000| Untracked 
| 208|0x000000074d000000, 0x000000074d000000, 0x000000074d100000|  0%| F|  |TAMS 0x000000074d000000, 0x000000074d000000| Untracked 
| 209|0x000000074d100000, 0x000000074d100000, 0x000000074d200000|  0%| F|  |TAMS 0x000000074d100000, 0x000000074d100000| Untracked 
| 210|0x000000074d200000, 0x000000074d200000, 0x000000074d300000|  0%| F|  |TAMS 0x000000074d200000, 0x000000074d200000| Untracked 
| 211|0x000000074d300000, 0x000000074d300000, 0x000000074d400000|  0%| F|  |TAMS 0x000000074d300000, 0x000000074d300000| Untracked 
| 212|0x000000074d400000, 0x000000074d400000, 0x000000074d500000|  0%| F|  |TAMS 0x000000074d400000, 0x000000074d400000| Untracked 
| 213|0x000000074d500000, 0x000000074d500000, 0x000000074d600000|  0%| F|  |TAMS 0x000000074d500000, 0x000000074d500000| Untracked 
| 214|0x000000074d600000, 0x000000074d6afeb8, 0x000000074d700000| 68%| E|  |TAMS 0x000000074d600000, 0x000000074d600000| Complete 
| 215|0x000000074d700000, 0x000000074d800000, 0x000000074d800000|100%| E|CS|TAMS 0x000000074d700000, 0x000000074d700000| Complete 
| 216|0x000000074d800000, 0x000000074d900000, 0x000000074d900000|100%| E|CS|TAMS 0x000000074d800000, 0x000000074d800000| Complete 
| 217|0x000000074d900000, 0x000000074da00000, 0x000000074da00000|100%| E|CS|TAMS 0x000000074d900000, 0x000000074d900000| Complete 
| 218|0x000000074da00000, 0x000000074db00000, 0x000000074db00000|100%| E|CS|TAMS 0x000000074da00000, 0x000000074da00000| Complete 
| 219|0x000000074db00000, 0x000000074dc00000, 0x000000074dc00000|100%| E|CS|TAMS 0x000000074db00000, 0x000000074db00000| Complete 
| 220|0x000000074dc00000, 0x000000074dd00000, 0x000000074dd00000|100%| E|CS|TAMS 0x000000074dc00000, 0x000000074dc00000| Complete 
| 221|0x000000074dd00000, 0x000000074de00000, 0x000000074de00000|100%| E|CS|TAMS 0x000000074dd00000, 0x000000074dd00000| Complete 
| 222|0x000000074de00000, 0x000000074df00000, 0x000000074df00000|100%| E|CS|TAMS 0x000000074de00000, 0x000000074de00000| Complete 
| 223|0x000000074df00000, 0x000000074e000000, 0x000000074e000000|100%| E|CS|TAMS 0x000000074df00000, 0x000000074df00000| Complete 
| 224|0x000000074e000000, 0x000000074e100000, 0x000000074e100000|100%| E|CS|TAMS 0x000000074e000000, 0x000000074e000000| Complete 
| 225|0x000000074e100000, 0x000000074e200000, 0x000000074e200000|100%| E|CS|TAMS 0x000000074e100000, 0x000000074e100000| Complete 
| 226|0x000000074e200000, 0x000000074e300000, 0x000000074e300000|100%| E|CS|TAMS 0x000000074e200000, 0x000000074e200000| Complete 
| 227|0x000000074e300000, 0x000000074e400000, 0x000000074e400000|100%| E|CS|TAMS 0x000000074e300000, 0x000000074e300000| Complete 
| 228|0x000000074e400000, 0x000000074e500000, 0x000000074e500000|100%| E|CS|TAMS 0x000000074e400000, 0x000000074e400000| Complete 
| 229|0x000000074e500000, 0x000000074e600000, 0x000000074e600000|100%| E|CS|TAMS 0x000000074e500000, 0x000000074e500000| Complete 
| 230|0x000000074e600000, 0x000000074e700000, 0x000000074e700000|100%| E|CS|TAMS 0x000000074e600000, 0x000000074e600000| Complete 
| 231|0x000000074e700000, 0x000000074e800000, 0x000000074e800000|100%| E|CS|TAMS 0x000000074e700000, 0x000000074e700000| Complete 
| 232|0x000000074e800000, 0x000000074e900000, 0x000000074e900000|100%| E|CS|TAMS 0x000000074e800000, 0x000000074e800000| Complete 
| 233|0x000000074e900000, 0x000000074ea00000, 0x000000074ea00000|100%| E|CS|TAMS 0x000000074e900000, 0x000000074e900000| Complete 
| 234|0x000000074ea00000, 0x000000074eb00000, 0x000000074eb00000|100%| E|CS|TAMS 0x000000074ea00000, 0x000000074ea00000| Complete 
| 235|0x000000074eb00000, 0x000000074ec00000, 0x000000074ec00000|100%| E|CS|TAMS 0x000000074eb00000, 0x000000074eb00000| Complete 
| 236|0x000000074ec00000, 0x000000074ed00000, 0x000000074ed00000|100%| E|CS|TAMS 0x000000074ec00000, 0x000000074ec00000| Complete 
| 237|0x000000074ed00000, 0x000000074ee00000, 0x000000074ee00000|100%| E|CS|TAMS 0x000000074ed00000, 0x000000074ed00000| Complete 
| 238|0x000000074ee00000, 0x000000074ef00000, 0x000000074ef00000|100%| E|CS|TAMS 0x000000074ee00000, 0x000000074ee00000| Complete 
| 239|0x000000074ef00000, 0x000000074f000000, 0x000000074f000000|100%| E|CS|TAMS 0x000000074ef00000, 0x000000074ef00000| Complete 
| 240|0x000000074f000000, 0x000000074f100000, 0x000000074f100000|100%| E|CS|TAMS 0x000000074f000000, 0x000000074f000000| Complete 
| 241|0x000000074f100000, 0x000000074f200000, 0x000000074f200000|100%| E|CS|TAMS 0x000000074f100000, 0x000000074f100000| Complete 
| 242|0x000000074f200000, 0x000000074f300000, 0x000000074f300000|100%| E|CS|TAMS 0x000000074f200000, 0x000000074f200000| Complete 
| 243|0x000000074f300000, 0x000000074f400000, 0x000000074f400000|100%| E|CS|TAMS 0x000000074f300000, 0x000000074f300000| Complete 
| 244|0x000000074f400000, 0x000000074f500000, 0x000000074f500000|100%| E|CS|TAMS 0x000000074f400000, 0x000000074f400000| Complete 
| 245|0x000000074f500000, 0x000000074f600000, 0x000000074f600000|100%| E|CS|TAMS 0x000000074f500000, 0x000000074f500000| Complete 
| 246|0x000000074f600000, 0x000000074f700000, 0x000000074f700000|100%| E|CS|TAMS 0x000000074f600000, 0x000000074f600000| Complete 
| 247|0x000000074f700000, 0x000000074f800000, 0x000000074f800000|100%| E|CS|TAMS 0x000000074f700000, 0x000000074f700000| Complete 
| 248|0x000000074f800000, 0x000000074f900000, 0x000000074f900000|100%| E|CS|TAMS 0x000000074f800000, 0x000000074f800000| Complete 
| 249|0x000000074f900000, 0x000000074fa00000, 0x000000074fa00000|100%| E|CS|TAMS 0x000000074f900000, 0x000000074f900000| Complete 
| 250|0x000000074fa00000, 0x000000074fb00000, 0x000000074fb00000|100%| E|CS|TAMS 0x000000074fa00000, 0x000000074fa00000| Complete 
| 251|0x000000074fb00000, 0x000000074fc00000, 0x000000074fc00000|100%| E|CS|TAMS 0x000000074fb00000, 0x000000074fb00000| Complete 
| 252|0x000000074fc00000, 0x000000074fd00000, 0x000000074fd00000|100%| E|CS|TAMS 0x000000074fc00000, 0x000000074fc00000| Complete 
| 253|0x000000074fd00000, 0x000000074fe00000, 0x000000074fe00000|100%| E|CS|TAMS 0x000000074fd00000, 0x000000074fd00000| Complete 
| 254|0x000000074fe00000, 0x000000074ff00000, 0x000000074ff00000|100%| E|CS|TAMS 0x000000074fe00000, 0x000000074fe00000| Complete 
| 255|0x000000074ff00000, 0x0000000750000000, 0x0000000750000000|100%| E|CS|TAMS 0x000000074ff00000, 0x000000074ff00000| Complete 

Card table byte_map: [0x000001ead68d0000,0x000001ead6ed0000] _byte_map_base: 0x000001ead2ed0000

Marking Bits (Prev, Next): (CMBitMap*) 0x000001eaebbd7220, (CMBitMap*) 0x000001eaebbd71e8
 Prev Bits: [0x000001eaedd20000, 0x000001eaf0d20000)
 Next Bits: [0x000001ead74d0000, 0x000001eada4d0000)

Polling page: 0x000001eab5da0000

Metaspace:

Usage:
  Non-class:     97.61 MB capacity,    95.93 MB ( 98%) used,     1.28 MB (  1%) free+waste,   410.38 KB ( <1%) overhead. 
      Class:     16.07 MB capacity,    14.71 MB ( 92%) used,     1.16 MB (  7%) free+waste,   197.56 KB (  1%) overhead. 
       Both:    113.68 MB capacity,   110.64 MB ( 97%) used,     2.44 MB (  2%) free+waste,   607.94 KB ( <1%) overhead. 

Virtual space:
  Non-class space:       98.00 MB reserved,      97.64 MB (>99%) committed 
      Class space:        1.00 GB reserved,      16.13 MB (  2%) committed 
             Both:        1.10 GB reserved,     113.76 MB ( 10%) committed 

Chunk freelists:
   Non-Class:  28.00 KB
       Class:  26.00 KB
        Both:  54.00 KB

MaxMetaspaceSize: 17179869184.00 GB
CompressedClassSpaceSize: 1.00 GB

CodeHeap 'non-profiled nmethods': size=120000Kb used=18481Kb max_used=18481Kb free=101518Kb
 bounds [0x000001eace730000, 0x000001eacf940000, 0x000001ead5c60000]
CodeHeap 'profiled nmethods': size=120000Kb used=40140Kb max_used=41150Kb free=79859Kb
 bounds [0x000001eac7200000, 0x000001eac9a60000, 0x000001eace730000]
CodeHeap 'non-nmethods': size=5760Kb used=1917Kb max_used=1974Kb free=3842Kb
 bounds [0x000001eac6c60000, 0x000001eac6ed0000, 0x000001eac7200000]
 total_blobs=18606 nmethods=16993 adapters=1517
 compilation: enabled
              stopped_count=0, restarted_count=0
 full_count=0

Compilation events (20 events):
Event: 2148.858 Thread 0x000001eaddd76800 20478       4       java.util.IdentityHashMap::put (137 bytes)
Event: 2148.869 Thread 0x000001eaddd76800 nmethod 20478 0x000001eacf939110 code [0x000001eacf9392e0, 0x000001eacf9399e8]
Event: 2148.869 Thread 0x000001eaddd76800 20479       4       sun.java2d.pipe.ValidatePipe::fillRect (25 bytes)
Event: 2148.894 Thread 0x000001eaddd76800 nmethod 20479 0x000001eacf939d10 code [0x000001eacf939f20, 0x000001eacf93afa0]
Event: 2149.265 Thread 0x000001eaddd73800 20480       3       sun.swing.SwingUtilities2::syncCharsBuffer (41 bytes)
Event: 2149.266 Thread 0x000001eaddd73800 nmethod 20480 0x000001eac8658490 code [0x000001eac86586c0, 0x000001eac8658e28]
Event: 2149.501 Thread 0x000001eaddd73800 20481  s    3       sun.java2d.loops.MaskBlit$General::MaskBlit (245 bytes)
Event: 2149.503 Thread 0x000001eaddd73800 nmethod 20481 0x000001eac8774d90 code [0x000001eac8775060, 0x000001eac8776598]
Event: 2149.503 Thread 0x000001eaddd73800 20482       3       sun.java2d.loops.GraphicsPrimitive::convertFrom (15 bytes)
Event: 2149.503 Thread 0x000001eaddd73800 nmethod 20482 0x000001eac821ed10 code [0x000001eac821eec0, 0x000001eac821efc8]
Event: 2149.951 Thread 0x000001eaddd73800 20483       3       de.javasoft.plaf.synthetica.SyntheticaLookAndFeel::findOpaqueParentOfClass (66 bytes)
Event: 2149.953 Thread 0x000001eaddd73800 nmethod 20483 0x000001eac86b6490 code [0x000001eac86b66c0, 0x000001eac86b6fa8]
Event: 2150.517 Thread 0x000001eaddd73800 20484       3       de.javasoft.plaf.synthetica.painter.UIKey::findProperty (9 bytes)
Event: 2150.518 Thread 0x000001eaddd73800 nmethod 20484 0x000001eac8225a10 code [0x000001eac8225bc0, 0x000001eac8225cc8]
Event: 2150.942 Thread 0x000001eaddd76800 20485       4       de.javasoft.plaf.synthetica.painter.UIKey::get (33 bytes)
Event: 2150.980 Thread 0x000001eaddd76800 nmethod 20485 0x000001eacf93b310 code [0x000001eacf93b560, 0x000001eacf93cad0]
Event: 2152.018 Thread 0x000001eaddd73800 20486       3       sun.java2d.pipe.Region::getDifference (55 bytes)
Event: 2152.019 Thread 0x000001eaddd73800 nmethod 20486 0x000001eac833de90 code [0x000001eac833e080, 0x000001eac833e448]
Event: 2152.783 Thread 0x000001eaddd73800 20487       3       de.javasoft.plaf.synthetica.SyntheticaLookAndFeel::getInt (28 bytes)
Event: 2152.784 Thread 0x000001eaddd73800 nmethod 20487 0x000001eac8267710 code [0x000001eac82678e0, 0x000001eac8267bc8]

GC Heap History (20 events):
Event: 1367.065 GC heap before
{Heap before GC invocations=54 (full 1):
 garbage-first heap   total 262144K, used 170884K [0x0000000740000000, 0x0000000800000000)
  region size 1024K, 60 young (61440K), 4 survivors (4096K)
 Metaspace       used 110126K, capacity 113090K, committed 113420K, reserved 1146880K
  class space    used 14568K, capacity 15881K, committed 16000K, reserved 1048576K
}
Event: 1367.072 GC heap after
{Heap after GC invocations=55 (full 1):
 garbage-first heap   total 262144K, used 113633K [0x0000000740000000, 0x0000000800000000)
  region size 1024K, 4 young (4096K), 4 survivors (4096K)
 Metaspace       used 110126K, capacity 113090K, committed 113420K, reserved 1146880K
  class space    used 14568K, capacity 15881K, committed 16000K, reserved 1048576K
}
Event: 1557.416 GC heap before
{Heap before GC invocations=55 (full 1):
 garbage-first heap   total 262144K, used 170977K [0x0000000740000000, 0x0000000800000000)
  region size 1024K, 60 young (61440K), 4 survivors (4096K)
 Metaspace       used 110208K, capacity 113154K, committed 113420K, reserved 1146880K
  class space    used 14568K, capacity 15881K, committed 16000K, reserved 1048576K
}
Event: 1557.422 GC heap after
{Heap after GC invocations=56 (full 1):
 garbage-first heap   total 262144K, used 113500K [0x0000000740000000, 0x0000000800000000)
  region size 1024K, 4 young (4096K), 4 survivors (4096K)
 Metaspace       used 110208K, capacity 113154K, committed 113420K, reserved 1146880K
  class space    used 14568K, capacity 15881K, committed 16000K, reserved 1048576K
}
Event: 1793.005 GC heap before
{Heap before GC invocations=56 (full 1):
 garbage-first heap   total 262144K, used 170844K [0x0000000740000000, 0x0000000800000000)
  region size 1024K, 60 young (61440K), 4 survivors (4096K)
 Metaspace       used 110208K, capacity 113154K, committed 113420K, reserved 1146880K
  class space    used 14568K, capacity 15881K, committed 16000K, reserved 1048576K
}
Event: 1793.011 GC heap after
{Heap after GC invocations=57 (full 1):
 garbage-first heap   total 262144K, used 113727K [0x0000000740000000, 0x0000000800000000)
  region size 1024K, 5 young (5120K), 5 survivors (5120K)
 Metaspace       used 110208K, capacity 113154K, committed 113420K, reserved 1146880K
  class space    used 14568K, capacity 15881K, committed 16000K, reserved 1048576K
}
Event: 1813.436 GC heap before
{Heap before GC invocations=57 (full 1):
 garbage-first heap   total 262144K, used 118847K [0x0000000740000000, 0x0000000800000000)
  region size 1024K, 11 young (11264K), 5 survivors (5120K)
 Metaspace       used 110208K, capacity 113154K, committed 113420K, reserved 1146880K
  class space    used 14568K, capacity 15881K, committed 16000K, reserved 1048576K
}
Event: 1813.616 GC heap after
{Heap after GC invocations=58 (full 2):
 garbage-first heap   total 262144K, used 99350K [0x0000000740000000, 0x0000000800000000)
  region size 1024K, 0 young (0K), 0 survivors (0K)
 Metaspace       used 110208K, capacity 113154K, committed 113420K, reserved 1146880K
  class space    used 14568K, capacity 15881K, committed 16000K, reserved 1048576K
}
Event: 2067.602 GC heap before
{Heap before GC invocations=58 (full 2):
 garbage-first heap   total 262144K, used 160790K [0x0000000740000000, 0x0000000800000000)
  region size 1024K, 60 young (61440K), 0 survivors (0K)
 Metaspace       used 110209K, capacity 113154K, committed 113420K, reserved 1146880K
  class space    used 14568K, capacity 15881K, committed 16000K, reserved 1048576K
}
Event: 2067.608 GC heap after
{Heap after GC invocations=59 (full 2):
 garbage-first heap   total 262144K, used 101545K [0x0000000740000000, 0x0000000800000000)
  region size 1024K, 3 young (3072K), 3 survivors (3072K)
 Metaspace       used 110209K, capacity 113154K, committed 113420K, reserved 1146880K
  class space    used 14568K, capacity 15881K, committed 16000K, reserved 1048576K
}
Event: 2110.932 GC heap before
{Heap before GC invocations=59 (full 2):
 garbage-first heap   total 262144K, used 159913K [0x0000000740000000, 0x0000000800000000)
  region size 1024K, 60 young (61440K), 3 survivors (3072K)
 Metaspace       used 110654K, capacity 113605K, committed 113932K, reserved 1146880K
  class space    used 14581K, capacity 15882K, committed 16000K, reserved 1048576K
}
Event: 2110.935 GC heap after
{Heap after GC invocations=60 (full 2):
 garbage-first heap   total 262144K, used 100356K [0x0000000740000000, 0x0000000800000000)
  region size 1024K, 1 young (1024K), 1 survivors (1024K)
 Metaspace       used 110654K, capacity 113605K, committed 113932K, reserved 1146880K
  class space    used 14581K, capacity 15882K, committed 16000K, reserved 1048576K
}
Event: 2133.430 GC heap before
{Heap before GC invocations=60 (full 2):
 garbage-first heap   total 262144K, used 159748K [0x0000000740000000, 0x0000000800000000)
  region size 1024K, 60 young (61440K), 1 survivors (1024K)
 Metaspace       used 113005K, capacity 116051K, committed 116236K, reserved 1148928K
  class space    used 15034K, capacity 16421K, committed 16512K, reserved 1048576K
}
Event: 2133.433 GC heap after
{Heap after GC invocations=61 (full 2):
 garbage-first heap   total 262144K, used 101728K [0x0000000740000000, 0x0000000800000000)
  region size 1024K, 3 young (3072K), 3 survivors (3072K)
 Metaspace       used 113005K, capacity 116051K, committed 116236K, reserved 1148928K
  class space    used 15034K, capacity 16421K, committed 16512K, reserved 1048576K
}
Event: 2144.517 GC heap before
{Heap before GC invocations=61 (full 2):
 garbage-first heap   total 262144K, used 160096K [0x0000000740000000, 0x0000000800000000)
  region size 1024K, 60 young (61440K), 3 survivors (3072K)
 Metaspace       used 113076K, capacity 116179K, committed 116492K, reserved 1148928K
  class space    used 15043K, capacity 16421K, committed 16512K, reserved 1048576K
}
Event: 2144.520 GC heap after
{Heap after GC invocations=62 (full 2):
 garbage-first heap   total 262144K, used 102174K [0x0000000740000000, 0x0000000800000000)
  region size 1024K, 3 young (3072K), 3 survivors (3072K)
 Metaspace       used 113076K, capacity 116179K, committed 116492K, reserved 1148928K
  class space    used 15043K, capacity 16421K, committed 16512K, reserved 1048576K
}
Event: 2145.157 GC heap before
{Heap before GC invocations=62 (full 2):
 garbage-first heap   total 262144K, used 160542K [0x0000000740000000, 0x0000000800000000)
  region size 1024K, 60 young (61440K), 3 survivors (3072K)
 Metaspace       used 113085K, capacity 116179K, committed 116492K, reserved 1148928K
  class space    used 15043K, capacity 16421K, committed 16512K, reserved 1048576K
}
Event: 2145.159 GC heap after
{Heap after GC invocations=63 (full 2):
 garbage-first heap   total 262144K, used 102050K [0x0000000740000000, 0x0000000800000000)
  region size 1024K, 3 young (3072K), 3 survivors (3072K)
 Metaspace       used 113085K, capacity 116179K, committed 116492K, reserved 1148928K
  class space    used 15043K, capacity 16421K, committed 16512K, reserved 1048576K
}
Event: 2146.139 GC heap before
{Heap before GC invocations=63 (full 2):
 garbage-first heap   total 262144K, used 160418K [0x0000000740000000, 0x0000000800000000)
  region size 1024K, 60 young (61440K), 3 survivors (3072K)
 Metaspace       used 113089K, capacity 116179K, committed 116492K, reserved 1148928K
  class space    used 15043K, capacity 16421K, committed 16512K, reserved 1048576K
}
Event: 2146.142 GC heap after
{Heap after GC invocations=64 (full 2):
 garbage-first heap   total 262144K, used 102173K [0x0000000740000000, 0x0000000800000000)
  region size 1024K, 3 young (3072K), 3 survivors (3072K)
 Metaspace       used 113089K, capacity 116179K, committed 116492K, reserved 1148928K
  class space    used 15043K, capacity 16421K, committed 16512K, reserved 1048576K
}

Deoptimization events (20 events):
Event: 2148.211 Thread 0x000001eabc9e4000 Uncommon trap: trap_request=0xffffffc6 fr.pc=0x000001eacf91ceb8 relative=0x0000000000005a18
Event: 2148.211 Thread 0x000001eabc9e4000 Uncommon trap: reason=bimorphic_or_optimized_type_check action=maybe_recompile pc=0x000001eacf91ceb8 method=javax.swing.text.GlyphView.paint(Ljava/awt/Graphics;Ljava/awt/Shape;)V @ 65 c2
Event: 2148.211 Thread 0x000001eabc9e4000 DEOPT PACKING pc=0x000001eacf91ceb8 sp=0x0000006ec8df3580
Event: 2148.211 Thread 0x000001eabc9e4000 DEOPT UNPACKING pc=0x000001eac6c868af sp=0x0000006ec8df3568 mode 2
Event: 2148.216 Thread 0x000001eabc9e4000 Uncommon trap: trap_request=0xffffff4d fr.pc=0x000001eacf1dd0a4 relative=0x0000000000000524
Event: 2148.216 Thread 0x000001eabc9e4000 Uncommon trap: reason=unstable_if action=reinterpret pc=0x000001eacf1dd0a4 method=javax.swing.text.BoxView.paint(Ljava/awt/Graphics;Ljava/awt/Shape;)V @ 207 c2
Event: 2148.216 Thread 0x000001eabc9e4000 DEOPT PACKING pc=0x000001eacf1dd0a4 sp=0x0000006ec8df1f60
Event: 2148.216 Thread 0x000001eabc9e4000 DEOPT UNPACKING pc=0x000001eac6c868af sp=0x0000006ec8df1ec8 mode 2
Event: 2148.221 Thread 0x000001eabc9e4000 Uncommon trap: trap_request=0xffffffc6 fr.pc=0x000001eacf6f0d5c relative=0x0000000000003e7c
Event: 2148.221 Thread 0x000001eabc9e4000 Uncommon trap: reason=bimorphic_or_optimized_type_check action=maybe_recompile pc=0x000001eacf6f0d5c method=java.awt.DefaultKeyboardFocusManager.dispatchEvent(Ljava/awt/AWTEvent;)Z @ 1462 c2
Event: 2148.221 Thread 0x000001eabc9e4000 DEOPT PACKING pc=0x000001eacf6f0d5c sp=0x0000006ec8df1b40
Event: 2148.221 Thread 0x000001eabc9e4000 DEOPT UNPACKING pc=0x000001eac6c868af sp=0x0000006ec8df1b10 mode 2
Event: 2148.224 Thread 0x000001eabc9e4000 Uncommon trap: trap_request=0xffffff4d fr.pc=0x000001eacf21a484 relative=0x00000000000026e4
Event: 2148.224 Thread 0x000001eabc9e4000 Uncommon trap: reason=unstable_if action=reinterpret pc=0x000001eacf21a484 method=de.javasoft.plaf.synthetica.SyntheticaDefaultLookup.getDefault(Ljavax/swing/JComponent;Ljavax/swing/plaf/ComponentUI;Ljava/lang/String;)Ljava/lang/Object; @ 425 c2
Event: 2148.224 Thread 0x000001eabc9e4000 DEOPT PACKING pc=0x000001eacf21a484 sp=0x0000006ec8df4af0
Event: 2148.224 Thread 0x000001eabc9e4000 DEOPT UNPACKING pc=0x000001eac6c868af sp=0x0000006ec8df4a90 mode 2
Event: 2152.849 Thread 0x000001eabc9e4000 Uncommon trap: trap_request=0xffffffde fr.pc=0x000001eacee4bb08 relative=0x0000000000000668
Event: 2152.849 Thread 0x000001eabc9e4000 Uncommon trap: reason=class_check action=maybe_recompile pc=0x000001eacee4bb08 method=java.awt.KeyboardFocusManager.clearMostRecentFocusOwner(Ljava/awt/Component;)V @ 67 c2
Event: 2152.849 Thread 0x000001eabc9e4000 DEOPT PACKING pc=0x000001eacee4bb08 sp=0x0000006ec8df4230
Event: 2152.849 Thread 0x000001eabc9e4000 DEOPT UNPACKING pc=0x000001eac6c868af sp=0x0000006ec8df41e8 mode 2

Classes redefined (0 events):
No events

Internal exceptions (20 events):
Event: 2113.779 Thread 0x000001eabc9e4000 Exception <a 'de/concept/nlview/NlviewException'{0x000000074e809e68}> (0x000000074e809e68) thrown at [./src/hotspot/share/prims/jni.cpp, line 615]
Event: 2114.264 Thread 0x000001eabc9e4000 Exception <a 'java/lang/ClassNotFoundException'{0x000000074e72e818}: ui/utils/i/f/pBeanInfo> (0x000000074e72e818) thrown at [./src/hotspot/share/classfile/systemDictionary.cpp, line 231]
Event: 2114.265 Thread 0x000001eabc9e4000 Exception <a 'java/lang/ClassNotFoundException'{0x000000074e73b3e0}: ui/utils/swing/n/c/fBeanInfo> (0x000000074e73b3e0) thrown at [./src/hotspot/share/classfile/systemDictionary.cpp, line 231]
Event: 2114.265 Thread 0x000001eabc9e4000 Exception <a 'java/lang/ClassNotFoundException'{0x000000074e749778}: org/jdesktop/swingx/JXTitledPanelBeanInfo> (0x000000074e749778) thrown at [./src/hotspot/share/classfile/systemDictionary.cpp, line 231]
Event: 2114.265 Thread 0x000001eabc9e4000 Exception <a 'java/lang/ClassNotFoundException'{0x000000074e7577e8}: org/jdesktop/swingx/JXPanelBeanInfo> (0x000000074e7577e8) thrown at [./src/hotspot/share/classfile/systemDictionary.cpp, line 231]
Event: 2114.265 Thread 0x000001eabc9e4000 Exception <a 'java/lang/ClassNotFoundException'{0x000000074e758aa0}: javax/swing/JPanelBeanInfo> (0x000000074e758aa0) thrown at [./src/hotspot/share/classfile/systemDictionary.cpp, line 231]
Event: 2114.265 Thread 0x000001eabc9e4000 Exception <a 'java/lang/ClassNotFoundException'{0x000000074e759d58}: javax/swing/JComponentBeanInfo> (0x000000074e759d58) thrown at [./src/hotspot/share/classfile/systemDictionary.cpp, line 231]
Event: 2114.265 Thread 0x000001eabc9e4000 Exception <a 'java/lang/ClassNotFoundException'{0x000000074e75b010}: java/awt/ContainerBeanInfo> (0x000000074e75b010) thrown at [./src/hotspot/share/classfile/systemDictionary.cpp, line 231]
Event: 2114.265 Thread 0x000001eabc9e4000 Exception <a 'java/lang/ClassNotFoundException'{0x000000074e75c570}: java/awt/ComponentBeanInfo> (0x000000074e75c570) thrown at [./src/hotspot/share/classfile/systemDictionary.cpp, line 231]
Event: 2114.270 Thread 0x000001eabc9e4000 Exception <a 'java/lang/ClassNotFoundException'{0x000000074e7829f0}: java/lang/ObjectBeanInfo> (0x000000074e7829f0) thrown at [./src/hotspot/share/classfile/systemDictionary.cpp, line 231]
Event: 2114.270 Thread 0x000001eabc9e4000 Exception <a 'java/lang/ClassNotFoundException'{0x000000074e7841a8}: java/lang/ObjectCustomizer> (0x000000074e7841a8) thrown at [./src/hotspot/share/classfile/systemDictionary.cpp, line 231]
Event: 2114.271 Thread 0x000001eabc9e4000 Exception <a 'java/lang/ClassNotFoundException'{0x000000074e788f78}: java/awt/ComponentCustomizer> (0x000000074e788f78) thrown at [./src/hotspot/share/classfile/systemDictionary.cpp, line 231]
Event: 2114.280 Thread 0x000001eabc9e4000 Exception <a 'java/lang/ClassNotFoundException'{0x000000074e7dec30}: java/awt/ContainerCustomizer> (0x000000074e7dec30) thrown at [./src/hotspot/share/classfile/systemDictionary.cpp, line 231]
Event: 2114.283 Thread 0x000001eabc9e4000 Exception <a 'java/lang/ClassNotFoundException'{0x000000074e6172c0}: javax/swing/JComponentCustomizer> (0x000000074e6172c0) thrown at [./src/hotspot/share/classfile/systemDictionary.cpp, line 231]
Event: 2114.312 Thread 0x000001eabc9e4000 Exception <a 'java/lang/ClassNotFoundException'{0x000000074e6ea0f8}: javax/swing/JPanelCustomizer> (0x000000074e6ea0f8) thrown at [./src/hotspot/share/classfile/systemDictionary.cpp, line 231]
Event: 2114.314 Thread 0x000001eabc9e4000 Exception <a 'java/lang/ClassNotFoundException'{0x000000074e519010}: org/jdesktop/swingx/JXPanelCustomizer> (0x000000074e519010) thrown at [./src/hotspot/share/classfile/systemDictionary.cpp, line 231]
Event: 2114.316 Thread 0x000001eabc9e4000 Exception <a 'java/lang/ClassNotFoundException'{0x000000074e551478}: org/jdesktop/swingx/JXTitledPanelCustomizer> (0x000000074e551478) thrown at [./src/hotspot/share/classfile/systemDictionary.cpp, line 231]
Event: 2114.318 Thread 0x000001eabc9e4000 Exception <a 'java/lang/ClassNotFoundException'{0x000000074e587780}: ui/utils/swing/n/c/fCustomizer> (0x000000074e587780) thrown at [./src/hotspot/share/classfile/systemDictionary.cpp, line 231]
Event: 2114.321 Thread 0x000001eabc9e4000 Exception <a 'java/lang/ClassNotFoundException'{0x000000074e5b8890}: ui/utils/i/f/pCustomizer> (0x000000074e5b8890) thrown at [./src/hotspot/share/classfile/systemDictionary.cpp, line 231]
Event: 2114.327 Thread 0x000001eabc9e4000 Implicit null exception at 0x000001eacf6ea1ea to 0x000001eacf6eac9e

Events (20 events):
Event: 2148.294 Thread 0x000001ea9308b000 Thread added: 0x000001ea9308b000
Event: 2148.616 Thread 0x000001ea93086000 Thread added: 0x000001ea93086000
Event: 2148.624 Thread 0x000001ea93086000 Thread exited: 0x000001ea93086000
Event: 2148.758 Thread 0x000001ea9308b000 Thread exited: 0x000001ea9308b000
Event: 2149.616 Thread 0x000001ea9308a800 Thread added: 0x000001ea9308a800
Event: 2149.624 Thread 0x000001ea9308a800 Thread exited: 0x000001ea9308a800
Event: 2150.618 Thread 0x000001ea9308b000 Thread added: 0x000001ea9308b000
Event: 2150.626 Thread 0x000001ea9308b000 Thread exited: 0x000001ea9308b000
Event: 2151.618 Thread 0x000001ea9308a800 Thread added: 0x000001ea9308a800
Event: 2151.626 Thread 0x000001ea9308a800 Thread exited: 0x000001ea9308a800
Event: 2152.620 Thread 0x000001ea9308a800 Thread added: 0x000001ea9308a800
Event: 2152.628 Thread 0x000001ea9308a800 Thread exited: 0x000001ea9308a800
Event: 2152.850 loading class ui/data/design/l
Event: 2152.850 loading class ui/data/design/l done
Event: 2152.855 loading class ui/data/design/m
Event: 2152.855 loading class ui/data/design/m done
Event: 2152.855 loading class com/google/common/collect/Iterables
Event: 2152.855 loading class com/google/common/collect/Iterables done
Event: 2152.858 loading class ui/dlg/i/a/f
Event: 2152.858 loading class ui/dlg/i/a/f done


Dynamic libraries:
0x00007ff6adb20000 - 0x00007ff6adb51000 	D:\Vivado\2021.2\bin\unwrapped\win64.o\vivado.exe
0x00007ffa46b30000 - 0x00007ffa46d28000 	C:\Windows\SYSTEM32\ntdll.dll
0x00007ffa44b50000 - 0x00007ffa44c12000 	C:\Windows\System32\KERNEL32.DLL
0x00007ffa444a0000 - 0x00007ffa44796000 	C:\Windows\System32\KERNELBASE.dll
0x00007ffa44280000 - 0x00007ffa44380000 	C:\Windows\System32\ucrtbase.dll
0x00007ffa31f00000 - 0x00007ffa31f1e000 	C:\Windows\SYSTEM32\VCRUNTIME140.dll
0x00007ffa31050000 - 0x00007ffa310d9000 	C:\Windows\SYSTEM32\MSVCP140.dll
0x00007ffa31170000 - 0x00007ffa3117c000 	C:\Windows\SYSTEM32\VCRUNTIME140_1.dll
0x00007ff9eb6f0000 - 0x00007ff9ec9ba000 	D:\Vivado\2021.2\lib\win64.o\librdi_common.dll
0x00007ffa23b80000 - 0x00007ffa23b98000 	D:\Vivado\2021.2\lib\win64.o\librdi_commonmain.dll
0x00007ffa45a90000 - 0x00007ffa45c31000 	C:\Windows\System32\USER32.dll
0x00007ffa441c0000 - 0x00007ffa441e2000 	C:\Windows\System32\win32u.dll
0x00007ffa45470000 - 0x00007ffa4549b000 	C:\Windows\System32\GDI32.dll
0x00007ffa1a4d0000 - 0x00007ffa1a4f1000 	D:\Vivado\2021.2\lib\win64.o\libboost_filesystem.dll
0x00007ffa44380000 - 0x00007ffa44499000 	C:\Windows\System32\gdi32full.dll
0x00007ffa44e70000 - 0x00007ffa44f21000 	C:\Windows\System32\ADVAPI32.dll
0x00007ffa447d0000 - 0x00007ffa4486d000 	C:\Windows\System32\msvcp_win.dll
0x00007ffa44f30000 - 0x00007ffa44fce000 	C:\Windows\System32\msvcrt.dll
0x00007ffa2baf0000 - 0x00007ffa2baf9000 	D:\Vivado\2021.2\lib\win64.o\librdi_commonversion.dll
0x00007ffa44dd0000 - 0x00007ffa44e6f000 	C:\Windows\System32\sechost.dll
0x00007ffa46000000 - 0x00007ffa46770000 	C:\Windows\System32\SHELL32.dll
0x00007ffa455c0000 - 0x00007ffa456e0000 	C:\Windows\System32\RPCRT4.dll
0x00007ffa447a0000 - 0x00007ffa447c7000 	C:\Windows\System32\bcrypt.dll
0x00007ffa45770000 - 0x00007ffa457db000 	C:\Windows\System32\WS2_32.dll
0x00007ffa18a20000 - 0x00007ffa18d8e000 	D:\Vivado\2021.2\lib\win64.o\libCOIN-all.dll
0x00007ffa190b0000 - 0x00007ffa19250000 	D:\Vivado\2021.2\lib\win64.o\librdi_commonxillic.dll
0x00007ffa21150000 - 0x00007ffa21161000 	D:\Vivado\2021.2\lib\win64.o\libboost_date_time.dll
0x00000000652d0000 - 0x00000000653fb000 	D:\Vivado\2021.2\lib\win64.o\tcl85t.dll
0x00007ffa189a0000 - 0x00007ffa18a19000 	D:\Vivado\2021.2\lib\win64.o\libboost_program_options.dll
0x00007ffa19cb0000 - 0x00007ffa19dc4000 	D:\Vivado\2021.2\lib\win64.o\libboost_regex.dll
0x00007ffa1a370000 - 0x00007ffa1a38c000 	D:\Vivado\2021.2\lib\win64.o\libboost_thread.dll
0x00007ffa29110000 - 0x00007ffa2911c000 	D:\Vivado\2021.2\lib\win64.o\libboost_xilinx.dll
0x00007ffa16580000 - 0x00007ffa16625000 	D:\Vivado\2021.2\lib\win64.o\libhdxml.dll
0x00007ffa16630000 - 0x00007ffa166b2000 	D:\Vivado\2021.2\lib\win64.o\libhdlpsolve.dll
0x00007ff9ca290000 - 0x00007ff9cb23f800 	D:\Vivado\2021.2\lib\win64.o\libisl_iostreams.dll
0x00007ffa16510000 - 0x00007ffa16575000 	D:\Vivado\2021.2\lib\win64.o\liblmx6.0.dll
0x00007ffa19c80000 - 0x00007ffa19caa000 	D:\Vivado\2021.2\lib\win64.o\libisl_sysinfo.dll
0x00007ffa19c60000 - 0x00007ffa19c7a000 	D:\Vivado\2021.2\lib\win64.o\pthreadVC2.dll
0x00007ffa19b90000 - 0x00007ffa19bac000 	D:\Vivado\2021.2\lib\win64.o\librdiconfig.dll
0x00007ffa46960000 - 0x00007ffa469bb000 	C:\Windows\System32\SHLWAPI.dll
0x00007ffa19b60000 - 0x00007ffa19b81000 	D:\Vivado\2021.2\lib\win64.o\librdizlib.dll
0x00007ffa15710000 - 0x00007ffa159d1000 	D:\Vivado\2021.2\lib\win64.o\xerces-c_3_2.dll
0x00007ffa2bfe0000 - 0x00007ffa2bff9000 	C:\Windows\SYSTEM32\NETAPI32.dll
0x00007ffa2f440000 - 0x00007ffa2f916000 	C:\Windows\SYSTEM32\WININET.dll
0x00007ffa40600000 - 0x00007ffa4070a000 	C:\Windows\SYSTEM32\WINHTTP.dll
0x00007ffa38eb0000 - 0x00007ffa390a2000 	C:\Windows\SYSTEM32\urlmon.dll
0x00007ffa211d0000 - 0x00007ffa211d9000 	C:\Windows\SYSTEM32\WSOCK32.dll
0x00007ff9bbf50000 - 0x00007ff9bde67000 	D:\Vivado\2021.2\lib\win64.o\gurobi90.dll
0x00007ffa194f0000 - 0x00007ffa19520000 	C:\Windows\SYSTEM32\VCOMP140.DLL
0x00007ffa449f0000 - 0x00007ffa44b4d000 	C:\Windows\System32\CRYPT32.dll
0x00007ffa45880000 - 0x00007ffa458de000 	C:\Windows\System32\WLDAP32.dll
0x00007ffa45440000 - 0x00007ffa45448000 	C:\Windows\System32\Normaliz.dll
0x00007ffa18d90000 - 0x00007ffa190a6000 	D:\Vivado\2021.2\lib\win64.o\libXil_lmgr11.dll
0x00007ffa467d0000 - 0x00007ffa468aa000 	C:\Windows\System32\COMDLG32.dll
0x00007ffa45c40000 - 0x00007ffa45f94000 	C:\Windows\System32\combase.dll
0x00007ffa44d20000 - 0x00007ffa44dcd000 	C:\Windows\System32\shcore.dll
0x00007ffa44c20000 - 0x00007ffa44ced000 	C:\Windows\System32\OLEAUT32.dll
0x00007ffa18980000 - 0x00007ffa18998000 	D:\Vivado\2021.2\lib\win64.o\libboost_iostreams.dll
0x00007ffa469c0000 - 0x00007ffa46aeb000 	C:\Windows\System32\ole32.dll
0x00007ffa164e0000 - 0x00007ffa16504000 	D:\Vivado\2021.2\lib\win64.o\libisl_iosutils.dll
0x00007ffa44870000 - 0x00007ffa448e3000 	C:\Windows\System32\WINTRUST.dll
0x00007ffa3a300000 - 0x00007ffa3a5bf000 	C:\Windows\SYSTEM32\iertutil.dll
0x00007ffa3a2d0000 - 0x00007ffa3a2f8000 	C:\Windows\SYSTEM32\srvcli.dll
0x00007ffa436b0000 - 0x00007ffa436bc000 	C:\Windows\SYSTEM32\netutils.dll
0x00007ffa42250000 - 0x00007ffa429f5000 	C:\Windows\SYSTEM32\windows.storage.dll
0x00007ffa24940000 - 0x00007ffa249f0000 	C:\Windows\WinSxS\amd64_microsoft.windows.common-controls_6595b64144ccf1df_5.82.19041.6280_none_792d7c952443c49a\COMCTL32.dll
0x00007ffa3c9e0000 - 0x00007ffa3c9fd000 	C:\Windows\SYSTEM32\dhcpcsvc.DLL
0x00007ffa440b0000 - 0x00007ffa440de000 	C:\Windows\SYSTEM32\USERENV.dll
0x00007ffa43b10000 - 0x00007ffa43b3b000 	C:\Windows\SYSTEM32\Wldp.dll
0x00007ffa43870000 - 0x00007ffa438da000 	C:\Windows\SYSTEM32\MSWSOCK.DLL
0x00007ffa44cf0000 - 0x00007ffa44d1f000 	C:\Windows\System32\IMM32.DLL
0x00007ffa43d10000 - 0x00007ffa43d22000 	C:\Windows\SYSTEM32\MSASN1.dll
0x00007ffa42050000 - 0x00007ffa42062000 	C:\Windows\SYSTEM32\kernel.appcore.dll
0x00007ffa150a0000 - 0x00007ffa155d3000 	D:\Vivado\2021.2\lib\win64.o\librdi_commontasks.dll
0x00007ffa3d7d0000 - 0x00007ffa3d7da000 	C:\Windows\SYSTEM32\VERSION.dll
0x00007ffa140e0000 - 0x00007ffa14405a00 	D:\Vivado\2021.2\lib\win64.o\librdi_sio.dll
0x00007ffa14410000 - 0x00007ffa14f5d000 	D:\Vivado\2021.2\tps\win64\jre11.0.11_9\bin\server\jvm.dll
0x00007ffa43550000 - 0x00007ffa4358b000 	C:\Windows\SYSTEM32\IPHLPAPI.DLL
0x00007ffa457e0000 - 0x00007ffa457e8000 	C:\Windows\System32\PSAPI.DLL
0x00007ffa303c0000 - 0x00007ffa303e7000 	C:\Windows\SYSTEM32\WINMM.dll
0x00007ffa0e060000 - 0x00007ffa0e077000 	C:\Windows\system32\napinsp.dll
0x00007ffa0e040000 - 0x00007ffa0e05b000 	C:\Windows\system32\pnrpnsp.dll
0x00007ffa13ff0000 - 0x00007ffa1400d000 	C:\Windows\system32\wshbth.dll
0x00007ffa40a60000 - 0x00007ffa40a7d000 	C:\Windows\system32\NLAapi.dll
0x00007ffa43590000 - 0x00007ffa4365a000 	C:\Windows\SYSTEM32\DNSAPI.dll
0x00007ffa457f0000 - 0x00007ffa457f8000 	C:\Windows\System32\NSI.dll
0x00007ffa0e020000 - 0x00007ffa0e032000 	C:\Windows\System32\winrnr.dll
0x00007ff9b9340000 - 0x00007ff9bbf4c000 	D:\Vivado\2021.2\lib\win64.o\librdi_tcltasks.dll
0x00007ffa16490000 - 0x00007ffa164d4000 	D:\Vivado\2021.2\lib\win64.o\libboost_serialization.dll
0x00007ffa11f50000 - 0x00007ffa12418000 	D:\Vivado\2021.2\lib\win64.o\librdi_bitstream.dll
0x00007ffa11d90000 - 0x00007ffa11f4d000 	D:\Vivado\2021.2\lib\win64.o\librdi_board.dll
0x00007ffa16410000 - 0x00007ffa16490000 	D:\Vivado\2021.2\lib\win64.o\librdi_boarddep.dll
0x00007ffa162e0000 - 0x00007ffa16407000 	D:\Vivado\2021.2\lib\win64.o\librdi_chipscope.dll
0x00007ff9b5480000 - 0x00007ff9b73e6000 	D:\Vivado\2021.2\lib\win64.o\librdi_constraints.dll
0x00007ffa11b90000 - 0x00007ffa11d87000 	D:\Vivado\2021.2\lib\win64.o\librdi_chipscopeimpl.dll
0x00007ffa11a20000 - 0x00007ffa11b82000 	D:\Vivado\2021.2\lib\win64.o\librdi_containers.dll
0x00007ff9b2f80000 - 0x00007ff9b5472000 	D:\Vivado\2021.2\lib\win64.o\librdi_coregen.dll
0x00007ff9b73f0000 - 0x00007ff9b9338000 	D:\Vivado\2021.2\lib\win64.o\librdi_designutils.dll
0x00007ff9938b0000 - 0x00007ff9b2f72000 	D:\Vivado\2021.2\lib\win64.o\librdi_device.dll
0x00007ff9e4650000 - 0x00007ff9e4d70000 	D:\Vivado\2021.2\lib\win64.o\librdi_coregenipxact.dll
0x00007ffa116b0000 - 0x00007ffa11a18000 	D:\Vivado\2021.2\lib\win64.o\librdi_dlyest.dll
0x00007ffa05e30000 - 0x00007ffa064ce000 	D:\Vivado\2021.2\lib\win64.o\librdi_drc.dll
0x00007ffa15bf0000 - 0x00007ffa15ca5000 	D:\Vivado\2021.2\lib\win64.o\librdi_dsp.dll
0x00007ff9e3fd0000 - 0x00007ff9e464e000 	D:\Vivado\2021.2\lib\win64.o\librdi_filemgmt.dll
0x00007ff9eb3c0000 - 0x00007ff9eb6e4000 	D:\Vivado\2021.2\lib\win64.o\librdi_guitools.dll
0x00007ff9cc870000 - 0x00007ff9ccb1f000 	D:\Vivado\2021.2\lib\win64.o\librdi_hip_devdesign.dll
0x00007ffa11560000 - 0x00007ffa116a7000 	D:\Vivado\2021.2\lib\win64.o\librdi_hip_perf_analysis.dll
0x00007ffa156a0000 - 0x00007ffa15709000 	D:\Vivado\2021.2\lib\win64.o\librdi_hdf.dll
0x00007ff9c3f70000 - 0x00007ff9c4cdb000 	D:\Vivado\2021.2\lib\win64.o\librdi_implflow.dll
0x00007ffa09030000 - 0x00007ffa09146000 	D:\Vivado\2021.2\lib\win64.o\librdi_ipconfig_readwrite.dll
0x00007ff9cc220000 - 0x00007ff9cc870000 	D:\Vivado\2021.2\lib\win64.o\librdi_memdata.dll
0x00007ff9c9b90000 - 0x00007ff9ca284000 	D:\Vivado\2021.2\lib\win64.o\librdi_lopt.dll
0x00007ff9c3830000 - 0x00007ff9c3f6b000 	D:\Vivado\2021.2\lib\win64.o\librdi_netlist.dll
0x00007ff9913a0000 - 0x00007ff9938ab000 	D:\Vivado\2021.2\lib\win64.o\librdi_mig.dll
0x00007ffa15020000 - 0x00007ffa15093000 	D:\Vivado\2021.2\lib\win64.o\librdi_memoryarray.dll
0x00007ffa14fa0000 - 0x00007ffa15013000 	D:\Vivado\2021.2\lib\win64.o\librdi_noc_frameworks.dll
0x00007ffa14080000 - 0x00007ffa140d7000 	D:\Vivado\2021.2\lib\win64.o\librdi_pfi.dll
0x00007ff98dcf0000 - 0x00007ff990ad2000 	D:\Vivado\2021.2\lib\win64.o\librdi_place.dll
0x00007ff9c97a0000 - 0x00007ff9c9b90000 	D:\Vivado\2021.2\lib\win64.o\librdi_platform.dll
0x00007ff990ae0000 - 0x00007ff991399000 	D:\Vivado\2021.2\lib\win64.o\librdi_power.dll
0x00007ff98d600000 - 0x00007ff98dce3000 	D:\Vivado\2021.2\lib\win64.o\librdi_project.dll
0x00007ff98ced0000 - 0x00007ff98d5fc000 	D:\Vivado\2021.2\lib\win64.o\librdi_psta.dll
0x00007ff9c32f0000 - 0x00007ff9c382f000 	D:\Vivado\2021.2\lib\win64.o\librdi_runs.dll
0x00007ff98c610000 - 0x00007ff98cece000 	D:\Vivado\2021.2\lib\win64.o\librdi_rsb.dll
0x00007ff9cbfa0000 - 0x00007ff9cc21b000 	D:\Vivado\2021.2\lib\win64.o\librdi_simdata.dll
0x00007ffa06680000 - 0x00007ffa06797000 	D:\Vivado\2021.2\lib\win64.o\librdi_runsbase.dll
0x00007ff98a8d0000 - 0x00007ff98b98a000 	D:\Vivado\2021.2\lib\win64.o\librdi_timing.dll
0x00007ffa05d10000 - 0x00007ffa05e24000 	D:\Vivado\2021.2\lib\win64.o\librdi_xhub.dll

dbghelp: loaded successfully - version: 4.0.5 - missing functions: none
symbol engine: initialized successfully - sym options: 0x614 - pdb path: .;D:\Vivado\2021.2\bin\unwrapped\win64.o;C:\Windows\SYSTEM32;D:\Vivado\2021.2\lib\win64.o;C:\Windows\WinSxS\amd64_microsoft.windows.common-controls_6595b64144ccf1df_5.82.19041.6280_none_792d7c952443c49a;D:\Vivado\2021.2\tps\win64\jre11.0.11_9\bin\server;D:\Vivado\2021.2\tps\win64\python-3.8.3;D:\Vivado\2021.2\tps\win64\jre11.0.11_9\bin;C:\Windows\WinSxS\amd64_microsoft.windows.common-controls_6595b64144ccf1df_6.0.19041.6456_none_60b8a6cb71f64256;D:\Vivado\2021.2\tps\win64\javafx-sdk-11.0.2\bin;C:\Windows\System32\DriverStore\FileRepository\iigd_dch.inf_amd64_25038d59cab475d0

VM Arguments:
jvm_args: -Dsun.java2d.pmoffscreen=false -Dhttps.protocols=TLSv1,TLSv1.1,TLSv1.2 -Dsun.java2d.xrender=false -Dsun.java2d.d3d=false -Dsun.awt.nopixfmt=true -Dsun.java2d.dpiaware=true -Dsun.java2d.uiScale.enabled=false -Xverify:none -Dswing.aatext=true -XX:-UsePerfData -Djdk.map.althashing.threshold=512 -XX:StringTableSize=4072 --add-opens=java.base/java.nio=ALL-UNNAMED --add-opens=java.desktop/sun.swing=ALL-UNNAMED --add-opens=java.desktop/javax.swing=ALL-UNNAMED --add-opens=java.desktop/javax.swing.tree=ALL-UNNAMED --add-opens=java.desktop/javax.swing.plaf.basic=ALL-UNNAMED --add-opens=java.desktop/javax.swing.plaf.synth=ALL-UNNAMED --add-opens=java.desktop/com.sun.awt=ALL-UNNAMED -XX:NewSize=60m -XX:MaxNewSize=60m -Xms256m -Xmx3072m -Xss5m 
java_command: <unknown>
java_class_path (initial): D:/Vivado/2021.2\lib\classes\alloy.jar;D:/Vivado/2021.2\lib\classes\autoesl-models.jar;D:/Vivado/2021.2\lib\classes\batik-anim.jar;D:/Vivado/2021.2\lib\classes\batik-awt-util.jar;D:/Vivado/2021.2\lib\classes\batik-bridge.jar;D:/Vivado/2021.2\lib\classes\batik-codec.jar;D:/Vivado/2021.2\lib\classes\batik-css.jar;D:/Vivado/2021.2\lib\classes\batik-dom.jar;D:/Vivado/2021.2\lib\classes\batik-ext.jar;D:/Vivado/2021.2\lib\classes\batik-gui-util.jar;D:/Vivado/2021.2\lib\classes\batik-gvt.jar;D:/Vivado/2021.2\lib\classes\batik-parser.jar;D:/Vivado/2021.2\lib\classes\batik-script.jar;D:/Vivado/2021.2\lib\classes\batik-svg-dom.jar;D:/Vivado/2021.2\lib\classes\batik-svggen.jar;D:/Vivado/2021.2\lib\classes\batik-swing.jar;D:/Vivado/2021.2\lib\classes\batik-transcoder.jar;D:/Vivado/2021.2\lib\classes\batik-util.jar;D:/Vivado/2021.2\lib\classes\batik-xml.jar;D:/Vivado/2021.2\lib\classes\com.google.gson_2.8.2.v20180104-1110.jar;D:/Vivado/2021.2\lib\classes\com.google.guava_27.1.0.v20190517-1946.jar;D:/Vivado/2021.2\lib\classes\com.sigasi.hdt.connection_4.11.0.202105170810.jar;D:/Vivado/2021.2\lib\classes\com.sigasi.hdt.epl_4.11.0.202105170810.jar;D:/Vivado/2021.2\lib\classes\com.sigasi.hdt.project_4.11.0.202105170810.jar;D:/Vivado/2021.2\lib\classes\com.sigasi.hdt.readonlyfilesystem_4.11.0.202105170810.jar;D:/Vivado/2021.2\lib\classes\com.sigasi.hdt.shared_4.11.0.202105170810.jar;D:/Vivado/2021.2\lib\classes\com.sigasi.lcm_4.11.0.202105170810.jar;D:/Vivado/2021.2\lib\classes\com.sigasi.sdk.client_4.11.0.202105170810.jar;D:/Vivado/2021.2\lib\classes\commons-collections4-4.1.jar;D:/Vivado/2021.2\lib\classes\commons-io-2.6.jar;D:/Vivado/2021.2\lib\classes\commons-math-2.2.jar;D:/Vivado/2021.2\lib\classes\Dispatch.jar;D:/Vivado/2021.2\lib\classes\DispatchClient.jar;D:/Vivado/2021.2\lib\classes\DispatchClientEx.jar;D:/Vivado/2021.2\lib\classes\dom4j-1.6.1.jar;D:/Vivado/2021.2\lib\classes\FrankFrameworks.jar;D:/Vivado/2021.2\lib\classes\FrankFrameworksTest.j
Launcher Type: generic

[Global flags]
     bool BytecodeVerificationLocal                = false                                     {product} {command line}
     bool BytecodeVerificationRemote               = false                                     {product} {command line}
     intx CICompilerCount                          = 4                                         {product} {ergonomic}
     uint ConcGCThreads                            = 3                                         {product} {ergonomic}
     uint G1ConcRefinementThreads                  = 10                                        {product} {ergonomic}
   size_t G1HeapRegionSize                         = 1048576                                   {product} {ergonomic}
    uintx GCDrainStackTargetSize                   = 64                                        {product} {ergonomic}
   size_t InitialHeapSize                          = 268435456                                 {product} {command line}
   size_t MarkStackSize                            = 4194304                                   {product} {ergonomic}
   size_t MaxHeapSize                              = 3221225472                                {product} {command line}
   size_t MaxNewSize                               = 62914560                                  {product} {command line}
   size_t MinHeapDeltaBytes                        = 1048576                                   {product} {ergonomic}
   size_t NewSize                                  = 62914560                                  {product} {command line}
    uintx NonNMethodCodeHeapSize                   = 5836300                                {pd product} {ergonomic}
    uintx NonProfiledCodeHeapSize                  = 122910970                              {pd product} {ergonomic}
    uintx ProfiledCodeHeapSize                     = 122910970                              {pd product} {ergonomic}
    uintx ReservedCodeCacheSize                    = 251658240                              {pd product} {ergonomic}
     bool SegmentedCodeCache                       = true                                      {product} {ergonomic}
    uintx StringTableSize                          = 4072                                      {product} {command line}
     intx ThreadStackSize                          = 5120                                   {pd product} {command line}
     bool UseCompressedClassPointers               = true                                 {lp64_product} {ergonomic}
     bool UseCompressedOops                        = true                                 {lp64_product} {ergonomic}
     bool UseG1GC                                  = true                                      {product} {ergonomic}
     bool UseLargePagesIndividualAllocation        = false                                  {pd product} {ergonomic}
     bool UsePerfData                              = false                                     {product} {command line}

Logging:
Log output configuration:
 #0: stdout all=warning uptime,level,tags
 #1: stderr all=off uptime,level,tags

Environment Variables:
PATH=D:/Vivado/2021.2\gnuwin\bin;D:/Vivado/2021.2\gnu\microblaze\nt\bin;D:/Vivado/2021.2/bin;D:/Vivado/2021.2/tps/win64/javafx-sdk-11.0.2/lib;D:/Vivado/2021.2/tps/win64/javafx-sdk-11.0.2/bin;D:/Vivado/2021.2/lib/win64.o;D:/Vivado/2021.2/tps/win64/jre11.0.11_9/bin/server;D:/Vivado/2021.2/tps/win64/jre11.0.11_9/bin;D:/Vitis/2021.2/bin;D:/Vivado/2021.2/ids_lite/ISE/bin/nt64;D:/Vivado/2021.2/ids_lite/ISE/lib/nt64;D:/Vitis_HLS/2021.2/bin;C:\Program Files (x86)\SIEMENS\S7-PCT\bin;C:\Program Files (x86)\Common Files\Siemens\Sqlany;C:\Program Files (x86)\Siemens\Step7\S7bin;C:\Program Files\Common Files\Siemens\Automation\Simatic OAM\bin;C:\Windows\system32;C:\Windows;C:\Windows\System32\Wbem;C:\Windows\System32\WindowsPowerShell\v1.0\;C:\Windows\System32\OpenSSH\;C:\Program Files (x86)\Windows Kits\10\Windows Performance Toolkit\;C:\Program Files (x86)\Windows Kits\10\Microsoft Application Virtualization\Sequencer\;C:\Program Files\PKWARE\pkzipc;D:\Softwares\runtime\win64;D:\Softwares\bin;D:\Softwares\polyspace\bin;C:\Program Files (x86)\PuTTY\;C:\Program Files (x86)\Microsoft SQL Server\Client SDK\ODBC\110\Tools\Binn\;C:\Program Files (x86)\Microsoft SQL Server\120\Tools\Binn\;C:\Program Files (x86)\Microsoft SQL Server\120\DTS\Binn\;C:\Program Files\dotnet\;C:\Users\usama\AppData\Local\Programs\Python\Python314\Scripts\;C:\Users\usama\AppData\Local\Programs\Python\Python314\;C:\Users\usama\AppData\Local\Microsoft\WindowsApps;D:\Softwares\modelsim_ase\win32aloem;D:\Softwares\modelsim_ae\win32aloem;C:\iverilog\bin;C:\iverilog\gtkwave\bin;C:\Users\usama\AppData\Local\Programs\Microsoft VS Code\bin;C:\gtkwave\bin;;D:/Vivado/2021.2\tps\mingw\6.2.0\win64.o\nt\bin;D:/Vivado/2021.2\tps\mingw\6.2.0\win64.o\nt\libexec\gcc\x86_64-w64-mingw32\6.2.0;D:/Vivado/2021.2\tps\win64\python-3.8.3;D:/Vivado/2021.2\tps\win64\python-3.8.3\bin;D:/Vivado/2021.2\tps\win64\python-3.8.3\lib;D:/Vivado/2021.2\tps\win64\python-3.8.3\lib\site-packages
USERNAME=usama
OS=Windows_NT
PROCESSOR_IDENTIFIER=Intel64 Family 6 Model 158 Stepping 10, GenuineIntel



---------------  S Y S T E M  ---------------

OS: Windows 10 , 64 bit Build 19041 (10.0.19041.5915)
OS uptime: 0 days 0:43 hours

CPU:total 12 (initial active 12) (6 cores per cpu, 2 threads per core) family 6 model 158 stepping 10 microcode 0xf8, cmov, cx8, fxsr, mmx, sse, sse2, sse3, ssse3, sse4.1, sse4.2, popcnt, avx, avx2, aes, clmul, erms, rtm, 3dnowpref, lzcnt, ht, tsc, tscinvbit, bmi1, bmi2, adx, fma

Memory: 4k page, system-wide physical 16158M (3573M free)
TotalPageFile size 25870M (AvailPageFile size 6956M)
current process WorkingSet (physical memory assigned to process): 640M, peak: 1460M
current process commit charge ("private bytes"): 1478M, peak: 1498M

vm_info: OpenJDK 64-Bit Server VM (11.0.11+9) for windows-amd64 JRE (11.0.11+9), built on Apr  9 2021 19:32:08 by "" with MS VC++ 15.5 (VS2017)

END.
