Copyright 1986-2021 Xilinx, Inc. All Rights Reserved.
-------------------------------------------------------------------------------------------------------------------
| Tool Version : Vivado v.2021.2 (win64) Build 3367213 Tue Oct 19 02:48:09 MDT 2021
| Date         : Sat Apr 18 23:19:58 2026
| Host         : DESKTOP-BI3T7CJ running 64-bit major release  (build 9200)
| Command      : upgrade_project -migrate_output_products
| Project_Path : C:/Users/usama/Desktop/18-4-2026/arm_fpga_04_hdmi_output/arm_fpga_04_hdmi_output.xpr
-------------------------------------------------------------------------------------------------------------------

Project Status Summary

1. Project IP Status
--------------------
This project contains 0 IP and 1 Block Designs.


1.1 Project IP Instances
+------------------------------------+-------------------------+-------------------------------------+-------------------------------------+
| Instance Name                      | Status                  | Reason                              | Recommendation                      |
+------------------------------------+-------------------------+-------------------------------------+-------------------------------------+
| design_1_auto_pc_0                 | Will be Migrated.       |                                     |                                     |
+------------------------------------+-------------------------+-------------------------------------+-------------------------------------+
| design_1_axi_dynclk_0_0            | Will be Migrated.       |                                     |                                     |
+------------------------------------+-------------------------+-------------------------------------+-------------------------------------+
| design_1_axi_gpio_0_0              | Will be Migrated.       |                                     |                                     |
+------------------------------------+-------------------------+-------------------------------------+-------------------------------------+
| design_1_axi_smc_0                 | Will be Migrated.       |                                     |                                     |
+------------------------------------+-------------------------+-------------------------------------+-------------------------------------+
| design_1_axi_vdma_0_0              | Will be Migrated.       |                                     |                                     |
+------------------------------------+-------------------------+-------------------------------------+-------------------------------------+
| design_1_axis_subset_converter_0_0 | Will be Migrated.       |                                     |                                     |
+------------------------------------+-------------------------+-------------------------------------+-------------------------------------+
| design_1_processing_system7_0_0    | Will be Migrated.       |                                     |                                     |
+------------------------------------+-------------------------+-------------------------------------+-------------------------------------+
| design_1_ps7_0_axi_periph_0        | Will be Migrated.       |                                     |                                     |
+------------------------------------+-------------------------+-------------------------------------+-------------------------------------+
| design_1_rgb2dvi_0_0               | Will be Migrated.       |                                     |                                     |
+------------------------------------+-------------------------+-------------------------------------+-------------------------------------+
| design_1_rst_ps7_0_100M_0          | Will be Migrated.       |                                     |                                     |
+------------------------------------+-------------------------+-------------------------------------+-------------------------------------+
| design_1_rst_ps7_0_142M_0          | Will be Migrated.       |                                     |                                     |
+------------------------------------+-------------------------+-------------------------------------+-------------------------------------+
| design_1_v_axi4s_vid_out_0_0       | Will be Migrated.       |                                     |                                     |
+------------------------------------+-------------------------+-------------------------------------+-------------------------------------+
| design_1_v_tc_0_0                  | Will be Migrated.       |                                     |                                     |
+------------------------------------+-------------------------+-------------------------------------+-------------------------------------+
| design_1_xbar_0                    | Will be Migrated.       |                                     |                                     |
+------------------------------------+-------------------------+-------------------------------------+-------------------------------------+
| design_1_xlconcat_0_0              | Will be Migrated.       |                                     |                                     |
+------------------------------------+-------------------------+-------------------------------------+-------------------------------------+
| design_1_xlconstant_0_0            | Will be Migrated.       |                                     |                                     |
+------------------------------------+-------------------------+-------------------------------------+-------------------------------------+
| design_1_xlconstant_1_0            | Will be Migrated.       |                                     |                                     |
+------------------------------------+-------------------------+-------------------------------------+-------------------------------------+


1.2 Project Block Designs
+----------+-------------------------+-------------------------------------+-------------------------------------+
| Design   | Status                  | Reason                              | Recommendation                      |
| Name     |                         |                                     |                                     |
+----------+-------------------------+-------------------------------------+-------------------------------------+
| design_1 | Will be Migrated.       |                                     |                                     |
+----------+-------------------------+-------------------------------------+-------------------------------------+



