#-----------------------------------------------------------
# Vivado v2021.2 (64-bit)
# SW Build 3367213 on Tue Oct 19 02:48:09 MDT 2021
# IP Build 3369179 on Thu Oct 21 08:25:16 MDT 2021
# Start of session at: Wed May 20 11:37:45 2026
# Process ID: 4200
# Current directory: C:/Users/Saad/Desktop/stingray/arm_fpga_04_hdmi_output
# Command line: vivado.exe -gui_launcher_event rodinguilauncherevent18792 C:\Users\Saad\Desktop\stingray\arm_fpga_04_hdmi_output\arm_fpga_04_hdmi_output.xpr
# Log file: C:/Users/Saad/Desktop/stingray/arm_fpga_04_hdmi_output/vivado.log
# Journal file: C:/Users/Saad/Desktop/stingray/arm_fpga_04_hdmi_output\vivado.jou
# Running On: DESKTOP-N4P9TIA, OS: Windows, CPU Frequency: 2496 MHz, CPU Physical cores: 10, Host memory: 16890 MB
#-----------------------------------------------------------
start_gui
open_project C:/Users/Saad/Desktop/stingray/arm_fpga_04_hdmi_output/arm_fpga_04_hdmi_output.xpr
WARNING: [Board 49-26] cannot add Board Part xilinx.com:kcu105:part0:1.6 available at D:/Vivado/2021.2/data/xhub/boards/XilinxBoardStore/boards/Xilinx/kcu105/1.6/board.xml as part xcku040-ffva1156-2-e specified in board_part file is either invalid or not available
WARNING: [Board 49-26] cannot add Board Part xilinx.com:kcu105:part0:1.7 available at D:/Vivado/2021.2/data/xhub/boards/XilinxBoardStore/boards/Xilinx/kcu105/1.7/board.xml as part xcku040-ffva1156-2-e specified in board_part file is either invalid or not available
WARNING: [Board 49-26] cannot add Board Part xilinx.com:kcu116:part0:1.4 available at D:/Vivado/2021.2/data/xhub/boards/XilinxBoardStore/boards/Xilinx/kcu116/1.4/board.xml as part xcku5p-ffvb676-2-e specified in board_part file is either invalid or not available
WARNING: [Board 49-26] cannot add Board Part xilinx.com:kcu116:part0:1.5 available at D:/Vivado/2021.2/data/xhub/boards/XilinxBoardStore/boards/Xilinx/kcu116/1.5/board.xml as part xcku5p-ffvb676-2-e specified in board_part file is either invalid or not available
WARNING: [Board 49-26] cannot add Board Part xilinx.com:vck190_es:part0:1.3 available at D:/Vivado/2021.2/data/xhub/boards/XilinxBoardStore/boards/Xilinx/vck190/es/1.3/board.xml as part xcvc1902-vsva2197-2mp-e-s-es1 specified in board_part file is either invalid or not available
WARNING: [Board 49-26] cannot add Board Part xilinx.com:vcu108:part0:1.6 available at D:/Vivado/2021.2/data/xhub/boards/XilinxBoardStore/boards/Xilinx/vcu108/1.6/board.xml as part xcvu095-ffva2104-2-e specified in board_part file is either invalid or not available
WARNING: [Board 49-26] cannot add Board Part xilinx.com:vcu108:part0:1.7 available at D:/Vivado/2021.2/data/xhub/boards/XilinxBoardStore/boards/Xilinx/vcu108/1.7/board.xml as part xcvu095-ffva2104-2-e specified in board_part file is either invalid or not available
WARNING: [Board 49-26] cannot add Board Part xilinx.com:vcu110:part0:1.4 available at D:/Vivado/2021.2/data/xhub/boards/XilinxBoardStore/boards/Xilinx/vcu110/1.4/board.xml as part xcvu190-flgc2104-2-e specified in board_part file is either invalid or not available
WARNING: [Board 49-26] cannot add Board Part xilinx.com:vcu128:part0:1.0 available at D:/Vivado/2021.2/data/xhub/boards/XilinxBoardStore/boards/Xilinx/vcu128/production/1.0/board.xml as part xcvu37p-fsvh2892-2l-e specified in board_part file is either invalid or not available
WARNING: [Board 49-26] cannot add Board Part xilinx.com:vcu129:part0:1.0 available at D:/Vivado/2021.2/data/xhub/boards/XilinxBoardStore/boards/Xilinx/vcu129/production/1.0/board.xml as part xcvu29p-fsga2577-2l-e specified in board_part file is either invalid or not available
WARNING: [Board 49-26] cannot add Board Part xilinx.com:vmk180:part0:2.2 available at D:/Vivado/2021.2/data/xhub/boards/XilinxBoardStore/boards/Xilinx/vmk180/production/2.2/board.xml as part xcvm1802-vsva2197-2mp-e-s specified in board_part file is either invalid or not available
WARNING: [Board 49-26] cannot add Board Part xilinx.com:vmk180_es:part0:1.3 available at D:/Vivado/2021.2/data/xhub/boards/XilinxBoardStore/boards/Xilinx/vmk180/es/1.3/board.xml as part xcvm1802-vsva2197-2mp-e-s-es1 specified in board_part file is either invalid or not available
WARNING: [Board 49-26] cannot add Board Part xilinx.com:vpk120_es:part0:1.2 available at D:/Vivado/2021.2/data/xhub/boards/XilinxBoardStore/boards/Xilinx/vpk120/es/1.2/board.xml as part xcvp1202-vsva2785-2mp-e-s-es1 specified in board_part file is either invalid or not available
WARNING: [Board 49-26] cannot add Board Part xilinx.com:zcu208_es:part0:1.0 available at D:/Vivado/2021.2/data/xhub/boards/XilinxBoardStore/boards/Xilinx/zcu208/es/1.0/board.xml as part xczu48dr-fsvg1517-2-e-es1 specified in board_part file is either invalid or not available
WARNING: [Board 49-26] cannot add Board Part xilinx.com:zcu208_es:part0:1.1 available at D:/Vivado/2021.2/data/xhub/boards/XilinxBoardStore/boards/Xilinx/zcu208/es/1.1/board.xml as part xczu48dr-fsvg1517-2-e-es1 specified in board_part file is either invalid or not available
WARNING: [Board 49-26] cannot add Board Part xilinx.com:zcu208_es:part0:1.2 available at D:/Vivado/2021.2/data/xhub/boards/XilinxBoardStore/boards/Xilinx/zcu208/es/1.2/board.xml as part xczu48dr-fsvg1517-2-e-es1 specified in board_part file is either invalid or not available
WARNING: [Board 49-26] cannot add Board Part xilinx.com:zcu208ld:part0:2.0 available at D:/Vivado/2021.2/data/xhub/boards/XilinxBoardStore/boards/Xilinx/zcu208ld/production/2.0/board.xml as part xczu58dr-fsvg1517-2-i specified in board_part file is either invalid or not available
WARNING: [Board 49-26] cannot add Board Part xilinx.com:zcu208ld_es:part0:1.0 available at D:/Vivado/2021.2/data/xhub/boards/XilinxBoardStore/boards/Xilinx/zcu208ld/es/1.0/board.xml as part xczu58dr-fsvg1517-2-i-es1 specified in board_part file is either invalid or not available
WARNING: [Board 49-26] cannot add Board Part xilinx.com:zcu216_es:part0:1.0 available at D:/Vivado/2021.2/data/xhub/boards/XilinxBoardStore/boards/Xilinx/zcu216/es/1.0/board.xml as part xczu49dr-ffvf1760-2-e-es1 specified in board_part file is either invalid or not available
WARNING: [Board 49-26] cannot add Board Part xilinx.com:zcu216_es:part0:1.1 available at D:/Vivado/2021.2/data/xhub/boards/XilinxBoardStore/boards/Xilinx/zcu216/es/1.1/board.xml as part xczu49dr-ffvf1760-2-e-es1 specified in board_part file is either invalid or not available
WARNING: [Board 49-26] cannot add Board Part xilinx.com:zcu216_es:part0:1.2 available at D:/Vivado/2021.2/data/xhub/boards/XilinxBoardStore/boards/Xilinx/zcu216/es/1.2/board.xml as part xczu49dr-ffvf1760-2-e-es1 specified in board_part file is either invalid or not available
WARNING: [Board 49-26] cannot add Board Part xilinx.com:zcu216ld:part0:2.0 available at D:/Vivado/2021.2/data/xhub/boards/XilinxBoardStore/boards/Xilinx/zcu216ld/production/2.0/board.xml as part xczu59dr-ffvf1760-2-i specified in board_part file is either invalid or not available
WARNING: [Board 49-26] cannot add Board Part xilinx.com:zcu216ld_es:part0:1.0 available at D:/Vivado/2021.2/data/xhub/boards/XilinxBoardStore/boards/Xilinx/zcu216ld/es/1.0/board.xml as part xczu59dr-ffvf1760-2-i-es1 specified in board_part file is either invalid or not available
WARNING: [Board 49-26] cannot add Board Part xilinx.com:zcu670:part0:1.0 available at D:/Vivado/2021.2/data/xhub/boards/XilinxBoardStore/boards/Xilinx/zcu670/1.0/board.xml as part xczu67dr-fsve1156-2-i specified in board_part file is either invalid or not available
WARNING: [filemgmt 56-3] IP Repository Path: Could not find the directory 'C:/Users/Saad/Desktop/stingray/passthrough/passthrough.srcs/sources_1/new'.
WARNING: [filemgmt 56-3] IP Repository Path: Could not find the directory 'C:/Users/Saad/Desktop/stingray/grayscale/axis_grayscale/axis_grayscale.srcs/sources_1/new'.
WARNING: [BD 41-2576] File 'C:/Users/Saad/Desktop/stingray/arm_fpga_04_hdmi_output/arm_fpga_04_hdmi_output.srcs/sources_1/bd/design_1/ip/design_1_auto_pc_0/design_1_auto_pc_0.xci' referenced by design 'design_1' could not be found.
Scanning sources...
Finished scanning sources
INFO: [IP_Flow 19-234] Refreshing IP repositories
INFO: [IP_Flow 19-1700] Loaded user IP repository 'c:/Users/Saad/Desktop/stingray/arm_fpga_04_hdmi_output/repo'.
WARNING: [IP_Flow 19-2248] Failed to load user IP repository 'c:/Users/Saad/Desktop/stingray/passthrough/passthrough.srcs/sources_1/new'; Can't find the specified path.
If this directory should no longer be in your list of user repositories, go to the IP Settings dialog and remove it.
WARNING: [IP_Flow 19-2248] Failed to load user IP repository 'c:/Users/Saad/Desktop/stingray/grayscale/axis_grayscale/axis_grayscale.srcs/sources_1/new'; Can't find the specified path.
If this directory should no longer be in your list of user repositories, go to the IP Settings dialog and remove it.
INFO: [IP_Flow 19-2313] Loaded Vivado IP repository 'D:/Vivado/2021.2/data/ip'.
WARNING: [IP_Flow 19-3664] IP 'design_1_processing_system7_0_0' generated file not found 'c:/Users/Saad/Desktop/stingray/arm_fpga_04_hdmi_output/arm_fpga_04_hdmi_output.gen/sources_1/bd/design_1/ip/design_1_processing_system7_0_0/design_1_processing_system7_0_0.dcp'. Please regenerate to continue.
WARNING: [IP_Flow 19-3664] IP 'design_1_processing_system7_0_0' generated file not found 'c:/Users/Saad/Desktop/stingray/arm_fpga_04_hdmi_output/arm_fpga_04_hdmi_output.gen/sources_1/bd/design_1/ip/design_1_processing_system7_0_0/design_1_processing_system7_0_0_stub.v'. Please regenerate to continue.
WARNING: [IP_Flow 19-3664] IP 'design_1_processing_system7_0_0' generated file not found 'c:/Users/Saad/Desktop/stingray/arm_fpga_04_hdmi_output/arm_fpga_04_hdmi_output.gen/sources_1/bd/design_1/ip/design_1_processing_system7_0_0/design_1_processing_system7_0_0_stub.vhdl'. Please regenerate to continue.
WARNING: [IP_Flow 19-3664] IP 'design_1_processing_system7_0_0' generated file not found 'c:/Users/Saad/Desktop/stingray/arm_fpga_04_hdmi_output/arm_fpga_04_hdmi_output.gen/sources_1/bd/design_1/ip/design_1_processing_system7_0_0/design_1_processing_system7_0_0_sim_netlist.v'. Please regenerate to continue.
WARNING: [IP_Flow 19-3664] IP 'design_1_processing_system7_0_0' generated file not found 'c:/Users/Saad/Desktop/stingray/arm_fpga_04_hdmi_output/arm_fpga_04_hdmi_output.gen/sources_1/bd/design_1/ip/design_1_processing_system7_0_0/design_1_processing_system7_0_0_sim_netlist.vhdl'. Please regenerate to continue.
WARNING: [IP_Flow 19-3664] IP 'design_1_axi_smc_0' generated file not found 'c:/Users/Saad/Desktop/stingray/arm_fpga_04_hdmi_output/arm_fpga_04_hdmi_output.gen/sources_1/bd/design_1/ip/design_1_axi_smc_0/design_1_axi_smc_0.dcp'. Please regenerate to continue.
WARNING: [IP_Flow 19-3664] IP 'design_1_axi_smc_0' generated file not found 'c:/Users/Saad/Desktop/stingray/arm_fpga_04_hdmi_output/arm_fpga_04_hdmi_output.gen/sources_1/bd/design_1/ip/design_1_axi_smc_0/design_1_axi_smc_0_stub.v'. Please regenerate to continue.
WARNING: [IP_Flow 19-3664] IP 'design_1_axi_smc_0' generated file not found 'c:/Users/Saad/Desktop/stingray/arm_fpga_04_hdmi_output/arm_fpga_04_hdmi_output.gen/sources_1/bd/design_1/ip/design_1_axi_smc_0/design_1_axi_smc_0_stub.vhdl'. Please regenerate to continue.
WARNING: [IP_Flow 19-3664] IP 'design_1_axi_smc_0' generated file not found 'c:/Users/Saad/Desktop/stingray/arm_fpga_04_hdmi_output/arm_fpga_04_hdmi_output.gen/sources_1/bd/design_1/ip/design_1_axi_smc_0/design_1_axi_smc_0_sim_netlist.v'. Please regenerate to continue.
WARNING: [IP_Flow 19-3664] IP 'design_1_axi_smc_0' generated file not found 'c:/Users/Saad/Desktop/stingray/arm_fpga_04_hdmi_output/arm_fpga_04_hdmi_output.gen/sources_1/bd/design_1/ip/design_1_axi_smc_0/design_1_axi_smc_0_sim_netlist.vhdl'. Please regenerate to continue.
WARNING: [BD 41-2576] File 'c:/Users/Saad/Desktop/stingray/arm_fpga_04_hdmi_output/arm_fpga_04_hdmi_output.gen/sources_1/bd/design_1/ip/design_1_axi_smc_0/bd_0/ip/ip_0/bd_afc3_one_0.xci' referenced by design 'bd_afc3' could not be found.
WARNING: [BD 41-2576] File 'c:/Users/Saad/Desktop/stingray/arm_fpga_04_hdmi_output/arm_fpga_04_hdmi_output.gen/sources_1/bd/design_1/ip/design_1_axi_smc_0/bd_0/ip/ip_1/bd_afc3_psr_aclk_0.xci' referenced by design 'bd_afc3' could not be found.
WARNING: [BD 41-2576] File 'c:/Users/Saad/Desktop/stingray/arm_fpga_04_hdmi_output/arm_fpga_04_hdmi_output.gen/sources_1/bd/design_1/ip/design_1_axi_smc_0/bd_0/ip/ip_2/bd_afc3_s00mmu_0.xci' referenced by design 'bd_afc3' could not be found.
WARNING: [BD 41-2576] File 'c:/Users/Saad/Desktop/stingray/arm_fpga_04_hdmi_output/arm_fpga_04_hdmi_output.gen/sources_1/bd/design_1/ip/design_1_axi_smc_0/bd_0/ip/ip_3/bd_afc3_s00tr_0.xci' referenced by design 'bd_afc3' could not be found.
WARNING: [BD 41-2576] File 'c:/Users/Saad/Desktop/stingray/arm_fpga_04_hdmi_output/arm_fpga_04_hdmi_output.gen/sources_1/bd/design_1/ip/design_1_axi_smc_0/bd_0/ip/ip_4/bd_afc3_s00sic_0.xci' referenced by design 'bd_afc3' could not be found.
WARNING: [BD 41-2576] File 'c:/Users/Saad/Desktop/stingray/arm_fpga_04_hdmi_output/arm_fpga_04_hdmi_output.gen/sources_1/bd/design_1/ip/design_1_axi_smc_0/bd_0/ip/ip_5/bd_afc3_s00a2s_0.xci' referenced by design 'bd_afc3' could not be found.
WARNING: [BD 41-2576] File 'c:/Users/Saad/Desktop/stingray/arm_fpga_04_hdmi_output/arm_fpga_04_hdmi_output.gen/sources_1/bd/design_1/ip/design_1_axi_smc_0/bd_0/ip/ip_6/bd_afc3_sarn_0.xci' referenced by design 'bd_afc3' could not be found.
WARNING: [BD 41-2576] File 'c:/Users/Saad/Desktop/stingray/arm_fpga_04_hdmi_output/arm_fpga_04_hdmi_output.gen/sources_1/bd/design_1/ip/design_1_axi_smc_0/bd_0/ip/ip_7/bd_afc3_srn_0.xci' referenced by design 'bd_afc3' could not be found.
WARNING: [BD 41-2576] File 'c:/Users/Saad/Desktop/stingray/arm_fpga_04_hdmi_output/arm_fpga_04_hdmi_output.gen/sources_1/bd/design_1/ip/design_1_axi_smc_0/bd_0/ip/ip_8/bd_afc3_m00s2a_0.xci' referenced by design 'bd_afc3' could not be found.
WARNING: [BD 41-2576] File 'c:/Users/Saad/Desktop/stingray/arm_fpga_04_hdmi_output/arm_fpga_04_hdmi_output.gen/sources_1/bd/design_1/ip/design_1_axi_smc_0/bd_0/ip/ip_9/bd_afc3_m00e_0.xci' referenced by design 'bd_afc3' could not be found.
WARNING: [IP_Flow 19-3664] IP 'design_1_v_axi4s_vid_out_0_0' generated file not found 'c:/Users/Saad/Desktop/stingray/arm_fpga_04_hdmi_output/arm_fpga_04_hdmi_output.gen/sources_1/bd/design_1/ip/design_1_v_axi4s_vid_out_0_0/design_1_v_axi4s_vid_out_0_0.dcp'. Please regenerate to continue.
WARNING: [IP_Flow 19-3664] IP 'design_1_v_axi4s_vid_out_0_0' generated file not found 'c:/Users/Saad/Desktop/stingray/arm_fpga_04_hdmi_output/arm_fpga_04_hdmi_output.gen/sources_1/bd/design_1/ip/design_1_v_axi4s_vid_out_0_0/design_1_v_axi4s_vid_out_0_0_stub.v'. Please regenerate to continue.
WARNING: [IP_Flow 19-3664] IP 'design_1_v_axi4s_vid_out_0_0' generated file not found 'c:/Users/Saad/Desktop/stingray/arm_fpga_04_hdmi_output/arm_fpga_04_hdmi_output.gen/sources_1/bd/design_1/ip/design_1_v_axi4s_vid_out_0_0/design_1_v_axi4s_vid_out_0_0_stub.vhdl'. Please regenerate to continue.
WARNING: [IP_Flow 19-3664] IP 'design_1_v_axi4s_vid_out_0_0' generated file not found 'c:/Users/Saad/Desktop/stingray/arm_fpga_04_hdmi_output/arm_fpga_04_hdmi_output.gen/sources_1/bd/design_1/ip/design_1_v_axi4s_vid_out_0_0/design_1_v_axi4s_vid_out_0_0_sim_netlist.v'. Please regenerate to continue.
WARNING: [IP_Flow 19-3664] IP 'design_1_v_axi4s_vid_out_0_0' generated file not found 'c:/Users/Saad/Desktop/stingray/arm_fpga_04_hdmi_output/arm_fpga_04_hdmi_output.gen/sources_1/bd/design_1/ip/design_1_v_axi4s_vid_out_0_0/design_1_v_axi4s_vid_out_0_0_sim_netlist.vhdl'. Please regenerate to continue.
WARNING: [IP_Flow 19-3664] IP 'design_1_v_tc_0_0' generated file not found 'c:/Users/Saad/Desktop/stingray/arm_fpga_04_hdmi_output/arm_fpga_04_hdmi_output.gen/sources_1/bd/design_1/ip/design_1_v_tc_0_0/design_1_v_tc_0_0.dcp'. Please regenerate to continue.
WARNING: [IP_Flow 19-3664] IP 'design_1_v_tc_0_0' generated file not found 'c:/Users/Saad/Desktop/stingray/arm_fpga_04_hdmi_output/arm_fpga_04_hdmi_output.gen/sources_1/bd/design_1/ip/design_1_v_tc_0_0/design_1_v_tc_0_0_stub.v'. Please regenerate to continue.
WARNING: [IP_Flow 19-3664] IP 'design_1_v_tc_0_0' generated file not found 'c:/Users/Saad/Desktop/stingray/arm_fpga_04_hdmi_output/arm_fpga_04_hdmi_output.gen/sources_1/bd/design_1/ip/design_1_v_tc_0_0/design_1_v_tc_0_0_stub.vhdl'. Please regenerate to continue.
WARNING: [IP_Flow 19-3664] IP 'design_1_v_tc_0_0' generated file not found 'c:/Users/Saad/Desktop/stingray/arm_fpga_04_hdmi_output/arm_fpga_04_hdmi_output.gen/sources_1/bd/design_1/ip/design_1_v_tc_0_0/design_1_v_tc_0_0_sim_netlist.v'. Please regenerate to continue.
WARNING: [IP_Flow 19-3664] IP 'design_1_v_tc_0_0' generated file not found 'c:/Users/Saad/Desktop/stingray/arm_fpga_04_hdmi_output/arm_fpga_04_hdmi_output.gen/sources_1/bd/design_1/ip/design_1_v_tc_0_0/design_1_v_tc_0_0_sim_netlist.vhdl'. Please regenerate to continue.
open_project: Time (s): cpu = 00:00:27 ; elapsed = 00:00:10 . Memory (MB): peak = 1360.621 ; gain = 0.000
open_bd_design {C:/Users/Saad/Desktop/stingray/arm_fpga_04_hdmi_output/arm_fpga_04_hdmi_output.srcs/sources_1/bd/design_1/design_1.bd}
Reading block design file <C:/Users/Saad/Desktop/stingray/arm_fpga_04_hdmi_output/arm_fpga_04_hdmi_output.srcs/sources_1/bd/design_1/design_1.bd>...
Adding component instance block -- xilinx.com:ip:processing_system7:5.5 - processing_system7_0
WARNING: [BD 41-176] The physical port 'M_AXI_GP0_aximm_wr_socket' specified in the portmap, is not found on the block! 
WARNING: [BD 41-176] The physical port 'M_AXI_GP0_aximm_rd_socket' specified in the portmap, is not found on the block! 
WARNING: [BD 41-176] The physical port 'S_AXI_HP0_aximm_wr_socket' specified in the portmap, is not found on the block! 
WARNING: [BD 41-176] The physical port 'S_AXI_HP0_aximm_rd_socket' specified in the portmap, is not found on the block! 
Adding component instance block -- xilinx.com:ip:proc_sys_reset:5.0 - rst_ps7_0_142M
Adding component instance block -- xilinx.com:ip:proc_sys_reset:5.0 - rst_ps7_0_100M
Adding component instance block -- digilentinc.com:ip:axi_dynclk:1.0 - axi_dynclk_0
Adding component instance block -- digilentinc.com:ip:rgb2dvi:1.2 - rgb2dvi_0
Adding component instance block -- xilinx.com:ip:axi_gpio:2.0 - axi_gpio_0
Adding component instance block -- xilinx.com:ip:smartconnect:1.0 - axi_smc
Adding component instance block -- xilinx.com:ip:axi_vdma:6.3 - axi_vdma_0
Adding component instance block -- xilinx.com:ip:axis_subset_converter:1.1 - axis_subset_converter_0
Adding component instance block -- xilinx.com:ip:axi_interconnect:2.1 - ps7_0_axi_periph
Adding component instance block -- xilinx.com:ip:axi_crossbar:2.1 - xbar
Adding component instance block -- xilinx.com:ip:axi_protocol_converter:2.1 - auto_pc
INFO: [BD 41-434] Could not find an IP with XCI file by name: design_1_auto_pc_0 
Adding component instance block -- xilinx.com:ip:v_axi4s_vid_out:4.0 - v_axi4s_vid_out_0
Adding component instance block -- xilinx.com:ip:v_tc:6.2 - v_tc_0
Adding component instance block -- xilinx.com:ip:xlconcat:2.1 - xlconcat_0
Adding component instance block -- xilinx.com:ip:xlconstant:1.1 - xlconstant_1
Successfully read diagram <design_1> from block design file <C:/Users/Saad/Desktop/stingray/arm_fpga_04_hdmi_output/arm_fpga_04_hdmi_output.srcs/sources_1/bd/design_1/design_1.bd>
INFO: [BD 41-433] 
Design successfully migrated to use XCI files...
INFO: [BD 41-433] 
Design successfully migrated to use XCI files...
open_bd_design: Time (s): cpu = 00:00:24 ; elapsed = 00:00:12 . Memory (MB): peak = 1360.621 ; gain = 0.000
update_compile_order -fileset sources_1
WARNING: [IP_Flow 19-474] Invalid Parameter 'Component_Name'
startgroup
set_property -dict [list CONFIG.PCW_FPGA0_PERIPHERAL_FREQMHZ {142.85}] [get_bd_cells processing_system7_0]
WARNING: [BD 41-176] The physical port 'M_AXI_GP0_aximm_wr_socket' specified in the portmap, is not found on the block! 
WARNING: [BD 41-176] The physical port 'M_AXI_GP0_aximm_rd_socket' specified in the portmap, is not found on the block! 
WARNING: [BD 41-176] The physical port 'S_AXI_HP0_aximm_wr_socket' specified in the portmap, is not found on the block! 
WARNING: [BD 41-176] The physical port 'S_AXI_HP0_aximm_rd_socket' specified in the portmap, is not found on the block! 
endgroup
disconnect_bd_net /processing_system7_0_FCLK_RESET0_N [get_bd_pins rst_ps7_0_100M/ext_reset_in]
disconnect_bd_net /processing_system7_0_FCLK_CLK0 [get_bd_pins rst_ps7_0_100M/slowest_sync_clk]
disconnect_bd_net /rst_ps7_0_100M_peripheral_aresetn [get_bd_pins rst_ps7_0_100M/peripheral_aresetn]
delete_bd_objs [get_bd_cells rst_ps7_0_100M]
startgroup
connect_bd_net [get_bd_pins rst_ps7_0_142M/peripheral_aresetn] [get_bd_pins axi_dynclk_0/s00_axi_aresetn]
connect_bd_net [get_bd_pins rst_ps7_0_142M/peripheral_aresetn] [get_bd_pins axi_gpio_0/s_axi_aresetn]
WARNING: [BD 41-395] Exec TCL: all ports/pins are already connected to '/rst_ps7_0_142M_peripheral_aresetn'
ERROR: [BD 5-4] Error: running connect_bd_net.
ERROR: [Common 17-39] 'connect_bd_net' failed due to earlier errors.
endgroup
save_bd_design
Wrote  : <C:\Users\Saad\Desktop\stingray\arm_fpga_04_hdmi_output\arm_fpga_04_hdmi_output.srcs\sources_1\bd\design_1\design_1.bd> 
Wrote  : <C:/Users/Saad/Desktop/stingray/arm_fpga_04_hdmi_output/arm_fpga_04_hdmi_output.srcs/sources_1/bd/design_1/ui/bd_1f5defd0.ui> 
validate_bd_design
WARNING: [BD 41-176] The physical port 'M_AXI_GP0_aximm_wr_socket' specified in the portmap, is not found on the block! 
WARNING: [BD 41-176] The physical port 'M_AXI_GP0_aximm_rd_socket' specified in the portmap, is not found on the block! 
WARNING: [BD 41-176] The physical port 'S_AXI_HP0_aximm_wr_socket' specified in the portmap, is not found on the block! 
WARNING: [BD 41-176] The physical port 'S_AXI_HP0_aximm_rd_socket' specified in the portmap, is not found on the block! 
INFO: [xilinx.com:ip:smartconnect:1.0-1] design_1_axi_smc_0: SmartConnect design_1_axi_smc_0 is in High-performance Mode.
CRITICAL WARNING: [BD 41-1343] Reset pin /v_tc_0/resetn (associated clock /v_tc_0/clk) is connected to reset source /rst_ps7_0_142M/peripheral_aresetn (synchronous to clock source /processing_system7_0/FCLK_CLK0).
This may prevent design from meeting timing. Please add Processor System Reset module to create a reset that is synchronous to the associated clock source /axi_dynclk_0/PXL_CLK_O.
WARNING: [BD 41-927] Following properties on pin /axi_dynclk_0/REF_CLK_I have been updated from connected ip, but BD cell '/axi_dynclk_0' does not accept parameter changes, so they may not be synchronized with cell properties:
	PHASE = 0.000 
Please resolve any mismatches by directly setting properties on BD cell </axi_dynclk_0> to completely resolve these warnings.
WARNING: [BD 41-927] Following properties on pin /axi_dynclk_0/PXL_CLK_O have been updated from connected ip, but BD cell '/axi_dynclk_0' does not accept parameter changes, so they may not be synchronized with cell properties:
	PHASE = 0.000 
Please resolve any mismatches by directly setting properties on BD cell </axi_dynclk_0> to completely resolve these warnings.
WARNING: [BD 41-927] Following properties on pin /axi_dynclk_0/PXL_CLK_5X_O have been updated from connected ip, but BD cell '/axi_dynclk_0' does not accept parameter changes, so they may not be synchronized with cell properties:
	PHASE = 0.000 
Please resolve any mismatches by directly setting properties on BD cell </axi_dynclk_0> to completely resolve these warnings.
WARNING: [BD 41-927] Following properties on pin /axi_dynclk_0/s00_axi_aclk have been updated from connected ip, but BD cell '/axi_dynclk_0' does not accept parameter changes, so they may not be synchronized with cell properties:
	PHASE = 0.000 
Please resolve any mismatches by directly setting properties on BD cell </axi_dynclk_0> to completely resolve these warnings.
WARNING: [BD 41-927] Following properties on pin /rgb2dvi_0/PixelClk have been updated from connected ip, but BD cell '/rgb2dvi_0' does not accept parameter changes, so they may not be synchronized with cell properties:
	PHASE = 0.000 
Please resolve any mismatches by directly setting properties on BD cell </rgb2dvi_0> to completely resolve these warnings.
WARNING: [BD 41-927] Following properties on pin /rgb2dvi_0/SerialClk have been updated from connected ip, but BD cell '/rgb2dvi_0' does not accept parameter changes, so they may not be synchronized with cell properties:
	PHASE = 0.000 
Please resolve any mismatches by directly setting properties on BD cell </rgb2dvi_0> to completely resolve these warnings.
validate_bd_design: Time (s): cpu = 00:00:09 ; elapsed = 00:00:09 . Memory (MB): peak = 1616.137 ; gain = 57.719
validate_bd_design -force
INFO: [xilinx.com:ip:smartconnect:1.0-1] design_1_axi_smc_0: SmartConnect design_1_axi_smc_0 is in High-performance Mode.
CRITICAL WARNING: [BD 41-1343] Reset pin /v_tc_0/resetn (associated clock /v_tc_0/clk) is connected to reset source /rst_ps7_0_142M/peripheral_aresetn (synchronous to clock source /processing_system7_0/FCLK_CLK0).
This may prevent design from meeting timing. Please add Processor System Reset module to create a reset that is synchronous to the associated clock source /axi_dynclk_0/PXL_CLK_O.
WARNING: [BD 41-927] Following properties on pin /axi_dynclk_0/REF_CLK_I have been updated from connected ip, but BD cell '/axi_dynclk_0' does not accept parameter changes, so they may not be synchronized with cell properties:
	PHASE = 0.000 
Please resolve any mismatches by directly setting properties on BD cell </axi_dynclk_0> to completely resolve these warnings.
WARNING: [BD 41-927] Following properties on pin /axi_dynclk_0/PXL_CLK_O have been updated from connected ip, but BD cell '/axi_dynclk_0' does not accept parameter changes, so they may not be synchronized with cell properties:
	PHASE = 0.000 
Please resolve any mismatches by directly setting properties on BD cell </axi_dynclk_0> to completely resolve these warnings.
WARNING: [BD 41-927] Following properties on pin /axi_dynclk_0/PXL_CLK_5X_O have been updated from connected ip, but BD cell '/axi_dynclk_0' does not accept parameter changes, so they may not be synchronized with cell properties:
	PHASE = 0.000 
Please resolve any mismatches by directly setting properties on BD cell </axi_dynclk_0> to completely resolve these warnings.
WARNING: [BD 41-927] Following properties on pin /axi_dynclk_0/s00_axi_aclk have been updated from connected ip, but BD cell '/axi_dynclk_0' does not accept parameter changes, so they may not be synchronized with cell properties:
	PHASE = 0.000 
Please resolve any mismatches by directly setting properties on BD cell </axi_dynclk_0> to completely resolve these warnings.
WARNING: [BD 41-927] Following properties on pin /rgb2dvi_0/PixelClk have been updated from connected ip, but BD cell '/rgb2dvi_0' does not accept parameter changes, so they may not be synchronized with cell properties:
	PHASE = 0.000 
Please resolve any mismatches by directly setting properties on BD cell </rgb2dvi_0> to completely resolve these warnings.
WARNING: [BD 41-927] Following properties on pin /rgb2dvi_0/SerialClk have been updated from connected ip, but BD cell '/rgb2dvi_0' does not accept parameter changes, so they may not be synchronized with cell properties:
	PHASE = 0.000 
Please resolve any mismatches by directly setting properties on BD cell </rgb2dvi_0> to completely resolve these warnings.
save_bd_design
Wrote  : <C:\Users\Saad\Desktop\stingray\arm_fpga_04_hdmi_output\arm_fpga_04_hdmi_output.srcs\sources_1\bd\design_1\design_1.bd> 
Wrote  : <C:/Users/Saad/Desktop/stingray/arm_fpga_04_hdmi_output/arm_fpga_04_hdmi_output.srcs/sources_1/bd/design_1/ui/bd_1f5defd0.ui> 
reset_run synth_1
reset_run design_1_processing_system7_0_0_synth_1
reset_run design_1_v_axi4s_vid_out_0_0_synth_1
reset_run design_1_v_tc_0_0_synth_1
reset_run design_1_axi_vdma_0_0_synth_1
reset_run design_1_axis_subset_converter_0_0_synth_1
reset_run design_1_xbar_0_synth_1
launch_runs impl_1 -to_step write_bitstream -jobs 8
INFO: [BD 41-1662] The design 'design_1.bd' is already validated. Therefore parameter propagation will not be re-run.
VHDL Output written to : c:/Users/Saad/Desktop/stingray/arm_fpga_04_hdmi_output/arm_fpga_04_hdmi_output.gen/sources_1/bd/design_1/synth/design_1.v
VHDL Output written to : c:/Users/Saad/Desktop/stingray/arm_fpga_04_hdmi_output/arm_fpga_04_hdmi_output.gen/sources_1/bd/design_1/sim/design_1.v
VHDL Output written to : c:/Users/Saad/Desktop/stingray/arm_fpga_04_hdmi_output/arm_fpga_04_hdmi_output.gen/sources_1/bd/design_1/hdl/design_1_wrapper.v
INFO: [IP_Flow 19-5611] Unable to find an associated reset port for the interface 'M_AXI_GP0'. A default connection has been created.
INFO: [IP_Flow 19-5611] Unable to find an associated reset port for the interface 'S_AXI_HP0'. A default connection has been created.
INFO: [BD 41-1029] Generation completed for the IP Integrator block processing_system7_0 .
INFO: [BD 41-1029] Generation completed for the IP Integrator block rst_ps7_0_142M .
Exporting to file c:/Users/Saad/Desktop/stingray/arm_fpga_04_hdmi_output/arm_fpga_04_hdmi_output.gen/sources_1/bd/design_1/ip/design_1_axi_smc_0/bd_0/hw_handoff/design_1_axi_smc_0.hwh
Generated Hardware Definition File c:/Users/Saad/Desktop/stingray/arm_fpga_04_hdmi_output/arm_fpga_04_hdmi_output.gen/sources_1/bd/design_1/ip/design_1_axi_smc_0/bd_0/synth/design_1_axi_smc_0.hwdef
INFO: [BD 41-1029] Generation completed for the IP Integrator block axi_smc .
WARNING: [IP_Flow 19-4994] Overwriting existing constraint file 'c:/Users/Saad/Desktop/stingray/arm_fpga_04_hdmi_output/arm_fpga_04_hdmi_output.gen/sources_1/bd/design_1/ip/design_1_axi_vdma_0_0/design_1_axi_vdma_0_0_ooc.xdc'
INFO: [BD 41-1029] Generation completed for the IP Integrator block axi_vdma_0 .
WARNING: [IP_Flow 19-4994] Overwriting existing constraint file 'c:/Users/Saad/Desktop/stingray/arm_fpga_04_hdmi_output/arm_fpga_04_hdmi_output.gen/sources_1/bd/design_1/ip/design_1_axis_subset_converter_0_0/design_1_axis_subset_converter_0_0_ooc.xdc'
INFO: [BD 41-1029] Generation completed for the IP Integrator block axis_subset_converter_0 .
INFO: [BD 41-1029] Generation completed for the IP Integrator block ps7_0_axi_periph/xbar .
INFO: [BD 41-1029] Generation completed for the IP Integrator block v_axi4s_vid_out_0 .
INFO: [BD 41-1029] Generation completed for the IP Integrator block v_tc_0 .
WARNING: [IP_Flow 19-4994] Overwriting existing constraint file 'c:/Users/Saad/Desktop/stingray/arm_fpga_04_hdmi_output/arm_fpga_04_hdmi_output.gen/sources_1/bd/design_1/ip/design_1_auto_pc_0/design_1_auto_pc_0_ooc.xdc'
INFO: [BD 41-1029] Generation completed for the IP Integrator block ps7_0_axi_periph/s00_couplers/auto_pc .
Exporting to file c:/Users/Saad/Desktop/stingray/arm_fpga_04_hdmi_output/arm_fpga_04_hdmi_output.gen/sources_1/bd/design_1/hw_handoff/design_1.hwh
Generated Hardware Definition File c:/Users/Saad/Desktop/stingray/arm_fpga_04_hdmi_output/arm_fpga_04_hdmi_output.gen/sources_1/bd/design_1/synth/design_1.hwdef
[Wed May 20 11:55:59 2026] Launched design_1_processing_system7_0_0_synth_1, design_1_axi_vdma_0_0_synth_1, design_1_axis_subset_converter_0_0_synth_1, design_1_v_axi4s_vid_out_0_0_synth_1, design_1_v_tc_0_0_synth_1, design_1_xbar_0_synth_1, design_1_axi_smc_0_synth_1, design_1_auto_pc_0_synth_1, design_1_rst_ps7_0_142M_0_synth_1, synth_1...
Run output will be captured here:
design_1_processing_system7_0_0_synth_1: C:/Users/Saad/Desktop/stingray/arm_fpga_04_hdmi_output/arm_fpga_04_hdmi_output.runs/design_1_processing_system7_0_0_synth_1/runme.log
design_1_axi_vdma_0_0_synth_1: C:/Users/Saad/Desktop/stingray/arm_fpga_04_hdmi_output/arm_fpga_04_hdmi_output.runs/design_1_axi_vdma_0_0_synth_1/runme.log
design_1_axis_subset_converter_0_0_synth_1: C:/Users/Saad/Desktop/stingray/arm_fpga_04_hdmi_output/arm_fpga_04_hdmi_output.runs/design_1_axis_subset_converter_0_0_synth_1/runme.log
design_1_v_axi4s_vid_out_0_0_synth_1: C:/Users/Saad/Desktop/stingray/arm_fpga_04_hdmi_output/arm_fpga_04_hdmi_output.runs/design_1_v_axi4s_vid_out_0_0_synth_1/runme.log
design_1_v_tc_0_0_synth_1: C:/Users/Saad/Desktop/stingray/arm_fpga_04_hdmi_output/arm_fpga_04_hdmi_output.runs/design_1_v_tc_0_0_synth_1/runme.log
design_1_xbar_0_synth_1: C:/Users/Saad/Desktop/stingray/arm_fpga_04_hdmi_output/arm_fpga_04_hdmi_output.runs/design_1_xbar_0_synth_1/runme.log
design_1_axi_smc_0_synth_1: C:/Users/Saad/Desktop/stingray/arm_fpga_04_hdmi_output/arm_fpga_04_hdmi_output.runs/design_1_axi_smc_0_synth_1/runme.log
design_1_auto_pc_0_synth_1: C:/Users/Saad/Desktop/stingray/arm_fpga_04_hdmi_output/arm_fpga_04_hdmi_output.runs/design_1_auto_pc_0_synth_1/runme.log
design_1_rst_ps7_0_142M_0_synth_1: C:/Users/Saad/Desktop/stingray/arm_fpga_04_hdmi_output/arm_fpga_04_hdmi_output.runs/design_1_rst_ps7_0_142M_0_synth_1/runme.log
synth_1: C:/Users/Saad/Desktop/stingray/arm_fpga_04_hdmi_output/arm_fpga_04_hdmi_output.runs/synth_1/runme.log
[Wed May 20 11:55:59 2026] Launched impl_1...
Run output will be captured here: C:/Users/Saad/Desktop/stingray/arm_fpga_04_hdmi_output/arm_fpga_04_hdmi_output.runs/impl_1/runme.log
launch_runs: Time (s): cpu = 00:00:29 ; elapsed = 00:00:43 . Memory (MB): peak = 1880.551 ; gain = 248.680
set_property  ip_repo_paths  {c:/Users/Saad/Desktop/stingray/arm_fpga_04_hdmi_output/repo c:/Users/Saad/Desktop/stingray/passthrough/passthrough.srcs/sources_1/new} [current_project]
update_ip_catalog
INFO: [IP_Flow 19-234] Refreshing IP repositories
INFO: [IP_Flow 19-1700] Loaded user IP repository 'c:/Users/Saad/Desktop/stingray/arm_fpga_04_hdmi_output/repo'.
WARNING: [IP_Flow 19-2248] Failed to load user IP repository 'c:/Users/Saad/Desktop/stingray/passthrough/passthrough.srcs/sources_1/new'; Can't find the specified path.
If this directory should no longer be in your list of user repositories, go to the IP Settings dialog and remove it.
set_property  ip_repo_paths  c:/Users/Saad/Desktop/stingray/passthrough/passthrough.srcs/sources_1/new [current_project]
update_ip_catalog
INFO: [IP_Flow 19-234] Refreshing IP repositories
WARNING: [IP_Flow 19-2248] Failed to load user IP repository 'c:/Users/Saad/Desktop/stingray/passthrough/passthrough.srcs/sources_1/new'; Can't find the specified path.
If this directory should no longer be in your list of user repositories, go to the IP Settings dialog and remove it.
set_property  ip_repo_paths  {} [current_project]
update_ip_catalog
INFO: [IP_Flow 19-234] Refreshing IP repositories
INFO: [IP_Flow 19-1704] No user IP repositories specified
set_property  ip_repo_paths  {c:/Users/Saad/Desktop/stingray/arm_fpga_04_hdmi_output/repo c:/Users/Saad/Desktop/stingray/passthrough/passthrough.srcs/sources_1/new c:/Users/Saad/Desktop/stingray/grayscale/axis_grayscale/axis_grayscale.srcs/sources_1/new} [current_project]
update_ip_catalog
INFO: [IP_Flow 19-234] Refreshing IP repositories
INFO: [IP_Flow 19-1700] Loaded user IP repository 'c:/Users/Saad/Desktop/stingray/arm_fpga_04_hdmi_output/repo'.
WARNING: [IP_Flow 19-2248] Failed to load user IP repository 'c:/Users/Saad/Desktop/stingray/passthrough/passthrough.srcs/sources_1/new'; Can't find the specified path.
If this directory should no longer be in your list of user repositories, go to the IP Settings dialog and remove it.
WARNING: [IP_Flow 19-2248] Failed to load user IP repository 'c:/Users/Saad/Desktop/stingray/grayscale/axis_grayscale/axis_grayscale.srcs/sources_1/new'; Can't find the specified path.
If this directory should no longer be in your list of user repositories, go to the IP Settings dialog and remove it.
reset_run synth_1
reset_run design_1_axi_vdma_0_0_synth_1
reset_run design_1_axi_smc_0_synth_1
launch_runs impl_1 -to_step write_bitstream -jobs 8
[Wed May 20 12:03:59 2026] Launched design_1_axi_vdma_0_0_synth_1, design_1_axi_smc_0_synth_1, synth_1...
Run output will be captured here:
design_1_axi_vdma_0_0_synth_1: C:/Users/Saad/Desktop/stingray/arm_fpga_04_hdmi_output/arm_fpga_04_hdmi_output.runs/design_1_axi_vdma_0_0_synth_1/runme.log
design_1_axi_smc_0_synth_1: C:/Users/Saad/Desktop/stingray/arm_fpga_04_hdmi_output/arm_fpga_04_hdmi_output.runs/design_1_axi_smc_0_synth_1/runme.log
synth_1: C:/Users/Saad/Desktop/stingray/arm_fpga_04_hdmi_output/arm_fpga_04_hdmi_output.runs/synth_1/runme.log
[Wed May 20 12:03:59 2026] Launched impl_1...
Run output will be captured here: C:/Users/Saad/Desktop/stingray/arm_fpga_04_hdmi_output/arm_fpga_04_hdmi_output.runs/impl_1/runme.log
open_run impl_1
INFO: [Device 21-403] Loading part xc7z010clg400-1
Netlist sorting complete. Time (s): cpu = 00:00:00 ; elapsed = 00:00:00.253 . Memory (MB): peak = 2034.020 ; gain = 0.000
INFO: [Netlist 29-17] Analyzing 378 Unisim elements for replacement
INFO: [Netlist 29-28] Unisim Transformation completed in 0 CPU seconds
INFO: [Project 1-479] Netlist was created with Vivado 2021.2
INFO: [Project 1-570] Preparing netlist for logic optimization
INFO: [Timing 38-478] Restoring timing data from binary archive.
INFO: [Timing 38-479] Binary timing data restore complete.
INFO: [Project 1-856] Restoring constraints from binary archive.
INFO: [Project 1-853] Binary constraint restore complete.
Reading XDEF placement.
Reading placer database...
Reading XDEF routing.
Read XDEF File: Time (s): cpu = 00:00:01 ; elapsed = 00:00:00.708 . Memory (MB): peak = 2776.461 ; gain = 0.000
Restored from archive | CPU: 1.000000 secs | Memory: 0.000000 MB |
Finished XDEF File Restore: Time (s): cpu = 00:00:01 ; elapsed = 00:00:00.708 . Memory (MB): peak = 2776.461 ; gain = 0.000
Netlist sorting complete. Time (s): cpu = 00:00:00 ; elapsed = 00:00:00.004 . Memory (MB): peak = 2776.461 ; gain = 0.000
INFO: [Project 1-111] Unisim Transformation Summary:
  A total of 25 instances were transformed.
  RAM32M => RAM32M (RAMD32(x6), RAMS32(x2)): 25 instances

open_run: Time (s): cpu = 00:00:25 ; elapsed = 00:00:17 . Memory (MB): peak = 2895.840 ; gain = 952.215
CRITICAL WARNING: [Timing 38-282] The design failed to meet the timing requirements. Please see the timing summary report for details on the timing violations.
WARNING: [Timing 38-436] There are set_bus_skew constraint(s) in this design. Please run report_bus_skew to ensure that bus skew requirements are met.
open_bd_design {C:/Users/Saad/Desktop/stingray/arm_fpga_04_hdmi_output/arm_fpga_04_hdmi_output.srcs/sources_1/bd/design_1/design_1.bd}
WARNING: [IP_Flow 19-474] Invalid Parameter 'Component_Name'
startgroup
set_property -dict [list CONFIG.PCW_ENET0_GRP_MDIO_ENABLE {1} CONFIG.PCW_ENET0_GRP_MDIO_IO {MIO 52 .. 53}] [get_bd_cells processing_system7_0]
WARNING: [BD 41-176] The physical port 'M_AXI_GP0_aximm_wr_socket' specified in the portmap, is not found on the block! 
WARNING: [BD 41-176] The physical port 'M_AXI_GP0_aximm_rd_socket' specified in the portmap, is not found on the block! 
WARNING: [BD 41-176] The physical port 'S_AXI_HP0_aximm_wr_socket' specified in the portmap, is not found on the block! 
WARNING: [BD 41-176] The physical port 'S_AXI_HP0_aximm_rd_socket' specified in the portmap, is not found on the block! 
endgroup
save_bd_design
Wrote  : <C:\Users\Saad\Desktop\stingray\arm_fpga_04_hdmi_output\arm_fpga_04_hdmi_output.srcs\sources_1\bd\design_1\design_1.bd> 
Wrote  : <C:/Users/Saad/Desktop/stingray/arm_fpga_04_hdmi_output/arm_fpga_04_hdmi_output.srcs/sources_1/bd/design_1/ui/bd_1f5defd0.ui> 
validate_bd_design
INFO: [xilinx.com:ip:smartconnect:1.0-1] design_1_axi_smc_0: SmartConnect design_1_axi_smc_0 is in High-performance Mode.
CRITICAL WARNING: [BD 41-1343] Reset pin /v_tc_0/resetn (associated clock /v_tc_0/clk) is connected to reset source /rst_ps7_0_142M/peripheral_aresetn (synchronous to clock source /processing_system7_0/FCLK_CLK0).
This may prevent design from meeting timing. Please add Processor System Reset module to create a reset that is synchronous to the associated clock source /axi_dynclk_0/PXL_CLK_O.
WARNING: [BD 41-927] Following properties on pin /axi_dynclk_0/REF_CLK_I have been updated from connected ip, but BD cell '/axi_dynclk_0' does not accept parameter changes, so they may not be synchronized with cell properties:
	PHASE = 0.000 
Please resolve any mismatches by directly setting properties on BD cell </axi_dynclk_0> to completely resolve these warnings.
WARNING: [BD 41-927] Following properties on pin /axi_dynclk_0/PXL_CLK_O have been updated from connected ip, but BD cell '/axi_dynclk_0' does not accept parameter changes, so they may not be synchronized with cell properties:
	PHASE = 0.000 
Please resolve any mismatches by directly setting properties on BD cell </axi_dynclk_0> to completely resolve these warnings.
WARNING: [BD 41-927] Following properties on pin /axi_dynclk_0/PXL_CLK_5X_O have been updated from connected ip, but BD cell '/axi_dynclk_0' does not accept parameter changes, so they may not be synchronized with cell properties:
	PHASE = 0.000 
Please resolve any mismatches by directly setting properties on BD cell </axi_dynclk_0> to completely resolve these warnings.
WARNING: [BD 41-927] Following properties on pin /axi_dynclk_0/s00_axi_aclk have been updated from connected ip, but BD cell '/axi_dynclk_0' does not accept parameter changes, so they may not be synchronized with cell properties:
	PHASE = 0.000 
Please resolve any mismatches by directly setting properties on BD cell </axi_dynclk_0> to completely resolve these warnings.
WARNING: [BD 41-927] Following properties on pin /rgb2dvi_0/PixelClk have been updated from connected ip, but BD cell '/rgb2dvi_0' does not accept parameter changes, so they may not be synchronized with cell properties:
	PHASE = 0.000 
Please resolve any mismatches by directly setting properties on BD cell </rgb2dvi_0> to completely resolve these warnings.
WARNING: [BD 41-927] Following properties on pin /rgb2dvi_0/SerialClk have been updated from connected ip, but BD cell '/rgb2dvi_0' does not accept parameter changes, so they may not be synchronized with cell properties:
	PHASE = 0.000 
Please resolve any mismatches by directly setting properties on BD cell </rgb2dvi_0> to completely resolve these warnings.
save_bd_design
Wrote  : <C:\Users\Saad\Desktop\stingray\arm_fpga_04_hdmi_output\arm_fpga_04_hdmi_output.srcs\sources_1\bd\design_1\design_1.bd> 
Wrote  : <C:/Users/Saad/Desktop/stingray/arm_fpga_04_hdmi_output/arm_fpga_04_hdmi_output.srcs/sources_1/bd/design_1/ui/bd_1f5defd0.ui> 
reset_run synth_1
reset_run design_1_processing_system7_0_0_synth_1
reset_run design_1_axi_smc_0_synth_1
launch_runs impl_1 -to_step write_bitstream -jobs 8
INFO: [BD 41-1662] The design 'design_1.bd' is already validated. Therefore parameter propagation will not be re-run.
VHDL Output written to : c:/Users/Saad/Desktop/stingray/arm_fpga_04_hdmi_output/arm_fpga_04_hdmi_output.gen/sources_1/bd/design_1/synth/design_1.v
VHDL Output written to : c:/Users/Saad/Desktop/stingray/arm_fpga_04_hdmi_output/arm_fpga_04_hdmi_output.gen/sources_1/bd/design_1/sim/design_1.v
VHDL Output written to : c:/Users/Saad/Desktop/stingray/arm_fpga_04_hdmi_output/arm_fpga_04_hdmi_output.gen/sources_1/bd/design_1/hdl/design_1_wrapper.v
INFO: [IP_Flow 19-5611] Unable to find an associated reset port for the interface 'M_AXI_GP0'. A default connection has been created.
INFO: [IP_Flow 19-5611] Unable to find an associated reset port for the interface 'S_AXI_HP0'. A default connection has been created.
INFO: [BD 41-1029] Generation completed for the IP Integrator block processing_system7_0 .
Exporting to file c:/Users/Saad/Desktop/stingray/arm_fpga_04_hdmi_output/arm_fpga_04_hdmi_output.gen/sources_1/bd/design_1/ip/design_1_axi_smc_0/bd_0/hw_handoff/design_1_axi_smc_0.hwh
Generated Hardware Definition File c:/Users/Saad/Desktop/stingray/arm_fpga_04_hdmi_output/arm_fpga_04_hdmi_output.gen/sources_1/bd/design_1/ip/design_1_axi_smc_0/bd_0/synth/design_1_axi_smc_0.hwdef
INFO: [BD 41-1029] Generation completed for the IP Integrator block axi_smc .
WARNING: [IP_Flow 19-4994] Overwriting existing constraint file 'c:/Users/Saad/Desktop/stingray/arm_fpga_04_hdmi_output/arm_fpga_04_hdmi_output.gen/sources_1/bd/design_1/ip/design_1_auto_pc_0/design_1_auto_pc_0_ooc.xdc'
INFO: [BD 41-1029] Generation completed for the IP Integrator block ps7_0_axi_periph/s00_couplers/auto_pc .
Exporting to file c:/Users/Saad/Desktop/stingray/arm_fpga_04_hdmi_output/arm_fpga_04_hdmi_output.gen/sources_1/bd/design_1/hw_handoff/design_1.hwh
Generated Hardware Definition File c:/Users/Saad/Desktop/stingray/arm_fpga_04_hdmi_output/arm_fpga_04_hdmi_output.gen/sources_1/bd/design_1/synth/design_1.hwdef
INFO: [IP_Flow 19-4993] Using cached IP synthesis design for IP design_1_auto_pc_0, cache-ID = b39e161870dd77a5; cache size = 75.007 MB.
INFO: [IP_Flow 19-4993] Using cached IP synthesis design for IP design_1_axi_smc_0, cache-ID = cc82f952b334f944; cache size = 75.008 MB.
[Wed May 20 12:19:24 2026] Launched design_1_processing_system7_0_0_synth_1, synth_1...
Run output will be captured here:
design_1_processing_system7_0_0_synth_1: C:/Users/Saad/Desktop/stingray/arm_fpga_04_hdmi_output/arm_fpga_04_hdmi_output.runs/design_1_processing_system7_0_0_synth_1/runme.log
synth_1: C:/Users/Saad/Desktop/stingray/arm_fpga_04_hdmi_output/arm_fpga_04_hdmi_output.runs/synth_1/runme.log
[Wed May 20 12:19:25 2026] Launched impl_1...
Run output will be captured here: C:/Users/Saad/Desktop/stingray/arm_fpga_04_hdmi_output/arm_fpga_04_hdmi_output.runs/impl_1/runme.log
launch_runs: Time (s): cpu = 00:00:28 ; elapsed = 00:00:28 . Memory (MB): peak = 3157.410 ; gain = 15.453
write_hw_platform -fixed -include_bit -force -file C:/Users/Saad/Desktop/stingray/arm_fpga_04_hdmi_output/142mhz_ethernet.xsa
INFO: [Vivado 12-4895] Creating Hardware Platform: C:/Users/Saad/Desktop/stingray/arm_fpga_04_hdmi_output/142mhz_ethernet.xsa ...
INFO: [Vivado 12-12464] The Hardware Platform can be used for Hardware
INFO: [Vivado 12-4896] Successfully created Hardware Platform: C:/Users/Saad/Desktop/stingray/arm_fpga_04_hdmi_output/142mhz_ethernet.xsa
INFO: [Hsi 55-2053] elapsed time for repository (D:/Vivado/2021.2/data/embeddedsw) loading 3 seconds
open_bd_design {C:/Users/Saad/Desktop/stingray/arm_fpga_04_hdmi_output/arm_fpga_04_hdmi_output.srcs/sources_1/bd/design_1/design_1.bd}
open_bd_design {C:/Users/Saad/Desktop/stingray/arm_fpga_04_hdmi_output/arm_fpga_04_hdmi_output.srcs/sources_1/bd/design_1/design_1.bd}
WARNING: [IP_Flow 19-474] Invalid Parameter 'Component_Name'
startgroup
set_property -dict [list CONFIG.PCW_FPGA0_PERIPHERAL_FREQMHZ {100}] [get_bd_cells processing_system7_0]
WARNING: [BD 41-176] The physical port 'M_AXI_GP0_aximm_wr_socket' specified in the portmap, is not found on the block! 
WARNING: [BD 41-176] The physical port 'M_AXI_GP0_aximm_rd_socket' specified in the portmap, is not found on the block! 
WARNING: [BD 41-176] The physical port 'S_AXI_HP0_aximm_wr_socket' specified in the portmap, is not found on the block! 
WARNING: [BD 41-176] The physical port 'S_AXI_HP0_aximm_rd_socket' specified in the portmap, is not found on the block! 
endgroup
startgroup
create_bd_cell -type ip -vlnv xilinx.com:ip:proc_sys_reset:5.0 proc_sys_reset_0
endgroup
set_property location {3.5 1338 925} [get_bd_cells proc_sys_reset_0]
set_property location {6 2636 1030} [get_bd_cells proc_sys_reset_0]
delete_bd_objs [get_bd_cells proc_sys_reset_0]
save_bd_design
Wrote  : <C:\Users\Saad\Desktop\stingray\arm_fpga_04_hdmi_output\arm_fpga_04_hdmi_output.srcs\sources_1\bd\design_1\design_1.bd> 
Wrote  : <C:/Users/Saad/Desktop/stingray/arm_fpga_04_hdmi_output/arm_fpga_04_hdmi_output.srcs/sources_1/bd/design_1/ui/bd_1f5defd0.ui> 
validate_bd_design
WARNING: [BD 41-176] The physical port 'M_AXI_GP0_aximm_wr_socket' specified in the portmap, is not found on the block! 
WARNING: [BD 41-176] The physical port 'M_AXI_GP0_aximm_rd_socket' specified in the portmap, is not found on the block! 
WARNING: [BD 41-176] The physical port 'S_AXI_HP0_aximm_wr_socket' specified in the portmap, is not found on the block! 
WARNING: [BD 41-176] The physical port 'S_AXI_HP0_aximm_rd_socket' specified in the portmap, is not found on the block! 
INFO: [xilinx.com:ip:smartconnect:1.0-1] design_1_axi_smc_0: SmartConnect design_1_axi_smc_0 is in High-performance Mode.
CRITICAL WARNING: [BD 41-1343] Reset pin /v_tc_0/resetn (associated clock /v_tc_0/clk) is connected to reset source /rst_ps7_0_142M/peripheral_aresetn (synchronous to clock source /processing_system7_0/FCLK_CLK0).
This may prevent design from meeting timing. Please add Processor System Reset module to create a reset that is synchronous to the associated clock source /axi_dynclk_0/PXL_CLK_O.
WARNING: [BD 41-927] Following properties on pin /axi_dynclk_0/REF_CLK_I have been updated from connected ip, but BD cell '/axi_dynclk_0' does not accept parameter changes, so they may not be synchronized with cell properties:
	PHASE = 0.000 
Please resolve any mismatches by directly setting properties on BD cell </axi_dynclk_0> to completely resolve these warnings.
WARNING: [BD 41-927] Following properties on pin /axi_dynclk_0/PXL_CLK_O have been updated from connected ip, but BD cell '/axi_dynclk_0' does not accept parameter changes, so they may not be synchronized with cell properties:
	PHASE = 0.000 
Please resolve any mismatches by directly setting properties on BD cell </axi_dynclk_0> to completely resolve these warnings.
WARNING: [BD 41-927] Following properties on pin /axi_dynclk_0/PXL_CLK_5X_O have been updated from connected ip, but BD cell '/axi_dynclk_0' does not accept parameter changes, so they may not be synchronized with cell properties:
	PHASE = 0.000 
Please resolve any mismatches by directly setting properties on BD cell </axi_dynclk_0> to completely resolve these warnings.
WARNING: [BD 41-927] Following properties on pin /axi_dynclk_0/s00_axi_aclk have been updated from connected ip, but BD cell '/axi_dynclk_0' does not accept parameter changes, so they may not be synchronized with cell properties:
	PHASE = 0.000 
Please resolve any mismatches by directly setting properties on BD cell </axi_dynclk_0> to completely resolve these warnings.
WARNING: [BD 41-927] Following properties on pin /rgb2dvi_0/PixelClk have been updated from connected ip, but BD cell '/rgb2dvi_0' does not accept parameter changes, so they may not be synchronized with cell properties:
	PHASE = 0.000 
Please resolve any mismatches by directly setting properties on BD cell </rgb2dvi_0> to completely resolve these warnings.
WARNING: [BD 41-927] Following properties on pin /rgb2dvi_0/SerialClk have been updated from connected ip, but BD cell '/rgb2dvi_0' does not accept parameter changes, so they may not be synchronized with cell properties:
	PHASE = 0.000 
Please resolve any mismatches by directly setting properties on BD cell </rgb2dvi_0> to completely resolve these warnings.
validate_bd_design: Time (s): cpu = 00:00:08 ; elapsed = 00:00:07 . Memory (MB): peak = 3379.570 ; gain = 7.680
save_bd_design
Wrote  : <C:\Users\Saad\Desktop\stingray\arm_fpga_04_hdmi_output\arm_fpga_04_hdmi_output.srcs\sources_1\bd\design_1\design_1.bd> 
Wrote  : <C:/Users/Saad/Desktop/stingray/arm_fpga_04_hdmi_output/arm_fpga_04_hdmi_output.srcs/sources_1/bd/design_1/ui/bd_1f5defd0.ui> 
validate_bd_design -force
INFO: [xilinx.com:ip:smartconnect:1.0-1] design_1_axi_smc_0: SmartConnect design_1_axi_smc_0 is in High-performance Mode.
CRITICAL WARNING: [BD 41-1343] Reset pin /v_tc_0/resetn (associated clock /v_tc_0/clk) is connected to reset source /rst_ps7_0_142M/peripheral_aresetn (synchronous to clock source /processing_system7_0/FCLK_CLK0).
This may prevent design from meeting timing. Please add Processor System Reset module to create a reset that is synchronous to the associated clock source /axi_dynclk_0/PXL_CLK_O.
WARNING: [BD 41-927] Following properties on pin /axi_dynclk_0/REF_CLK_I have been updated from connected ip, but BD cell '/axi_dynclk_0' does not accept parameter changes, so they may not be synchronized with cell properties:
	PHASE = 0.000 
Please resolve any mismatches by directly setting properties on BD cell </axi_dynclk_0> to completely resolve these warnings.
WARNING: [BD 41-927] Following properties on pin /axi_dynclk_0/PXL_CLK_O have been updated from connected ip, but BD cell '/axi_dynclk_0' does not accept parameter changes, so they may not be synchronized with cell properties:
	PHASE = 0.000 
Please resolve any mismatches by directly setting properties on BD cell </axi_dynclk_0> to completely resolve these warnings.
WARNING: [BD 41-927] Following properties on pin /axi_dynclk_0/PXL_CLK_5X_O have been updated from connected ip, but BD cell '/axi_dynclk_0' does not accept parameter changes, so they may not be synchronized with cell properties:
	PHASE = 0.000 
Please resolve any mismatches by directly setting properties on BD cell </axi_dynclk_0> to completely resolve these warnings.
WARNING: [BD 41-927] Following properties on pin /axi_dynclk_0/s00_axi_aclk have been updated from connected ip, but BD cell '/axi_dynclk_0' does not accept parameter changes, so they may not be synchronized with cell properties:
	PHASE = 0.000 
Please resolve any mismatches by directly setting properties on BD cell </axi_dynclk_0> to completely resolve these warnings.
WARNING: [BD 41-927] Following properties on pin /rgb2dvi_0/PixelClk have been updated from connected ip, but BD cell '/rgb2dvi_0' does not accept parameter changes, so they may not be synchronized with cell properties:
	PHASE = 0.000 
Please resolve any mismatches by directly setting properties on BD cell </rgb2dvi_0> to completely resolve these warnings.
WARNING: [BD 41-927] Following properties on pin /rgb2dvi_0/SerialClk have been updated from connected ip, but BD cell '/rgb2dvi_0' does not accept parameter changes, so they may not be synchronized with cell properties:
	PHASE = 0.000 
Please resolve any mismatches by directly setting properties on BD cell </rgb2dvi_0> to completely resolve these warnings.
save_bd_design
Wrote  : <C:\Users\Saad\Desktop\stingray\arm_fpga_04_hdmi_output\arm_fpga_04_hdmi_output.srcs\sources_1\bd\design_1\design_1.bd> 
reset_run synth_1
reset_run design_1_processing_system7_0_0_synth_1
reset_run design_1_axi_vdma_0_0_synth_1
reset_run design_1_axis_subset_converter_0_0_synth_1
reset_run design_1_v_axi4s_vid_out_0_0_synth_1
reset_run design_1_v_tc_0_0_synth_1
reset_run design_1_xbar_0_synth_1
reset_run design_1_rst_ps7_0_142M_0_synth_1
launch_runs impl_1 -to_step write_bitstream -jobs 8
INFO: [BD 41-1662] The design 'design_1.bd' is already validated. Therefore parameter propagation will not be re-run.
VHDL Output written to : c:/Users/Saad/Desktop/stingray/arm_fpga_04_hdmi_output/arm_fpga_04_hdmi_output.gen/sources_1/bd/design_1/synth/design_1.v
VHDL Output written to : c:/Users/Saad/Desktop/stingray/arm_fpga_04_hdmi_output/arm_fpga_04_hdmi_output.gen/sources_1/bd/design_1/sim/design_1.v
VHDL Output written to : c:/Users/Saad/Desktop/stingray/arm_fpga_04_hdmi_output/arm_fpga_04_hdmi_output.gen/sources_1/bd/design_1/hdl/design_1_wrapper.v
INFO: [IP_Flow 19-5611] Unable to find an associated reset port for the interface 'M_AXI_GP0'. A default connection has been created.
INFO: [IP_Flow 19-5611] Unable to find an associated reset port for the interface 'S_AXI_HP0'. A default connection has been created.
INFO: [BD 41-1029] Generation completed for the IP Integrator block processing_system7_0 .
INFO: [BD 41-1029] Generation completed for the IP Integrator block rst_ps7_0_142M .
Exporting to file c:/Users/Saad/Desktop/stingray/arm_fpga_04_hdmi_output/arm_fpga_04_hdmi_output.gen/sources_1/bd/design_1/ip/design_1_axi_smc_0/bd_0/hw_handoff/design_1_axi_smc_0.hwh
Generated Hardware Definition File c:/Users/Saad/Desktop/stingray/arm_fpga_04_hdmi_output/arm_fpga_04_hdmi_output.gen/sources_1/bd/design_1/ip/design_1_axi_smc_0/bd_0/synth/design_1_axi_smc_0.hwdef
INFO: [BD 41-1029] Generation completed for the IP Integrator block axi_smc .
WARNING: [IP_Flow 19-4994] Overwriting existing constraint file 'c:/Users/Saad/Desktop/stingray/arm_fpga_04_hdmi_output/arm_fpga_04_hdmi_output.gen/sources_1/bd/design_1/ip/design_1_axi_vdma_0_0/design_1_axi_vdma_0_0_ooc.xdc'
INFO: [BD 41-1029] Generation completed for the IP Integrator block axi_vdma_0 .
WARNING: [IP_Flow 19-4994] Overwriting existing constraint file 'c:/Users/Saad/Desktop/stingray/arm_fpga_04_hdmi_output/arm_fpga_04_hdmi_output.gen/sources_1/bd/design_1/ip/design_1_axis_subset_converter_0_0/design_1_axis_subset_converter_0_0_ooc.xdc'
INFO: [BD 41-1029] Generation completed for the IP Integrator block axis_subset_converter_0 .
INFO: [BD 41-1029] Generation completed for the IP Integrator block ps7_0_axi_periph/xbar .
INFO: [BD 41-1029] Generation completed for the IP Integrator block v_axi4s_vid_out_0 .
INFO: [BD 41-1029] Generation completed for the IP Integrator block v_tc_0 .
WARNING: [IP_Flow 19-4994] Overwriting existing constraint file 'c:/Users/Saad/Desktop/stingray/arm_fpga_04_hdmi_output/arm_fpga_04_hdmi_output.gen/sources_1/bd/design_1/ip/design_1_auto_pc_0/design_1_auto_pc_0_ooc.xdc'
INFO: [BD 41-1029] Generation completed for the IP Integrator block ps7_0_axi_periph/s00_couplers/auto_pc .
Exporting to file c:/Users/Saad/Desktop/stingray/arm_fpga_04_hdmi_output/arm_fpga_04_hdmi_output.gen/sources_1/bd/design_1/hw_handoff/design_1.hwh
Generated Hardware Definition File c:/Users/Saad/Desktop/stingray/arm_fpga_04_hdmi_output/arm_fpga_04_hdmi_output.gen/sources_1/bd/design_1/synth/design_1.hwdef
INFO: [IP_Flow 19-4993] Using cached IP synthesis design for IP design_1_auto_pc_0, cache-ID = 4c748482f538fe3b; cache size = 75.835 MB.
INFO: [IP_Flow 19-4993] Using cached IP synthesis design for IP design_1_rst_ps7_0_142M_0, cache-ID = d1f8ae2235873a77; cache size = 75.835 MB.
INFO: [IP_Flow 19-4993] Using cached IP synthesis design for IP design_1_axi_vdma_0_0, cache-ID = cd718d13c7768a83; cache size = 75.835 MB.
INFO: [IP_Flow 19-4993] Using cached IP synthesis design for IP design_1_axis_subset_converter_0_0, cache-ID = d7f22dee90dde546; cache size = 75.835 MB.
INFO: [IP_Flow 19-4993] Using cached IP synthesis design for IP design_1_xbar_0, cache-ID = 5789e6c1f8f1a34f; cache size = 75.835 MB.
[Wed May 20 12:29:53 2026] Launched design_1_processing_system7_0_0_synth_1, design_1_v_axi4s_vid_out_0_0_synth_1, design_1_v_tc_0_0_synth_1, design_1_axi_smc_0_synth_1, synth_1...
Run output will be captured here:
design_1_processing_system7_0_0_synth_1: C:/Users/Saad/Desktop/stingray/arm_fpga_04_hdmi_output/arm_fpga_04_hdmi_output.runs/design_1_processing_system7_0_0_synth_1/runme.log
design_1_v_axi4s_vid_out_0_0_synth_1: C:/Users/Saad/Desktop/stingray/arm_fpga_04_hdmi_output/arm_fpga_04_hdmi_output.runs/design_1_v_axi4s_vid_out_0_0_synth_1/runme.log
design_1_v_tc_0_0_synth_1: C:/Users/Saad/Desktop/stingray/arm_fpga_04_hdmi_output/arm_fpga_04_hdmi_output.runs/design_1_v_tc_0_0_synth_1/runme.log
design_1_axi_smc_0_synth_1: C:/Users/Saad/Desktop/stingray/arm_fpga_04_hdmi_output/arm_fpga_04_hdmi_output.runs/design_1_axi_smc_0_synth_1/runme.log
synth_1: C:/Users/Saad/Desktop/stingray/arm_fpga_04_hdmi_output/arm_fpga_04_hdmi_output.runs/synth_1/runme.log
[Wed May 20 12:29:53 2026] Launched impl_1...
Run output will be captured here: C:/Users/Saad/Desktop/stingray/arm_fpga_04_hdmi_output/arm_fpga_04_hdmi_output.runs/impl_1/runme.log
launch_runs: Time (s): cpu = 00:00:25 ; elapsed = 00:00:27 . Memory (MB): peak = 3382.637 ; gain = 1.016
write_hw_platform -fixed -include_bit -force -file C:/Users/Saad/Desktop/stingray/arm_fpga_04_hdmi_output/100mhz_ethernet.xsa
INFO: [Vivado 12-4895] Creating Hardware Platform: C:/Users/Saad/Desktop/stingray/arm_fpga_04_hdmi_output/100mhz_ethernet.xsa ...
INFO: [Vivado 12-12464] The Hardware Platform can be used for Hardware
INFO: [Vivado 12-4896] Successfully created Hardware Platform: C:/Users/Saad/Desktop/stingray/arm_fpga_04_hdmi_output/100mhz_ethernet.xsa
INFO: [Vivado 12-8231] Launching Vitis
INFO: [Vivado 12-417] Running vitis
INFO: [Vivado 12-8232] Vitis launch initiated. Please check console for any further messages.
exit
INFO: [Common 17-206] Exiting Vivado at Wed May 20 17:29:50 2026...
