#-----------------------------------------------------------
# Vivado v2021.2 (64-bit)
# SW Build 3367213 on Tue Oct 19 02:48:09 MDT 2021
# IP Build 3369179 on Thu Oct 21 08:25:16 MDT 2021
# Start of session at: Tue May 19 13:57:03 2026
# Process ID: 4932
# Current directory: C:/Users/Saad/Desktop/stingray/arm_fpga_04_hdmi_output
# Command line: vivado.exe -gui_launcher_event rodinguilauncherevent19796 C:\Users\Saad\Desktop\stingray\arm_fpga_04_hdmi_output\arm_fpga_04_hdmi_output.xpr
# Log file: C:/Users/Saad/Desktop/stingray/arm_fpga_04_hdmi_output/vivado.log
# Journal file: C:/Users/Saad/Desktop/stingray/arm_fpga_04_hdmi_output\vivado.jou
# Running On: DESKTOP-N4P9TIA, OS: Windows, CPU Frequency: 2496 MHz, CPU Physical cores: 10, Host memory: 16890 MB
#-----------------------------------------------------------
start_gui
open_project C:/Users/Saad/Desktop/stingray/arm_fpga_04_hdmi_output/arm_fpga_04_hdmi_output.xpr
WARNING: [Board 49-26] cannot add Board Part xilinx.com:kcu105:part0:1.6 available at D:/Vivado/2021.2/data/xhub/boards/XilinxBoardStore/boards/Xilinx/kcu105/1.6/board.xml as part xcku040-ffva1156-2-e specified in board_part file is either invalid or not available
WARNING: [Board 49-26] cannot add Board Part xilinx.com:kcu105:part0:1.7 available at D:/Vivado/2021.2/data/xhub/boards/XilinxBoardStore/boards/Xilinx/kcu105/1.7/board.xml as part xcku040-ffva1156-2-e specified in board_part file is either invalid or not available
WARNING: [Board 49-26] cannot add Board Part xilinx.com:kcu116:part0:1.4 available at D:/Vivado/2021.2/data/xhub/boards/XilinxBoardStore/boards/Xilinx/kcu116/1.4/board.xml as part xcku5p-ffvb676-2-e specified in board_part file is either invalid or not available
WARNING: [Board 49-26] cannot add Board Part xilinx.com:kcu116:part0:1.5 available at D:/Vivado/2021.2/data/xhub/boards/XilinxBoardStore/boards/Xilinx/kcu116/1.5/board.xml as part xcku5p-ffvb676-2-e specified in board_part file is either invalid or not available
WARNING: [Board 49-26] cannot add Board Part xilinx.com:vck190_es:part0:1.3 available at D:/Vivado/2021.2/data/xhub/boards/XilinxBoardStore/boards/Xilinx/vck190/es/1.3/board.xml as part xcvc1902-vsva2197-2mp-e-s-es1 specified in board_part file is either invalid or not available
WARNING: [Board 49-26] cannot add Board Part xilinx.com:vcu108:part0:1.6 available at D:/Vivado/2021.2/data/xhub/boards/XilinxBoardStore/boards/Xilinx/vcu108/1.6/board.xml as part xcvu095-ffva2104-2-e specified in board_part file is either invalid or not available
WARNING: [Board 49-26] cannot add Board Part xilinx.com:vcu108:part0:1.7 available at D:/Vivado/2021.2/data/xhub/boards/XilinxBoardStore/boards/Xilinx/vcu108/1.7/board.xml as part xcvu095-ffva2104-2-e specified in board_part file is either invalid or not available
WARNING: [Board 49-26] cannot add Board Part xilinx.com:vcu110:part0:1.4 available at D:/Vivado/2021.2/data/xhub/boards/XilinxBoardStore/boards/Xilinx/vcu110/1.4/board.xml as part xcvu190-flgc2104-2-e specified in board_part file is either invalid or not available
WARNING: [Board 49-26] cannot add Board Part xilinx.com:vcu128:part0:1.0 available at D:/Vivado/2021.2/data/xhub/boards/XilinxBoardStore/boards/Xilinx/vcu128/production/1.0/board.xml as part xcvu37p-fsvh2892-2l-e specified in board_part file is either invalid or not available
WARNING: [Board 49-26] cannot add Board Part xilinx.com:vcu129:part0:1.0 available at D:/Vivado/2021.2/data/xhub/boards/XilinxBoardStore/boards/Xilinx/vcu129/production/1.0/board.xml as part xcvu29p-fsga2577-2l-e specified in board_part file is either invalid or not available
WARNING: [Board 49-26] cannot add Board Part xilinx.com:vmk180:part0:2.2 available at D:/Vivado/2021.2/data/xhub/boards/XilinxBoardStore/boards/Xilinx/vmk180/production/2.2/board.xml as part xcvm1802-vsva2197-2mp-e-s specified in board_part file is either invalid or not available
WARNING: [Board 49-26] cannot add Board Part xilinx.com:vmk180_es:part0:1.3 available at D:/Vivado/2021.2/data/xhub/boards/XilinxBoardStore/boards/Xilinx/vmk180/es/1.3/board.xml as part xcvm1802-vsva2197-2mp-e-s-es1 specified in board_part file is either invalid or not available
WARNING: [Board 49-26] cannot add Board Part xilinx.com:vpk120_es:part0:1.2 available at D:/Vivado/2021.2/data/xhub/boards/XilinxBoardStore/boards/Xilinx/vpk120/es/1.2/board.xml as part xcvp1202-vsva2785-2mp-e-s-es1 specified in board_part file is either invalid or not available
WARNING: [Board 49-26] cannot add Board Part xilinx.com:zcu208_es:part0:1.0 available at D:/Vivado/2021.2/data/xhub/boards/XilinxBoardStore/boards/Xilinx/zcu208/es/1.0/board.xml as part xczu48dr-fsvg1517-2-e-es1 specified in board_part file is either invalid or not available
WARNING: [Board 49-26] cannot add Board Part xilinx.com:zcu208_es:part0:1.1 available at D:/Vivado/2021.2/data/xhub/boards/XilinxBoardStore/boards/Xilinx/zcu208/es/1.1/board.xml as part xczu48dr-fsvg1517-2-e-es1 specified in board_part file is either invalid or not available
WARNING: [Board 49-26] cannot add Board Part xilinx.com:zcu208_es:part0:1.2 available at D:/Vivado/2021.2/data/xhub/boards/XilinxBoardStore/boards/Xilinx/zcu208/es/1.2/board.xml as part xczu48dr-fsvg1517-2-e-es1 specified in board_part file is either invalid or not available
WARNING: [Board 49-26] cannot add Board Part xilinx.com:zcu208ld:part0:2.0 available at D:/Vivado/2021.2/data/xhub/boards/XilinxBoardStore/boards/Xilinx/zcu208ld/production/2.0/board.xml as part xczu58dr-fsvg1517-2-i specified in board_part file is either invalid or not available
WARNING: [Board 49-26] cannot add Board Part xilinx.com:zcu208ld_es:part0:1.0 available at D:/Vivado/2021.2/data/xhub/boards/XilinxBoardStore/boards/Xilinx/zcu208ld/es/1.0/board.xml as part xczu58dr-fsvg1517-2-i-es1 specified in board_part file is either invalid or not available
WARNING: [Board 49-26] cannot add Board Part xilinx.com:zcu216_es:part0:1.0 available at D:/Vivado/2021.2/data/xhub/boards/XilinxBoardStore/boards/Xilinx/zcu216/es/1.0/board.xml as part xczu49dr-ffvf1760-2-e-es1 specified in board_part file is either invalid or not available
WARNING: [Board 49-26] cannot add Board Part xilinx.com:zcu216_es:part0:1.1 available at D:/Vivado/2021.2/data/xhub/boards/XilinxBoardStore/boards/Xilinx/zcu216/es/1.1/board.xml as part xczu49dr-ffvf1760-2-e-es1 specified in board_part file is either invalid or not available
WARNING: [Board 49-26] cannot add Board Part xilinx.com:zcu216_es:part0:1.2 available at D:/Vivado/2021.2/data/xhub/boards/XilinxBoardStore/boards/Xilinx/zcu216/es/1.2/board.xml as part xczu49dr-ffvf1760-2-e-es1 specified in board_part file is either invalid or not available
WARNING: [Board 49-26] cannot add Board Part xilinx.com:zcu216ld:part0:2.0 available at D:/Vivado/2021.2/data/xhub/boards/XilinxBoardStore/boards/Xilinx/zcu216ld/production/2.0/board.xml as part xczu59dr-ffvf1760-2-i specified in board_part file is either invalid or not available
WARNING: [Board 49-26] cannot add Board Part xilinx.com:zcu216ld_es:part0:1.0 available at D:/Vivado/2021.2/data/xhub/boards/XilinxBoardStore/boards/Xilinx/zcu216ld/es/1.0/board.xml as part xczu59dr-ffvf1760-2-i-es1 specified in board_part file is either invalid or not available
WARNING: [Board 49-26] cannot add Board Part xilinx.com:zcu670:part0:1.0 available at D:/Vivado/2021.2/data/xhub/boards/XilinxBoardStore/boards/Xilinx/zcu670/1.0/board.xml as part xczu67dr-fsve1156-2-i specified in board_part file is either invalid or not available
INFO: [Project 1-313] Project file moved from 'C:/Users/usama/Desktop/18-4-2026/arm_fpga_04_hdmi_output' since last save.
WARNING: [filemgmt 56-2] IP Repository Path: Could not find the directory 'C:/Users/Saad/Desktop/stingray/passthrough/passthrough.srcs/sources_1/new', nor could it be found using path 'C:/Users/usama/Desktop/18-4-2026/passthrough/passthrough.srcs/sources_1/new'.
WARNING: [filemgmt 56-2] IP Repository Path: Could not find the directory 'C:/Users/Saad/Desktop/stingray/grayscale/axis_grayscale/axis_grayscale.srcs/sources_1/new', nor could it be found using path 'C:/Users/usama/Desktop/18-4-2026/grayscale/axis_grayscale/axis_grayscale.srcs/sources_1/new'.
Scanning sources...
Finished scanning sources
INFO: [Project 1-1877] Auto incremental dir location 'C:/Users/usama/Desktop/18-4-2026/arm_fpga_04_hdmi_output/arm_fpga_04_hdmi_output.srcs/utils_1/imports/synth_1' of run 'synth_1' is not writable, setting it to default location 'C:/Users/Saad/Desktop/stingray/arm_fpga_04_hdmi_output/arm_fpga_04_hdmi_output.srcs/utils_1/imports/synth_1'.
INFO: [Project 1-1877] Auto incremental dir location 'C:/Users/usama/Desktop/18-4-2026/arm_fpga_04_hdmi_output/arm_fpga_04_hdmi_output.srcs/utils_1/imports/design_1_processing_system7_0_0_synth_1' of run 'design_1_processing_system7_0_0_synth_1' is not writable, setting it to default location 'C:/Users/Saad/Desktop/stingray/arm_fpga_04_hdmi_output/arm_fpga_04_hdmi_output.srcs/utils_1/imports/design_1_processing_system7_0_0_synth_1'.
INFO: [Project 1-1877] Auto incremental dir location 'C:/Users/usama/Desktop/18-4-2026/arm_fpga_04_hdmi_output/arm_fpga_04_hdmi_output.srcs/utils_1/imports/design_1_rst_ps7_0_142M_0_synth_1' of run 'design_1_rst_ps7_0_142M_0_synth_1' is not writable, setting it to default location 'C:/Users/Saad/Desktop/stingray/arm_fpga_04_hdmi_output/arm_fpga_04_hdmi_output.srcs/utils_1/imports/design_1_rst_ps7_0_142M_0_synth_1'.
INFO: [Project 1-1877] Auto incremental dir location 'C:/Users/usama/Desktop/18-4-2026/arm_fpga_04_hdmi_output/arm_fpga_04_hdmi_output.srcs/utils_1/imports/design_1_rst_ps7_0_100M_0_synth_1' of run 'design_1_rst_ps7_0_100M_0_synth_1' is not writable, setting it to default location 'C:/Users/Saad/Desktop/stingray/arm_fpga_04_hdmi_output/arm_fpga_04_hdmi_output.srcs/utils_1/imports/design_1_rst_ps7_0_100M_0_synth_1'.
INFO: [Project 1-1877] Auto incremental dir location 'C:/Users/usama/Desktop/18-4-2026/arm_fpga_04_hdmi_output/arm_fpga_04_hdmi_output.srcs/utils_1/imports/design_1_rgb2dvi_0_0_synth_1' of run 'design_1_rgb2dvi_0_0_synth_1' is not writable, setting it to default location 'C:/Users/Saad/Desktop/stingray/arm_fpga_04_hdmi_output/arm_fpga_04_hdmi_output.srcs/utils_1/imports/design_1_rgb2dvi_0_0_synth_1'.
INFO: [Project 1-1877] Auto incremental dir location 'C:/Users/usama/Desktop/18-4-2026/arm_fpga_04_hdmi_output/arm_fpga_04_hdmi_output.srcs/utils_1/imports/design_1_axi_dynclk_0_0_synth_1' of run 'design_1_axi_dynclk_0_0_synth_1' is not writable, setting it to default location 'C:/Users/Saad/Desktop/stingray/arm_fpga_04_hdmi_output/arm_fpga_04_hdmi_output.srcs/utils_1/imports/design_1_axi_dynclk_0_0_synth_1'.
INFO: [Project 1-1877] Auto incremental dir location 'C:/Users/usama/Desktop/18-4-2026/arm_fpga_04_hdmi_output/arm_fpga_04_hdmi_output.srcs/utils_1/imports/design_1_axi_vdma_0_0_synth_1' of run 'design_1_axi_vdma_0_0_synth_1' is not writable, setting it to default location 'C:/Users/Saad/Desktop/stingray/arm_fpga_04_hdmi_output/arm_fpga_04_hdmi_output.srcs/utils_1/imports/design_1_axi_vdma_0_0_synth_1'.
INFO: [Project 1-1877] Auto incremental dir location 'C:/Users/usama/Desktop/18-4-2026/arm_fpga_04_hdmi_output/arm_fpga_04_hdmi_output.srcs/utils_1/imports/design_1_axis_subset_converter_0_0_synth_1' of run 'design_1_axis_subset_converter_0_0_synth_1' is not writable, setting it to default location 'C:/Users/Saad/Desktop/stingray/arm_fpga_04_hdmi_output/arm_fpga_04_hdmi_output.srcs/utils_1/imports/design_1_axis_subset_converter_0_0_synth_1'.
INFO: [Project 1-1877] Auto incremental dir location 'C:/Users/usama/Desktop/18-4-2026/arm_fpga_04_hdmi_output/arm_fpga_04_hdmi_output.srcs/utils_1/imports/design_1_v_axi4s_vid_out_0_0_synth_1' of run 'design_1_v_axi4s_vid_out_0_0_synth_1' is not writable, setting it to default location 'C:/Users/Saad/Desktop/stingray/arm_fpga_04_hdmi_output/arm_fpga_04_hdmi_output.srcs/utils_1/imports/design_1_v_axi4s_vid_out_0_0_synth_1'.
INFO: [Project 1-1877] Auto incremental dir location 'C:/Users/usama/Desktop/18-4-2026/arm_fpga_04_hdmi_output/arm_fpga_04_hdmi_output.srcs/utils_1/imports/design_1_v_tc_0_0_synth_1' of run 'design_1_v_tc_0_0_synth_1' is not writable, setting it to default location 'C:/Users/Saad/Desktop/stingray/arm_fpga_04_hdmi_output/arm_fpga_04_hdmi_output.srcs/utils_1/imports/design_1_v_tc_0_0_synth_1'.
INFO: [Project 1-1877] Auto incremental dir location 'C:/Users/usama/Desktop/18-4-2026/arm_fpga_04_hdmi_output/arm_fpga_04_hdmi_output.srcs/utils_1/imports/design_1_axi_gpio_0_0_synth_1' of run 'design_1_axi_gpio_0_0_synth_1' is not writable, setting it to default location 'C:/Users/Saad/Desktop/stingray/arm_fpga_04_hdmi_output/arm_fpga_04_hdmi_output.srcs/utils_1/imports/design_1_axi_gpio_0_0_synth_1'.
INFO: [Project 1-1877] Auto incremental dir location 'C:/Users/usama/Desktop/18-4-2026/arm_fpga_04_hdmi_output/arm_fpga_04_hdmi_output.srcs/utils_1/imports/design_1_xbar_0_synth_1' of run 'design_1_xbar_0_synth_1' is not writable, setting it to default location 'C:/Users/Saad/Desktop/stingray/arm_fpga_04_hdmi_output/arm_fpga_04_hdmi_output.srcs/utils_1/imports/design_1_xbar_0_synth_1'.
INFO: [Project 1-1877] Auto incremental dir location 'C:/Users/usama/Desktop/18-4-2026/arm_fpga_04_hdmi_output/arm_fpga_04_hdmi_output.srcs/utils_1/imports/design_1_system_ila_0_0_synth_1' of run 'design_1_system_ila_0_0_synth_1' is not writable, setting it to default location 'C:/Users/Saad/Desktop/stingray/arm_fpga_04_hdmi_output/arm_fpga_04_hdmi_output.srcs/utils_1/imports/design_1_system_ila_0_0_synth_1'.
INFO: [Project 1-1877] Auto incremental dir location 'C:/Users/usama/Desktop/18-4-2026/arm_fpga_04_hdmi_output/arm_fpga_04_hdmi_output.srcs/utils_1/imports/impl_1' of run 'impl_1' is not writable, setting it to default location 'C:/Users/Saad/Desktop/stingray/arm_fpga_04_hdmi_output/arm_fpga_04_hdmi_output.srcs/utils_1/imports/impl_1'.
INFO: [Project 1-1877] Auto incremental dir location 'C:/Users/usama/Desktop/18-4-2026/arm_fpga_04_hdmi_output/arm_fpga_04_hdmi_output.srcs/utils_1/imports/design_1_processing_system7_0_0_impl_1' of run 'design_1_processing_system7_0_0_impl_1' is not writable, setting it to default location 'C:/Users/Saad/Desktop/stingray/arm_fpga_04_hdmi_output/arm_fpga_04_hdmi_output.srcs/utils_1/imports/design_1_processing_system7_0_0_impl_1'.
INFO: [Project 1-1877] Auto incremental dir location 'C:/Users/usama/Desktop/18-4-2026/arm_fpga_04_hdmi_output/arm_fpga_04_hdmi_output.srcs/utils_1/imports/design_1_rst_ps7_0_142M_0_impl_1' of run 'design_1_rst_ps7_0_142M_0_impl_1' is not writable, setting it to default location 'C:/Users/Saad/Desktop/stingray/arm_fpga_04_hdmi_output/arm_fpga_04_hdmi_output.srcs/utils_1/imports/design_1_rst_ps7_0_142M_0_impl_1'.
INFO: [Project 1-1877] Auto incremental dir location 'C:/Users/usama/Desktop/18-4-2026/arm_fpga_04_hdmi_output/arm_fpga_04_hdmi_output.srcs/utils_1/imports/design_1_rst_ps7_0_100M_0_impl_1' of run 'design_1_rst_ps7_0_100M_0_impl_1' is not writable, setting it to default location 'C:/Users/Saad/Desktop/stingray/arm_fpga_04_hdmi_output/arm_fpga_04_hdmi_output.srcs/utils_1/imports/design_1_rst_ps7_0_100M_0_impl_1'.
INFO: [Project 1-1877] Auto incremental dir location 'C:/Users/usama/Desktop/18-4-2026/arm_fpga_04_hdmi_output/arm_fpga_04_hdmi_output.srcs/utils_1/imports/design_1_rgb2dvi_0_0_impl_1' of run 'design_1_rgb2dvi_0_0_impl_1' is not writable, setting it to default location 'C:/Users/Saad/Desktop/stingray/arm_fpga_04_hdmi_output/arm_fpga_04_hdmi_output.srcs/utils_1/imports/design_1_rgb2dvi_0_0_impl_1'.
INFO: [Project 1-1877] Auto incremental dir location 'C:/Users/usama/Desktop/18-4-2026/arm_fpga_04_hdmi_output/arm_fpga_04_hdmi_output.srcs/utils_1/imports/design_1_axi_dynclk_0_0_impl_1' of run 'design_1_axi_dynclk_0_0_impl_1' is not writable, setting it to default location 'C:/Users/Saad/Desktop/stingray/arm_fpga_04_hdmi_output/arm_fpga_04_hdmi_output.srcs/utils_1/imports/design_1_axi_dynclk_0_0_impl_1'.
INFO: [Project 1-1877] Auto incremental dir location 'C:/Users/usama/Desktop/18-4-2026/arm_fpga_04_hdmi_output/arm_fpga_04_hdmi_output.srcs/utils_1/imports/design_1_axi_vdma_0_0_impl_1' of run 'design_1_axi_vdma_0_0_impl_1' is not writable, setting it to default location 'C:/Users/Saad/Desktop/stingray/arm_fpga_04_hdmi_output/arm_fpga_04_hdmi_output.srcs/utils_1/imports/design_1_axi_vdma_0_0_impl_1'.
INFO: [Project 1-1877] Auto incremental dir location 'C:/Users/usama/Desktop/18-4-2026/arm_fpga_04_hdmi_output/arm_fpga_04_hdmi_output.srcs/utils_1/imports/design_1_axis_subset_converter_0_0_impl_1' of run 'design_1_axis_subset_converter_0_0_impl_1' is not writable, setting it to default location 'C:/Users/Saad/Desktop/stingray/arm_fpga_04_hdmi_output/arm_fpga_04_hdmi_output.srcs/utils_1/imports/design_1_axis_subset_converter_0_0_impl_1'.
INFO: [Project 1-1877] Auto incremental dir location 'C:/Users/usama/Desktop/18-4-2026/arm_fpga_04_hdmi_output/arm_fpga_04_hdmi_output.srcs/utils_1/imports/design_1_v_axi4s_vid_out_0_0_impl_1' of run 'design_1_v_axi4s_vid_out_0_0_impl_1' is not writable, setting it to default location 'C:/Users/Saad/Desktop/stingray/arm_fpga_04_hdmi_output/arm_fpga_04_hdmi_output.srcs/utils_1/imports/design_1_v_axi4s_vid_out_0_0_impl_1'.
INFO: [Project 1-1877] Auto incremental dir location 'C:/Users/usama/Desktop/18-4-2026/arm_fpga_04_hdmi_output/arm_fpga_04_hdmi_output.srcs/utils_1/imports/design_1_v_tc_0_0_impl_1' of run 'design_1_v_tc_0_0_impl_1' is not writable, setting it to default location 'C:/Users/Saad/Desktop/stingray/arm_fpga_04_hdmi_output/arm_fpga_04_hdmi_output.srcs/utils_1/imports/design_1_v_tc_0_0_impl_1'.
INFO: [Project 1-1877] Auto incremental dir location 'C:/Users/usama/Desktop/18-4-2026/arm_fpga_04_hdmi_output/arm_fpga_04_hdmi_output.srcs/utils_1/imports/design_1_axi_gpio_0_0_impl_1' of run 'design_1_axi_gpio_0_0_impl_1' is not writable, setting it to default location 'C:/Users/Saad/Desktop/stingray/arm_fpga_04_hdmi_output/arm_fpga_04_hdmi_output.srcs/utils_1/imports/design_1_axi_gpio_0_0_impl_1'.
INFO: [Project 1-1877] Auto incremental dir location 'C:/Users/usama/Desktop/18-4-2026/arm_fpga_04_hdmi_output/arm_fpga_04_hdmi_output.srcs/utils_1/imports/design_1_xbar_0_impl_1' of run 'design_1_xbar_0_impl_1' is not writable, setting it to default location 'C:/Users/Saad/Desktop/stingray/arm_fpga_04_hdmi_output/arm_fpga_04_hdmi_output.srcs/utils_1/imports/design_1_xbar_0_impl_1'.
INFO: [Project 1-1877] Auto incremental dir location 'C:/Users/usama/Desktop/18-4-2026/arm_fpga_04_hdmi_output/arm_fpga_04_hdmi_output.srcs/utils_1/imports/design_1_system_ila_0_0_impl_1' of run 'design_1_system_ila_0_0_impl_1' is not writable, setting it to default location 'C:/Users/Saad/Desktop/stingray/arm_fpga_04_hdmi_output/arm_fpga_04_hdmi_output.srcs/utils_1/imports/design_1_system_ila_0_0_impl_1'.
INFO: [IP_Flow 19-234] Refreshing IP repositories
INFO: [IP_Flow 19-1700] Loaded user IP repository 'c:/Users/Saad/Desktop/stingray/arm_fpga_04_hdmi_output/repo'.
WARNING: [IP_Flow 19-2248] Failed to load user IP repository 'c:/Users/Saad/Desktop/stingray/passthrough/passthrough.srcs/sources_1/new'; Can't find the specified path.
If this directory should no longer be in your list of user repositories, go to the IP Settings dialog and remove it.
WARNING: [IP_Flow 19-2248] Failed to load user IP repository 'c:/Users/Saad/Desktop/stingray/grayscale/axis_grayscale/axis_grayscale.srcs/sources_1/new'; Can't find the specified path.
If this directory should no longer be in your list of user repositories, go to the IP Settings dialog and remove it.
INFO: [IP_Flow 19-2313] Loaded Vivado IP repository 'D:/Vivado/2021.2/data/ip'.
WARNING: [BD 41-1661] One or more IPs have been locked in the design 'design_1.bd'. Please run report_ip_status for more details and recommendations on how to fix this issue.
List of locked IPs:
design_1_axis_grayscale_0_0

open_project: Time (s): cpu = 00:00:27 ; elapsed = 00:00:13 . Memory (MB): peak = 1709.836 ; gain = 0.000
update_compile_order -fileset sources_1
WARNING: [Common 17-9] Error reading message records.
WARNING: [Common 17-9] Error reading message records.
WARNING: [Common 17-9] Error reading message records.
WARNING: [Common 17-9] Error reading message records.
WARNING: [Common 17-9] Error reading message records.
WARNING: [Common 17-9] Error reading message records.
make_wrapper -files [get_files C:/Users/Saad/Desktop/stingray/arm_fpga_04_hdmi_output/arm_fpga_04_hdmi_output.srcs/sources_1/bd/design_1/design_1.bd] -top
found on the block! 
WARNING: [BD 41-176] The physical port 'M_AXI_GP0_aximm_rd_socket' specified in the portmap, is not found on the block! 
WARNING: [BD 41-176] The physical port 'S_AXI_HP0_aximm_wr_socket' specified in the portmap, is not found on the block! 
WARNING: [BD 41-176] The physical port 'S_AXI_HP0_aximm_rd_socket' specified in the portmap, is not found on the block! 
Adding component instance block -- xilinx.com:ip:proc_sys_reset:5.0 - rst_ps7_0_142M
Adding component instance block -- xilinx.com:ip:proc_sys_reset:5.0 - rst_ps7_0_100M
Adding component instance block -- digilentinc.com:ip:axi_dynclk:1.0 - axi_dynclk_0
Adding component instance block -- digilentinc.com:ip:rgb2dvi:1.2 - rgb2dvi_0
Adding component instance block -- xilinx.com:ip:axi_gpio:2.0 - axi_gpio_0
Adding component instance block -- xilinx.com:ip:smartconnect:1.0 - axi_smc
Adding component instance block -- xilinx.com:ip:axi_vdma:6.3 - axi_vdma_0
Adding component instance block -- xilinx.com:ip:axis_subset_converter:1.1 - axis_subset_converter_0
Adding component instance block -- xilinx.com:ip:axi_interconnect:2.1 - ps7_0_axi_periph
Adding component instance block -- xilinx.com:ip:axi_crossbar:2.1 - xbar
Adding component instance block -- xilinx.com:ip:axi_protocol_converter:2.1 - auto_pc
Adding component instance block -- xilinx.com:ip:v_axi4s_vid_out:4.0 - v_axi4s_vid_out_0
Adding component instance block -- xilinx.com:ip:v_tc:6.2 - v_tc_0
Adding component instance block -- xilinx.com:ip:xlconcat:2.1 - xlconcat_0
Adding component instance block -- xilinx.com:ip:xlconstant:1.1 - xlconstant_0
Adding component instance block -- xilinx.com:ip:xlconstant:1.1 - xlconstant_1
Adding component instance block -- xilinx.com:ip:system_ila:1.1 - system_ila_0
Adding component instance block -- xilinx.com:user:axis_grayscale:1.0 - axis_grayscale_0
Successfully read diagram <design_1> from block design file <C:/Users/Saad/Desktop/stingray/arm_fpga_04_hdmi_output/arm_fpga_04_hdmi_output.srcs/sources_1/bd/design_1/design_1.bd>
open_bd_design: Time (s): cpu = 00:00:13 ; elapsed = 00:00:08 . Memory (MB): peak = 1709.836 ; gain = 0.000
WARNING: [IP_Flow 19-474] Invalid Parameter 'Component_Name'
startgroup
set_property -dict [list CONFIG.PCW_ENET0_PERIPHERAL_ENABLE {1} CONFIG.PCW_ENET0_GRP_MDIO_ENABLE {1} CONFIG.PCW_ENET0_GRP_MDIO_IO {MIO 52 .. 53} CONFIG.PCW_ENET1_PERIPHERAL_ENABLE {0} CONFIG.PCW_MIO_16_SLEW {fast} CONFIG.PCW_MIO_17_SLEW {fast} CONFIG.PCW_MIO_18_SLEW {fast} CONFIG.PCW_MIO_19_SLEW {fast} CONFIG.PCW_MIO_20_SLEW {fast} CONFIG.PCW_MIO_21_SLEW {fast} CONFIG.PCW_MIO_22_SLEW {fast} CONFIG.PCW_MIO_23_SLEW {fast} CONFIG.PCW_MIO_24_SLEW {fast} CONFIG.PCW_MIO_25_SLEW {fast} CONFIG.PCW_MIO_26_SLEW {fast} CONFIG.PCW_MIO_27_SLEW {fast}] [get_bd_cells processing_system7_0]
WARNING: [BD 41-176] The physical port 'M_AXI_GP0_aximm_wr_socket' specified in the portmap, is not found on the block! 
WARNING: [BD 41-176] The physical port 'M_AXI_GP0_aximm_rd_socket' specified in the portmap, is not found on the block! 
WARNING: [BD 41-176] The physical port 'S_AXI_HP0_aximm_wr_socket' specified in the portmap, is not found on the block! 
WARNING: [BD 41-176] The physical port 'S_AXI_HP0_aximm_rd_socket' specified in the portmap, is not found on the block! 
endgroup
validate_bd_design
ERROR: [BD 5-336] This command cannot be run, as the BD-design is locked. Locked reason(s):
* Block design contains locked IPs. Please run report_ip_status for more details and recommendations on how to fix this issue. 
List of locked IPs: 
design_1_axis_grayscale_0_0

ERROR: [Common 17-39] 'validate_bd_design' failed due to earlier errors.
report_ip_status -name ip_status 
set_property LOCK_UPGRADE 1 [get_bd_cells /axis_grayscale_0]
INFO: [IP_Flow 19-8015] Moving outputs for IP 'design_1_axis_grayscale_0_0' to 'c:/Users/Saad/Desktop/stingray/arm_fpga_04_hdmi_output/arm_fpga_04_hdmi_output.srcs/sources_1/bd/design_1/ip/design_1_axis_grayscale_0_0'
WARNING: [IP_Flow 19-2162] IP 'design_1_axis_grayscale_0_0' is locked:
* IP definition 'axis_grayscale (1.0)' for IP 'design_1_axis_grayscale_0_0' (customized with software release 2021.2) was not found in the IP Catalog.
WARNING: [BD 41-2028] Locking axis_grayscale to version 1.0. If the latest driver for the IP is not backwards compatible, software flow will assign a generic driver or no driver for this IP
open_bd_design {C:/Users/Saad/Desktop/stingray/arm_fpga_04_hdmi_output/arm_fpga_04_hdmi_output.srcs/sources_1/bd/design_1/design_1.bd}
validate_bd_design
WARNING: [BD 41-176] The physical port 'M_AXI_GP0_aximm_wr_socket' specified in the portmap, is not found on the block! 
WARNING: [BD 41-176] The physical port 'M_AXI_GP0_aximm_rd_socket' specified in the portmap, is not found on the block! 
WARNING: [BD 41-176] The physical port 'S_AXI_HP0_aximm_wr_socket' specified in the portmap, is not found on the block! 
WARNING: [BD 41-176] The physical port 'S_AXI_HP0_aximm_rd_socket' specified in the portmap, is not found on the block! 
INFO: [xilinx.com:ip:smartconnect:1.0-1] design_1_axi_smc_0: SmartConnect design_1_axi_smc_0 is in High-performance Mode.
CRITICAL WARNING: [BD 41-1343] Reset pin /v_tc_0/resetn (associated clock /v_tc_0/clk) is connected to reset source /rst_ps7_0_100M/peripheral_aresetn (synchronous to clock source /processing_system7_0/FCLK_CLK0).
This may prevent design from meeting timing. Please add Processor System Reset module to create a reset that is synchronous to the associated clock source /axi_dynclk_0/PXL_CLK_O.
ERROR: [BD 41-237] Bus Interface property FREQ_HZ does not match between /axis_grayscale_0/s_axis(1.42857e+08) and /axis_subset_converter_0/M_AXIS(142857132)
ERROR: [BD 41-237] Bus Interface property FREQ_HZ does not match between /v_axi4s_vid_out_0/video_in(142857132) and /axis_grayscale_0/m_axis(1.42857e+08)
ERROR: [BD 41-237] Bus Interface property FREQ_HZ does not match between /system_ila_0/SLOT_1_AXIS(142857132) and /axis_grayscale_0/m_axis(1.42857e+08)
ERROR: [BD 41-238] Port/Pin property FREQ_HZ does not match between /axis_grayscale_0/aclk(1.42857e+08) and /processing_system7_0/FCLK_CLK1(142857132)
WARNING: [BD 41-927] Following properties on pin /axi_dynclk_0/REF_CLK_I have been updated from connected ip, but BD cell '/axi_dynclk_0' does not accept parameter changes, so they may not be synchronized with cell properties:
	PHASE = 0.000 
Please resolve any mismatches by directly setting properties on BD cell </axi_dynclk_0> to completely resolve these warnings.
WARNING: [BD 41-927] Following properties on pin /axi_dynclk_0/PXL_CLK_O have been updated from connected ip, but BD cell '/axi_dynclk_0' does not accept parameter changes, so they may not be synchronized with cell properties:
	PHASE = 0.000 
Please resolve any mismatches by directly setting properties on BD cell </axi_dynclk_0> to completely resolve these warnings.
WARNING: [BD 41-927] Following properties on pin /axi_dynclk_0/PXL_CLK_5X_O have been updated from connected ip, but BD cell '/axi_dynclk_0' does not accept parameter changes, so they may not be synchronized with cell properties:
	PHASE = 0.000 
Please resolve any mismatches by directly setting properties on BD cell </axi_dynclk_0> to completely resolve these warnings.
WARNING: [BD 41-927] Following properties on pin /axi_dynclk_0/s00_axi_aclk have been updated from connected ip, but BD cell '/axi_dynclk_0' does not accept parameter changes, so they may not be synchronized with cell properties:
	PHASE = 0.000 
Please resolve any mismatches by directly setting properties on BD cell </axi_dynclk_0> to completely resolve these warnings.
WARNING: [BD 41-927] Following properties on pin /rgb2dvi_0/PixelClk have been updated from connected ip, but BD cell '/rgb2dvi_0' does not accept parameter changes, so they may not be synchronized with cell properties:
	PHASE = 0.000 
Please resolve any mismatches by directly setting properties on BD cell </rgb2dvi_0> to completely resolve these warnings.
WARNING: [BD 41-927] Following properties on pin /rgb2dvi_0/SerialClk have been updated from connected ip, but BD cell '/rgb2dvi_0' does not accept parameter changes, so they may not be synchronized with cell properties:
	PHASE = 0.000 
Please resolve any mismatches by directly setting properties on BD cell </rgb2dvi_0> to completely resolve these warnings.
validate_bd_design: Time (s): cpu = 00:00:11 ; elapsed = 00:00:11 . Memory (MB): peak = 1921.621 ; gain = 108.051
ERROR: [Common 17-39] 'validate_bd_design' failed due to earlier errors.
WARNING: [IP_Flow 19-474] Invalid Parameter 'Component_Name'
startgroup
set_property -dict [list CONFIG.PCW_ENET0_GRP_MDIO_ENABLE {1} CONFIG.PCW_ENET0_GRP_MDIO_IO {EMIO}] [get_bd_cells processing_system7_0]
WARNING: [BD 41-176] The physical port 'M_AXI_GP0_aximm_wr_socket' specified in the portmap, is not found on the block! 
WARNING: [BD 41-176] The physical port 'M_AXI_GP0_aximm_rd_socket' specified in the portmap, is not found on the block! 
WARNING: [BD 41-176] The physical port 'S_AXI_HP0_aximm_wr_socket' specified in the portmap, is not found on the block! 
WARNING: [BD 41-176] The physical port 'S_AXI_HP0_aximm_rd_socket' specified in the portmap, is not found on the block! 
endgroup
validate_bd_design
INFO: [xilinx.com:ip:smartconnect:1.0-1] design_1_axi_smc_0: SmartConnect design_1_axi_smc_0 is in High-performance Mode.
CRITICAL WARNING: [BD 41-1343] Reset pin /v_tc_0/resetn (associated clock /v_tc_0/clk) is connected to reset source /rst_ps7_0_100M/peripheral_aresetn (synchronous to clock source /processing_system7_0/FCLK_CLK0).
This may prevent design from meeting timing. Please add Processor System Reset module to create a reset that is synchronous to the associated clock source /axi_dynclk_0/PXL_CLK_O.
ERROR: [BD 41-237] Bus Interface property FREQ_HZ does not match between /axis_grayscale_0/s_axis(1.42857e+08) and /axis_subset_converter_0/M_AXIS(142857132)
ERROR: [BD 41-237] Bus Interface property FREQ_HZ does not match between /v_axi4s_vid_out_0/video_in(142857132) and /axis_grayscale_0/m_axis(1.42857e+08)
ERROR: [BD 41-237] Bus Interface property FREQ_HZ does not match between /system_ila_0/SLOT_1_AXIS(142857132) and /axis_grayscale_0/m_axis(1.42857e+08)
ERROR: [BD 41-238] Port/Pin property FREQ_HZ does not match between /axis_grayscale_0/aclk(1.42857e+08) and /processing_system7_0/FCLK_CLK1(142857132)
WARNING: [BD 41-927] Following properties on pin /axi_dynclk_0/REF_CLK_I have been updated from connected ip, but BD cell '/axi_dynclk_0' does not accept parameter changes, so they may not be synchronized with cell properties:
	PHASE = 0.000 
Please resolve any mismatches by directly setting properties on BD cell </axi_dynclk_0> to completely resolve these warnings.
WARNING: [BD 41-927] Following properties on pin /axi_dynclk_0/PXL_CLK_O have been updated from connected ip, but BD cell '/axi_dynclk_0' does not accept parameter changes, so they may not be synchronized with cell properties:
	PHASE = 0.000 
Please resolve any mismatches by directly setting properties on BD cell </axi_dynclk_0> to completely resolve these warnings.
WARNING: [BD 41-927] Following properties on pin /axi_dynclk_0/PXL_CLK_5X_O have been updated from connected ip, but BD cell '/axi_dynclk_0' does not accept parameter changes, so they may not be synchronized with cell properties:
	PHASE = 0.000 
Please resolve any mismatches by directly setting properties on BD cell </axi_dynclk_0> to completely resolve these warnings.
WARNING: [BD 41-927] Following properties on pin /axi_dynclk_0/s00_axi_aclk have been updated from connected ip, but BD cell '/axi_dynclk_0' does not accept parameter changes, so they may not be synchronized with cell properties:
	PHASE = 0.000 
Please resolve any mismatches by directly setting properties on BD cell </axi_dynclk_0> to completely resolve these warnings.
WARNING: [BD 41-927] Following properties on pin /rgb2dvi_0/PixelClk have been updated from connected ip, but BD cell '/rgb2dvi_0' does not accept parameter changes, so they may not be synchronized with cell properties:
	PHASE = 0.000 
Please resolve any mismatches by directly setting properties on BD cell </rgb2dvi_0> to completely resolve these warnings.
WARNING: [BD 41-927] Following properties on pin /rgb2dvi_0/SerialClk have been updated from connected ip, but BD cell '/rgb2dvi_0' does not accept parameter changes, so they may not be synchronized with cell properties:
	PHASE = 0.000 
Please resolve any mismatches by directly setting properties on BD cell </rgb2dvi_0> to completely resolve these warnings.
ERROR: [Common 17-39] 'validate_bd_design' failed due to earlier errors.
disconnect_bd_net /processing_system7_0_FCLK_CLK1 [get_bd_pins axis_grayscale_0/aclk]
connect_bd_net [get_bd_pins processing_system7_0/FCLK_CLK0] [get_bd_pins axis_grayscale_0/aclk]
disconnect_bd_net /processing_system7_0_FCLK_CLK1 [get_bd_pins axis_subset_converter_0/aclk]
connect_bd_net [get_bd_pins processing_system7_0/FCLK_CLK0] [get_bd_pins axis_subset_converter_0/aclk]
disconnect_bd_net /processing_system7_0_FCLK_CLK1 [get_bd_pins v_axi4s_vid_out_0/aclk]
connect_bd_net [get_bd_pins processing_system7_0/M_AXI_GP0_RDATA] [get_bd_pins processing_system7_0/FCLK_CLK0]
WARNING: [BD 41-1306] The connection to interface pin </processing_system7_0/M_AXI_GP0_RDATA> is being overridden by the user with net </processing_system7_0_FCLK_CLK0>. This pin will not be connected as a part of interface connection <M_AXI_GP0>.
connect_bd_net [get_bd_pins processing_system7_0/FCLK_CLK0] [get_bd_pins processing_system7_0/M_AXI_GP0_RRESP]
WARNING: [BD 41-1306] The connection to interface pin </processing_system7_0/M_AXI_GP0_RRESP> is being overridden by the user with net </processing_system7_0_FCLK_CLK0>. This pin will not be connected as a part of interface connection <M_AXI_GP0>.
undo
INFO: [Common 17-17] undo 'connect_bd_net [get_bd_pins processing_system7_0/FCLK_CLK0] [get_bd_pins processing_system7_0/M_AXI_GP0_RRESP]'
undo
INFO: [Common 17-17] undo 'connect_bd_net [get_bd_pins processing_system7_0/M_AXI_GP0_RDATA] [get_bd_pins processing_system7_0/FCLK_CLK0]'
connect_bd_net [get_bd_pins processing_system7_0/FCLK_CLK0] [get_bd_pins v_axi4s_vid_out_0/aclk]
disconnect_bd_net /xlconstant_0_dout [get_bd_pins axis_grayscale_0/aresetn]
connect_bd_net [get_bd_pins axis_grayscale_0/aresetn] [get_bd_pins rst_ps7_0_100M/mb_debug_sys_rst]
undo
INFO: [Common 17-17] undo 'connect_bd_net [get_bd_pins axis_grayscale_0/aresetn] [get_bd_pins rst_ps7_0_100M/mb_debug_sys_rst]'
disconnect_bd_net /xlconstant_0_dout [get_bd_pins axis_subset_converter_0/aresetn]
validate_bd_design
INFO: [xilinx.com:ip:smartconnect:1.0-1] design_1_axi_smc_0: SmartConnect design_1_axi_smc_0 is in High-performance Mode.
CRITICAL WARNING: [BD 41-1343] Reset pin /v_tc_0/resetn (associated clock /v_tc_0/clk) is connected to reset source /rst_ps7_0_100M/peripheral_aresetn (synchronous to clock source /processing_system7_0/FCLK_CLK0).
This may prevent design from meeting timing. Please add Processor System Reset module to create a reset that is synchronous to the associated clock source /axi_dynclk_0/PXL_CLK_O.
ERROR: [BD 41-237] Bus Interface property FREQ_HZ does not match between /axis_subset_converter_0/S_AXIS(100000000) and /axi_vdma_0/M_AXIS_MM2S(142857132)
ERROR: [BD 41-237] Bus Interface property CLK_DOMAIN does not match between /axis_subset_converter_0/S_AXIS(design_1_processing_system7_0_0_FCLK_CLK0) and /axi_vdma_0/M_AXIS_MM2S(design_1_processing_system7_0_0_FCLK_CLK1)
ERROR: [BD 41-237] Bus Interface property FREQ_HZ does not match between /axis_grayscale_0/s_axis(1.42857e+08) and /axis_subset_converter_0/M_AXIS(100000000)
ERROR: [BD 41-237] Bus Interface property CLK_DOMAIN does not match between /axis_grayscale_0/s_axis(design_1_processing_system7_0_0_FCLK_CLK1) and /axis_subset_converter_0/M_AXIS(design_1_processing_system7_0_0_FCLK_CLK0)
ERROR: [BD 41-237] Bus Interface property FREQ_HZ does not match between /system_ila_0/SLOT_0_AXIS(142857132) and /axis_subset_converter_0/M_AXIS(100000000)
ERROR: [BD 41-237] Bus Interface property CLK_DOMAIN does not match between /system_ila_0/SLOT_0_AXIS(design_1_processing_system7_0_0_FCLK_CLK1) and /axis_subset_converter_0/M_AXIS(design_1_processing_system7_0_0_FCLK_CLK0)
ERROR: [BD 41-237] Bus Interface property FREQ_HZ does not match between /v_axi4s_vid_out_0/video_in(100000000) and /axis_grayscale_0/m_axis(1.42857e+08)
ERROR: [BD 41-237] Bus Interface property CLK_DOMAIN does not match between /v_axi4s_vid_out_0/video_in(design_1_processing_system7_0_0_FCLK_CLK0) and /axis_grayscale_0/m_axis(design_1_processing_system7_0_0_FCLK_CLK1)
ERROR: [BD 41-237] Bus Interface property FREQ_HZ does not match between /system_ila_0/SLOT_1_AXIS(142857132) and /axis_grayscale_0/m_axis(1.42857e+08)
ERROR: [BD 41-238] Port/Pin property FREQ_HZ does not match between /axis_grayscale_0/aclk(1.42857e+08) and /processing_system7_0/FCLK_CLK0(100000000)
ERROR: [BD 41-238] Port/Pin property CLK_DOMAIN does not match between /axis_grayscale_0/aclk(design_1_processing_system7_0_0_FCLK_CLK1) and /processing_system7_0/FCLK_CLK0(design_1_processing_system7_0_0_FCLK_CLK0)
WARNING: [BD 41-927] Following properties on pin /axi_dynclk_0/REF_CLK_I have been updated from connected ip, but BD cell '/axi_dynclk_0' does not accept parameter changes, so they may not be synchronized with cell properties:
	PHASE = 0.000 
Please resolve any mismatches by directly setting properties on BD cell </axi_dynclk_0> to completely resolve these warnings.
WARNING: [BD 41-927] Following properties on pin /axi_dynclk_0/PXL_CLK_O have been updated from connected ip, but BD cell '/axi_dynclk_0' does not accept parameter changes, so they may not be synchronized with cell properties:
	PHASE = 0.000 
Please resolve any mismatches by directly setting properties on BD cell </axi_dynclk_0> to completely resolve these warnings.
WARNING: [BD 41-927] Following properties on pin /axi_dynclk_0/PXL_CLK_5X_O have been updated from connected ip, but BD cell '/axi_dynclk_0' does not accept parameter changes, so they may not be synchronized with cell properties:
	PHASE = 0.000 
Please resolve any mismatches by directly setting properties on BD cell </axi_dynclk_0> to completely resolve these warnings.
WARNING: [BD 41-927] Following properties on pin /axi_dynclk_0/s00_axi_aclk have been updated from connected ip, but BD cell '/axi_dynclk_0' does not accept parameter changes, so they may not be synchronized with cell properties:
	PHASE = 0.000 
Please resolve any mismatches by directly setting properties on BD cell </axi_dynclk_0> to completely resolve these warnings.
WARNING: [BD 41-927] Following properties on pin /rgb2dvi_0/PixelClk have been updated from connected ip, but BD cell '/rgb2dvi_0' does not accept parameter changes, so they may not be synchronized with cell properties:
	PHASE = 0.000 
Please resolve any mismatches by directly setting properties on BD cell </rgb2dvi_0> to completely resolve these warnings.
WARNING: [BD 41-927] Following properties on pin /rgb2dvi_0/SerialClk have been updated from connected ip, but BD cell '/rgb2dvi_0' does not accept parameter changes, so they may not be synchronized with cell properties:
	PHASE = 0.000 
Please resolve any mismatches by directly setting properties on BD cell </rgb2dvi_0> to completely resolve these warnings.
ERROR: [Common 17-39] 'validate_bd_design' failed due to earlier errors.
startgroup
connect_bd_net [get_bd_pins rst_ps7_0_142M/peripheral_aresetn] [get_bd_pins axis_grayscale_0/aresetn]
connect_bd_net [get_bd_pins rst_ps7_0_142M/peripheral_aresetn] [get_bd_pins axis_subset_converter_0/aresetn]
connect_bd_net [get_bd_pins rst_ps7_0_142M/peripheral_aresetn] [get_bd_pins v_axi4s_vid_out_0/aresetn]
endgroup
validate_bd_design
INFO: [xilinx.com:ip:smartconnect:1.0-1] design_1_axi_smc_0: SmartConnect design_1_axi_smc_0 is in High-performance Mode.
CRITICAL WARNING: [BD 41-1344] Reset pin /axis_subset_converter_0/aresetn (associated clock /axis_subset_converter_0/aclk) is connected to reset source /rst_ps7_0_142M/peripheral_aresetn (synchronous to clock source /processing_system7_0/FCLK_CLK1).
This may prevent design from meeting timing. Instead it should be connected to reset source /rst_ps7_0_100M/interconnect_aresetn.
CRITICAL WARNING: [BD 41-1343] Reset pin /v_tc_0/resetn (associated clock /v_tc_0/clk) is connected to reset source /rst_ps7_0_100M/peripheral_aresetn (synchronous to clock source /processing_system7_0/FCLK_CLK0).
This may prevent design from meeting timing. Please add Processor System Reset module to create a reset that is synchronous to the associated clock source /axi_dynclk_0/PXL_CLK_O.
CRITICAL WARNING: [BD 41-1344] Reset pin /axis_grayscale_0/aresetn (associated clock /axis_grayscale_0/aclk) is connected to reset source /rst_ps7_0_142M/peripheral_aresetn (synchronous to clock source /processing_system7_0/FCLK_CLK1).
This may prevent design from meeting timing. Instead it should be connected to reset source /rst_ps7_0_100M/peripheral_aresetn.
ERROR: [BD 41-237] Bus Interface property FREQ_HZ does not match between /axis_subset_converter_0/S_AXIS(100000000) and /axi_vdma_0/M_AXIS_MM2S(142857132)
ERROR: [BD 41-237] Bus Interface property CLK_DOMAIN does not match between /axis_subset_converter_0/S_AXIS(design_1_processing_system7_0_0_FCLK_CLK0) and /axi_vdma_0/M_AXIS_MM2S(design_1_processing_system7_0_0_FCLK_CLK1)
ERROR: [BD 41-237] Bus Interface property FREQ_HZ does not match between /axis_grayscale_0/s_axis(1.42857e+08) and /axis_subset_converter_0/M_AXIS(100000000)
ERROR: [BD 41-237] Bus Interface property CLK_DOMAIN does not match between /axis_grayscale_0/s_axis(design_1_processing_system7_0_0_FCLK_CLK1) and /axis_subset_converter_0/M_AXIS(design_1_processing_system7_0_0_FCLK_CLK0)
ERROR: [BD 41-237] Bus Interface property FREQ_HZ does not match between /system_ila_0/SLOT_0_AXIS(142857132) and /axis_subset_converter_0/M_AXIS(100000000)
ERROR: [BD 41-237] Bus Interface property CLK_DOMAIN does not match between /system_ila_0/SLOT_0_AXIS(design_1_processing_system7_0_0_FCLK_CLK1) and /axis_subset_converter_0/M_AXIS(design_1_processing_system7_0_0_FCLK_CLK0)
ERROR: [BD 41-237] Bus Interface property FREQ_HZ does not match between /v_axi4s_vid_out_0/video_in(100000000) and /axis_grayscale_0/m_axis(1.42857e+08)
ERROR: [BD 41-237] Bus Interface property CLK_DOMAIN does not match between /v_axi4s_vid_out_0/video_in(design_1_processing_system7_0_0_FCLK_CLK0) and /axis_grayscale_0/m_axis(design_1_processing_system7_0_0_FCLK_CLK1)
ERROR: [BD 41-237] Bus Interface property FREQ_HZ does not match between /system_ila_0/SLOT_1_AXIS(142857132) and /axis_grayscale_0/m_axis(1.42857e+08)
ERROR: [BD 41-238] Port/Pin property FREQ_HZ does not match between /axis_grayscale_0/aclk(1.42857e+08) and /processing_system7_0/FCLK_CLK0(100000000)
ERROR: [BD 41-238] Port/Pin property CLK_DOMAIN does not match between /axis_grayscale_0/aclk(design_1_processing_system7_0_0_FCLK_CLK1) and /processing_system7_0/FCLK_CLK0(design_1_processing_system7_0_0_FCLK_CLK0)
WARNING: [BD 41-927] Following properties on pin /axi_dynclk_0/REF_CLK_I have been updated from connected ip, but BD cell '/axi_dynclk_0' does not accept parameter changes, so they may not be synchronized with cell properties:
	PHASE = 0.000 
Please resolve any mismatches by directly setting properties on BD cell </axi_dynclk_0> to completely resolve these warnings.
WARNING: [BD 41-927] Following properties on pin /axi_dynclk_0/PXL_CLK_O have been updated from connected ip, but BD cell '/axi_dynclk_0' does not accept parameter changes, so they may not be synchronized with cell properties:
	PHASE = 0.000 
Please resolve any mismatches by directly setting properties on BD cell </axi_dynclk_0> to completely resolve these warnings.
WARNING: [BD 41-927] Following properties on pin /axi_dynclk_0/PXL_CLK_5X_O have been updated from connected ip, but BD cell '/axi_dynclk_0' does not accept parameter changes, so they may not be synchronized with cell properties:
	PHASE = 0.000 
Please resolve any mismatches by directly setting properties on BD cell </axi_dynclk_0> to completely resolve these warnings.
WARNING: [BD 41-927] Following properties on pin /axi_dynclk_0/s00_axi_aclk have been updated from connected ip, but BD cell '/axi_dynclk_0' does not accept parameter changes, so they may not be synchronized with cell properties:
	PHASE = 0.000 
Please resolve any mismatches by directly setting properties on BD cell </axi_dynclk_0> to completely resolve these warnings.
WARNING: [BD 41-927] Following properties on pin /rgb2dvi_0/PixelClk have been updated from connected ip, but BD cell '/rgb2dvi_0' does not accept parameter changes, so they may not be synchronized with cell properties:
	PHASE = 0.000 
Please resolve any mismatches by directly setting properties on BD cell </rgb2dvi_0> to completely resolve these warnings.
WARNING: [BD 41-927] Following properties on pin /rgb2dvi_0/SerialClk have been updated from connected ip, but BD cell '/rgb2dvi_0' does not accept parameter changes, so they may not be synchronized with cell properties:
	PHASE = 0.000 
Please resolve any mismatches by directly setting properties on BD cell </rgb2dvi_0> to completely resolve these warnings.
ERROR: [Common 17-39] 'validate_bd_design' failed due to earlier errors.
WARNING: [IP_Flow 19-474] Invalid Parameter 'Component_Name'
startgroup
set_property -dict [list CONFIG.PCW_EN_CLK1_PORT {0}] [get_bd_cells processing_system7_0]
WARNING: [BD 41-1684] Pin /processing_system7_0/FCLK_CLK1 is now disabled. All connections to this pin have been removed. 
WARNING: [BD 41-176] The physical port 'M_AXI_GP0_aximm_wr_socket' specified in the portmap, is not found on the block! 
WARNING: [BD 41-176] The physical port 'M_AXI_GP0_aximm_rd_socket' specified in the portmap, is not found on the block! 
WARNING: [BD 41-176] The physical port 'S_AXI_HP0_aximm_wr_socket' specified in the portmap, is not found on the block! 
WARNING: [BD 41-176] The physical port 'S_AXI_HP0_aximm_rd_socket' specified in the portmap, is not found on the block! 
endgroup
startgroup
connect_bd_net [get_bd_pins processing_system7_0/FCLK_CLK0] [get_bd_pins axi_smc/aclk]
connect_bd_net [get_bd_pins processing_system7_0/FCLK_CLK0] [get_bd_pins axi_vdma_0/m_axi_mm2s_aclk]
WARNING: [BD 41-395] Exec TCL: all ports/pins are already connected to '/processing_system7_0_FCLK_CLK0'
ERROR: [BD 5-4] Error: running connect_bd_net.
ERROR: [Common 17-39] 'connect_bd_net' failed due to earlier errors.
endgroup
validate_bd_design
WARNING: [BD 41-176] The physical port 'M_AXI_GP0_aximm_wr_socket' specified in the portmap, is not found on the block! 
WARNING: [BD 41-176] The physical port 'M_AXI_GP0_aximm_rd_socket' specified in the portmap, is not found on the block! 
WARNING: [BD 41-176] The physical port 'S_AXI_HP0_aximm_wr_socket' specified in the portmap, is not found on the block! 
WARNING: [BD 41-176] The physical port 'S_AXI_HP0_aximm_rd_socket' specified in the portmap, is not found on the block! 
INFO: [xilinx.com:ip:smartconnect:1.0-1] design_1_axi_smc_0: SmartConnect design_1_axi_smc_0 is in High-performance Mode.
CRITICAL WARNING: [BD 41-1343] Reset pin /v_tc_0/resetn (associated clock /v_tc_0/clk) is connected to reset source /rst_ps7_0_100M/peripheral_aresetn (synchronous to clock source /processing_system7_0/FCLK_CLK0).
This may prevent design from meeting timing. Please add Processor System Reset module to create a reset that is synchronous to the associated clock source /axi_dynclk_0/PXL_CLK_O.
ERROR: [BD 41-237] Bus Interface property FREQ_HZ does not match between /axis_grayscale_0/s_axis(1.42857e+08) and /axis_subset_converter_0/M_AXIS(100000000)
ERROR: [BD 41-237] Bus Interface property CLK_DOMAIN does not match between /axis_grayscale_0/s_axis(design_1_processing_system7_0_0_FCLK_CLK1) and /axis_subset_converter_0/M_AXIS(design_1_processing_system7_0_0_FCLK_CLK0)
ERROR: [BD 41-237] Bus Interface property FREQ_HZ does not match between /v_axi4s_vid_out_0/video_in(100000000) and /axis_grayscale_0/m_axis(1.42857e+08)
ERROR: [BD 41-237] Bus Interface property CLK_DOMAIN does not match between /v_axi4s_vid_out_0/video_in(design_1_processing_system7_0_0_FCLK_CLK0) and /axis_grayscale_0/m_axis(design_1_processing_system7_0_0_FCLK_CLK1)
ERROR: [BD 41-237] Bus Interface property FREQ_HZ does not match between /system_ila_0/SLOT_1_AXIS(100000000) and /axis_grayscale_0/m_axis(1.42857e+08)
ERROR: [BD 41-237] Bus Interface property CLK_DOMAIN does not match between /system_ila_0/SLOT_1_AXIS(design_1_processing_system7_0_0_FCLK_CLK0) and /axis_grayscale_0/m_axis(design_1_processing_system7_0_0_FCLK_CLK1)
ERROR: [BD 41-238] Port/Pin property FREQ_HZ does not match between /axis_grayscale_0/aclk(1.42857e+08) and /processing_system7_0/FCLK_CLK0(100000000)
ERROR: [BD 41-238] Port/Pin property CLK_DOMAIN does not match between /axis_grayscale_0/aclk(design_1_processing_system7_0_0_FCLK_CLK1) and /processing_system7_0/FCLK_CLK0(design_1_processing_system7_0_0_FCLK_CLK0)
WARNING: [BD 41-927] Following properties on pin /axi_dynclk_0/REF_CLK_I have been updated from connected ip, but BD cell '/axi_dynclk_0' does not accept parameter changes, so they may not be synchronized with cell properties:
	PHASE = 0.000 
Please resolve any mismatches by directly setting properties on BD cell </axi_dynclk_0> to completely resolve these warnings.
WARNING: [BD 41-927] Following properties on pin /axi_dynclk_0/PXL_CLK_O have been updated from connected ip, but BD cell '/axi_dynclk_0' does not accept parameter changes, so they may not be synchronized with cell properties:
	PHASE = 0.000 
Please resolve any mismatches by directly setting properties on BD cell </axi_dynclk_0> to completely resolve these warnings.
WARNING: [BD 41-927] Following properties on pin /axi_dynclk_0/PXL_CLK_5X_O have been updated from connected ip, but BD cell '/axi_dynclk_0' does not accept parameter changes, so they may not be synchronized with cell properties:
	PHASE = 0.000 
Please resolve any mismatches by directly setting properties on BD cell </axi_dynclk_0> to completely resolve these warnings.
WARNING: [BD 41-927] Following properties on pin /axi_dynclk_0/s00_axi_aclk have been updated from connected ip, but BD cell '/axi_dynclk_0' does not accept parameter changes, so they may not be synchronized with cell properties:
	PHASE = 0.000 
Please resolve any mismatches by directly setting properties on BD cell </axi_dynclk_0> to completely resolve these warnings.
WARNING: [BD 41-927] Following properties on pin /rgb2dvi_0/PixelClk have been updated from connected ip, but BD cell '/rgb2dvi_0' does not accept parameter changes, so they may not be synchronized with cell properties:
	PHASE = 0.000 
Please resolve any mismatches by directly setting properties on BD cell </rgb2dvi_0> to completely resolve these warnings.
WARNING: [BD 41-927] Following properties on pin /rgb2dvi_0/SerialClk have been updated from connected ip, but BD cell '/rgb2dvi_0' does not accept parameter changes, so they may not be synchronized with cell properties:
	PHASE = 0.000 
Please resolve any mismatches by directly setting properties on BD cell </rgb2dvi_0> to completely resolve these warnings.
validate_bd_design: Time (s): cpu = 00:00:10 ; elapsed = 00:00:09 . Memory (MB): peak = 2110.250 ; gain = 39.398
ERROR: [Common 17-39] 'validate_bd_design' failed due to earlier errors.
set_property -dict [list CONFIG.FREQ_HZ {1.0000000e+08}] [get_bd_pins axis_grayscale_0/aclk]
validate_bd_design
INFO: [xilinx.com:ip:smartconnect:1.0-1] design_1_axi_smc_0: SmartConnect design_1_axi_smc_0 is in High-performance Mode.
CRITICAL WARNING: [BD 41-1343] Reset pin /v_tc_0/resetn (associated clock /v_tc_0/clk) is connected to reset source /rst_ps7_0_100M/peripheral_aresetn (synchronous to clock source /processing_system7_0/FCLK_CLK0).
This may prevent design from meeting timing. Please add Processor System Reset module to create a reset that is synchronous to the associated clock source /axi_dynclk_0/PXL_CLK_O.
ERROR: [BD 41-237] Bus Interface property CLK_DOMAIN does not match between /axis_grayscale_0/s_axis(design_1_processing_system7_0_0_FCLK_CLK1) and /axis_subset_converter_0/M_AXIS(design_1_processing_system7_0_0_FCLK_CLK0)
ERROR: [BD 41-237] Bus Interface property CLK_DOMAIN does not match between /v_axi4s_vid_out_0/video_in(design_1_processing_system7_0_0_FCLK_CLK0) and /axis_grayscale_0/m_axis(design_1_processing_system7_0_0_FCLK_CLK1)
ERROR: [BD 41-237] Bus Interface property CLK_DOMAIN does not match between /system_ila_0/SLOT_1_AXIS(design_1_processing_system7_0_0_FCLK_CLK0) and /axis_grayscale_0/m_axis(design_1_processing_system7_0_0_FCLK_CLK1)
ERROR: [BD 41-238] Port/Pin property FREQ_HZ does not match between /axis_grayscale_0/aclk(1.42857e+08) and /processing_system7_0/FCLK_CLK0(100000000)
ERROR: [BD 41-238] Port/Pin property CLK_DOMAIN does not match between /axis_grayscale_0/aclk(design_1_processing_system7_0_0_FCLK_CLK1) and /processing_system7_0/FCLK_CLK0(design_1_processing_system7_0_0_FCLK_CLK0)
WARNING: [BD 41-927] Following properties on pin /axi_dynclk_0/REF_CLK_I have been updated from connected ip, but BD cell '/axi_dynclk_0' does not accept parameter changes, so they may not be synchronized with cell properties:
	PHASE = 0.000 
Please resolve any mismatches by directly setting properties on BD cell </axi_dynclk_0> to completely resolve these warnings.
WARNING: [BD 41-927] Following properties on pin /axi_dynclk_0/PXL_CLK_O have been updated from connected ip, but BD cell '/axi_dynclk_0' does not accept parameter changes, so they may not be synchronized with cell properties:
	PHASE = 0.000 
Please resolve any mismatches by directly setting properties on BD cell </axi_dynclk_0> to completely resolve these warnings.
WARNING: [BD 41-927] Following properties on pin /axi_dynclk_0/PXL_CLK_5X_O have been updated from connected ip, but BD cell '/axi_dynclk_0' does not accept parameter changes, so they may not be synchronized with cell properties:
	PHASE = 0.000 
Please resolve any mismatches by directly setting properties on BD cell </axi_dynclk_0> to completely resolve these warnings.
WARNING: [BD 41-927] Following properties on pin /axi_dynclk_0/s00_axi_aclk have been updated from connected ip, but BD cell '/axi_dynclk_0' does not accept parameter changes, so they may not be synchronized with cell properties:
	PHASE = 0.000 
Please resolve any mismatches by directly setting properties on BD cell </axi_dynclk_0> to completely resolve these warnings.
WARNING: [BD 41-927] Following properties on pin /rgb2dvi_0/PixelClk have been updated from connected ip, but BD cell '/rgb2dvi_0' does not accept parameter changes, so they may not be synchronized with cell properties:
	PHASE = 0.000 
Please resolve any mismatches by directly setting properties on BD cell </rgb2dvi_0> to completely resolve these warnings.
WARNING: [BD 41-927] Following properties on pin /rgb2dvi_0/SerialClk have been updated from connected ip, but BD cell '/rgb2dvi_0' does not accept parameter changes, so they may not be synchronized with cell properties:
	PHASE = 0.000 
Please resolve any mismatches by directly setting properties on BD cell </rgb2dvi_0> to completely resolve these warnings.
ERROR: [Common 17-39] 'validate_bd_design' failed due to earlier errors.
set_property -dict [list CONFIG.FREQ_HZ {1.00000000e+08}] [get_bd_pins axis_grayscale_0/aclk]
undo
INFO: [Common 17-17] undo 'set_property -dict [list CONFIG.FREQ_HZ {1.00000000e+08}] [get_bd_pins axis_grayscale_0/aclk]'
undo
INFO: [Common 17-17] undo 'set_property -dict [list CONFIG.FREQ_HZ {1.0000000e+08}] [get_bd_pins axis_grayscale_0/aclk]'
validate_bd_design
INFO: [xilinx.com:ip:smartconnect:1.0-1] design_1_axi_smc_0: SmartConnect design_1_axi_smc_0 is in High-performance Mode.
CRITICAL WARNING: [BD 41-1343] Reset pin /v_tc_0/resetn (associated clock /v_tc_0/clk) is connected to reset source /rst_ps7_0_100M/peripheral_aresetn (synchronous to clock source /processing_system7_0/FCLK_CLK0).
This may prevent design from meeting timing. Please add Processor System Reset module to create a reset that is synchronous to the associated clock source /axi_dynclk_0/PXL_CLK_O.
ERROR: [BD 41-237] Bus Interface property FREQ_HZ does not match between /axis_grayscale_0/s_axis(1.42857e+08) and /axis_subset_converter_0/M_AXIS(100000000)
ERROR: [BD 41-237] Bus Interface property CLK_DOMAIN does not match between /axis_grayscale_0/s_axis(design_1_processing_system7_0_0_FCLK_CLK1) and /axis_subset_converter_0/M_AXIS(design_1_processing_system7_0_0_FCLK_CLK0)
ERROR: [BD 41-237] Bus Interface property FREQ_HZ does not match between /v_axi4s_vid_out_0/video_in(100000000) and /axis_grayscale_0/m_axis(1.42857e+08)
ERROR: [BD 41-237] Bus Interface property CLK_DOMAIN does not match between /v_axi4s_vid_out_0/video_in(design_1_processing_system7_0_0_FCLK_CLK0) and /axis_grayscale_0/m_axis(design_1_processing_system7_0_0_FCLK_CLK1)
ERROR: [BD 41-237] Bus Interface property FREQ_HZ does not match between /system_ila_0/SLOT_1_AXIS(100000000) and /axis_grayscale_0/m_axis(1.42857e+08)
ERROR: [BD 41-237] Bus Interface property CLK_DOMAIN does not match between /system_ila_0/SLOT_1_AXIS(design_1_processing_system7_0_0_FCLK_CLK0) and /axis_grayscale_0/m_axis(design_1_processing_system7_0_0_FCLK_CLK1)
ERROR: [BD 41-238] Port/Pin property FREQ_HZ does not match between /axis_grayscale_0/aclk(1.42857e+08) and /processing_system7_0/FCLK_CLK0(100000000)
ERROR: [BD 41-238] Port/Pin property CLK_DOMAIN does not match between /axis_grayscale_0/aclk(design_1_processing_system7_0_0_FCLK_CLK1) and /processing_system7_0/FCLK_CLK0(design_1_processing_system7_0_0_FCLK_CLK0)
WARNING: [BD 41-927] Following properties on pin /axi_dynclk_0/REF_CLK_I have been updated from connected ip, but BD cell '/axi_dynclk_0' does not accept parameter changes, so they may not be synchronized with cell properties:
	PHASE = 0.000 
Please resolve any mismatches by directly setting properties on BD cell </axi_dynclk_0> to completely resolve these warnings.
WARNING: [BD 41-927] Following properties on pin /axi_dynclk_0/PXL_CLK_O have been updated from connected ip, but BD cell '/axi_dynclk_0' does not accept parameter changes, so they may not be synchronized with cell properties:
	PHASE = 0.000 
Please resolve any mismatches by directly setting properties on BD cell </axi_dynclk_0> to completely resolve these warnings.
WARNING: [BD 41-927] Following properties on pin /axi_dynclk_0/PXL_CLK_5X_O have been updated from connected ip, but BD cell '/axi_dynclk_0' does not accept parameter changes, so they may not be synchronized with cell properties:
	PHASE = 0.000 
Please resolve any mismatches by directly setting properties on BD cell </axi_dynclk_0> to completely resolve these warnings.
WARNING: [BD 41-927] Following properties on pin /axi_dynclk_0/s00_axi_aclk have been updated from connected ip, but BD cell '/axi_dynclk_0' does not accept parameter changes, so they may not be synchronized with cell properties:
	PHASE = 0.000 
Please resolve any mismatches by directly setting properties on BD cell </axi_dynclk_0> to completely resolve these warnings.
WARNING: [BD 41-927] Following properties on pin /rgb2dvi_0/PixelClk have been updated from connected ip, but BD cell '/rgb2dvi_0' does not accept parameter changes, so they may not be synchronized with cell properties:
	PHASE = 0.000 
Please resolve any mismatches by directly setting properties on BD cell </rgb2dvi_0> to completely resolve these warnings.
WARNING: [BD 41-927] Following properties on pin /rgb2dvi_0/SerialClk have been updated from connected ip, but BD cell '/rgb2dvi_0' does not accept parameter changes, so they may not be synchronized with cell properties:
	PHASE = 0.000 
Please resolve any mismatches by directly setting properties on BD cell </rgb2dvi_0> to completely resolve these warnings.
ERROR: [Common 17-39] 'validate_bd_design' failed due to earlier errors.
delete_bd_objs [get_bd_cells axis_grayscale_0]
delete_bd_objs [get_bd_intf_nets axis_grayscale_0_m_axis]
delete_bd_objs [get_bd_intf_nets axis_subset_converter_0_M_AXIS] [get_bd_nets xlconstant_0_dout] [get_bd_cells system_ila_0]
connect_bd_intf_net [get_bd_intf_pins axis_subset_converter_0/M_AXIS] [get_bd_intf_pins v_axi4s_vid_out_0/video_in]
set_property location {2 688 634} [get_bd_cells xlconstant_0]
delete_bd_objs [get_bd_cells xlconstant_0]
validate_bd_design
INFO: [xilinx.com:ip:smartconnect:1.0-1] design_1_axi_smc_0: SmartConnect design_1_axi_smc_0 is in High-performance Mode.
CRITICAL WARNING: [BD 41-1343] Reset pin /v_tc_0/resetn (associated clock /v_tc_0/clk) is connected to reset source /rst_ps7_0_100M/peripheral_aresetn (synchronous to clock source /processing_system7_0/FCLK_CLK0).
This may prevent design from meeting timing. Please add Processor System Reset module to create a reset that is synchronous to the associated clock source /axi_dynclk_0/PXL_CLK_O.
WARNING: [BD 41-927] Following properties on pin /axi_dynclk_0/REF_CLK_I have been updated from connected ip, but BD cell '/axi_dynclk_0' does not accept parameter changes, so they may not be synchronized with cell properties:
	PHASE = 0.000 
Please resolve any mismatches by directly setting properties on BD cell </axi_dynclk_0> to completely resolve these warnings.
WARNING: [BD 41-927] Following properties on pin /axi_dynclk_0/PXL_CLK_O have been updated from connected ip, but BD cell '/axi_dynclk_0' does not accept parameter changes, so they may not be synchronized with cell properties:
	PHASE = 0.000 
Please resolve any mismatches by directly setting properties on BD cell </axi_dynclk_0> to completely resolve these warnings.
WARNING: [BD 41-927] Following properties on pin /axi_dynclk_0/PXL_CLK_5X_O have been updated from connected ip, but BD cell '/axi_dynclk_0' does not accept parameter changes, so they may not be synchronized with cell properties:
	PHASE = 0.000 
Please resolve any mismatches by directly setting properties on BD cell </axi_dynclk_0> to completely resolve these warnings.
WARNING: [BD 41-927] Following properties on pin /axi_dynclk_0/s00_axi_aclk have been updated from connected ip, but BD cell '/axi_dynclk_0' does not accept parameter changes, so they may not be synchronized with cell properties:
	PHASE = 0.000 
Please resolve any mismatches by directly setting properties on BD cell </axi_dynclk_0> to completely resolve these warnings.
WARNING: [BD 41-927] Following properties on pin /rgb2dvi_0/PixelClk have been updated from connected ip, but BD cell '/rgb2dvi_0' does not accept parameter changes, so they may not be synchronized with cell properties:
	PHASE = 0.000 
Please resolve any mismatches by directly setting properties on BD cell </rgb2dvi_0> to completely resolve these warnings.
WARNING: [BD 41-927] Following properties on pin /rgb2dvi_0/SerialClk have been updated from connected ip, but BD cell '/rgb2dvi_0' does not accept parameter changes, so they may not be synchronized with cell properties:
	PHASE = 0.000 
Please resolve any mismatches by directly setting properties on BD cell </rgb2dvi_0> to completely resolve these warnings.
save_bd_design
Wrote  : <C:\Users\Saad\Desktop\stingray\arm_fpga_04_hdmi_output\arm_fpga_04_hdmi_output.srcs\sources_1\bd\design_1\design_1.bd> 
Wrote  : <C:/Users/Saad/Desktop/stingray/arm_fpga_04_hdmi_output/arm_fpga_04_hdmi_output.srcs/sources_1/bd/design_1/ui/bd_1f5defd0.ui> 
validate_bd_design -force
INFO: [xilinx.com:ip:smartconnect:1.0-1] design_1_axi_smc_0: SmartConnect design_1_axi_smc_0 is in High-performance Mode.
CRITICAL WARNING: [BD 41-1343] Reset pin /v_tc_0/resetn (associated clock /v_tc_0/clk) is connected to reset source /rst_ps7_0_100M/peripheral_aresetn (synchronous to clock source /processing_system7_0/FCLK_CLK0).
This may prevent design from meeting timing. Please add Processor System Reset module to create a reset that is synchronous to the associated clock source /axi_dynclk_0/PXL_CLK_O.
WARNING: [BD 41-927] Following properties on pin /axi_dynclk_0/REF_CLK_I have been updated from connected ip, but BD cell '/axi_dynclk_0' does not accept parameter changes, so they may not be synchronized with cell properties:
	PHASE = 0.000 
Please resolve any mismatches by directly setting properties on BD cell </axi_dynclk_0> to completely resolve these warnings.
WARNING: [BD 41-927] Following properties on pin /axi_dynclk_0/PXL_CLK_O have been updated from connected ip, but BD cell '/axi_dynclk_0' does not accept parameter changes, so they may not be synchronized with cell properties:
	PHASE = 0.000 
Please resolve any mismatches by directly setting properties on BD cell </axi_dynclk_0> to completely resolve these warnings.
WARNING: [BD 41-927] Following properties on pin /axi_dynclk_0/PXL_CLK_5X_O have been updated from connected ip, but BD cell '/axi_dynclk_0' does not accept parameter changes, so they may not be synchronized with cell properties:
	PHASE = 0.000 
Please resolve any mismatches by directly setting properties on BD cell </axi_dynclk_0> to completely resolve these warnings.
WARNING: [BD 41-927] Following properties on pin /axi_dynclk_0/s00_axi_aclk have been updated from connected ip, but BD cell '/axi_dynclk_0' does not accept parameter changes, so they may not be synchronized with cell properties:
	PHASE = 0.000 
Please resolve any mismatches by directly setting properties on BD cell </axi_dynclk_0> to completely resolve these warnings.
WARNING: [BD 41-927] Following properties on pin /rgb2dvi_0/PixelClk have been updated from connected ip, but BD cell '/rgb2dvi_0' does not accept parameter changes, so they may not be synchronized with cell properties:
	PHASE = 0.000 
Please resolve any mismatches by directly setting properties on BD cell </rgb2dvi_0> to completely resolve these warnings.
WARNING: [BD 41-927] Following properties on pin /rgb2dvi_0/SerialClk have been updated from connected ip, but BD cell '/rgb2dvi_0' does not accept parameter changes, so they may not be synchronized with cell properties:
	PHASE = 0.000 
Please resolve any mismatches by directly setting properties on BD cell </rgb2dvi_0> to completely resolve these warnings.
save_bd_design
Wrote  : <C:\Users\Saad\Desktop\stingray\arm_fpga_04_hdmi_output\arm_fpga_04_hdmi_output.srcs\sources_1\bd\design_1\design_1.bd> 
reset_run synth_1
WARNING: [Vivado 12-1017] Problems encountered:
1. Failed to delete one or more files in run directory C:/Users/Saad/Desktop/stingray/arm_fpga_04_hdmi_output/arm_fpga_04_hdmi_output.runs/synth_1

reset_run design_1_processing_system7_0_0_synth_1
WARNING: [Vivado 12-1017] Problems encountered:
1. Failed to delete one or more files in run directory C:/Users/Saad/Desktop/stingray/arm_fpga_04_hdmi_output/arm_fpga_04_hdmi_output.runs/design_1_processing_system7_0_0_synth_1

reset_run design_1_rst_ps7_0_142M_0_synth_1
WARNING: [Vivado 12-1017] Problems encountered:
1. Failed to delete one or more files in run directory C:/Users/Saad/Desktop/stingray/arm_fpga_04_hdmi_output/arm_fpga_04_hdmi_output.runs/design_1_rst_ps7_0_142M_0_synth_1

reset_run design_1_rst_ps7_0_100M_0_synth_1
WARNING: [Vivado 12-1017] Problems encountered:
1. Failed to delete one or more files in run directory C:/Users/Saad/Desktop/stingray/arm_fpga_04_hdmi_output/arm_fpga_04_hdmi_output.runs/design_1_rst_ps7_0_100M_0_synth_1

reset_run design_1_axi_vdma_0_0_synth_1
WARNING: [Vivado 12-1017] Problems encountered:
1. Failed to delete one or more files in run directory C:/Users/Saad/Desktop/stingray/arm_fpga_04_hdmi_output/arm_fpga_04_hdmi_output.runs/design_1_axi_vdma_0_0_synth_1

reset_run design_1_axis_subset_converter_0_0_synth_1
WARNING: [Vivado 12-1017] Problems encountered:
1. Failed to delete one or more files in run directory C:/Users/Saad/Desktop/stingray/arm_fpga_04_hdmi_output/arm_fpga_04_hdmi_output.runs/design_1_axis_subset_converter_0_0_synth_1

reset_run design_1_v_axi4s_vid_out_0_0_synth_1
WARNING: [Vivado 12-1017] Problems encountered:
1. Failed to delete one or more files in run directory C:/Users/Saad/Desktop/stingray/arm_fpga_04_hdmi_output/arm_fpga_04_hdmi_output.runs/design_1_v_axi4s_vid_out_0_0_synth_1

reset_run design_1_v_tc_0_0_synth_1
WARNING: [Vivado 12-1017] Problems encountered:
1. Failed to delete one or more files in run directory C:/Users/Saad/Desktop/stingray/arm_fpga_04_hdmi_output/arm_fpga_04_hdmi_output.runs/design_1_v_tc_0_0_synth_1

reset_run design_1_xbar_0_synth_1
WARNING: [Vivado 12-1017] Problems encountered:
1. Failed to delete one or more files in run directory C:/Users/Saad/Desktop/stingray/arm_fpga_04_hdmi_output/arm_fpga_04_hdmi_output.runs/design_1_xbar_0_synth_1

launch_runs impl_1 -to_step write_bitstream -jobs 8
INFO: [BD 41-1662] The design 'design_1.bd' is already validated. Therefore parameter propagation will not be re-run.
VHDL Output written to : c:/Users/Saad/Desktop/stingray/arm_fpga_04_hdmi_output/arm_fpga_04_hdmi_output.gen/sources_1/bd/design_1/synth/design_1.v
VHDL Output written to : c:/Users/Saad/Desktop/stingray/arm_fpga_04_hdmi_output/arm_fpga_04_hdmi_output.gen/sources_1/bd/design_1/sim/design_1.v
VHDL Output written to : c:/Users/Saad/Desktop/stingray/arm_fpga_04_hdmi_output/arm_fpga_04_hdmi_output.gen/sources_1/bd/design_1/hdl/design_1_wrapper.v
INFO: [IP_Flow 19-5611] Unable to find an associated reset port for the interface 'M_AXI_GP0'. A default connection has been created.
INFO: [IP_Flow 19-5611] Unable to find an associated reset port for the interface 'S_AXI_HP0'. A default connection has been created.
INFO: [BD 41-1029] Generation completed for the IP Integrator block processing_system7_0 .
INFO: [BD 41-1029] Generation completed for the IP Integrator block rst_ps7_0_142M .
INFO: [BD 41-1029] Generation completed for the IP Integrator block rst_ps7_0_100M .
Exporting to file c:/Users/Saad/Desktop/stingray/arm_fpga_04_hdmi_output/arm_fpga_04_hdmi_output.gen/sources_1/bd/design_1/ip/design_1_axi_smc_0/bd_0/hw_handoff/design_1_axi_smc_0.hwh
Generated Hardware Definition File c:/Users/Saad/Desktop/stingray/arm_fpga_04_hdmi_output/arm_fpga_04_hdmi_output.gen/sources_1/bd/design_1/ip/design_1_axi_smc_0/bd_0/synth/design_1_axi_smc_0.hwdef
INFO: [BD 41-1029] Generation completed for the IP Integrator block axi_smc .
WARNING: [IP_Flow 19-4994] Overwriting existing constraint file 'c:/Users/Saad/Desktop/stingray/arm_fpga_04_hdmi_output/arm_fpga_04_hdmi_output.gen/sources_1/bd/design_1/ip/design_1_axi_vdma_0_0/design_1_axi_vdma_0_0_ooc.xdc'
INFO: [BD 41-1029] Generation completed for the IP Integrator block axi_vdma_0 .
WARNING: [IP_Flow 19-4994] Overwriting existing constraint file 'c:/Users/Saad/Desktop/stingray/arm_fpga_04_hdmi_output/arm_fpga_04_hdmi_output.gen/sources_1/bd/design_1/ip/design_1_axis_subset_converter_0_0/design_1_axis_subset_converter_0_0_ooc.xdc'
INFO: [BD 41-1029] Generation completed for the IP Integrator block axis_subset_converter_0 .
INFO: [BD 41-1029] Generation completed for the IP Integrator block ps7_0_axi_periph/xbar .
INFO: [BD 41-1029] Generation completed for the IP Integrator block v_axi4s_vid_out_0 .
INFO: [BD 41-1029] Generation completed for the IP Integrator block v_tc_0 .
WARNING: [IP_Flow 19-4994] Overwriting existing constraint file 'c:/Users/Saad/Desktop/stingray/arm_fpga_04_hdmi_output/arm_fpga_04_hdmi_output.gen/sources_1/bd/design_1/ip/design_1_auto_pc_0/design_1_auto_pc_0_ooc.xdc'
INFO: [BD 41-1029] Generation completed for the IP Integrator block ps7_0_axi_periph/s00_couplers/auto_pc .
Exporting to file c:/Users/Saad/Desktop/stingray/arm_fpga_04_hdmi_output/arm_fpga_04_hdmi_output.gen/sources_1/bd/design_1/hw_handoff/design_1.hwh
Generated Hardware Definition File c:/Users/Saad/Desktop/stingray/arm_fpga_04_hdmi_output/arm_fpga_04_hdmi_output.gen/sources_1/bd/design_1/synth/design_1.hwdef
[Tue May 19 15:05:16 2026] Launched design_1_processing_system7_0_0_synth_1, design_1_rst_ps7_0_142M_0_synth_1, design_1_rst_ps7_0_100M_0_synth_1, design_1_axi_vdma_0_0_synth_1, design_1_axis_subset_converter_0_0_synth_1, design_1_v_axi4s_vid_out_0_0_synth_1, design_1_v_tc_0_0_synth_1, design_1_xbar_0_synth_1, design_1_axi_smc_0_synth_1, design_1_auto_pc_0_synth_1, synth_1...
Run output will be captured here:
design_1_processing_system7_0_0_synth_1: C:/Users/Saad/Desktop/stingray/arm_fpga_04_hdmi_output/arm_fpga_04_hdmi_output.runs/design_1_processing_system7_0_0_synth_1/runme.log
design_1_rst_ps7_0_142M_0_synth_1: C:/Users/Saad/Desktop/stingray/arm_fpga_04_hdmi_output/arm_fpga_04_hdmi_output.runs/design_1_rst_ps7_0_142M_0_synth_1/runme.log
design_1_rst_ps7_0_100M_0_synth_1: C:/Users/Saad/Desktop/stingray/arm_fpga_04_hdmi_output/arm_fpga_04_hdmi_output.runs/design_1_rst_ps7_0_100M_0_synth_1/runme.log
design_1_axi_vdma_0_0_synth_1: C:/Users/Saad/Desktop/stingray/arm_fpga_04_hdmi_output/arm_fpga_04_hdmi_output.runs/design_1_axi_vdma_0_0_synth_1/runme.log
design_1_axis_subset_converter_0_0_synth_1: C:/Users/Saad/Desktop/stingray/arm_fpga_04_hdmi_output/arm_fpga_04_hdmi_output.runs/design_1_axis_subset_converter_0_0_synth_1/runme.log
design_1_v_axi4s_vid_out_0_0_synth_1: C:/Users/Saad/Desktop/stingray/arm_fpga_04_hdmi_output/arm_fpga_04_hdmi_output.runs/design_1_v_axi4s_vid_out_0_0_synth_1/runme.log
design_1_v_tc_0_0_synth_1: C:/Users/Saad/Desktop/stingray/arm_fpga_04_hdmi_output/arm_fpga_04_hdmi_output.runs/design_1_v_tc_0_0_synth_1/runme.log
design_1_xbar_0_synth_1: C:/Users/Saad/Desktop/stingray/arm_fpga_04_hdmi_output/arm_fpga_04_hdmi_output.runs/design_1_xbar_0_synth_1/runme.log
design_1_axi_smc_0_synth_1: C:/Users/Saad/Desktop/stingray/arm_fpga_04_hdmi_output/arm_fpga_04_hdmi_output.runs/design_1_axi_smc_0_synth_1/runme.log
design_1_auto_pc_0_synth_1: C:/Users/Saad/Desktop/stingray/arm_fpga_04_hdmi_output/arm_fpga_04_hdmi_output.runs/design_1_auto_pc_0_synth_1/runme.log
synth_1: C:/Users/Saad/Desktop/stingray/arm_fpga_04_hdmi_output/arm_fpga_04_hdmi_output.runs/synth_1/runme.log
[Tue May 19 15:05:17 2026] Launched impl_1...
Run output will be captured here: C:/Users/Saad/Desktop/stingray/arm_fpga_04_hdmi_output/arm_fpga_04_hdmi_output.runs/impl_1/runme.log
launch_runs: Time (s): cpu = 00:00:31 ; elapsed = 00:00:42 . Memory (MB): peak = 2389.777 ; gain = 219.816
validate_bd_design -force
INFO: [xilinx.com:ip:smartconnect:1.0-1] design_1_axi_smc_0: SmartConnect design_1_axi_smc_0 is in High-performance Mode.
CRITICAL WARNING: [BD 41-1343] Reset pin /v_tc_0/resetn (associated clock /v_tc_0/clk) is connected to reset source /rst_ps7_0_100M/peripheral_aresetn (synchronous to clock source /processing_system7_0/FCLK_CLK0).
This may prevent design from meeting timing. Please add Processor System Reset module to create a reset that is synchronous to the associated clock source /axi_dynclk_0/PXL_CLK_O.
WARNING: [BD 41-927] Following properties on pin /axi_dynclk_0/REF_CLK_I have been updated from connected ip, but BD cell '/axi_dynclk_0' does not accept parameter changes, so they may not be synchronized with cell properties:
	PHASE = 0.000 
Please resolve any mismatches by directly setting properties on BD cell </axi_dynclk_0> to completely resolve these warnings.
WARNING: [BD 41-927] Following properties on pin /axi_dynclk_0/PXL_CLK_O have been updated from connected ip, but BD cell '/axi_dynclk_0' does not accept parameter changes, so they may not be synchronized with cell properties:
	PHASE = 0.000 
Please resolve any mismatches by directly setting properties on BD cell </axi_dynclk_0> to completely resolve these warnings.
WARNING: [BD 41-927] Following properties on pin /axi_dynclk_0/PXL_CLK_5X_O have been updated from connected ip, but BD cell '/axi_dynclk_0' does not accept parameter changes, so they may not be synchronized with cell properties:
	PHASE = 0.000 
Please resolve any mismatches by directly setting properties on BD cell </axi_dynclk_0> to completely resolve these warnings.
WARNING: [BD 41-927] Following properties on pin /axi_dynclk_0/s00_axi_aclk have been updated from connected ip, but BD cell '/axi_dynclk_0' does not accept parameter changes, so they may not be synchronized with cell properties:
	PHASE = 0.000 
Please resolve any mismatches by directly setting properties on BD cell </axi_dynclk_0> to completely resolve these warnings.
WARNING: [BD 41-927] Following properties on pin /rgb2dvi_0/PixelClk have been updated from connected ip, but BD cell '/rgb2dvi_0' does not accept parameter changes, so they may not be synchronized with cell properties:
	PHASE = 0.000 
Please resolve any mismatches by directly setting properties on BD cell </rgb2dvi_0> to completely resolve these warnings.
WARNING: [BD 41-927] Following properties on pin /rgb2dvi_0/SerialClk have been updated from connected ip, but BD cell '/rgb2dvi_0' does not accept parameter changes, so they may not be synchronized with cell properties:
	PHASE = 0.000 
Please resolve any mismatches by directly setting properties on BD cell </rgb2dvi_0> to completely resolve these warnings.
save_bd_design
Wrote  : <C:\Users\Saad\Desktop\stingray\arm_fpga_04_hdmi_output\arm_fpga_04_hdmi_output.srcs\sources_1\bd\design_1\design_1.bd> 
Wrote  : <C:/Users/Saad/Desktop/stingray/arm_fpga_04_hdmi_output/arm_fpga_04_hdmi_output.srcs/sources_1/bd/design_1/ui/bd_1f5defd0.ui> 
reset_run design_1_processing_system7_0_0_synth_1
WARNING: [Vivado 12-1017] Problems encountered:
1. Failed to delete one or more files in run directory C:/Users/Saad/Desktop/stingray/arm_fpga_04_hdmi_output/arm_fpga_04_hdmi_output.runs/design_1_processing_system7_0_0_synth_1

reset_run design_1_rst_ps7_0_142M_0_synth_1
WARNING: [Vivado 12-1017] Problems encountered:
1. Failed to delete one or more files in run directory C:/Users/Saad/Desktop/stingray/arm_fpga_04_hdmi_output/arm_fpga_04_hdmi_output.runs/design_1_rst_ps7_0_142M_0_synth_1

reset_run design_1_axi_vdma_0_0_synth_1
WARNING: [Vivado 12-1017] Problems encountered:
1. Failed to delete one or more files in run directory C:/Users/Saad/Desktop/stingray/arm_fpga_04_hdmi_output/arm_fpga_04_hdmi_output.runs/design_1_axi_vdma_0_0_synth_1

reset_run design_1_v_axi4s_vid_out_0_0_synth_1
WARNING: [Vivado 12-1017] Problems encountered:
1. Failed to delete one or more files in run directory C:/Users/Saad/Desktop/stingray/arm_fpga_04_hdmi_output/arm_fpga_04_hdmi_output.runs/design_1_v_axi4s_vid_out_0_0_synth_1

reset_run design_1_v_tc_0_0_synth_1
WARNING: [Vivado 12-1017] Problems encountered:
1. Failed to delete one or more files in run directory C:/Users/Saad/Desktop/stingray/arm_fpga_04_hdmi_output/arm_fpga_04_hdmi_output.runs/design_1_v_tc_0_0_synth_1

reset_run design_1_axi_smc_0_synth_1
reset_run impl_1
launch_runs impl_1 -jobs 8
INFO: [BD 41-1662] The design 'design_1.bd' is already validated. Therefore parameter propagation will not be re-run.
Wrote  : <C:\Users\Saad\Desktop\stingray\arm_fpga_04_hdmi_output\arm_fpga_04_hdmi_output.srcs\sources_1\bd\design_1\design_1.bd> 
Wrote  : <C:/Users/Saad/Desktop/stingray/arm_fpga_04_hdmi_output/arm_fpga_04_hdmi_output.srcs/sources_1/bd/design_1/ui/bd_1f5defd0.ui> 
VHDL Output written to : c:/Users/Saad/Desktop/stingray/arm_fpga_04_hdmi_output/arm_fpga_04_hdmi_output.gen/sources_1/bd/design_1/synth/design_1.v
VHDL Output written to : c:/Users/Saad/Desktop/stingray/arm_fpga_04_hdmi_output/arm_fpga_04_hdmi_output.gen/sources_1/bd/design_1/sim/design_1.v
VHDL Output written to : c:/Users/Saad/Desktop/stingray/arm_fpga_04_hdmi_output/arm_fpga_04_hdmi_output.gen/sources_1/bd/design_1/hdl/design_1_wrapper.v
Exporting to file c:/Users/Saad/Desktop/stingray/arm_fpga_04_hdmi_output/arm_fpga_04_hdmi_output.gen/sources_1/bd/design_1/ip/design_1_axi_smc_0/bd_0/hw_handoff/design_1_axi_smc_0.hwh
Generated Hardware Definition File c:/Users/Saad/Desktop/stingray/arm_fpga_04_hdmi_output/arm_fpga_04_hdmi_output.gen/sources_1/bd/design_1/ip/design_1_axi_smc_0/bd_0/synth/design_1_axi_smc_0.hwdef
INFO: [BD 41-1029] Generation completed for the IP Integrator block axi_smc .
WARNING: [IP_Flow 19-4994] Overwriting existing constraint file 'c:/Users/Saad/Desktop/stingray/arm_fpga_04_hdmi_output/arm_fpga_04_hdmi_output.gen/sources_1/bd/design_1/ip/design_1_auto_pc_0/design_1_auto_pc_0_ooc.xdc'
INFO: [BD 41-1029] Generation completed for the IP Integrator block ps7_0_axi_periph/s00_couplers/auto_pc .
Exporting to file c:/Users/Saad/Desktop/stingray/arm_fpga_04_hdmi_output/arm_fpga_04_hdmi_output.gen/sources_1/bd/design_1/hw_handoff/design_1.hwh
Generated Hardware Definition File c:/Users/Saad/Desktop/stingray/arm_fpga_04_hdmi_output/arm_fpga_04_hdmi_output.gen/sources_1/bd/design_1/synth/design_1.hwdef
INFO: [IP_Flow 19-4993] Using cached IP synthesis design for IP design_1_auto_pc_0, cache-ID = 4c748482f538fe3b; cache size = 54.211 MB.
INFO: [IP_Flow 19-4993] Using cached IP synthesis design for IP design_1_rst_ps7_0_142M_0, cache-ID = d1f8ae2235873a77; cache size = 54.211 MB.
[Tue May 19 15:11:58 2026] Launched design_1_processing_system7_0_0_synth_1, design_1_axi_vdma_0_0_synth_1, design_1_v_axi4s_vid_out_0_0_synth_1, design_1_v_tc_0_0_synth_1, design_1_axi_smc_0_synth_1, synth_1...
Run output will be captured here:
design_1_processing_system7_0_0_synth_1: C:/Users/Saad/Desktop/stingray/arm_fpga_04_hdmi_output/arm_fpga_04_hdmi_output.runs/design_1_processing_system7_0_0_synth_1/runme.log
design_1_axi_vdma_0_0_synth_1: C:/Users/Saad/Desktop/stingray/arm_fpga_04_hdmi_output/arm_fpga_04_hdmi_output.runs/design_1_axi_vdma_0_0_synth_1/runme.log
design_1_v_axi4s_vid_out_0_0_synth_1: C:/Users/Saad/Desktop/stingray/arm_fpga_04_hdmi_output/arm_fpga_04_hdmi_output.runs/design_1_v_axi4s_vid_out_0_0_synth_1/runme.log
design_1_v_tc_0_0_synth_1: C:/Users/Saad/Desktop/stingray/arm_fpga_04_hdmi_output/arm_fpga_04_hdmi_output.runs/design_1_v_tc_0_0_synth_1/runme.log
design_1_axi_smc_0_synth_1: C:/Users/Saad/Desktop/stingray/arm_fpga_04_hdmi_output/arm_fpga_04_hdmi_output.runs/design_1_axi_smc_0_synth_1/runme.log
synth_1: C:/Users/Saad/Desktop/stingray/arm_fpga_04_hdmi_output/arm_fpga_04_hdmi_output.runs/synth_1/runme.log
[Tue May 19 15:11:58 2026] Launched impl_1...
Run output will be captured here: C:/Users/Saad/Desktop/stingray/arm_fpga_04_hdmi_output/arm_fpga_04_hdmi_output.runs/impl_1/runme.log
launch_runs: Time (s): cpu = 00:00:07 ; elapsed = 00:00:08 . Memory (MB): peak = 2425.746 ; gain = 0.000
make_wrapper -files [get_files C:/Users/Saad/Desktop/stingray/arm_fpga_04_hdmi_output/arm_fpga_04_hdmi_output.srcs/sources_1/bd/design_1/design_1.bd] -top
