21:24:27 INFO  : Launching XSCT server: xsct.bat -n  -interactive C:\Users\Saad\Desktop\check\ddr_hdmi_100mhz\temp_xsdb_launch_script.tcl
21:24:27 INFO  : Platform repository initialization has completed.
21:24:27 INFO  : Registering command handlers for Vitis TCF services
21:24:29 INFO  : XSCT server has started successfully.
21:24:29 INFO  : plnx-install-location is set to ''
21:24:29 INFO  : Successfully done setting XSCT server connection channel  
21:24:29 INFO  : Successfully done query RDI_DATADIR 
21:24:29 INFO  : Successfully done setting workspace for the tool. 
21:25:56 INFO  : Result from executing command 'getProjects': 100mhz_ethernet
21:25:56 INFO  : Result from executing command 'getPlatforms': 
21:25:56 WARN  : An unexpected exception occurred in the module 'platform project logging'
21:25:57 INFO  : Platform '100mhz_ethernet' is added to custom repositories.
21:26:06 INFO  : Platform '100mhz_ethernet' is added to custom repositories.
21:26:54 INFO  : Result from executing command 'getProjects': 100mhz_ethernet
21:26:54 INFO  : Result from executing command 'getPlatforms': 100mhz_ethernet|C:/Users/Saad/Desktop/check/ddr_hdmi_100mhz/100mhz_ethernet/export/100mhz_ethernet/100mhz_ethernet.xpfm
21:26:55 INFO  : Checking for BSP changes to sync application flags for project 'ddr_hdmi_100mhz'...
21:27:37 INFO  : Connected to target on host '127.0.0.1' and port '3121'.
21:27:49 INFO  : Jtag cable 'Digilent JTAG-SMT2 210251A08870' is selected.
21:28:01 INFO  : 'jtag frequency' command is executed.
21:28:01 INFO  : Context for 'APU' is selected.
21:28:01 INFO  : System reset is completed.
21:28:04 INFO  : 'after 3000' command is executed.
21:28:13 INFO  : 'targets -set -filter {jtag_cable_name =~ "Digilent JTAG-SMT2 210251A08870" && level==0 && jtag_device_ctx=="jsn-JTAG-SMT2-210251A08870-13722093-0"}' command is executed.
21:28:14 INFO  : Device configured successfully with "C:/Users/Saad/Desktop/check/ddr_hdmi_100mhz/ddr_hdmi_100mhz/_ide/bitstream/100mhz_ethernet.bit"
21:28:14 INFO  : Context for 'APU' is selected.
21:28:25 INFO  : Hardware design and registers information is loaded from 'C:/Users/Saad/Desktop/check/ddr_hdmi_100mhz/100mhz_ethernet/export/100mhz_ethernet/hw/100mhz_ethernet.xsa'.
21:28:25 INFO  : 'configparams force-mem-access 1' command is executed.
21:28:25 INFO  : Context for 'APU' is selected.
21:28:25 INFO  : Sourcing of 'C:/Users/Saad/Desktop/check/ddr_hdmi_100mhz/ddr_hdmi_100mhz/_ide/psinit/ps7_init.tcl' is done.
21:29:59 INFO  : 'ps7_init' command is executed.
21:29:59 INFO  : 'ps7_post_config' command is executed.
21:29:59 INFO  : Context for processor 'ps7_cortexa9_0' is selected.
21:30:28 INFO  : The application 'C:/Users/Saad/Desktop/check/ddr_hdmi_100mhz/ddr_hdmi_100mhz/Debug/ddr_hdmi_100mhz.elf' is downloaded to processor 'ps7_cortexa9_0'.
21:30:40 INFO  : 'configparams force-mem-access 0' command is executed.
21:30:40 INFO  : ----------------XSDB Script----------------
connect -url tcp:127.0.0.1:3121
targets -set -nocase -filter {name =~"APU*"}
rst -system
after 3000
targets -set -filter {jtag_cable_name =~ "Digilent JTAG-SMT2 210251A08870" && level==0 && jtag_device_ctx=="jsn-JTAG-SMT2-210251A08870-13722093-0"}
fpga -file C:/Users/Saad/Desktop/check/ddr_hdmi_100mhz/ddr_hdmi_100mhz/_ide/bitstream/100mhz_ethernet.bit
targets -set -nocase -filter {name =~"APU*"}
loadhw -hw C:/Users/Saad/Desktop/check/ddr_hdmi_100mhz/100mhz_ethernet/export/100mhz_ethernet/hw/100mhz_ethernet.xsa -mem-ranges [list {0x40000000 0xbfffffff}] -regs
configparams force-mem-access 1
targets -set -nocase -filter {name =~"APU*"}
source C:/Users/Saad/Desktop/check/ddr_hdmi_100mhz/ddr_hdmi_100mhz/_ide/psinit/ps7_init.tcl
ps7_init
ps7_post_config
targets -set -nocase -filter {name =~ "*A9*#0"}
dow C:/Users/Saad/Desktop/check/ddr_hdmi_100mhz/ddr_hdmi_100mhz/Debug/ddr_hdmi_100mhz.elf
configparams force-mem-access 0
----------------End of Script----------------

21:30:52 INFO  : Context for processor 'ps7_cortexa9_0' is selected.
21:31:03 INFO  : 'con' command is executed.
21:31:03 INFO  : ----------------XSDB Script (After Launch)----------------
targets -set -nocase -filter {name =~ "*A9*#0"}
con
----------------End of Script----------------

21:31:03 INFO  : Launch script is exported to file 'C:\Users\Saad\Desktop\check\ddr_hdmi_100mhz\ddr_hdmi_100mhz_system\_ide\scripts\systemdebugger_ddr_hdmi_100mhz_system_standalone.tcl'
21:31:27 INFO  : Disconnected from the channel tcfchan#2.
21:31:38 INFO  : Connected to target on host '127.0.0.1' and port '3121'.
21:31:50 INFO  : Jtag cable 'Digilent JTAG-SMT2 210251A08870' is selected.
21:32:01 INFO  : 'jtag frequency' command is executed.
21:32:01 INFO  : Context for 'APU' is selected.
21:32:01 INFO  : System reset is completed.
21:32:04 INFO  : 'after 3000' command is executed.
21:32:13 INFO  : 'targets -set -filter {jtag_cable_name =~ "Digilent JTAG-SMT2 210251A08870" && level==0 && jtag_device_ctx=="jsn-JTAG-SMT2-210251A08870-13722093-0"}' command is executed.
21:32:14 INFO  : Device configured successfully with "C:/Users/Saad/Desktop/check/ddr_hdmi_100mhz/ddr_hdmi_100mhz/_ide/bitstream/100mhz_ethernet.bit"
21:32:14 INFO  : Context for 'APU' is selected.
21:32:14 INFO  : Hardware design and registers information is loaded from 'C:/Users/Saad/Desktop/check/ddr_hdmi_100mhz/100mhz_ethernet/export/100mhz_ethernet/hw/100mhz_ethernet.xsa'.
21:32:14 INFO  : 'configparams force-mem-access 1' command is executed.
21:32:14 INFO  : Context for 'APU' is selected.
21:32:14 INFO  : Sourcing of 'C:/Users/Saad/Desktop/check/ddr_hdmi_100mhz/ddr_hdmi_100mhz/_ide/psinit/ps7_init.tcl' is done.
21:33:48 INFO  : 'ps7_init' command is executed.
21:33:59 INFO  : 'ps7_post_config' command is executed.
21:33:59 INFO  : Context for processor 'ps7_cortexa9_0' is selected.
21:34:29 INFO  : The application 'C:/Users/Saad/Desktop/check/ddr_hdmi_100mhz/ddr_hdmi_100mhz/Debug/ddr_hdmi_100mhz.elf' is downloaded to processor 'ps7_cortexa9_0'.
21:34:41 INFO  : 'configparams force-mem-access 0' command is executed.
21:34:41 INFO  : ----------------XSDB Script----------------
connect -url tcp:127.0.0.1:3121
targets -set -nocase -filter {name =~"APU*"}
rst -system
after 3000
targets -set -filter {jtag_cable_name =~ "Digilent JTAG-SMT2 210251A08870" && level==0 && jtag_device_ctx=="jsn-JTAG-SMT2-210251A08870-13722093-0"}
fpga -file C:/Users/Saad/Desktop/check/ddr_hdmi_100mhz/ddr_hdmi_100mhz/_ide/bitstream/100mhz_ethernet.bit
targets -set -nocase -filter {name =~"APU*"}
loadhw -hw C:/Users/Saad/Desktop/check/ddr_hdmi_100mhz/100mhz_ethernet/export/100mhz_ethernet/hw/100mhz_ethernet.xsa -mem-ranges [list {0x40000000 0xbfffffff}] -regs
configparams force-mem-access 1
targets -set -nocase -filter {name =~"APU*"}
source C:/Users/Saad/Desktop/check/ddr_hdmi_100mhz/ddr_hdmi_100mhz/_ide/psinit/ps7_init.tcl
ps7_init
ps7_post_config
targets -set -nocase -filter {name =~ "*A9*#0"}
dow C:/Users/Saad/Desktop/check/ddr_hdmi_100mhz/ddr_hdmi_100mhz/Debug/ddr_hdmi_100mhz.elf
configparams force-mem-access 0
----------------End of Script----------------

21:34:52 INFO  : Context for processor 'ps7_cortexa9_0' is selected.
21:35:04 INFO  : 'con' command is executed.
21:35:04 INFO  : ----------------XSDB Script (After Launch)----------------
targets -set -nocase -filter {name =~ "*A9*#0"}
con
----------------End of Script----------------

21:35:04 INFO  : Launch script is exported to file 'C:\Users\Saad\Desktop\check\ddr_hdmi_100mhz\ddr_hdmi_100mhz_system\_ide\scripts\systemdebugger_ddr_hdmi_100mhz_system_standalone.tcl'
21:35:05 INFO  : Disconnected from the channel tcfchan#3.
21:35:15 INFO  : Connected to target on host '127.0.0.1' and port '3121'.
21:35:27 INFO  : Jtag cable 'Digilent JTAG-SMT2 210251A08870' is selected.
21:35:39 INFO  : 'jtag frequency' command is executed.
21:35:39 INFO  : Context for 'APU' is selected.
21:35:39 INFO  : System reset is completed.
21:35:42 INFO  : 'after 3000' command is executed.
21:35:50 INFO  : 'targets -set -filter {jtag_cable_name =~ "Digilent JTAG-SMT2 210251A08870" && level==0 && jtag_device_ctx=="jsn-JTAG-SMT2-210251A08870-13722093-0"}' command is executed.
21:35:52 INFO  : Device configured successfully with "C:/Users/Saad/Desktop/check/ddr_hdmi_100mhz/ddr_hdmi_100mhz/_ide/bitstream/100mhz_ethernet.bit"
21:35:52 INFO  : Context for 'APU' is selected.
21:36:03 INFO  : Hardware design and registers information is loaded from 'C:/Users/Saad/Desktop/check/ddr_hdmi_100mhz/100mhz_ethernet/export/100mhz_ethernet/hw/100mhz_ethernet.xsa'.
21:36:03 INFO  : 'configparams force-mem-access 1' command is executed.
21:36:03 INFO  : Context for 'APU' is selected.
21:36:03 INFO  : Sourcing of 'C:/Users/Saad/Desktop/check/ddr_hdmi_100mhz/ddr_hdmi_100mhz/_ide/psinit/ps7_init.tcl' is done.
21:37:25 INFO  : 'ps7_init' command is executed.
21:37:36 INFO  : 'ps7_post_config' command is executed.
21:37:36 INFO  : Context for processor 'ps7_cortexa9_0' is selected.
21:38:06 INFO  : The application 'C:/Users/Saad/Desktop/check/ddr_hdmi_100mhz/ddr_hdmi_100mhz/Debug/ddr_hdmi_100mhz.elf' is downloaded to processor 'ps7_cortexa9_0'.
21:38:18 INFO  : 'configparams force-mem-access 0' command is executed.
21:38:18 INFO  : ----------------XSDB Script----------------
connect -url tcp:127.0.0.1:3121
targets -set -nocase -filter {name =~"APU*"}
rst -system
after 3000
targets -set -filter {jtag_cable_name =~ "Digilent JTAG-SMT2 210251A08870" && level==0 && jtag_device_ctx=="jsn-JTAG-SMT2-210251A08870-13722093-0"}
fpga -file C:/Users/Saad/Desktop/check/ddr_hdmi_100mhz/ddr_hdmi_100mhz/_ide/bitstream/100mhz_ethernet.bit
targets -set -nocase -filter {name =~"APU*"}
loadhw -hw C:/Users/Saad/Desktop/check/ddr_hdmi_100mhz/100mhz_ethernet/export/100mhz_ethernet/hw/100mhz_ethernet.xsa -mem-ranges [list {0x40000000 0xbfffffff}] -regs
configparams force-mem-access 1
targets -set -nocase -filter {name =~"APU*"}
source C:/Users/Saad/Desktop/check/ddr_hdmi_100mhz/ddr_hdmi_100mhz/_ide/psinit/ps7_init.tcl
ps7_init
ps7_post_config
targets -set -nocase -filter {name =~ "*A9*#0"}
dow C:/Users/Saad/Desktop/check/ddr_hdmi_100mhz/ddr_hdmi_100mhz/Debug/ddr_hdmi_100mhz.elf
configparams force-mem-access 0
----------------End of Script----------------

21:38:41 INFO  : Context for processor 'ps7_cortexa9_0' is selected.
21:38:53 INFO  : 'con' command is executed.
21:38:53 INFO  : ----------------XSDB Script (After Launch)----------------
targets -set -nocase -filter {name =~ "*A9*#0"}
con
----------------End of Script----------------

21:38:53 INFO  : Launch script is exported to file 'C:\Users\Saad\Desktop\check\ddr_hdmi_100mhz\ddr_hdmi_100mhz_system\_ide\scripts\systemdebugger_ddr_hdmi_100mhz_system_standalone.tcl'
21:53:38 INFO  : Disconnected from the channel tcfchan#4.
22:06:41 INFO  : Launching XSCT server: xsct.bat -n  -interactive C:\Users\Saad\Desktop\check\ddr_hdmi_100mhz\temp_xsdb_launch_script.tcl
22:06:43 INFO  : XSCT server has started successfully.
22:06:43 INFO  : Successfully done setting XSCT server connection channel  
22:06:43 INFO  : plnx-install-location is set to ''
22:06:43 INFO  : Successfully done setting workspace for the tool. 
22:06:45 INFO  : Platform repository initialization has completed.
22:06:45 INFO  : Successfully done query RDI_DATADIR 
22:06:46 INFO  : Registering command handlers for Vitis TCF services
22:07:15 INFO  : Connected to target on host '127.0.0.1' and port '3121'.
22:07:51 INFO  : ----------------XSDB Script----------------
connect -url tcp:127.0.0.1:3121
----------------End of Script----------------

22:07:51 ERROR : Could not find ARM device on the board for connection 'Local'.
Check if the target is in:
1. Split JTAG - No operations are possible with ARM DAP.
2. Non JTAG bootmode - Bootrom may need time to enable DAP.
Please try again.


Troubleshooting hints:
1. Check whether board is connected to system properly.
2. In case of zynq board, check whether Digilent/Xilinx cable switch settings are correct.
3. If you are using Xilinx Platform Cable USB, ensure that status LED is green.
22:08:25 INFO  : Connected to target on host '127.0.0.1' and port '3121'.
22:08:27 INFO  : Jtag cable 'Digilent JTAG-SMT2 210251A08870' is selected.
22:08:38 INFO  : 'jtag frequency' command is executed.
22:08:38 INFO  : Context for 'APU' is selected.
22:08:38 INFO  : System reset is completed.
22:08:41 INFO  : 'after 3000' command is executed.
22:08:50 INFO  : 'targets -set -filter {jtag_cable_name =~ "Digilent JTAG-SMT2 210251A08870" && level==0 && jtag_device_ctx=="jsn-JTAG-SMT2-210251A08870-13722093-0"}' command is executed.
22:08:51 INFO  : Device configured successfully with "C:/Users/Saad/Desktop/check/ddr_hdmi_100mhz/ddr_hdmi_100mhz/_ide/bitstream/100mhz_ethernet.bit"
22:08:51 INFO  : Context for 'APU' is selected.
22:09:03 INFO  : Hardware design and registers information is loaded from 'C:/Users/Saad/Desktop/check/ddr_hdmi_100mhz/100mhz_ethernet/export/100mhz_ethernet/hw/100mhz_ethernet.xsa'.
22:09:03 INFO  : 'configparams force-mem-access 1' command is executed.
22:09:03 INFO  : Context for 'APU' is selected.
22:09:03 INFO  : Sourcing of 'C:/Users/Saad/Desktop/check/ddr_hdmi_100mhz/ddr_hdmi_100mhz/_ide/psinit/ps7_init.tcl' is done.
22:10:59 INFO  : 'ps7_init' command is executed.
22:11:11 INFO  : 'ps7_post_config' command is executed.
22:11:11 INFO  : Context for processor 'ps7_cortexa9_0' is selected.
22:11:40 INFO  : The application 'C:/Users/Saad/Desktop/check/ddr_hdmi_100mhz/ddr_hdmi_100mhz/Debug/ddr_hdmi_100mhz.elf' is downloaded to processor 'ps7_cortexa9_0'.
22:11:52 INFO  : 'configparams force-mem-access 0' command is executed.
22:11:52 INFO  : ----------------XSDB Script----------------
connect -url tcp:127.0.0.1:3121
targets -set -nocase -filter {name =~"APU*"}
rst -system
after 3000
targets -set -filter {jtag_cable_name =~ "Digilent JTAG-SMT2 210251A08870" && level==0 && jtag_device_ctx=="jsn-JTAG-SMT2-210251A08870-13722093-0"}
fpga -file C:/Users/Saad/Desktop/check/ddr_hdmi_100mhz/ddr_hdmi_100mhz/_ide/bitstream/100mhz_ethernet.bit
targets -set -nocase -filter {name =~"APU*"}
loadhw -hw C:/Users/Saad/Desktop/check/ddr_hdmi_100mhz/100mhz_ethernet/export/100mhz_ethernet/hw/100mhz_ethernet.xsa -mem-ranges [list {0x40000000 0xbfffffff}] -regs
configparams force-mem-access 1
targets -set -nocase -filter {name =~"APU*"}
source C:/Users/Saad/Desktop/check/ddr_hdmi_100mhz/ddr_hdmi_100mhz/_ide/psinit/ps7_init.tcl
ps7_init
ps7_post_config
targets -set -nocase -filter {name =~ "*A9*#0"}
dow C:/Users/Saad/Desktop/check/ddr_hdmi_100mhz/ddr_hdmi_100mhz/Debug/ddr_hdmi_100mhz.elf
configparams force-mem-access 0
----------------End of Script----------------

22:12:15 INFO  : Context for processor 'ps7_cortexa9_0' is selected.
22:12:27 INFO  : 'con' command is executed.
22:12:27 INFO  : ----------------XSDB Script (After Launch)----------------
targets -set -nocase -filter {name =~ "*A9*#0"}
con
----------------End of Script----------------

22:12:27 INFO  : Launch script is exported to file 'C:\Users\Saad\Desktop\check\ddr_hdmi_100mhz\ddr_hdmi_100mhz_system\_ide\scripts\systemdebugger_ddr_hdmi_100mhz_system_standalone.tcl'
