#-----------------------------------------------------------
# Vivado v2021.2 (64-bit)
# SW Build 3367213 on Tue Oct 19 02:48:09 MDT 2021
# IP Build 3369179 on Thu Oct 21 08:25:16 MDT 2021
# Start of session at: Mon Apr 20 08:33:34 2026
# Process ID: 14888
# Current directory: C:/Users/usama/Desktop/18-4-2026/arm_fpga_04_hdmi_output
# Command line: vivado.exe -gui_launcher_event rodinguilauncherevent14052 C:\Users\usama\Desktop\18-4-2026\arm_fpga_04_hdmi_output\arm_fpga_04_hdmi_output.xpr
# Log file: C:/Users/usama/Desktop/18-4-2026/arm_fpga_04_hdmi_output/vivado.log
# Journal file: C:/Users/usama/Desktop/18-4-2026/arm_fpga_04_hdmi_output\vivado.jou
# Running On: DESKTOP-BI3T7CJ, OS: Windows, CPU Frequency: 4008 MHz, CPU Physical cores: 6, Host memory: 16943 MB
#-----------------------------------------------------------
start_gui
open_project C:/Users/usama/Desktop/18-4-2026/arm_fpga_04_hdmi_output/arm_fpga_04_hdmi_output.xpr
WARNING: [Board 49-26] cannot add Board Part xilinx.com:vck190_es:part0:1.3 available at D:/Vivado/2021.2/data/xhub/boards/XilinxBoardStore/boards/Xilinx/vck190/es/1.3/board.xml as part xcvc1902-vsva2197-2mp-e-s-es1 specified in board_part file is either invalid or not available
WARNING: [Board 49-26] cannot add Board Part xilinx.com:vmk180_es:part0:1.3 available at D:/Vivado/2021.2/data/xhub/boards/XilinxBoardStore/boards/Xilinx/vmk180/es/1.3/board.xml as part xcvm1802-vsva2197-2mp-e-s-es1 specified in board_part file is either invalid or not available
WARNING: [Board 49-26] cannot add Board Part xilinx.com:vpk120_es:part0:1.2 available at D:/Vivado/2021.2/data/xhub/boards/XilinxBoardStore/boards/Xilinx/vpk120/es/1.2/board.xml as part xcvp1202-vsva2785-2mp-e-s-es1 specified in board_part file is either invalid or not available
WARNING: [Board 49-26] cannot add Board Part xilinx.com:zcu208_es:part0:1.0 available at D:/Vivado/2021.2/data/xhub/boards/XilinxBoardStore/boards/Xilinx/zcu208/es/1.0/board.xml as part xczu48dr-fsvg1517-2-e-es1 specified in board_part file is either invalid or not available
WARNING: [Board 49-26] cannot add Board Part xilinx.com:zcu208_es:part0:1.1 available at D:/Vivado/2021.2/data/xhub/boards/XilinxBoardStore/boards/Xilinx/zcu208/es/1.1/board.xml as part xczu48dr-fsvg1517-2-e-es1 specified in board_part file is either invalid or not available
WARNING: [Board 49-26] cannot add Board Part xilinx.com:zcu208_es:part0:1.2 available at D:/Vivado/2021.2/data/xhub/boards/XilinxBoardStore/boards/Xilinx/zcu208/es/1.2/board.xml as part xczu48dr-fsvg1517-2-e-es1 specified in board_part file is either invalid or not available
WARNING: [Board 49-26] cannot add Board Part xilinx.com:zcu208ld:part0:2.0 available at D:/Vivado/2021.2/data/xhub/boards/XilinxBoardStore/boards/Xilinx/zcu208ld/production/2.0/board.xml as part xczu58dr-fsvg1517-2-i specified in board_part file is either invalid or not available
WARNING: [Board 49-26] cannot add Board Part xilinx.com:zcu208ld_es:part0:1.0 available at D:/Vivado/2021.2/data/xhub/boards/XilinxBoardStore/boards/Xilinx/zcu208ld/es/1.0/board.xml as part xczu58dr-fsvg1517-2-i-es1 specified in board_part file is either invalid or not available
WARNING: [Board 49-26] cannot add Board Part xilinx.com:zcu216_es:part0:1.0 available at D:/Vivado/2021.2/data/xhub/boards/XilinxBoardStore/boards/Xilinx/zcu216/es/1.0/board.xml as part xczu49dr-ffvf1760-2-e-es1 specified in board_part file is either invalid or not available
WARNING: [Board 49-26] cannot add Board Part xilinx.com:zcu216_es:part0:1.1 available at D:/Vivado/2021.2/data/xhub/boards/XilinxBoardStore/boards/Xilinx/zcu216/es/1.1/board.xml as part xczu49dr-ffvf1760-2-e-es1 specified in board_part file is either invalid or not available
WARNING: [Board 49-26] cannot add Board Part xilinx.com:zcu216_es:part0:1.2 available at D:/Vivado/2021.2/data/xhub/boards/XilinxBoardStore/boards/Xilinx/zcu216/es/1.2/board.xml as part xczu49dr-ffvf1760-2-e-es1 specified in board_part file is either invalid or not available
WARNING: [Board 49-26] cannot add Board Part xilinx.com:zcu216ld:part0:2.0 available at D:/Vivado/2021.2/data/xhub/boards/XilinxBoardStore/boards/Xilinx/zcu216ld/production/2.0/board.xml as part xczu59dr-ffvf1760-2-i specified in board_part file is either invalid or not available
WARNING: [Board 49-26] cannot add Board Part xilinx.com:zcu216ld_es:part0:1.0 available at D:/Vivado/2021.2/data/xhub/boards/XilinxBoardStore/boards/Xilinx/zcu216ld/es/1.0/board.xml as part xczu59dr-ffvf1760-2-i-es1 specified in board_part file is either invalid or not available
WARNING: [Board 49-26] cannot add Board Part xilinx.com:zcu670:part0:1.0 available at D:/Vivado/2021.2/data/xhub/boards/XilinxBoardStore/boards/Xilinx/zcu670/1.0/board.xml as part xczu67dr-fsve1156-2-i specified in board_part file is either invalid or not available
Scanning sources...
Finished scanning sources
INFO: [IP_Flow 19-234] Refreshing IP repositories
INFO: [IP_Flow 19-1700] Loaded user IP repository 'c:/Users/usama/Desktop/18-4-2026/arm_fpga_04_hdmi_output/repo'.
INFO: [IP_Flow 19-1700] Loaded user IP repository 'c:/Users/usama/Desktop/18-4-2026/passthrough/passthrough.srcs/sources_1/new'.
INFO: [IP_Flow 19-1700] Loaded user IP repository 'c:/Users/usama/Desktop/18-4-2026/grayscale/axis_grayscale/axis_grayscale.srcs/sources_1/new'.
INFO: [IP_Flow 19-2313] Loaded Vivado IP repository 'D:/Vivado/2021.2/data/ip'.
open_project: Time (s): cpu = 00:00:51 ; elapsed = 00:00:39 . Memory (MB): peak = 1445.672 ; gain = 0.000
update_compile_order -fileset sources_1
WARNING: [IP_Flow 19-4318] IP-XACT file does not exist: c:/Users/usama/Desktop/18-4-2026/grayscale/axis_grayscale/axis_grayscale.srcs/sources_1/new/component.xml. It will be created.
exit
INFO: [Common 17-206] Exiting Vivado at Mon Apr 20 09:07:18 2026...
s_1/bd/design_1/design_1.bd>...
Adding component instance block -- xilinx.com:ip:processing_system7:5.5 - processing_system7_0
WARNING: [BD 41-176] The physical port 'M_AXI_GP0_aximm_wr_socket' specified in the portmap, is not found on the block! 
WARNING: [BD 41-176] The physical port 'M_AXI_GP0_aximm_rd_socket' specified in the portmap, is not found on the block! 
WARNING: [BD 41-176] The physical port 'S_AXI_HP0_aximm_wr_socket' specified in the portmap, is not found on the block! 
WARNING: [BD 41-176] The physical port 'S_AXI_HP0_aximm_rd_socket' specified in the portmap, is not found on the block! 
Adding component instance block -- xilinx.com:ip:proc_sys_reset:5.0 - rst_ps7_0_142M
Adding component instance block -- xilinx.com:ip:proc_sys_reset:5.0 - rst_ps7_0_100M
Adding component instance block -- digilentinc.com:ip:axi_dynclk:1.0 - axi_dynclk_0
Adding component instance block -- digilentinc.com:ip:rgb2dvi:1.2 - rgb2dvi_0
Adding component instance block -- xilinx.com:ip:axi_gpio:2.0 - axi_gpio_0
Adding component instance block -- xilinx.com:ip:smartconnect:1.0 - axi_smc
Adding component instance block -- xilinx.com:ip:axi_vdma:6.3 - axi_vdma_0
Adding component instance block -- xilinx.com:ip:axis_subset_converter:1.1 - axis_subset_converter_0
Adding component instance block -- xilinx.com:ip:axi_interconnect:2.1 - ps7_0_axi_periph
Adding component instance block -- xilinx.com:ip:axi_crossbar:2.1 - xbar
Adding component instance block -- xilinx.com:ip:axi_protocol_converter:2.1 - auto_pc
Adding component instance block -- xilinx.com:ip:v_axi4s_vid_out:4.0 - v_axi4s_vid_out_0
Adding component instance block -- xilinx.com:ip:v_tc:6.2 - v_tc_0
Adding component instance block -- xilinx.com:ip:xlconcat:2.1 - xlconcat_0
Adding component instance block -- xilinx.com:ip:xlconstant:1.1 - xlconstant_0
Adding component instance block -- xilinx.com:ip:xlconstant:1.1 - xlconstant_1
Adding component instance block -- xilinx.com:ip:system_ila:1.1 - system_ila_0
Adding component instance block -- xilinx.com:user:axis_grayscale:1.0 - axis_grayscale_0
Successfully read diagram <design_1> from block design file <C:/Users/usama/Desktop/18-4-2026/arm_fpga_04_hdmi_output/arm_fpga_04_hdmi_output.srcs/sources_1/bd/design_1/design_1.bd>
open_bd_design: Time (s): cpu = 00:00:19 ; elapsed = 00:00:15 . Memory (MB): peak = 1457.348 ; gain = 38.367
WARNING: [IP_Flow 19-4318] IP-XACT file does not exist: c:/Users/usama/Desktop/18-4-2026/grayscale/axis_grayscale/axis_grayscale.srcs/sources_1/new/component.xml. It will be created.
update_ip_catalog -rebuild -scan_changes
INFO: [IP_Flow 19-234] Refreshing IP repositories
INFO: [IP_Flow 19-1700] Loaded user IP repository 'c:/Users/usama/Desktop/18-4-2026/arm_fpga_04_hdmi_output/repo'.
WARNING: [IP_Flow 19-2248] Failed to load user IP repository 'c:/Users/usama/Desktop/18-4-2026/passthrough/passthrough.srcs/sources_1/new'; Can't find the specified path.
If this directory should no longer be in your list of user repositories, go to the IP Settings dialog and remove it.
WARNING: [IP_Flow 19-2248] Failed to load user IP repository 'c:/Users/usama/Desktop/18-4-2026/grayscale/axis_grayscale/axis_grayscale.srcs/sources_1/new'; Can't find the specified path.
If this directory should no longer be in your list of user repositories, go to the IP Settings dialog and remove it.
report_ip_status -name ip_status
set_property LOCK_UPGRADE 1 [get_bd_cells /axis_grayscale_0]
INFO: [IP_Flow 19-8015] Moving outputs for IP 'design_1_axis_grayscale_0_0' to 'c:/Users/usama/Desktop/18-4-2026/arm_fpga_04_hdmi_output/arm_fpga_04_hdmi_output.srcs/sources_1/bd/design_1/ip/design_1_axis_grayscale_0_0'
WARNING: [IP_Flow 19-2162] IP 'design_1_axis_grayscale_0_0' is locked:
* IP definition 'axis_grayscale (1.0)' for IP 'design_1_axis_grayscale_0_0' (customized with software release 2021.2) was not found in the IP Catalog. * Detected changes to IP definition 'axis_grayscale (1.0)' file(s).
WARNING: [BD 41-2028] Locking axis_grayscale to version 1.0. If the latest driver for the IP is not backwards compatible, software flow will assign a generic driver or no driver for this IP
delete_bd_objs [get_bd_cells axis_grayscale_0]
delete_bd_objs [get_bd_intf_nets axis_grayscale_0_m_axis]
delete_bd_objs [get_bd_intf_nets axis_subset_converter_0_M_AXIS]
connect_bd_intf_net [get_bd_intf_pins axis_subset_converter_0/M_AXIS] [get_bd_intf_pins v_axi4s_vid_out_0/video_in]
connect_bd_intf_net [get_bd_intf_pins system_ila_0/SLOT_0_AXIS] [get_bd_intf_pins axis_subset_converter_0/S_AXIS]
connect_bd_intf_net [get_bd_intf_pins system_ila_0/SLOT_1_AXIS] [get_bd_intf_pins axis_subset_converter_0/M_AXIS]
undo
INFO: [Common 17-17] undo 'connect_bd_intf_net [get_bd_intf_pins system_ila_0/SLOT_1_AXIS] [get_bd_intf_pins axis_subset_converter_0/M_AXIS]'
undo
INFO: [Common 17-17] undo 'connect_bd_intf_net [get_bd_intf_pins system_ila_0/SLOT_0_AXIS] [get_bd_intf_pins axis_subset_converter_0/S_AXIS]'
undo
INFO: [Common 17-17] undo 'connect_bd_intf_net [get_bd_intf_pins axis_subset_converter_0/M_AXIS] [get_bd_intf_pins v_axi4s_vid_out_0/video_in]'
undo
INFO: [Common 17-17] undo 'delete_bd_objs [get_bd_intf_nets axis_subset_converter_0_M_AXIS]'
undo
INFO: [Common 17-17] undo 'delete_bd_objs [get_bd_intf_nets axis_grayscale_0_m_axis]'
undo
INFO: [Common 17-17] undo 'delete_bd_objs [get_bd_cells axis_grayscale_0]'
undo
INFO: [Common 17-17] undo 'set_property LOCK_UPGRADE 1 [get_bd_cells /axis_grayscale_0]'
INFO: [IP_Flow 19-8015] Moving outputs for IP 'design_1_axis_grayscale_0_0' to 'c:/Users/usama/Desktop/18-4-2026/arm_fpga_04_hdmi_output/arm_fpga_04_hdmi_output.gen/sources_1/bd/design_1/ip/design_1_axis_grayscale_0_0'
WARNING: [IP_Flow 19-2162] IP 'design_1_axis_grayscale_0_0' is locked:
* IP 'design_1_axis_grayscale_0_0' was locked because its BD Cell is locked for upgrade. * IP definition 'axis_grayscale (1.0)' for IP 'design_1_axis_grayscale_0_0' (customized with software release 2021.2) was not found in the IP Catalog. * Detected changes to IP definition 'axis_grayscale (1.0)' file(s).
open_bd_design {C:/Users/usama/Desktop/18-4-2026/arm_fpga_04_hdmi_output/arm_fpga_04_hdmi_output.srcs/sources_1/bd/design_1/design_1.bd}
exit
INFO: [Common 17-206] Exiting Vivado at Mon Apr 20 09:07:53 2026...
