#-----------------------------------------------------------
# Vivado v2021.2 (64-bit)
# SW Build 3367213 on Tue Oct 19 02:48:09 MDT 2021
# IP Build 3369179 on Thu Oct 21 08:25:16 MDT 2021
# Start of session at: Tue May 19 02:45:57 2026
# Process ID: 4488
# Current directory: C:/Users/Saad/Desktop/stingray/screen_udp/arm_fpga_04_hdmi_output
# Command line: vivado.exe -gui_launcher_event rodinguilauncherevent21684 C:\Users\Saad\Desktop\stingray\screen_udp\arm_fpga_04_hdmi_output\arm_fpga_04_hdmi_output.xpr
# Log file: C:/Users/Saad/Desktop/stingray/screen_udp/arm_fpga_04_hdmi_output/vivado.log
# Journal file: C:/Users/Saad/Desktop/stingray/screen_udp/arm_fpga_04_hdmi_output\vivado.jou
# Running On: DESKTOP-N4P9TIA, OS: Windows, CPU Frequency: 4008 MHz, CPU Physical cores: 6, Host memory: 16943 MB
#-----------------------------------------------------------
start_gui
open_project C:/Users/Saad/Desktop/stingray/screen_udp/arm_fpga_04_hdmi_output/arm_fpga_04_hdmi_output.xpr
WARNING: [Board 49-26] cannot add Board Part xilinx.com:kcu105:part0:1.6 available at D:/Vivado/2021.2/data/xhub/boards/XilinxBoardStore/boards/Xilinx/kcu105/1.6/board.xml as part xcku040-ffva1156-2-e specified in board_part file is either invalid or not available
WARNING: [Board 49-26] cannot add Board Part xilinx.com:kcu105:part0:1.7 available at D:/Vivado/2021.2/data/xhub/boards/XilinxBoardStore/boards/Xilinx/kcu105/1.7/board.xml as part xcku040-ffva1156-2-e specified in board_part file is either invalid or not available
WARNING: [Board 49-26] cannot add Board Part xilinx.com:kcu116:part0:1.4 available at D:/Vivado/2021.2/data/xhub/boards/XilinxBoardStore/boards/Xilinx/kcu116/1.4/board.xml as part xcku5p-ffvb676-2-e specified in board_part file is either invalid or not available
WARNING: [Board 49-26] cannot add Board Part xilinx.com:kcu116:part0:1.5 available at D:/Vivado/2021.2/data/xhub/boards/XilinxBoardStore/boards/Xilinx/kcu116/1.5/board.xml as part xcku5p-ffvb676-2-e specified in board_part file is either invalid or not available
WARNING: [Board 49-26] cannot add Board Part xilinx.com:vck190_es:part0:1.3 available at D:/Vivado/2021.2/data/xhub/boards/XilinxBoardStore/boards/Xilinx/vck190/es/1.3/board.xml as part xcvc1902-vsva2197-2mp-e-s-es1 specified in board_part file is either invalid or not available
WARNING: [Board 49-26] cannot add Board Part xilinx.com:vcu108:part0:1.6 available at D:/Vivado/2021.2/data/xhub/boards/XilinxBoardStore/boards/Xilinx/vcu108/1.6/board.xml as part xcvu095-ffva2104-2-e specified in board_part file is either invalid or not available
WARNING: [Board 49-26] cannot add Board Part xilinx.com:vcu108:part0:1.7 available at D:/Vivado/2021.2/data/xhub/boards/XilinxBoardStore/boards/Xilinx/vcu108/1.7/board.xml as part xcvu095-ffva2104-2-e specified in board_part file is either invalid or not available
WARNING: [Board 49-26] cannot add Board Part xilinx.com:vcu110:part0:1.4 available at D:/Vivado/2021.2/data/xhub/boards/XilinxBoardStore/boards/Xilinx/vcu110/1.4/board.xml as part xcvu190-flgc2104-2-e specified in board_part file is either invalid or not available
WARNING: [Board 49-26] cannot add Board Part xilinx.com:vcu128:part0:1.0 available at D:/Vivado/2021.2/data/xhub/boards/XilinxBoardStore/boards/Xilinx/vcu128/production/1.0/board.xml as part xcvu37p-fsvh2892-2l-e specified in board_part file is either invalid or not available
WARNING: [Board 49-26] cannot add Board Part xilinx.com:vcu129:part0:1.0 available at D:/Vivado/2021.2/data/xhub/boards/XilinxBoardStore/boards/Xilinx/vcu129/production/1.0/board.xml as part xcvu29p-fsga2577-2l-e specified in board_part file is either invalid or not available
WARNING: [Board 49-26] cannot add Board Part xilinx.com:vmk180:part0:2.2 available at D:/Vivado/2021.2/data/xhub/boards/XilinxBoardStore/boards/Xilinx/vmk180/production/2.2/board.xml as part xcvm1802-vsva2197-2mp-e-s specified in board_part file is either invalid or not available
WARNING: [Board 49-26] cannot add Board Part xilinx.com:vmk180_es:part0:1.3 available at D:/Vivado/2021.2/data/xhub/boards/XilinxBoardStore/boards/Xilinx/vmk180/es/1.3/board.xml as part xcvm1802-vsva2197-2mp-e-s-es1 specified in board_part file is either invalid or not available
WARNING: [Board 49-26] cannot add Board Part xilinx.com:vpk120_es:part0:1.2 available at D:/Vivado/2021.2/data/xhub/boards/XilinxBoardStore/boards/Xilinx/vpk120/es/1.2/board.xml as part xcvp1202-vsva2785-2mp-e-s-es1 specified in board_part file is either invalid or not available
WARNING: [Board 49-26] cannot add Board Part xilinx.com:zcu208_es:part0:1.0 available at D:/Vivado/2021.2/data/xhub/boards/XilinxBoardStore/boards/Xilinx/zcu208/es/1.0/board.xml as part xczu48dr-fsvg1517-2-e-es1 specified in board_part file is either invalid or not available
WARNING: [Board 49-26] cannot add Board Part xilinx.com:zcu208_es:part0:1.1 available at D:/Vivado/2021.2/data/xhub/boards/XilinxBoardStore/boards/Xilinx/zcu208/es/1.1/board.xml as part xczu48dr-fsvg1517-2-e-es1 specified in board_part file is either invalid or not available
WARNING: [Board 49-26] cannot add Board Part xilinx.com:zcu208_es:part0:1.2 available at D:/Vivado/2021.2/data/xhub/boards/XilinxBoardStore/boards/Xilinx/zcu208/es/1.2/board.xml as part xczu48dr-fsvg1517-2-e-es1 specified in board_part file is either invalid or not available
WARNING: [Board 49-26] cannot add Board Part xilinx.com:zcu208ld:part0:2.0 available at D:/Vivado/2021.2/data/xhub/boards/XilinxBoardStore/boards/Xilinx/zcu208ld/production/2.0/board.xml as part xczu58dr-fsvg1517-2-i specified in board_part file is either invalid or not available
WARNING: [Board 49-26] cannot add Board Part xilinx.com:zcu208ld_es:part0:1.0 available at D:/Vivado/2021.2/data/xhub/boards/XilinxBoardStore/boards/Xilinx/zcu208ld/es/1.0/board.xml as part xczu58dr-fsvg1517-2-i-es1 specified in board_part file is either invalid or not available
WARNING: [Board 49-26] cannot add Board Part xilinx.com:zcu216_es:part0:1.0 available at D:/Vivado/2021.2/data/xhub/boards/XilinxBoardStore/boards/Xilinx/zcu216/es/1.0/board.xml as part xczu49dr-ffvf1760-2-e-es1 specified in board_part file is either invalid or not available
WARNING: [Board 49-26] cannot add Board Part xilinx.com:zcu216_es:part0:1.1 available at D:/Vivado/2021.2/data/xhub/boards/XilinxBoardStore/boards/Xilinx/zcu216/es/1.1/board.xml as part xczu49dr-ffvf1760-2-e-es1 specified in board_part file is either invalid or not available
WARNING: [Board 49-26] cannot add Board Part xilinx.com:zcu216_es:part0:1.2 available at D:/Vivado/2021.2/data/xhub/boards/XilinxBoardStore/boards/Xilinx/zcu216/es/1.2/board.xml as part xczu49dr-ffvf1760-2-e-es1 specified in board_part file is either invalid or not available
WARNING: [Board 49-26] cannot add Board Part xilinx.com:zcu216ld:part0:2.0 available at D:/Vivado/2021.2/data/xhub/boards/XilinxBoardStore/boards/Xilinx/zcu216ld/production/2.0/board.xml as part xczu59dr-ffvf1760-2-i specified in board_part file is either invalid or not available
WARNING: [Board 49-26] cannot add Board Part xilinx.com:zcu216ld_es:part0:1.0 available at D:/Vivado/2021.2/data/xhub/boards/XilinxBoardStore/boards/Xilinx/zcu216ld/es/1.0/board.xml as part xczu59dr-ffvf1760-2-i-es1 specified in board_part file is either invalid or not available
WARNING: [Board 49-26] cannot add Board Part xilinx.com:zcu670:part0:1.0 available at D:/Vivado/2021.2/data/xhub/boards/XilinxBoardStore/boards/Xilinx/zcu670/1.0/board.xml as part xczu67dr-fsve1156-2-i specified in board_part file is either invalid or not available
INFO: [Project 1-313] Project file moved from 'C:/Users/usama/Desktop/18-4-2026/arm_fpga_04_hdmi_output' since last save.
WARNING: [filemgmt 56-2] IP Repository Path: Could not find the directory 'C:/Users/Saad/Desktop/stingray/screen_udp/passthrough/passthrough.srcs/sources_1/new', nor could it be found using path 'C:/Users/usama/Desktop/18-4-2026/passthrough/passthrough.srcs/sources_1/new'.
WARNING: [filemgmt 56-2] IP Repository Path: Could not find the directory 'C:/Users/Saad/Desktop/stingray/screen_udp/grayscale/axis_grayscale/axis_grayscale.srcs/sources_1/new', nor could it be found using path 'C:/Users/usama/Desktop/18-4-2026/grayscale/axis_grayscale/axis_grayscale.srcs/sources_1/new'.
Scanning sources...
Finished scanning sources
INFO: [Project 1-1877] Auto incremental dir location 'C:/Users/usama/Desktop/18-4-2026/arm_fpga_04_hdmi_output/arm_fpga_04_hdmi_output.srcs/utils_1/imports/synth_1' of run 'synth_1' is not writable, setting it to default location 'C:/Users/Saad/Desktop/stingray/screen_udp/arm_fpga_04_hdmi_output/arm_fpga_04_hdmi_output.srcs/utils_1/imports/synth_1'.
INFO: [Project 1-1877] Auto incremental dir location 'C:/Users/usama/Desktop/18-4-2026/arm_fpga_04_hdmi_output/arm_fpga_04_hdmi_output.srcs/utils_1/imports/design_1_processing_system7_0_0_synth_1' of run 'design_1_processing_system7_0_0_synth_1' is not writable, setting it to default location 'C:/Users/Saad/Desktop/stingray/screen_udp/arm_fpga_04_hdmi_output/arm_fpga_04_hdmi_output.srcs/utils_1/imports/design_1_processing_system7_0_0_synth_1'.
INFO: [Project 1-1877] Auto incremental dir location 'C:/Users/usama/Desktop/18-4-2026/arm_fpga_04_hdmi_output/arm_fpga_04_hdmi_output.srcs/utils_1/imports/design_1_rst_ps7_0_142M_0_synth_1' of run 'design_1_rst_ps7_0_142M_0_synth_1' is not writable, setting it to default location 'C:/Users/Saad/Desktop/stingray/screen_udp/arm_fpga_04_hdmi_output/arm_fpga_04_hdmi_output.srcs/utils_1/imports/design_1_rst_ps7_0_142M_0_synth_1'.
INFO: [Project 1-1877] Auto incremental dir location 'C:/Users/usama/Desktop/18-4-2026/arm_fpga_04_hdmi_output/arm_fpga_04_hdmi_output.srcs/utils_1/imports/design_1_rst_ps7_0_100M_0_synth_1' of run 'design_1_rst_ps7_0_100M_0_synth_1' is not writable, setting it to default location 'C:/Users/Saad/Desktop/stingray/screen_udp/arm_fpga_04_hdmi_output/arm_fpga_04_hdmi_output.srcs/utils_1/imports/design_1_rst_ps7_0_100M_0_synth_1'.
INFO: [Project 1-1877] Auto incremental dir location 'C:/Users/usama/Desktop/18-4-2026/arm_fpga_04_hdmi_output/arm_fpga_04_hdmi_output.srcs/utils_1/imports/design_1_rgb2dvi_0_0_synth_1' of run 'design_1_rgb2dvi_0_0_synth_1' is not writable, setting it to default location 'C:/Users/Saad/Desktop/stingray/screen_udp/arm_fpga_04_hdmi_output/arm_fpga_04_hdmi_output.srcs/utils_1/imports/design_1_rgb2dvi_0_0_synth_1'.
INFO: [Project 1-1877] Auto incremental dir location 'C:/Users/usama/Desktop/18-4-2026/arm_fpga_04_hdmi_output/arm_fpga_04_hdmi_output.srcs/utils_1/imports/design_1_axi_dynclk_0_0_synth_1' of run 'design_1_axi_dynclk_0_0_synth_1' is not writable, setting it to default location 'C:/Users/Saad/Desktop/stingray/screen_udp/arm_fpga_04_hdmi_output/arm_fpga_04_hdmi_output.srcs/utils_1/imports/design_1_axi_dynclk_0_0_synth_1'.
INFO: [Project 1-1877] Auto incremental dir location 'C:/Users/usama/Desktop/18-4-2026/arm_fpga_04_hdmi_output/arm_fpga_04_hdmi_output.srcs/utils_1/imports/design_1_axi_vdma_0_0_synth_1' of run 'design_1_axi_vdma_0_0_synth_1' is not writable, setting it to default location 'C:/Users/Saad/Desktop/stingray/screen_udp/arm_fpga_04_hdmi_output/arm_fpga_04_hdmi_output.srcs/utils_1/imports/design_1_axi_vdma_0_0_synth_1'.
INFO: [Project 1-1877] Auto incremental dir location 'C:/Users/usama/Desktop/18-4-2026/arm_fpga_04_hdmi_output/arm_fpga_04_hdmi_output.srcs/utils_1/imports/design_1_axis_subset_converter_0_0_synth_1' of run 'design_1_axis_subset_converter_0_0_synth_1' is not writable, setting it to default location 'C:/Users/Saad/Desktop/stingray/screen_udp/arm_fpga_04_hdmi_output/arm_fpga_04_hdmi_output.srcs/utils_1/imports/design_1_axis_subset_converter_0_0_synth_1'.
INFO: [Project 1-1877] Auto incremental dir location 'C:/Users/usama/Desktop/18-4-2026/arm_fpga_04_hdmi_output/arm_fpga_04_hdmi_output.srcs/utils_1/imports/design_1_v_axi4s_vid_out_0_0_synth_1' of run 'design_1_v_axi4s_vid_out_0_0_synth_1' is not writable, setting it to default location 'C:/Users/Saad/Desktop/stingray/screen_udp/arm_fpga_04_hdmi_output/arm_fpga_04_hdmi_output.srcs/utils_1/imports/design_1_v_axi4s_vid_out_0_0_synth_1'.
INFO: [Project 1-1877] Auto incremental dir location 'C:/Users/usama/Desktop/18-4-2026/arm_fpga_04_hdmi_output/arm_fpga_04_hdmi_output.srcs/utils_1/imports/design_1_v_tc_0_0_synth_1' of run 'design_1_v_tc_0_0_synth_1' is not writable, setting it to default location 'C:/Users/Saad/Desktop/stingray/screen_udp/arm_fpga_04_hdmi_output/arm_fpga_04_hdmi_output.srcs/utils_1/imports/design_1_v_tc_0_0_synth_1'.
INFO: [Project 1-1877] Auto incremental dir location 'C:/Users/usama/Desktop/18-4-2026/arm_fpga_04_hdmi_output/arm_fpga_04_hdmi_output.srcs/utils_1/imports/design_1_axi_gpio_0_0_synth_1' of run 'design_1_axi_gpio_0_0_synth_1' is not writable, setting it to default location 'C:/Users/Saad/Desktop/stingray/screen_udp/arm_fpga_04_hdmi_output/arm_fpga_04_hdmi_output.srcs/utils_1/imports/design_1_axi_gpio_0_0_synth_1'.
INFO: [Project 1-1877] Auto incremental dir location 'C:/Users/usama/Desktop/18-4-2026/arm_fpga_04_hdmi_output/arm_fpga_04_hdmi_output.srcs/utils_1/imports/design_1_xbar_0_synth_1' of run 'design_1_xbar_0_synth_1' is not writable, setting it to default location 'C:/Users/Saad/Desktop/stingray/screen_udp/arm_fpga_04_hdmi_output/arm_fpga_04_hdmi_output.srcs/utils_1/imports/design_1_xbar_0_synth_1'.
INFO: [Project 1-1877] Auto incremental dir location 'C:/Users/usama/Desktop/18-4-2026/arm_fpga_04_hdmi_output/arm_fpga_04_hdmi_output.srcs/utils_1/imports/design_1_system_ila_0_0_synth_1' of run 'design_1_system_ila_0_0_synth_1' is not writable, setting it to default location 'C:/Users/Saad/Desktop/stingray/screen_udp/arm_fpga_04_hdmi_output/arm_fpga_04_hdmi_output.srcs/utils_1/imports/design_1_system_ila_0_0_synth_1'.
INFO: [Project 1-1877] Auto incremental dir location 'C:/Users/usama/Desktop/18-4-2026/arm_fpga_04_hdmi_output/arm_fpga_04_hdmi_output.srcs/utils_1/imports/impl_1' of run 'impl_1' is not writable, setting it to default location 'C:/Users/Saad/Desktop/stingray/screen_udp/arm_fpga_04_hdmi_output/arm_fpga_04_hdmi_output.srcs/utils_1/imports/impl_1'.
INFO: [Project 1-1877] Auto incremental dir location 'C:/Users/usama/Desktop/18-4-2026/arm_fpga_04_hdmi_output/arm_fpga_04_hdmi_output.srcs/utils_1/imports/design_1_processing_system7_0_0_impl_1' of run 'design_1_processing_system7_0_0_impl_1' is not writable, setting it to default location 'C:/Users/Saad/Desktop/stingray/screen_udp/arm_fpga_04_hdmi_output/arm_fpga_04_hdmi_output.srcs/utils_1/imports/design_1_processing_system7_0_0_impl_1'.
INFO: [Project 1-1877] Auto incremental dir location 'C:/Users/usama/Desktop/18-4-2026/arm_fpga_04_hdmi_output/arm_fpga_04_hdmi_output.srcs/utils_1/imports/design_1_rst_ps7_0_142M_0_impl_1' of run 'design_1_rst_ps7_0_142M_0_impl_1' is not writable, setting it to default location 'C:/Users/Saad/Desktop/stingray/screen_udp/arm_fpga_04_hdmi_output/arm_fpga_04_hdmi_output.srcs/utils_1/imports/design_1_rst_ps7_0_142M_0_impl_1'.
INFO: [Project 1-1877] Auto incremental dir location 'C:/Users/usama/Desktop/18-4-2026/arm_fpga_04_hdmi_output/arm_fpga_04_hdmi_output.srcs/utils_1/imports/design_1_rst_ps7_0_100M_0_impl_1' of run 'design_1_rst_ps7_0_100M_0_impl_1' is not writable, setting it to default location 'C:/Users/Saad/Desktop/stingray/screen_udp/arm_fpga_04_hdmi_output/arm_fpga_04_hdmi_output.srcs/utils_1/imports/design_1_rst_ps7_0_100M_0_impl_1'.
INFO: [Project 1-1877] Auto incremental dir location 'C:/Users/usama/Desktop/18-4-2026/arm_fpga_04_hdmi_output/arm_fpga_04_hdmi_output.srcs/utils_1/imports/design_1_rgb2dvi_0_0_impl_1' of run 'design_1_rgb2dvi_0_0_impl_1' is not writable, setting it to default location 'C:/Users/Saad/Desktop/stingray/screen_udp/arm_fpga_04_hdmi_output/arm_fpga_04_hdmi_output.srcs/utils_1/imports/design_1_rgb2dvi_0_0_impl_1'.
INFO: [Project 1-1877] Auto incremental dir location 'C:/Users/usama/Desktop/18-4-2026/arm_fpga_04_hdmi_output/arm_fpga_04_hdmi_output.srcs/utils_1/imports/design_1_axi_dynclk_0_0_impl_1' of run 'design_1_axi_dynclk_0_0_impl_1' is not writable, setting it to default location 'C:/Users/Saad/Desktop/stingray/screen_udp/arm_fpga_04_hdmi_output/arm_fpga_04_hdmi_output.srcs/utils_1/imports/design_1_axi_dynclk_0_0_impl_1'.
INFO: [Project 1-1877] Auto incremental dir location 'C:/Users/usama/Desktop/18-4-2026/arm_fpga_04_hdmi_output/arm_fpga_04_hdmi_output.srcs/utils_1/imports/design_1_axi_vdma_0_0_impl_1' of run 'design_1_axi_vdma_0_0_impl_1' is not writable, setting it to default location 'C:/Users/Saad/Desktop/stingray/screen_udp/arm_fpga_04_hdmi_output/arm_fpga_04_hdmi_output.srcs/utils_1/imports/design_1_axi_vdma_0_0_impl_1'.
INFO: [Project 1-1877] Auto incremental dir location 'C:/Users/usama/Desktop/18-4-2026/arm_fpga_04_hdmi_output/arm_fpga_04_hdmi_output.srcs/utils_1/imports/design_1_axis_subset_converter_0_0_impl_1' of run 'design_1_axis_subset_converter_0_0_impl_1' is not writable, setting it to default location 'C:/Users/Saad/Desktop/stingray/screen_udp/arm_fpga_04_hdmi_output/arm_fpga_04_hdmi_output.srcs/utils_1/imports/design_1_axis_subset_converter_0_0_impl_1'.
INFO: [Project 1-1877] Auto incremental dir location 'C:/Users/usama/Desktop/18-4-2026/arm_fpga_04_hdmi_output/arm_fpga_04_hdmi_output.srcs/utils_1/imports/design_1_v_axi4s_vid_out_0_0_impl_1' of run 'design_1_v_axi4s_vid_out_0_0_impl_1' is not writable, setting it to default location 'C:/Users/Saad/Desktop/stingray/screen_udp/arm_fpga_04_hdmi_output/arm_fpga_04_hdmi_output.srcs/utils_1/imports/design_1_v_axi4s_vid_out_0_0_impl_1'.
INFO: [Project 1-1877] Auto incremental dir location 'C:/Users/usama/Desktop/18-4-2026/arm_fpga_04_hdmi_output/arm_fpga_04_hdmi_output.srcs/utils_1/imports/design_1_v_tc_0_0_impl_1' of run 'design_1_v_tc_0_0_impl_1' is not writable, setting it to default location 'C:/Users/Saad/Desktop/stingray/screen_udp/arm_fpga_04_hdmi_output/arm_fpga_04_hdmi_output.srcs/utils_1/imports/design_1_v_tc_0_0_impl_1'.
INFO: [Project 1-1877] Auto incremental dir location 'C:/Users/usama/Desktop/18-4-2026/arm_fpga_04_hdmi_output/arm_fpga_04_hdmi_output.srcs/utils_1/imports/design_1_axi_gpio_0_0_impl_1' of run 'design_1_axi_gpio_0_0_impl_1' is not writable, setting it to default location 'C:/Users/Saad/Desktop/stingray/screen_udp/arm_fpga_04_hdmi_output/arm_fpga_04_hdmi_output.srcs/utils_1/imports/design_1_axi_gpio_0_0_impl_1'.
INFO: [Project 1-1877] Auto incremental dir location 'C:/Users/usama/Desktop/18-4-2026/arm_fpga_04_hdmi_output/arm_fpga_04_hdmi_output.srcs/utils_1/imports/design_1_xbar_0_impl_1' of run 'design_1_xbar_0_impl_1' is not writable, setting it to default location 'C:/Users/Saad/Desktop/stingray/screen_udp/arm_fpga_04_hdmi_output/arm_fpga_04_hdmi_output.srcs/utils_1/imports/design_1_xbar_0_impl_1'.
INFO: [Project 1-1877] Auto incremental dir location 'C:/Users/usama/Desktop/18-4-2026/arm_fpga_04_hdmi_output/arm_fpga_04_hdmi_output.srcs/utils_1/imports/design_1_system_ila_0_0_impl_1' of run 'design_1_system_ila_0_0_impl_1' is not writable, setting it to default location 'C:/Users/Saad/Desktop/stingray/screen_udp/arm_fpga_04_hdmi_output/arm_fpga_04_hdmi_output.srcs/utils_1/imports/design_1_system_ila_0_0_impl_1'.
INFO: [IP_Flow 19-234] Refreshing IP repositories
INFO: [IP_Flow 19-1700] Loaded user IP repository 'c:/Users/Saad/Desktop/stingray/screen_udp/arm_fpga_04_hdmi_output/repo'.
WARNING: [IP_Flow 19-2248] Failed to load user IP repository 'c:/Users/Saad/Desktop/stingray/screen_udp/passthrough/passthrough.srcs/sources_1/new'; Can't find the specified path.
If this directory should no longer be in your list of user repositories, go to the IP Settings dialog and remove it.
WARNING: [IP_Flow 19-2248] Failed to load user IP repository 'c:/Users/Saad/Desktop/stingray/screen_udp/grayscale/axis_grayscale/axis_grayscale.srcs/sources_1/new'; Can't find the specified path.
If this directory should no longer be in your list of user repositories, go to the IP Settings dialog and remove it.
INFO: [IP_Flow 19-2313] Loaded Vivado IP repository 'D:/Vivado/2021.2/data/ip'.
WARNING: [BD 41-1661] One or more IPs have been locked in the design 'design_1.bd'. Please run report_ip_status for more details and recommendations on how to fix this issue.
List of locked IPs:
design_1_axis_grayscale_0_0

open_project: Time (s): cpu = 00:00:30 ; elapsed = 00:00:22 . Memory (MB): peak = 1332.836 ; gain = 0.000
update_compile_order -fileset sources_1
