19:52:26 INFO  : Registering command handlers for SDK TCF services
19:52:26 INFO  : Launching XSCT server: xsct.bat -interactive C:\Users\Administrator\Desktop\zynq_lwip_demo\zynq_lwip_demo.sdk\temp_xsdb_launch_script.tcl
19:52:29 INFO  : XSCT server has started successfully.
19:52:29 INFO  : Successfully done setting XSCT server connection channel  
19:52:29 INFO  : Successfully done setting SDK workspace  
19:52:29 INFO  : Processing command line option -hwspec C:/Users/Administrator/Desktop/zynq_lwip_demo/zynq_lwip_demo.sdk/design_1_wrapper.hdf.
20:02:09 INFO  : Connected to target on host '127.0.0.1' and port '3121'.
20:02:09 WARN  : Part name present in the hardware specification 'xc7z010clg400-1' doesn't match the one present on the target 'xc7z020'.
20:02:21 INFO  : Jtag cable 'Digilent JTAG-SMT2 210251A08870' is selected.
20:02:21 INFO  : 'jtag frequency' command is executed.
20:02:21 INFO  : Sourcing of 'C:/Users/Administrator/Desktop/zynq_lwip_demo/zynq_lwip_demo.sdk/design_1_wrapper_hw_platform_0/ps7_init.tcl' is done.
20:02:21 INFO  : Context for 'APU' is selected.
20:02:21 INFO  : Hardware design information is loaded from 'C:/Users/Administrator/Desktop/zynq_lwip_demo/zynq_lwip_demo.sdk/design_1_wrapper_hw_platform_0/system.hdf'.
20:02:21 INFO  : 'configparams force-mem-access 1' command is executed.
20:02:21 INFO  : Context for 'APU' is selected.
20:02:21 INFO  : 'stop' command is executed.
20:02:21 INFO  : 'ps7_init' command is executed.
20:02:21 INFO  : 'ps7_post_config' command is executed.
20:02:21 INFO  : Context for processor 'ps7_cortexa9_0' is selected.
20:02:21 INFO  : Processor reset is completed for 'ps7_cortexa9_0'.
20:02:21 INFO  : Context for processor 'ps7_cortexa9_0' is selected.
20:02:22 INFO  : The application 'C:/Users/Administrator/Desktop/zynq_lwip_demo/zynq_lwip_demo.sdk/zynq_lwip/Debug/zynq_lwip.elf' is downloaded to processor 'ps7_cortexa9_0'.
20:02:22 INFO  : 'configparams force-mem-access 0' command is executed.
20:02:22 INFO  : ----------------XSDB Script----------------
connect -url tcp:127.0.0.1:3121
source C:/Users/Administrator/Desktop/zynq_lwip_demo/zynq_lwip_demo.sdk/design_1_wrapper_hw_platform_0/ps7_init.tcl
targets -set -nocase -filter {name =~"APU*" && jtag_cable_name =~ "Digilent JTAG-SMT2 210251A08870"} -index 0
loadhw -hw C:/Users/Administrator/Desktop/zynq_lwip_demo/zynq_lwip_demo.sdk/design_1_wrapper_hw_platform_0/system.hdf -mem-ranges [list {0x40000000 0xbfffffff}]
configparams force-mem-access 1
targets -set -nocase -filter {name =~"APU*" && jtag_cable_name =~ "Digilent JTAG-SMT2 210251A08870"} -index 0
stop
ps7_init
ps7_post_config
targets -set -nocase -filter {name =~ "ARM*#0" && jtag_cable_name =~ "Digilent JTAG-SMT2 210251A08870"} -index 0
rst -processor
targets -set -nocase -filter {name =~ "ARM*#0" && jtag_cable_name =~ "Digilent JTAG-SMT2 210251A08870"} -index 0
dow C:/Users/Administrator/Desktop/zynq_lwip_demo/zynq_lwip_demo.sdk/zynq_lwip/Debug/zynq_lwip.elf
configparams force-mem-access 0
----------------End of Script----------------

20:02:22 INFO  : Context for processor 'ps7_cortexa9_0' is selected.
20:02:22 INFO  : 'con' command is executed.
20:02:22 INFO  : ----------------XSDB Script (After Launch)----------------
targets -set -nocase -filter {name =~ "ARM*#0" && jtag_cable_name =~ "Digilent JTAG-SMT2 210251A08870"} -index 0
con
----------------End of Script----------------

20:02:22 INFO  : Launch script is exported to file 'C:\Users\Administrator\Desktop\zynq_lwip_demo\zynq_lwip_demo.sdk\.sdk\launch_scripts\xilinx_c-c++_application_(system_debugger)\system_debugger_using_debug_zynq_lwip.elf_on_local.tcl'
20:03:34 INFO  : Disconnected from the channel tcfchan#1.
20:03:35 INFO  : Connected to target on host '127.0.0.1' and port '3121'.
20:03:35 WARN  : Part name present in the hardware specification 'xc7z010clg400-1' doesn't match the one present on the target 'xc7z020'.
20:03:37 INFO  : Jtag cable 'Digilent JTAG-SMT2 210251A08870' is selected.
20:03:37 INFO  : 'jtag frequency' command is executed.
20:03:37 INFO  : Sourcing of 'C:/Users/Administrator/Desktop/zynq_lwip_demo/zynq_lwip_demo.sdk/design_1_wrapper_hw_platform_0/ps7_init.tcl' is done.
20:03:37 INFO  : Context for 'APU' is selected.
20:03:38 INFO  : Hardware design information is loaded from 'C:/Users/Administrator/Desktop/zynq_lwip_demo/zynq_lwip_demo.sdk/design_1_wrapper_hw_platform_0/system.hdf'.
20:03:38 INFO  : 'configparams force-mem-access 1' command is executed.
20:03:38 INFO  : Context for 'APU' is selected.
20:03:38 INFO  : 'stop' command is executed.
20:03:38 INFO  : 'ps7_init' command is executed.
20:03:38 INFO  : 'ps7_post_config' command is executed.
20:03:38 INFO  : Context for processor 'ps7_cortexa9_0' is selected.
20:03:38 INFO  : Processor reset is completed for 'ps7_cortexa9_0'.
20:03:38 INFO  : Context for processor 'ps7_cortexa9_0' is selected.
20:03:38 INFO  : The application 'C:/Users/Administrator/Desktop/zynq_lwip_demo/zynq_lwip_demo.sdk/zynq_lwip/Debug/zynq_lwip.elf' is downloaded to processor 'ps7_cortexa9_0'.
20:03:38 INFO  : 'configparams force-mem-access 0' command is executed.
20:03:38 INFO  : ----------------XSDB Script----------------
connect -url tcp:127.0.0.1:3121
source C:/Users/Administrator/Desktop/zynq_lwip_demo/zynq_lwip_demo.sdk/design_1_wrapper_hw_platform_0/ps7_init.tcl
targets -set -nocase -filter {name =~"APU*" && jtag_cable_name =~ "Digilent JTAG-SMT2 210251A08870"} -index 0
loadhw -hw C:/Users/Administrator/Desktop/zynq_lwip_demo/zynq_lwip_demo.sdk/design_1_wrapper_hw_platform_0/system.hdf -mem-ranges [list {0x40000000 0xbfffffff}]
configparams force-mem-access 1
targets -set -nocase -filter {name =~"APU*" && jtag_cable_name =~ "Digilent JTAG-SMT2 210251A08870"} -index 0
stop
ps7_init
ps7_post_config
targets -set -nocase -filter {name =~ "ARM*#0" && jtag_cable_name =~ "Digilent JTAG-SMT2 210251A08870"} -index 0
rst -processor
targets -set -nocase -filter {name =~ "ARM*#0" && jtag_cable_name =~ "Digilent JTAG-SMT2 210251A08870"} -index 0
dow C:/Users/Administrator/Desktop/zynq_lwip_demo/zynq_lwip_demo.sdk/zynq_lwip/Debug/zynq_lwip.elf
configparams force-mem-access 0
----------------End of Script----------------

20:03:38 INFO  : Context for processor 'ps7_cortexa9_0' is selected.
20:03:38 INFO  : 'con' command is executed.
20:03:38 INFO  : ----------------XSDB Script (After Launch)----------------
targets -set -nocase -filter {name =~ "ARM*#0" && jtag_cable_name =~ "Digilent JTAG-SMT2 210251A08870"} -index 0
con
----------------End of Script----------------

20:03:38 INFO  : Launch script is exported to file 'C:\Users\Administrator\Desktop\zynq_lwip_demo\zynq_lwip_demo.sdk\.sdk\launch_scripts\xilinx_c-c++_application_(system_debugger)\system_debugger_using_debug_zynq_lwip.elf_on_local.tcl'
20:40:04 INFO  : Disconnected from the channel tcfchan#2.
21:28:48 INFO  : Registering command handlers for SDK TCF services
21:28:48 INFO  : Launching XSCT server: xsct.bat -interactive C:\Users\Administrator\Desktop\arm_13_lwip\arm_13_lwip.sdk\temp_xsdb_launch_script.tcl
21:28:50 INFO  : XSCT server has started successfully.
21:28:50 INFO  : Successfully done setting XSCT server connection channel  
21:28:51 INFO  : Successfully done setting SDK workspace  
21:28:51 INFO  : Processing command line option -hwspec C:/Users/Administrator/Desktop/arm_13_lwip/arm_13_lwip.sdk/design_1_wrapper.hdf.
21:29:24 INFO  : Connected to target on host '127.0.0.1' and port '3121'.
21:29:25 INFO  : Jtag cable 'Digilent JTAG-SMT2 210251A08870' is selected.
21:29:25 INFO  : 'jtag frequency' command is executed.
21:29:25 INFO  : Sourcing of 'C:/Users/Administrator/Desktop/arm_13_lwip/arm_13_lwip.sdk/design_1_wrapper_hw_platform_0/ps7_init.tcl' is done.
21:29:25 INFO  : Context for 'APU' is selected.
21:29:25 INFO  : Hardware design information is loaded from 'C:/Users/Administrator/Desktop/arm_13_lwip/arm_13_lwip.sdk/design_1_wrapper_hw_platform_0/system.hdf'.
21:29:25 INFO  : 'configparams force-mem-access 1' command is executed.
21:29:25 INFO  : Context for 'APU' is selected.
21:29:25 INFO  : 'stop' command is executed.
21:29:25 ERROR : Memory read error at 0xF80060B8. Invalid DAP IDCODE. Invalid DAP ACK value: 0
21:29:25 INFO  : ----------------XSDB Script----------------
connect -url tcp:127.0.0.1:3121
source C:/Users/Administrator/Desktop/arm_13_lwip/arm_13_lwip.sdk/design_1_wrapper_hw_platform_0/ps7_init.tcl
targets -set -nocase -filter {name =~"APU*" && jtag_cable_name =~ "Digilent JTAG-SMT2 210251A08870"} -index 0
loadhw -hw C:/Users/Administrator/Desktop/arm_13_lwip/arm_13_lwip.sdk/design_1_wrapper_hw_platform_0/system.hdf -mem-ranges [list {0x40000000 0xbfffffff}]
configparams force-mem-access 1
targets -set -nocase -filter {name =~"APU*" && jtag_cable_name =~ "Digilent JTAG-SMT2 210251A08870"} -index 0
stop
ps7_init
----------------End of Script----------------

21:29:30 INFO  : Connected to target on host '127.0.0.1' and port '3121'.
21:29:30 INFO  : Jtag cable 'Digilent JTAG-SMT2 210251A08870' is selected.
21:29:30 INFO  : 'jtag frequency' command is executed.
21:29:30 INFO  : Sourcing of 'C:/Users/Administrator/Desktop/arm_13_lwip/arm_13_lwip.sdk/design_1_wrapper_hw_platform_0/ps7_init.tcl' is done.
21:29:30 INFO  : Context for 'APU' is selected.
21:29:30 INFO  : Hardware design information is loaded from 'C:/Users/Administrator/Desktop/arm_13_lwip/arm_13_lwip.sdk/design_1_wrapper_hw_platform_0/system.hdf'.
21:29:30 INFO  : 'configparams force-mem-access 1' command is executed.
21:29:30 INFO  : Context for 'APU' is selected.
21:29:30 INFO  : 'stop' command is executed.
21:29:30 ERROR : Memory read error at 0xF800602C. Invalid DAP IDCODE. Invalid DAP ACK value: 0
21:29:30 INFO  : ----------------XSDB Script----------------
connect -url tcp:127.0.0.1:3121
source C:/Users/Administrator/Desktop/arm_13_lwip/arm_13_lwip.sdk/design_1_wrapper_hw_platform_0/ps7_init.tcl
targets -set -nocase -filter {name =~"APU*" && jtag_cable_name =~ "Digilent JTAG-SMT2 210251A08870"} -index 0
loadhw -hw C:/Users/Administrator/Desktop/arm_13_lwip/arm_13_lwip.sdk/design_1_wrapper_hw_platform_0/system.hdf -mem-ranges [list {0x40000000 0xbfffffff}]
configparams force-mem-access 1
targets -set -nocase -filter {name =~"APU*" && jtag_cable_name =~ "Digilent JTAG-SMT2 210251A08870"} -index 0
stop
ps7_init
----------------End of Script----------------

21:29:34 INFO  : Connected to target on host '127.0.0.1' and port '3121'.
21:29:34 INFO  : Jtag cable 'Digilent JTAG-SMT2 210251A08870' is selected.
21:29:34 INFO  : 'jtag frequency' command is executed.
21:29:34 INFO  : Sourcing of 'C:/Users/Administrator/Desktop/arm_13_lwip/arm_13_lwip.sdk/design_1_wrapper_hw_platform_0/ps7_init.tcl' is done.
21:29:34 INFO  : Context for 'APU' is selected.
21:29:34 INFO  : Hardware design information is loaded from 'C:/Users/Administrator/Desktop/arm_13_lwip/arm_13_lwip.sdk/design_1_wrapper_hw_platform_0/system.hdf'.
21:29:34 INFO  : 'configparams force-mem-access 1' command is executed.
21:29:34 INFO  : Context for 'APU' is selected.
21:29:34 INFO  : 'stop' command is executed.
21:29:34 INFO  : 'ps7_init' command is executed.
21:29:34 INFO  : 'ps7_post_config' command is executed.
21:29:34 INFO  : Context for processor 'ps7_cortexa9_0' is selected.
21:29:34 INFO  : Processor reset is completed for 'ps7_cortexa9_0'.
21:29:34 INFO  : Context for processor 'ps7_cortexa9_0' is selected.
21:29:34 INFO  : The application 'C:/Users/Administrator/Desktop/arm_13_lwip/arm_13_lwip.sdk/zynq_lwip/Debug/zynq_lwip.elf' is downloaded to processor 'ps7_cortexa9_0'.
21:29:35 INFO  : 'configparams force-mem-access 0' command is executed.
21:29:35 INFO  : ----------------XSDB Script----------------
connect -url tcp:127.0.0.1:3121
source C:/Users/Administrator/Desktop/arm_13_lwip/arm_13_lwip.sdk/design_1_wrapper_hw_platform_0/ps7_init.tcl
targets -set -nocase -filter {name =~"APU*" && jtag_cable_name =~ "Digilent JTAG-SMT2 210251A08870"} -index 0
loadhw -hw C:/Users/Administrator/Desktop/arm_13_lwip/arm_13_lwip.sdk/design_1_wrapper_hw_platform_0/system.hdf -mem-ranges [list {0x40000000 0xbfffffff}]
configparams force-mem-access 1
targets -set -nocase -filter {name =~"APU*" && jtag_cable_name =~ "Digilent JTAG-SMT2 210251A08870"} -index 0
stop
ps7_init
ps7_post_config
targets -set -nocase -filter {name =~ "ARM*#0" && jtag_cable_name =~ "Digilent JTAG-SMT2 210251A08870"} -index 0
rst -processor
targets -set -nocase -filter {name =~ "ARM*#0" && jtag_cable_name =~ "Digilent JTAG-SMT2 210251A08870"} -index 0
dow C:/Users/Administrator/Desktop/arm_13_lwip/arm_13_lwip.sdk/zynq_lwip/Debug/zynq_lwip.elf
configparams force-mem-access 0
----------------End of Script----------------

21:29:35 INFO  : Context for processor 'ps7_cortexa9_0' is selected.
21:29:35 INFO  : 'con' command is executed.
21:29:35 INFO  : ----------------XSDB Script (After Launch)----------------
targets -set -nocase -filter {name =~ "ARM*#0" && jtag_cable_name =~ "Digilent JTAG-SMT2 210251A08870"} -index 0
con
----------------End of Script----------------

21:29:35 INFO  : Launch script is exported to file 'C:\Users\Administrator\Desktop\arm_13_lwip\arm_13_lwip.sdk\.sdk\launch_scripts\xilinx_c-c++_application_(system_debugger)\system_debugger_using_debug_zynq_lwip.elf_on_local.tcl'
21:29:56 INFO  : Disconnected from the channel tcfchan#1.
21:29:57 INFO  : Connected to target on host '127.0.0.1' and port '3121'.
21:29:57 INFO  : Jtag cable 'Digilent JTAG-SMT2 210251A08870' is selected.
21:29:57 INFO  : 'jtag frequency' command is executed.
21:29:57 INFO  : Sourcing of 'C:/Users/Administrator/Desktop/arm_13_lwip/arm_13_lwip.sdk/design_1_wrapper_hw_platform_0/ps7_init.tcl' is done.
21:29:57 INFO  : Context for 'APU' is selected.
21:29:58 INFO  : Hardware design information is loaded from 'C:/Users/Administrator/Desktop/arm_13_lwip/arm_13_lwip.sdk/design_1_wrapper_hw_platform_0/system.hdf'.
21:29:58 INFO  : 'configparams force-mem-access 1' command is executed.
21:29:58 INFO  : Context for 'APU' is selected.
21:29:58 INFO  : 'stop' command is executed.
21:29:58 INFO  : 'ps7_init' command is executed.
21:29:58 INFO  : 'ps7_post_config' command is executed.
21:29:58 INFO  : Context for processor 'ps7_cortexa9_0' is selected.
21:29:59 INFO  : Processor reset is completed for 'ps7_cortexa9_0'.
21:29:59 INFO  : Context for processor 'ps7_cortexa9_0' is selected.
21:29:59 INFO  : The application 'C:/Users/Administrator/Desktop/arm_13_lwip/arm_13_lwip.sdk/zynq_lwip/Debug/zynq_lwip.elf' is downloaded to processor 'ps7_cortexa9_0'.
21:29:59 INFO  : 'configparams force-mem-access 0' command is executed.
21:29:59 INFO  : ----------------XSDB Script----------------
connect -url tcp:127.0.0.1:3121
source C:/Users/Administrator/Desktop/arm_13_lwip/arm_13_lwip.sdk/design_1_wrapper_hw_platform_0/ps7_init.tcl
targets -set -nocase -filter {name =~"APU*" && jtag_cable_name =~ "Digilent JTAG-SMT2 210251A08870"} -index 0
loadhw -hw C:/Users/Administrator/Desktop/arm_13_lwip/arm_13_lwip.sdk/design_1_wrapper_hw_platform_0/system.hdf -mem-ranges [list {0x40000000 0xbfffffff}]
configparams force-mem-access 1
targets -set -nocase -filter {name =~"APU*" && jtag_cable_name =~ "Digilent JTAG-SMT2 210251A08870"} -index 0
stop
ps7_init
ps7_post_config
targets -set -nocase -filter {name =~ "ARM*#0" && jtag_cable_name =~ "Digilent JTAG-SMT2 210251A08870"} -index 0
rst -processor
targets -set -nocase -filter {name =~ "ARM*#0" && jtag_cable_name =~ "Digilent JTAG-SMT2 210251A08870"} -index 0
dow C:/Users/Administrator/Desktop/arm_13_lwip/arm_13_lwip.sdk/zynq_lwip/Debug/zynq_lwip.elf
configparams force-mem-access 0
----------------End of Script----------------

21:29:59 INFO  : Context for processor 'ps7_cortexa9_0' is selected.
21:29:59 INFO  : 'con' command is executed.
21:29:59 INFO  : ----------------XSDB Script (After Launch)----------------
targets -set -nocase -filter {name =~ "ARM*#0" && jtag_cable_name =~ "Digilent JTAG-SMT2 210251A08870"} -index 0
con
----------------End of Script----------------

21:29:59 INFO  : Launch script is exported to file 'C:\Users\Administrator\Desktop\arm_13_lwip\arm_13_lwip.sdk\.sdk\launch_scripts\xilinx_c-c++_application_(system_debugger)\system_debugger_using_debug_zynq_lwip.elf_on_local.tcl'
21:30:22 INFO  : Disconnected from the channel tcfchan#2.
