14:36:39 INFO  : Registering command handlers for SDK TCF services
14:36:40 INFO  : Launching XSCT server: xsct.bat -interactive C:\Users\Administrator\Desktop\arm_fpga_04_hdmi_output\arm_fpga_04_hdmi_output.sdk\temp_xsdb_launch_script.tcl
14:36:42 INFO  : XSCT server has started successfully.
14:36:42 INFO  : Successfully done setting XSCT server connection channel  
14:36:42 INFO  : Successfully done setting SDK workspace  
14:36:43 INFO  : Processing command line option -hwspec C:/Users/Administrator/Desktop/arm_fpga_04_hdmi_output/arm_fpga_04_hdmi_output.sdk/design_1_wrapper.hdf.
15:00:24 INFO  : 'targets -set -filter {jtag_cable_name =~ "Digilent JTAG-HS1 210512180081" && level==0} -index 1' command is executed.
15:00:24 INFO  : 'fpga -state' command is executed.
15:00:24 INFO  : Connected to target on host '127.0.0.1' and port '3121'.
15:00:24 INFO  : Jtag cable 'Digilent JTAG-HS1 210512180081' is selected.
15:00:24 INFO  : 'jtag frequency' command is executed.
15:00:24 INFO  : Sourcing of 'C:/Users/Administrator/Desktop/arm_fpga_04_hdmi_output/arm_fpga_04_hdmi_output.sdk/design_1_wrapper_hw_platform_0/ps7_init.tcl' is done.
15:00:24 INFO  : Context for 'APU' is selected.
15:00:24 INFO  : Hardware design information is loaded from 'C:/Users/Administrator/Desktop/arm_fpga_04_hdmi_output/arm_fpga_04_hdmi_output.sdk/design_1_wrapper_hw_platform_0/system.hdf'.
15:00:24 INFO  : 'configparams force-mem-access 1' command is executed.
15:00:24 INFO  : Context for 'APU' is selected.
15:00:24 INFO  : 'stop' command is executed.
15:00:24 INFO  : 'ps7_init' command is executed.
15:00:24 INFO  : 'ps7_post_config' command is executed.
15:00:24 INFO  : Context for processor 'ps7_cortexa9_0' is selected.
15:00:24 INFO  : Processor reset is completed for 'ps7_cortexa9_0'.
15:00:24 INFO  : Context for processor 'ps7_cortexa9_0' is selected.
15:00:39 INFO  : The application 'C:/Users/Administrator/Desktop/arm_fpga_04_hdmi_output/arm_fpga_04_hdmi_output.sdk/hdmi_test/Debug/hdmi_test.elf' is downloaded to processor 'ps7_cortexa9_0'.
15:00:39 INFO  : 'configparams force-mem-access 0' command is executed.
15:00:39 INFO  : ----------------XSDB Script----------------
connect -url tcp:127.0.0.1:3121
source C:/Users/Administrator/Desktop/arm_fpga_04_hdmi_output/arm_fpga_04_hdmi_output.sdk/design_1_wrapper_hw_platform_0/ps7_init.tcl
targets -set -nocase -filter {name =~"APU*" && jtag_cable_name =~ "Digilent JTAG-HS1 210512180081"} -index 0
loadhw -hw C:/Users/Administrator/Desktop/arm_fpga_04_hdmi_output/arm_fpga_04_hdmi_output.sdk/design_1_wrapper_hw_platform_0/system.hdf -mem-ranges [list {0x40000000 0xbfffffff}]
configparams force-mem-access 1
targets -set -nocase -filter {name =~"APU*" && jtag_cable_name =~ "Digilent JTAG-HS1 210512180081"} -index 0
stop
ps7_init
ps7_post_config
targets -set -nocase -filter {name =~ "ARM*#0" && jtag_cable_name =~ "Digilent JTAG-HS1 210512180081"} -index 0
rst -processor
targets -set -nocase -filter {name =~ "ARM*#0" && jtag_cable_name =~ "Digilent JTAG-HS1 210512180081"} -index 0
dow C:/Users/Administrator/Desktop/arm_fpga_04_hdmi_output/arm_fpga_04_hdmi_output.sdk/hdmi_test/Debug/hdmi_test.elf
configparams force-mem-access 0
----------------End of Script----------------

15:00:39 INFO  : Memory regions updated for context APU
15:00:39 INFO  : Context for processor 'ps7_cortexa9_0' is selected.
15:00:39 INFO  : 'con' command is executed.
15:00:39 INFO  : ----------------XSDB Script (After Launch)----------------
targets -set -nocase -filter {name =~ "ARM*#0" && jtag_cable_name =~ "Digilent JTAG-HS1 210512180081"} -index 0
con
----------------End of Script----------------

15:00:39 INFO  : Launch script is exported to file 'C:\Users\Administrator\Desktop\arm_fpga_04_hdmi_output\arm_fpga_04_hdmi_output.sdk\.sdk\launch_scripts\xilinx_c-c++_application_(system_debugger)\system_debugger_using_debug_hdmi_test.elf_on_local.tcl'
15:00:55 INFO  : Disconnected from the channel tcfchan#1.
15:00:56 INFO  : Connected to target on host '127.0.0.1' and port '3121'.
15:00:56 INFO  : Jtag cable 'Digilent JTAG-HS1 210512180081' is selected.
15:00:56 INFO  : 'jtag frequency' command is executed.
15:00:56 INFO  : Sourcing of 'C:/Users/Administrator/Desktop/arm_fpga_04_hdmi_output/arm_fpga_04_hdmi_output.sdk/design_1_wrapper_hw_platform_0/ps7_init.tcl' is done.
15:00:56 INFO  : Context for 'APU' is selected.
15:00:56 INFO  : System reset is completed.
15:00:59 INFO  : 'after 3000' command is executed.
15:00:59 INFO  : 'targets -set -filter {jtag_cable_name =~ "Digilent JTAG-HS1 210512180081" && level==0} -index 1' command is executed.
15:01:01 INFO  : FPGA configured successfully with bitstream "C:/Users/Administrator/Desktop/arm_fpga_04_hdmi_output/arm_fpga_04_hdmi_output.sdk/design_1_wrapper_hw_platform_0/design_1_wrapper.bit"
15:01:01 INFO  : Context for 'APU' is selected.
15:01:03 INFO  : Hardware design information is loaded from 'C:/Users/Administrator/Desktop/arm_fpga_04_hdmi_output/arm_fpga_04_hdmi_output.sdk/design_1_wrapper_hw_platform_0/system.hdf'.
15:01:03 INFO  : 'configparams force-mem-access 1' command is executed.
15:01:03 INFO  : Context for 'APU' is selected.
15:01:03 INFO  : 'ps7_init' command is executed.
15:01:03 INFO  : 'ps7_post_config' command is executed.
15:01:03 INFO  : Context for processor 'ps7_cortexa9_0' is selected.
15:01:17 INFO  : The application 'C:/Users/Administrator/Desktop/arm_fpga_04_hdmi_output/arm_fpga_04_hdmi_output.sdk/hdmi_test/Debug/hdmi_test.elf' is downloaded to processor 'ps7_cortexa9_0'.
15:01:17 INFO  : 'configparams force-mem-access 0' command is executed.
15:01:17 INFO  : ----------------XSDB Script----------------
connect -url tcp:127.0.0.1:3121
source C:/Users/Administrator/Desktop/arm_fpga_04_hdmi_output/arm_fpga_04_hdmi_output.sdk/design_1_wrapper_hw_platform_0/ps7_init.tcl
targets -set -nocase -filter {name =~"APU*" && jtag_cable_name =~ "Digilent JTAG-HS1 210512180081"} -index 0
rst -system
after 3000
targets -set -filter {jtag_cable_name =~ "Digilent JTAG-HS1 210512180081" && level==0} -index 1
fpga -file C:/Users/Administrator/Desktop/arm_fpga_04_hdmi_output/arm_fpga_04_hdmi_output.sdk/design_1_wrapper_hw_platform_0/design_1_wrapper.bit
targets -set -nocase -filter {name =~"APU*" && jtag_cable_name =~ "Digilent JTAG-HS1 210512180081"} -index 0
loadhw -hw C:/Users/Administrator/Desktop/arm_fpga_04_hdmi_output/arm_fpga_04_hdmi_output.sdk/design_1_wrapper_hw_platform_0/system.hdf -mem-ranges [list {0x40000000 0xbfffffff}]
configparams force-mem-access 1
targets -set -nocase -filter {name =~"APU*" && jtag_cable_name =~ "Digilent JTAG-HS1 210512180081"} -index 0
ps7_init
ps7_post_config
targets -set -nocase -filter {name =~ "ARM*#0" && jtag_cable_name =~ "Digilent JTAG-HS1 210512180081"} -index 0
dow C:/Users/Administrator/Desktop/arm_fpga_04_hdmi_output/arm_fpga_04_hdmi_output.sdk/hdmi_test/Debug/hdmi_test.elf
configparams force-mem-access 0
----------------End of Script----------------

15:01:17 INFO  : Memory regions updated for context APU
15:01:18 INFO  : Context for processor 'ps7_cortexa9_0' is selected.
15:01:18 INFO  : 'con' command is executed.
15:01:18 INFO  : ----------------XSDB Script (After Launch)----------------
targets -set -nocase -filter {name =~ "ARM*#0" && jtag_cable_name =~ "Digilent JTAG-HS1 210512180081"} -index 0
con
----------------End of Script----------------

15:01:18 INFO  : Launch script is exported to file 'C:\Users\Administrator\Desktop\arm_fpga_04_hdmi_output\arm_fpga_04_hdmi_output.sdk\.sdk\launch_scripts\xilinx_c-c++_application_(system_debugger)\system_debugger_using_debug_hdmi_test.elf_on_local.tcl'
15:01:58 INFO  : Disconnected from the channel tcfchan#2.
15:01:59 INFO  : Connected to target on host '127.0.0.1' and port '3121'.
15:02:00 INFO  : Jtag cable 'Digilent JTAG-HS1 210512180081' is selected.
15:02:00 INFO  : 'jtag frequency' command is executed.
15:02:00 INFO  : Sourcing of 'C:/Users/Administrator/Desktop/arm_fpga_04_hdmi_output/arm_fpga_04_hdmi_output.sdk/design_1_wrapper_hw_platform_0/ps7_init.tcl' is done.
15:02:00 INFO  : Context for 'APU' is selected.
15:02:00 INFO  : System reset is completed.
15:02:03 INFO  : 'after 3000' command is executed.
15:02:03 INFO  : 'targets -set -filter {jtag_cable_name =~ "Digilent JTAG-HS1 210512180081" && level==0} -index 1' command is executed.
15:02:05 INFO  : FPGA configured successfully with bitstream "C:/Users/Administrator/Desktop/arm_fpga_04_hdmi_output/arm_fpga_04_hdmi_output.sdk/design_1_wrapper_hw_platform_0/design_1_wrapper.bit"
15:02:05 INFO  : Context for 'APU' is selected.
15:02:06 INFO  : Hardware design information is loaded from 'C:/Users/Administrator/Desktop/arm_fpga_04_hdmi_output/arm_fpga_04_hdmi_output.sdk/design_1_wrapper_hw_platform_0/system.hdf'.
15:02:06 INFO  : 'configparams force-mem-access 1' command is executed.
15:02:06 INFO  : Context for 'APU' is selected.
15:02:06 INFO  : 'ps7_init' command is executed.
15:02:06 INFO  : 'ps7_post_config' command is executed.
15:02:06 INFO  : Context for processor 'ps7_cortexa9_0' is selected.
15:02:20 INFO  : The application 'C:/Users/Administrator/Desktop/arm_fpga_04_hdmi_output/arm_fpga_04_hdmi_output.sdk/hdmi_test/Debug/hdmi_test.elf' is downloaded to processor 'ps7_cortexa9_0'.
15:02:20 INFO  : 'configparams force-mem-access 0' command is executed.
15:02:20 INFO  : ----------------XSDB Script----------------
connect -url tcp:127.0.0.1:3121
source C:/Users/Administrator/Desktop/arm_fpga_04_hdmi_output/arm_fpga_04_hdmi_output.sdk/design_1_wrapper_hw_platform_0/ps7_init.tcl
targets -set -nocase -filter {name =~"APU*" && jtag_cable_name =~ "Digilent JTAG-HS1 210512180081"} -index 0
rst -system
after 3000
targets -set -filter {jtag_cable_name =~ "Digilent JTAG-HS1 210512180081" && level==0} -index 1
fpga -file C:/Users/Administrator/Desktop/arm_fpga_04_hdmi_output/arm_fpga_04_hdmi_output.sdk/design_1_wrapper_hw_platform_0/design_1_wrapper.bit
targets -set -nocase -filter {name =~"APU*" && jtag_cable_name =~ "Digilent JTAG-HS1 210512180081"} -index 0
loadhw -hw C:/Users/Administrator/Desktop/arm_fpga_04_hdmi_output/arm_fpga_04_hdmi_output.sdk/design_1_wrapper_hw_platform_0/system.hdf -mem-ranges [list {0x40000000 0xbfffffff}]
configparams force-mem-access 1
targets -set -nocase -filter {name =~"APU*" && jtag_cable_name =~ "Digilent JTAG-HS1 210512180081"} -index 0
ps7_init
ps7_post_config
targets -set -nocase -filter {name =~ "ARM*#0" && jtag_cable_name =~ "Digilent JTAG-HS1 210512180081"} -index 0
dow C:/Users/Administrator/Desktop/arm_fpga_04_hdmi_output/arm_fpga_04_hdmi_output.sdk/hdmi_test/Debug/hdmi_test.elf
configparams force-mem-access 0
----------------End of Script----------------

15:02:20 INFO  : Memory regions updated for context APU
15:02:20 INFO  : Context for processor 'ps7_cortexa9_0' is selected.
15:02:20 INFO  : 'con' command is executed.
15:02:20 INFO  : ----------------XSDB Script (After Launch)----------------
targets -set -nocase -filter {name =~ "ARM*#0" && jtag_cable_name =~ "Digilent JTAG-HS1 210512180081"} -index 0
con
----------------End of Script----------------

15:02:20 INFO  : Launch script is exported to file 'C:\Users\Administrator\Desktop\arm_fpga_04_hdmi_output\arm_fpga_04_hdmi_output.sdk\.sdk\launch_scripts\xilinx_c-c++_application_(system_debugger)\system_debugger_using_debug_hdmi_test.elf_on_local.tcl'
15:03:08 INFO  : Disconnected from the channel tcfchan#3.
15:03:09 INFO  : Connected to target on host '127.0.0.1' and port '3121'.
15:03:09 INFO  : Jtag cable 'Digilent JTAG-HS1 210512180081' is selected.
15:03:09 INFO  : 'jtag frequency' command is executed.
15:03:09 INFO  : Sourcing of 'C:/Users/Administrator/Desktop/arm_fpga_04_hdmi_output/arm_fpga_04_hdmi_output.sdk/design_1_wrapper_hw_platform_0/ps7_init.tcl' is done.
15:03:09 INFO  : Context for 'APU' is selected.
15:03:09 INFO  : System reset is completed.
15:03:12 INFO  : 'after 3000' command is executed.
15:03:12 INFO  : 'targets -set -filter {jtag_cable_name =~ "Digilent JTAG-HS1 210512180081" && level==0} -index 1' command is executed.
15:03:14 INFO  : FPGA configured successfully with bitstream "C:/Users/Administrator/Desktop/arm_fpga_04_hdmi_output/arm_fpga_04_hdmi_output.sdk/design_1_wrapper_hw_platform_0/design_1_wrapper.bit"
15:03:14 INFO  : Context for 'APU' is selected.
15:03:16 INFO  : Hardware design information is loaded from 'C:/Users/Administrator/Desktop/arm_fpga_04_hdmi_output/arm_fpga_04_hdmi_output.sdk/design_1_wrapper_hw_platform_0/system.hdf'.
15:03:16 INFO  : 'configparams force-mem-access 1' command is executed.
15:03:16 INFO  : Context for 'APU' is selected.
15:03:16 INFO  : 'ps7_init' command is executed.
15:03:16 INFO  : 'ps7_post_config' command is executed.
15:03:16 INFO  : Context for processor 'ps7_cortexa9_0' is selected.
15:03:31 INFO  : The application 'C:/Users/Administrator/Desktop/arm_fpga_04_hdmi_output/arm_fpga_04_hdmi_output.sdk/hdmi_test/Debug/hdmi_test.elf' is downloaded to processor 'ps7_cortexa9_0'.
15:03:31 INFO  : 'configparams force-mem-access 0' command is executed.
15:03:31 INFO  : ----------------XSDB Script----------------
connect -url tcp:127.0.0.1:3121
source C:/Users/Administrator/Desktop/arm_fpga_04_hdmi_output/arm_fpga_04_hdmi_output.sdk/design_1_wrapper_hw_platform_0/ps7_init.tcl
targets -set -nocase -filter {name =~"APU*" && jtag_cable_name =~ "Digilent JTAG-HS1 210512180081"} -index 0
rst -system
after 3000
targets -set -filter {jtag_cable_name =~ "Digilent JTAG-HS1 210512180081" && level==0} -index 1
fpga -file C:/Users/Administrator/Desktop/arm_fpga_04_hdmi_output/arm_fpga_04_hdmi_output.sdk/design_1_wrapper_hw_platform_0/design_1_wrapper.bit
targets -set -nocase -filter {name =~"APU*" && jtag_cable_name =~ "Digilent JTAG-HS1 210512180081"} -index 0
loadhw -hw C:/Users/Administrator/Desktop/arm_fpga_04_hdmi_output/arm_fpga_04_hdmi_output.sdk/design_1_wrapper_hw_platform_0/system.hdf -mem-ranges [list {0x40000000 0xbfffffff}]
configparams force-mem-access 1
targets -set -nocase -filter {name =~"APU*" && jtag_cable_name =~ "Digilent JTAG-HS1 210512180081"} -index 0
ps7_init
ps7_post_config
targets -set -nocase -filter {name =~ "ARM*#0" && jtag_cable_name =~ "Digilent JTAG-HS1 210512180081"} -index 0
dow C:/Users/Administrator/Desktop/arm_fpga_04_hdmi_output/arm_fpga_04_hdmi_output.sdk/hdmi_test/Debug/hdmi_test.elf
configparams force-mem-access 0
----------------End of Script----------------

15:03:31 INFO  : Memory regions updated for context APU
15:03:31 INFO  : Context for processor 'ps7_cortexa9_0' is selected.
15:03:31 INFO  : 'con' command is executed.
15:03:31 INFO  : ----------------XSDB Script (After Launch)----------------
targets -set -nocase -filter {name =~ "ARM*#0" && jtag_cable_name =~ "Digilent JTAG-HS1 210512180081"} -index 0
con
----------------End of Script----------------

15:03:31 INFO  : Launch script is exported to file 'C:\Users\Administrator\Desktop\arm_fpga_04_hdmi_output\arm_fpga_04_hdmi_output.sdk\.sdk\launch_scripts\xilinx_c-c++_application_(system_debugger)\system_debugger_using_debug_hdmi_test.elf_on_local.tcl'
15:13:00 INFO  : Disconnected from the channel tcfchan#4.
15:13:01 INFO  : Connected to target on host '127.0.0.1' and port '3121'.
15:13:02 INFO  : Jtag cable 'Digilent JTAG-HS1 210512180081' is selected.
15:13:02 INFO  : 'jtag frequency' command is executed.
15:13:02 INFO  : Sourcing of 'C:/Users/Administrator/Desktop/arm_fpga_04_hdmi_output/arm_fpga_04_hdmi_output.sdk/design_1_wrapper_hw_platform_0/ps7_init.tcl' is done.
15:13:02 INFO  : Context for 'APU' is selected.
15:13:02 INFO  : System reset is completed.
15:13:05 INFO  : 'after 3000' command is executed.
15:13:05 INFO  : 'targets -set -filter {jtag_cable_name =~ "Digilent JTAG-HS1 210512180081" && level==0} -index 1' command is executed.
15:13:07 INFO  : FPGA configured successfully with bitstream "C:/Users/Administrator/Desktop/arm_fpga_04_hdmi_output/arm_fpga_04_hdmi_output.sdk/design_1_wrapper_hw_platform_0/design_1_wrapper.bit"
15:13:07 INFO  : Context for 'APU' is selected.
15:13:08 INFO  : Hardware design information is loaded from 'C:/Users/Administrator/Desktop/arm_fpga_04_hdmi_output/arm_fpga_04_hdmi_output.sdk/design_1_wrapper_hw_platform_0/system.hdf'.
15:13:08 INFO  : 'configparams force-mem-access 1' command is executed.
15:13:08 INFO  : Context for 'APU' is selected.
15:13:08 INFO  : 'ps7_init' command is executed.
15:13:08 INFO  : 'ps7_post_config' command is executed.
15:13:08 INFO  : Context for processor 'ps7_cortexa9_0' is selected.
15:13:22 INFO  : The application 'C:/Users/Administrator/Desktop/arm_fpga_04_hdmi_output/arm_fpga_04_hdmi_output.sdk/hdmi_test/Debug/hdmi_test.elf' is downloaded to processor 'ps7_cortexa9_0'.
15:13:22 INFO  : 'configparams force-mem-access 0' command is executed.
15:13:22 INFO  : ----------------XSDB Script----------------
connect -url tcp:127.0.0.1:3121
source C:/Users/Administrator/Desktop/arm_fpga_04_hdmi_output/arm_fpga_04_hdmi_output.sdk/design_1_wrapper_hw_platform_0/ps7_init.tcl
targets -set -nocase -filter {name =~"APU*" && jtag_cable_name =~ "Digilent JTAG-HS1 210512180081"} -index 0
rst -system
after 3000
targets -set -filter {jtag_cable_name =~ "Digilent JTAG-HS1 210512180081" && level==0} -index 1
fpga -file C:/Users/Administrator/Desktop/arm_fpga_04_hdmi_output/arm_fpga_04_hdmi_output.sdk/design_1_wrapper_hw_platform_0/design_1_wrapper.bit
targets -set -nocase -filter {name =~"APU*" && jtag_cable_name =~ "Digilent JTAG-HS1 210512180081"} -index 0
loadhw -hw C:/Users/Administrator/Desktop/arm_fpga_04_hdmi_output/arm_fpga_04_hdmi_output.sdk/design_1_wrapper_hw_platform_0/system.hdf -mem-ranges [list {0x40000000 0xbfffffff}]
configparams force-mem-access 1
targets -set -nocase -filter {name =~"APU*" && jtag_cable_name =~ "Digilent JTAG-HS1 210512180081"} -index 0
ps7_init
ps7_post_config
targets -set -nocase -filter {name =~ "ARM*#0" && jtag_cable_name =~ "Digilent JTAG-HS1 210512180081"} -index 0
dow C:/Users/Administrator/Desktop/arm_fpga_04_hdmi_output/arm_fpga_04_hdmi_output.sdk/hdmi_test/Debug/hdmi_test.elf
configparams force-mem-access 0
----------------End of Script----------------

15:13:22 INFO  : Memory regions updated for context APU
15:13:22 INFO  : Context for processor 'ps7_cortexa9_0' is selected.
15:13:22 INFO  : 'con' command is executed.
15:13:22 INFO  : ----------------XSDB Script (After Launch)----------------
targets -set -nocase -filter {name =~ "ARM*#0" && jtag_cable_name =~ "Digilent JTAG-HS1 210512180081"} -index 0
con
----------------End of Script----------------

15:13:22 INFO  : Launch script is exported to file 'C:\Users\Administrator\Desktop\arm_fpga_04_hdmi_output\arm_fpga_04_hdmi_output.sdk\.sdk\launch_scripts\xilinx_c-c++_application_(system_debugger)\system_debugger_using_debug_hdmi_test.elf_on_local.tcl'
15:15:58 INFO  : Connected to target on host '127.0.0.1' and port '3121'.
15:15:59 INFO  : Jtag cable 'Digilent JTAG-HS1 210512180081' is selected.
15:15:59 INFO  : 'jtag frequency' command is executed.
15:15:59 INFO  : Sourcing of 'C:/Users/Administrator/Desktop/arm_fpga_04_hdmi_output/arm_fpga_04_hdmi_output.sdk/design_1_wrapper_hw_platform_0/ps7_init.tcl' is done.
15:15:59 INFO  : Context for 'APU' is selected.
15:15:59 INFO  : System reset is completed.
15:16:02 INFO  : 'after 3000' command is executed.
15:16:02 INFO  : 'targets -set -filter {jtag_cable_name =~ "Digilent JTAG-HS1 210512180081" && level==0} -index 1' command is executed.
15:16:04 INFO  : FPGA configured successfully with bitstream "C:/Users/Administrator/Desktop/arm_fpga_04_hdmi_output/arm_fpga_04_hdmi_output.sdk/design_1_wrapper_hw_platform_0/design_1_wrapper.bit"
15:16:04 INFO  : Context for 'APU' is selected.
15:16:04 INFO  : Hardware design information is loaded from 'C:/Users/Administrator/Desktop/arm_fpga_04_hdmi_output/arm_fpga_04_hdmi_output.sdk/design_1_wrapper_hw_platform_0/system.hdf'.
15:16:04 INFO  : 'configparams force-mem-access 1' command is executed.
15:16:04 INFO  : Context for 'APU' is selected.
15:16:04 INFO  : 'ps7_init' command is executed.
15:16:04 INFO  : 'ps7_post_config' command is executed.
15:16:04 INFO  : 'configparams force-mem-access 0' command is executed.
15:16:04 INFO  : ----------------XSDB Script----------------
connect -url tcp:127.0.0.1:3121
source C:/Users/Administrator/Desktop/arm_fpga_04_hdmi_output/arm_fpga_04_hdmi_output.sdk/design_1_wrapper_hw_platform_0/ps7_init.tcl
targets -set -nocase -filter {name =~"APU*" && jtag_cable_name =~ "Digilent JTAG-HS1 210512180081"} -index 0
rst -system
after 3000
targets -set -filter {jtag_cable_name =~ "Digilent JTAG-HS1 210512180081" && level==0} -index 1
fpga -file C:/Users/Administrator/Desktop/arm_fpga_04_hdmi_output/arm_fpga_04_hdmi_output.sdk/design_1_wrapper_hw_platform_0/design_1_wrapper.bit
targets -set -nocase -filter {name =~"APU*" && jtag_cable_name =~ "Digilent JTAG-HS1 210512180081"} -index 0
loadhw -hw C:/Users/Administrator/Desktop/arm_fpga_04_hdmi_output/arm_fpga_04_hdmi_output.sdk/design_1_wrapper_hw_platform_0/system.hdf -mem-ranges [list {0x40000000 0xbfffffff}]
configparams force-mem-access 1
targets -set -nocase -filter {name =~"APU*" && jtag_cable_name =~ "Digilent JTAG-HS1 210512180081"} -index 0
ps7_init
ps7_post_config
configparams force-mem-access 0
----------------End of Script----------------

15:16:04 INFO  : Memory regions updated for context APU
15:16:04 INFO  : Launch script is exported to file 'C:\Users\Administrator\Desktop\arm_fpga_04_hdmi_output\arm_fpga_04_hdmi_output.sdk\.sdk\launch_scripts\xilinx_c-c++_application_(system_debugger)\system_debugger_on_local.tcl'
15:16:22 INFO  : Disconnected from the channel tcfchan#5.
15:16:23 INFO  : Connected to target on host '127.0.0.1' and port '3121'.
15:16:23 INFO  : Jtag cable 'Digilent JTAG-HS1 210512180081' is selected.
15:16:23 INFO  : 'jtag frequency' command is executed.
15:16:23 INFO  : Sourcing of 'C:/Users/Administrator/Desktop/arm_fpga_04_hdmi_output/arm_fpga_04_hdmi_output.sdk/design_1_wrapper_hw_platform_0/ps7_init.tcl' is done.
15:16:23 INFO  : Context for 'APU' is selected.
15:16:23 INFO  : System reset is completed.
15:16:26 INFO  : 'after 3000' command is executed.
15:16:26 INFO  : 'targets -set -filter {jtag_cable_name =~ "Digilent JTAG-HS1 210512180081" && level==0} -index 1' command is executed.
15:16:28 INFO  : FPGA configured successfully with bitstream "C:/Users/Administrator/Desktop/arm_fpga_04_hdmi_output/arm_fpga_04_hdmi_output.sdk/design_1_wrapper_hw_platform_0/design_1_wrapper.bit"
15:16:28 INFO  : Context for 'APU' is selected.
15:16:30 INFO  : Hardware design information is loaded from 'C:/Users/Administrator/Desktop/arm_fpga_04_hdmi_output/arm_fpga_04_hdmi_output.sdk/design_1_wrapper_hw_platform_0/system.hdf'.
15:16:30 INFO  : 'configparams force-mem-access 1' command is executed.
15:16:30 INFO  : Context for 'APU' is selected.
15:16:30 INFO  : 'ps7_init' command is executed.
15:16:30 INFO  : 'ps7_post_config' command is executed.
15:16:30 INFO  : 'configparams force-mem-access 0' command is executed.
15:16:30 INFO  : ----------------XSDB Script----------------
connect -url tcp:127.0.0.1:3121
source C:/Users/Administrator/Desktop/arm_fpga_04_hdmi_output/arm_fpga_04_hdmi_output.sdk/design_1_wrapper_hw_platform_0/ps7_init.tcl
targets -set -nocase -filter {name =~"APU*" && jtag_cable_name =~ "Digilent JTAG-HS1 210512180081"} -index 0
rst -system
after 3000
targets -set -filter {jtag_cable_name =~ "Digilent JTAG-HS1 210512180081" && level==0} -index 1
fpga -file C:/Users/Administrator/Desktop/arm_fpga_04_hdmi_output/arm_fpga_04_hdmi_output.sdk/design_1_wrapper_hw_platform_0/design_1_wrapper.bit
targets -set -nocase -filter {name =~"APU*" && jtag_cable_name =~ "Digilent JTAG-HS1 210512180081"} -index 0
loadhw -hw C:/Users/Administrator/Desktop/arm_fpga_04_hdmi_output/arm_fpga_04_hdmi_output.sdk/design_1_wrapper_hw_platform_0/system.hdf -mem-ranges [list {0x40000000 0xbfffffff}]
configparams force-mem-access 1
targets -set -nocase -filter {name =~"APU*" && jtag_cable_name =~ "Digilent JTAG-HS1 210512180081"} -index 0
ps7_init
ps7_post_config
configparams force-mem-access 0
----------------End of Script----------------

15:16:30 INFO  : Memory regions updated for context APU
15:16:30 INFO  : Launch script is exported to file 'C:\Users\Administrator\Desktop\arm_fpga_04_hdmi_output\arm_fpga_04_hdmi_output.sdk\.sdk\launch_scripts\xilinx_c-c++_application_(system_debugger)\system_debugger_on_local.tcl'
15:17:55 INFO  : Connected to target on host '127.0.0.1' and port '3121'.
15:17:55 INFO  : Jtag cable 'Digilent JTAG-HS1 210512180081' is selected.
15:17:55 INFO  : 'jtag frequency' command is executed.
15:17:55 INFO  : Sourcing of 'C:/Users/Administrator/Desktop/arm_fpga_04_hdmi_output/arm_fpga_04_hdmi_output.sdk/design_1_wrapper_hw_platform_0/ps7_init.tcl' is done.
15:17:55 INFO  : Context for 'APU' is selected.
15:17:55 INFO  : System reset is completed.
15:17:58 INFO  : 'after 3000' command is executed.
15:17:59 INFO  : 'targets -set -filter {jtag_cable_name =~ "Digilent JTAG-HS1 210512180081" && level==0} -index 1' command is executed.
15:18:00 INFO  : FPGA configured successfully with bitstream "C:/Users/Administrator/Desktop/arm_fpga_04_hdmi_output/arm_fpga_04_hdmi_output.sdk/design_1_wrapper_hw_platform_0/design_1_wrapper.bit"
15:18:00 INFO  : Context for 'APU' is selected.
15:18:00 INFO  : Hardware design information is loaded from 'C:/Users/Administrator/Desktop/arm_fpga_04_hdmi_output/arm_fpga_04_hdmi_output.sdk/design_1_wrapper_hw_platform_0/system.hdf'.
15:18:00 INFO  : 'configparams force-mem-access 1' command is executed.
15:18:00 INFO  : Context for 'APU' is selected.
15:18:01 INFO  : 'ps7_init' command is executed.
15:18:01 INFO  : 'configparams force-mem-access 0' command is executed.
15:18:01 INFO  : ----------------XSDB Script----------------
connect -url tcp:127.0.0.1:3121
source C:/Users/Administrator/Desktop/arm_fpga_04_hdmi_output/arm_fpga_04_hdmi_output.sdk/design_1_wrapper_hw_platform_0/ps7_init.tcl
targets -set -nocase -filter {name =~"APU*" && jtag_cable_name =~ "Digilent JTAG-HS1 210512180081"} -index 0
rst -system
after 3000
targets -set -filter {jtag_cable_name =~ "Digilent JTAG-HS1 210512180081" && level==0} -index 1
fpga -file C:/Users/Administrator/Desktop/arm_fpga_04_hdmi_output/arm_fpga_04_hdmi_output.sdk/design_1_wrapper_hw_platform_0/design_1_wrapper.bit
targets -set -nocase -filter {name =~"APU*" && jtag_cable_name =~ "Digilent JTAG-HS1 210512180081"} -index 0
loadhw -hw C:/Users/Administrator/Desktop/arm_fpga_04_hdmi_output/arm_fpga_04_hdmi_output.sdk/design_1_wrapper_hw_platform_0/system.hdf -mem-ranges [list {0x40000000 0xbfffffff}]
configparams force-mem-access 1
targets -set -nocase -filter {name =~"APU*" && jtag_cable_name =~ "Digilent JTAG-HS1 210512180081"} -index 0
ps7_init
configparams force-mem-access 0
----------------End of Script----------------

15:18:01 INFO  : Memory regions updated for context APU
15:18:01 INFO  : Launch script is exported to file 'C:\Users\Administrator\Desktop\arm_fpga_04_hdmi_output\arm_fpga_04_hdmi_output.sdk\.sdk\launch_scripts\xilinx_c-c++_application_(system_debugger)\system_debugger_on_local.tcl'
15:18:15 INFO  : Disconnected from the channel tcfchan#6.
15:18:16 INFO  : Connected to target on host '127.0.0.1' and port '3121'.
15:18:16 INFO  : Jtag cable 'Digilent JTAG-HS1 210512180081' is selected.
15:18:16 INFO  : 'jtag frequency' command is executed.
15:18:16 INFO  : Sourcing of 'C:/Users/Administrator/Desktop/arm_fpga_04_hdmi_output/arm_fpga_04_hdmi_output.sdk/design_1_wrapper_hw_platform_0/ps7_init.tcl' is done.
15:18:16 INFO  : Context for 'APU' is selected.
15:18:16 INFO  : System reset is completed.
15:18:19 INFO  : 'after 3000' command is executed.
15:18:19 INFO  : 'targets -set -filter {jtag_cable_name =~ "Digilent JTAG-HS1 210512180081" && level==0} -index 1' command is executed.
15:18:21 INFO  : FPGA configured successfully with bitstream "C:/Users/Administrator/Desktop/arm_fpga_04_hdmi_output/arm_fpga_04_hdmi_output.sdk/design_1_wrapper_hw_platform_0/design_1_wrapper.bit"
15:18:21 INFO  : Context for 'APU' is selected.
15:18:23 INFO  : Hardware design information is loaded from 'C:/Users/Administrator/Desktop/arm_fpga_04_hdmi_output/arm_fpga_04_hdmi_output.sdk/design_1_wrapper_hw_platform_0/system.hdf'.
15:18:23 INFO  : 'configparams force-mem-access 1' command is executed.
15:18:23 INFO  : Context for 'APU' is selected.
15:18:23 INFO  : 'ps7_init' command is executed.
15:18:23 INFO  : 'configparams force-mem-access 0' command is executed.
15:18:23 INFO  : ----------------XSDB Script----------------
connect -url tcp:127.0.0.1:3121
source C:/Users/Administrator/Desktop/arm_fpga_04_hdmi_output/arm_fpga_04_hdmi_output.sdk/design_1_wrapper_hw_platform_0/ps7_init.tcl
targets -set -nocase -filter {name =~"APU*" && jtag_cable_name =~ "Digilent JTAG-HS1 210512180081"} -index 0
rst -system
after 3000
targets -set -filter {jtag_cable_name =~ "Digilent JTAG-HS1 210512180081" && level==0} -index 1
fpga -file C:/Users/Administrator/Desktop/arm_fpga_04_hdmi_output/arm_fpga_04_hdmi_output.sdk/design_1_wrapper_hw_platform_0/design_1_wrapper.bit
targets -set -nocase -filter {name =~"APU*" && jtag_cable_name =~ "Digilent JTAG-HS1 210512180081"} -index 0
loadhw -hw C:/Users/Administrator/Desktop/arm_fpga_04_hdmi_output/arm_fpga_04_hdmi_output.sdk/design_1_wrapper_hw_platform_0/system.hdf -mem-ranges [list {0x40000000 0xbfffffff}]
configparams force-mem-access 1
targets -set -nocase -filter {name =~"APU*" && jtag_cable_name =~ "Digilent JTAG-HS1 210512180081"} -index 0
ps7_init
configparams force-mem-access 0
----------------End of Script----------------

15:18:23 INFO  : Memory regions updated for context APU
15:18:23 INFO  : Launch script is exported to file 'C:\Users\Administrator\Desktop\arm_fpga_04_hdmi_output\arm_fpga_04_hdmi_output.sdk\.sdk\launch_scripts\xilinx_c-c++_application_(system_debugger)\system_debugger_on_local.tcl'
15:18:44 INFO  : Connected to target on host '127.0.0.1' and port '3121'.
15:18:52 INFO  : Disconnected from the channel tcfchan#7.
15:18:53 INFO  : Connected to target on host '127.0.0.1' and port '3121'.
15:18:53 INFO  : Jtag cable 'Digilent JTAG-HS1 210512180081' is selected.
15:18:53 INFO  : 'jtag frequency' command is executed.
15:18:53 INFO  : Sourcing of 'C:/Users/Administrator/Desktop/arm_fpga_04_hdmi_output/arm_fpga_04_hdmi_output.sdk/design_1_wrapper_hw_platform_0/ps7_init.tcl' is done.
15:18:53 INFO  : Context for 'APU' is selected.
15:18:54 INFO  : System reset is completed.
15:18:57 INFO  : 'after 3000' command is executed.
15:18:57 INFO  : 'targets -set -filter {jtag_cable_name =~ "Digilent JTAG-HS1 210512180081" && level==0} -index 1' command is executed.
15:18:58 INFO  : FPGA configured successfully with bitstream "C:/Users/Administrator/Desktop/arm_fpga_04_hdmi_output/arm_fpga_04_hdmi_output.sdk/design_1_wrapper_hw_platform_0/design_1_wrapper.bit"
15:18:58 INFO  : Context for 'APU' is selected.
15:19:00 INFO  : Hardware design information is loaded from 'C:/Users/Administrator/Desktop/arm_fpga_04_hdmi_output/arm_fpga_04_hdmi_output.sdk/design_1_wrapper_hw_platform_0/system.hdf'.
15:19:00 INFO  : 'configparams force-mem-access 1' command is executed.
15:19:00 INFO  : Context for 'APU' is selected.
15:19:00 INFO  : 'ps7_init' command is executed.
15:19:00 INFO  : 'ps7_post_config' command is executed.
15:19:00 INFO  : 'configparams force-mem-access 0' command is executed.
15:19:00 INFO  : ----------------XSDB Script----------------
connect -url tcp:127.0.0.1:3121
source C:/Users/Administrator/Desktop/arm_fpga_04_hdmi_output/arm_fpga_04_hdmi_output.sdk/design_1_wrapper_hw_platform_0/ps7_init.tcl
targets -set -nocase -filter {name =~"APU*" && jtag_cable_name =~ "Digilent JTAG-HS1 210512180081"} -index 0
rst -system
after 3000
targets -set -filter {jtag_cable_name =~ "Digilent JTAG-HS1 210512180081" && level==0} -index 1
fpga -file C:/Users/Administrator/Desktop/arm_fpga_04_hdmi_output/arm_fpga_04_hdmi_output.sdk/design_1_wrapper_hw_platform_0/design_1_wrapper.bit
targets -set -nocase -filter {name =~"APU*" && jtag_cable_name =~ "Digilent JTAG-HS1 210512180081"} -index 0
loadhw -hw C:/Users/Administrator/Desktop/arm_fpga_04_hdmi_output/arm_fpga_04_hdmi_output.sdk/design_1_wrapper_hw_platform_0/system.hdf -mem-ranges [list {0x40000000 0xbfffffff}]
configparams force-mem-access 1
targets -set -nocase -filter {name =~"APU*" && jtag_cable_name =~ "Digilent JTAG-HS1 210512180081"} -index 0
ps7_init
ps7_post_config
configparams force-mem-access 0
----------------End of Script----------------

15:19:00 INFO  : Memory regions updated for context APU
15:19:00 INFO  : Launch script is exported to file 'C:\Users\Administrator\Desktop\arm_fpga_04_hdmi_output\arm_fpga_04_hdmi_output.sdk\.sdk\launch_scripts\xilinx_c-c++_application_(system_debugger)\system_debugger_on_local.tcl'
15:19:43 INFO  : Connected to target on host '127.0.0.1' and port '3121'.
15:19:43 INFO  : Jtag cable 'Digilent JTAG-HS1 210512180081' is selected.
15:19:43 INFO  : 'jtag frequency' command is executed.
15:19:43 INFO  : Sourcing of 'C:/Users/Administrator/Desktop/arm_fpga_04_hdmi_output/arm_fpga_04_hdmi_output.sdk/design_1_wrapper_hw_platform_0/ps7_init.tcl' is done.
15:19:44 INFO  : 'targets -set -filter {jtag_cable_name =~ "Digilent JTAG-HS1 210512180081" && level==0} -index 1' command is executed.
15:19:45 INFO  : FPGA configured successfully with bitstream "C:/Users/Administrator/Desktop/arm_fpga_04_hdmi_output/arm_fpga_04_hdmi_output.sdk/design_1_wrapper_hw_platform_0/design_1_wrapper.bit"
15:19:45 INFO  : Context for 'APU' is selected.
15:19:45 INFO  : Hardware design information is loaded from 'C:/Users/Administrator/Desktop/arm_fpga_04_hdmi_output/arm_fpga_04_hdmi_output.sdk/design_1_wrapper_hw_platform_0/system.hdf'.
15:19:45 INFO  : 'configparams force-mem-access 1' command is executed.
15:19:45 INFO  : Context for 'APU' is selected.
15:19:45 INFO  : 'stop' command is executed.
15:19:46 INFO  : 'ps7_init' command is executed.
15:19:46 INFO  : 'configparams force-mem-access 0' command is executed.
15:19:46 INFO  : ----------------XSDB Script----------------
connect -url tcp:127.0.0.1:3121
source C:/Users/Administrator/Desktop/arm_fpga_04_hdmi_output/arm_fpga_04_hdmi_output.sdk/design_1_wrapper_hw_platform_0/ps7_init.tcl
targets -set -filter {jtag_cable_name =~ "Digilent JTAG-HS1 210512180081" && level==0} -index 1
fpga -file C:/Users/Administrator/Desktop/arm_fpga_04_hdmi_output/arm_fpga_04_hdmi_output.sdk/design_1_wrapper_hw_platform_0/design_1_wrapper.bit
targets -set -nocase -filter {name =~"APU*" && jtag_cable_name =~ "Digilent JTAG-HS1 210512180081"} -index 0
loadhw -hw C:/Users/Administrator/Desktop/arm_fpga_04_hdmi_output/arm_fpga_04_hdmi_output.sdk/design_1_wrapper_hw_platform_0/system.hdf -mem-ranges [list {0x40000000 0xbfffffff}]
configparams force-mem-access 1
targets -set -nocase -filter {name =~"APU*" && jtag_cable_name =~ "Digilent JTAG-HS1 210512180081"} -index 0
stop
ps7_init
configparams force-mem-access 0
----------------End of Script----------------

15:19:46 INFO  : Memory regions updated for context APU
15:19:46 INFO  : Launch script is exported to file 'C:\Users\Administrator\Desktop\arm_fpga_04_hdmi_output\arm_fpga_04_hdmi_output.sdk\.sdk\launch_scripts\xilinx_c-c++_application_(system_debugger)\system_debugger_on_local.tcl'
15:19:53 WARN  : channel "tcfchan#5" closed
15:24:04 INFO  : Connected to target on host '127.0.0.1' and port '3121'.
15:24:04 INFO  : Jtag cable 'Digilent JTAG-HS1 210512180081' is selected.
15:24:04 INFO  : 'jtag frequency' command is executed.
15:24:04 INFO  : Sourcing of 'C:/Users/Administrator/Desktop/arm_fpga_04_hdmi_output/arm_fpga_04_hdmi_output.sdk/design_1_wrapper_hw_platform_0/ps7_init.tcl' is done.
15:24:05 INFO  : Context for 'APU' is selected.
15:24:05 INFO  : System reset is completed.
15:24:08 INFO  : 'after 3000' command is executed.
15:24:08 INFO  : 'targets -set -filter {jtag_cable_name =~ "Digilent JTAG-HS1 210512180081" && level==0} -index 1' command is executed.
15:24:09 INFO  : FPGA configured successfully with bitstream "C:/Users/Administrator/Desktop/arm_fpga_04_hdmi_output/arm_fpga_04_hdmi_output.sdk/design_1_wrapper_hw_platform_0/design_1_wrapper.bit"
15:24:10 INFO  : Context for 'APU' is selected.
15:24:10 INFO  : Hardware design information is loaded from 'C:/Users/Administrator/Desktop/arm_fpga_04_hdmi_output/arm_fpga_04_hdmi_output.sdk/design_1_wrapper_hw_platform_0/system.hdf'.
15:24:10 INFO  : 'configparams force-mem-access 1' command is executed.
15:24:10 INFO  : Context for 'APU' is selected.
15:24:10 INFO  : 'ps7_init' command is executed.
15:24:10 INFO  : 'ps7_post_config' command is executed.
15:24:10 INFO  : 'configparams force-mem-access 0' command is executed.
15:24:10 INFO  : ----------------XSDB Script----------------
connect -url tcp:127.0.0.1:3121
source C:/Users/Administrator/Desktop/arm_fpga_04_hdmi_output/arm_fpga_04_hdmi_output.sdk/design_1_wrapper_hw_platform_0/ps7_init.tcl
targets -set -nocase -filter {name =~"APU*" && jtag_cable_name =~ "Digilent JTAG-HS1 210512180081"} -index 0
rst -system
after 3000
targets -set -filter {jtag_cable_name =~ "Digilent JTAG-HS1 210512180081" && level==0} -index 1
fpga -file C:/Users/Administrator/Desktop/arm_fpga_04_hdmi_output/arm_fpga_04_hdmi_output.sdk/design_1_wrapper_hw_platform_0/design_1_wrapper.bit
targets -set -nocase -filter {name =~"APU*" && jtag_cable_name =~ "Digilent JTAG-HS1 210512180081"} -index 0
loadhw -hw C:/Users/Administrator/Desktop/arm_fpga_04_hdmi_output/arm_fpga_04_hdmi_output.sdk/design_1_wrapper_hw_platform_0/system.hdf -mem-ranges [list {0x40000000 0xbfffffff}]
configparams force-mem-access 1
targets -set -nocase -filter {name =~"APU*" && jtag_cable_name =~ "Digilent JTAG-HS1 210512180081"} -index 0
ps7_init
ps7_post_config
configparams force-mem-access 0
----------------End of Script----------------

15:24:10 INFO  : Memory regions updated for context APU
15:24:10 INFO  : Launch script is exported to file 'C:\Users\Administrator\Desktop\arm_fpga_04_hdmi_output\arm_fpga_04_hdmi_output.sdk\.sdk\launch_scripts\xilinx_c-c++_application_(system_debugger)\system_debugger_on_local.tcl'
15:24:38 INFO  : Disconnected from the channel tcfchan#8.
15:24:39 INFO  : Connected to target on host '127.0.0.1' and port '3121'.
15:24:39 INFO  : Jtag cable 'Digilent JTAG-HS1 210512180081' is selected.
15:24:39 INFO  : 'jtag frequency' command is executed.
15:24:39 INFO  : Sourcing of 'C:/Users/Administrator/Desktop/arm_fpga_04_hdmi_output/arm_fpga_04_hdmi_output.sdk/design_1_wrapper_hw_platform_0/ps7_init.tcl' is done.
15:24:39 INFO  : Context for 'APU' is selected.
15:24:39 INFO  : System reset is completed.
15:24:42 INFO  : 'after 3000' command is executed.
15:24:43 INFO  : 'targets -set -filter {jtag_cable_name =~ "Digilent JTAG-HS1 210512180081" && level==0} -index 1' command is executed.
15:24:44 INFO  : FPGA configured successfully with bitstream "C:/Users/Administrator/Desktop/arm_fpga_04_hdmi_output/arm_fpga_04_hdmi_output.sdk/design_1_wrapper_hw_platform_0/design_1_wrapper.bit"
15:24:44 INFO  : Context for 'APU' is selected.
15:24:46 INFO  : Hardware design information is loaded from 'C:/Users/Administrator/Desktop/arm_fpga_04_hdmi_output/arm_fpga_04_hdmi_output.sdk/design_1_wrapper_hw_platform_0/system.hdf'.
15:24:46 INFO  : 'configparams force-mem-access 1' command is executed.
15:24:46 INFO  : Context for 'APU' is selected.
15:24:46 INFO  : 'ps7_init' command is executed.
15:24:46 INFO  : 'ps7_post_config' command is executed.
15:24:46 INFO  : 'configparams force-mem-access 0' command is executed.
15:24:46 INFO  : ----------------XSDB Script----------------
connect -url tcp:127.0.0.1:3121
source C:/Users/Administrator/Desktop/arm_fpga_04_hdmi_output/arm_fpga_04_hdmi_output.sdk/design_1_wrapper_hw_platform_0/ps7_init.tcl
targets -set -nocase -filter {name =~"APU*" && jtag_cable_name =~ "Digilent JTAG-HS1 210512180081"} -index 0
rst -system
after 3000
targets -set -filter {jtag_cable_name =~ "Digilent JTAG-HS1 210512180081" && level==0} -index 1
fpga -file C:/Users/Administrator/Desktop/arm_fpga_04_hdmi_output/arm_fpga_04_hdmi_output.sdk/design_1_wrapper_hw_platform_0/design_1_wrapper.bit
targets -set -nocase -filter {name =~"APU*" && jtag_cable_name =~ "Digilent JTAG-HS1 210512180081"} -index 0
loadhw -hw C:/Users/Administrator/Desktop/arm_fpga_04_hdmi_output/arm_fpga_04_hdmi_output.sdk/design_1_wrapper_hw_platform_0/system.hdf -mem-ranges [list {0x40000000 0xbfffffff}]
configparams force-mem-access 1
targets -set -nocase -filter {name =~"APU*" && jtag_cable_name =~ "Digilent JTAG-HS1 210512180081"} -index 0
ps7_init
ps7_post_config
configparams force-mem-access 0
----------------End of Script----------------

15:24:46 INFO  : Memory regions updated for context APU
15:24:46 INFO  : Launch script is exported to file 'C:\Users\Administrator\Desktop\arm_fpga_04_hdmi_output\arm_fpga_04_hdmi_output.sdk\.sdk\launch_scripts\xilinx_c-c++_application_(system_debugger)\system_debugger_on_local.tcl'
15:24:58 INFO  : Disconnected from the channel tcfchan#9.
15:24:59 INFO  : Connected to target on host '127.0.0.1' and port '3121'.
15:24:59 INFO  : Jtag cable 'Digilent JTAG-HS1 210512180081' is selected.
15:24:59 INFO  : 'jtag frequency' command is executed.
15:24:59 INFO  : Sourcing of 'C:/Users/Administrator/Desktop/arm_fpga_04_hdmi_output/arm_fpga_04_hdmi_output.sdk/design_1_wrapper_hw_platform_0/ps7_init.tcl' is done.
15:24:59 INFO  : Context for 'APU' is selected.
15:24:59 INFO  : System reset is completed.
15:25:02 INFO  : 'after 3000' command is executed.
15:25:03 INFO  : 'targets -set -filter {jtag_cable_name =~ "Digilent JTAG-HS1 210512180081" && level==0} -index 1' command is executed.
15:25:04 INFO  : FPGA configured successfully with bitstream "C:/Users/Administrator/Desktop/arm_fpga_04_hdmi_output/arm_fpga_04_hdmi_output.sdk/design_1_wrapper_hw_platform_0/design_1_wrapper.bit"
15:25:04 INFO  : Context for 'APU' is selected.
15:25:06 INFO  : Hardware design information is loaded from 'C:/Users/Administrator/Desktop/arm_fpga_04_hdmi_output/arm_fpga_04_hdmi_output.sdk/design_1_wrapper_hw_platform_0/system.hdf'.
15:25:06 INFO  : 'configparams force-mem-access 1' command is executed.
15:25:06 INFO  : Context for 'APU' is selected.
15:25:06 INFO  : 'ps7_init' command is executed.
15:25:06 INFO  : 'ps7_post_config' command is executed.
15:25:06 INFO  : 'configparams force-mem-access 0' command is executed.
15:25:06 INFO  : ----------------XSDB Script----------------
connect -url tcp:127.0.0.1:3121
source C:/Users/Administrator/Desktop/arm_fpga_04_hdmi_output/arm_fpga_04_hdmi_output.sdk/design_1_wrapper_hw_platform_0/ps7_init.tcl
targets -set -nocase -filter {name =~"APU*" && jtag_cable_name =~ "Digilent JTAG-HS1 210512180081"} -index 0
rst -system
after 3000
targets -set -filter {jtag_cable_name =~ "Digilent JTAG-HS1 210512180081" && level==0} -index 1
fpga -file C:/Users/Administrator/Desktop/arm_fpga_04_hdmi_output/arm_fpga_04_hdmi_output.sdk/design_1_wrapper_hw_platform_0/design_1_wrapper.bit
targets -set -nocase -filter {name =~"APU*" && jtag_cable_name =~ "Digilent JTAG-HS1 210512180081"} -index 0
loadhw -hw C:/Users/Administrator/Desktop/arm_fpga_04_hdmi_output/arm_fpga_04_hdmi_output.sdk/design_1_wrapper_hw_platform_0/system.hdf -mem-ranges [list {0x40000000 0xbfffffff}]
configparams force-mem-access 1
targets -set -nocase -filter {name =~"APU*" && jtag_cable_name =~ "Digilent JTAG-HS1 210512180081"} -index 0
ps7_init
ps7_post_config
configparams force-mem-access 0
----------------End of Script----------------

15:25:06 INFO  : Memory regions updated for context APU
15:25:06 INFO  : Launch script is exported to file 'C:\Users\Administrator\Desktop\arm_fpga_04_hdmi_output\arm_fpga_04_hdmi_output.sdk\.sdk\launch_scripts\xilinx_c-c++_application_(system_debugger)\system_debugger_on_local.tcl'
15:25:11 WARN  : channel "tcfchan#6" closed
15:25:14 WARN  : channel "tcfchan#8" closed
15:25:14 WARN  : channel "tcfchan#8" closed
15:25:14 INFO  : Disconnected from the channel tcfchan#10.
15:25:35 INFO  : 'targets -set -filter {jtag_cable_name =~ "Digilent JTAG-HS1 210512180081" && level==0} -index 1' command is executed.
15:25:35 INFO  : 'fpga -state' command is executed.
15:25:35 INFO  : Connected to target on host '127.0.0.1' and port '3121'.
15:25:35 INFO  : Jtag cable 'Digilent JTAG-HS1 210512180081' is selected.
15:25:35 INFO  : 'jtag frequency' command is executed.
15:25:35 INFO  : Sourcing of 'C:/Users/Administrator/Desktop/arm_fpga_04_hdmi_output/arm_fpga_04_hdmi_output.sdk/design_1_wrapper_hw_platform_0/ps7_init.tcl' is done.
15:25:35 INFO  : Context for 'APU' is selected.
15:25:37 INFO  : Hardware design information is loaded from 'C:/Users/Administrator/Desktop/arm_fpga_04_hdmi_output/arm_fpga_04_hdmi_output.sdk/design_1_wrapper_hw_platform_0/system.hdf'.
15:25:37 INFO  : 'configparams force-mem-access 1' command is executed.
15:25:37 INFO  : Context for 'APU' is selected.
15:25:37 INFO  : 'stop' command is executed.
15:25:37 INFO  : 'ps7_init' command is executed.
15:25:37 INFO  : 'ps7_post_config' command is executed.
15:25:37 INFO  : Context for processor 'ps7_cortexa9_0' is selected.
15:25:37 INFO  : Processor reset is completed for 'ps7_cortexa9_0'.
15:25:37 INFO  : Context for processor 'ps7_cortexa9_0' is selected.
15:25:51 INFO  : The application 'C:/Users/Administrator/Desktop/arm_fpga_04_hdmi_output/arm_fpga_04_hdmi_output.sdk/hdmi_test/Debug/hdmi_test.elf' is downloaded to processor 'ps7_cortexa9_0'.
15:25:51 INFO  : 'configparams force-mem-access 0' command is executed.
15:25:51 INFO  : ----------------XSDB Script----------------
connect -url tcp:127.0.0.1:3121
source C:/Users/Administrator/Desktop/arm_fpga_04_hdmi_output/arm_fpga_04_hdmi_output.sdk/design_1_wrapper_hw_platform_0/ps7_init.tcl
targets -set -nocase -filter {name =~"APU*" && jtag_cable_name =~ "Digilent JTAG-HS1 210512180081"} -index 0
loadhw -hw C:/Users/Administrator/Desktop/arm_fpga_04_hdmi_output/arm_fpga_04_hdmi_output.sdk/design_1_wrapper_hw_platform_0/system.hdf -mem-ranges [list {0x40000000 0xbfffffff}]
configparams force-mem-access 1
targets -set -nocase -filter {name =~"APU*" && jtag_cable_name =~ "Digilent JTAG-HS1 210512180081"} -index 0
stop
ps7_init
ps7_post_config
targets -set -nocase -filter {name =~ "ARM*#0" && jtag_cable_name =~ "Digilent JTAG-HS1 210512180081"} -index 0
rst -processor
targets -set -nocase -filter {name =~ "ARM*#0" && jtag_cable_name =~ "Digilent JTAG-HS1 210512180081"} -index 0
dow C:/Users/Administrator/Desktop/arm_fpga_04_hdmi_output/arm_fpga_04_hdmi_output.sdk/hdmi_test/Debug/hdmi_test.elf
configparams force-mem-access 0
----------------End of Script----------------

15:25:51 INFO  : Memory regions updated for context APU
15:25:52 INFO  : Context for processor 'ps7_cortexa9_0' is selected.
15:25:52 INFO  : 'con' command is executed.
15:25:52 INFO  : ----------------XSDB Script (After Launch)----------------
targets -set -nocase -filter {name =~ "ARM*#0" && jtag_cable_name =~ "Digilent JTAG-HS1 210512180081"} -index 0
con
----------------End of Script----------------

15:25:52 INFO  : Launch script is exported to file 'C:\Users\Administrator\Desktop\arm_fpga_04_hdmi_output\arm_fpga_04_hdmi_output.sdk\.sdk\launch_scripts\xilinx_c-c++_application_(system_debugger)\system_debugger_using_debug_hdmi_test.elf_on_local.tcl'
15:32:50 INFO  : 'targets -set -filter {jtag_cable_name =~ "Digilent JTAG-HS1 210512180081" && level==0} -index 1' command is executed.
15:32:50 INFO  : 'fpga -state' command is executed.
15:32:51 INFO  : Connected to target on host '127.0.0.1' and port '3121'.
15:32:51 INFO  : Jtag cable 'Digilent JTAG-HS1 210512180081' is selected.
15:32:51 INFO  : 'jtag frequency' command is executed.
15:32:51 INFO  : Sourcing of 'C:/Users/Administrator/Desktop/arm_fpga_04_hdmi_output/arm_fpga_04_hdmi_output.sdk/design_1_wrapper_hw_platform_0/ps7_init.tcl' is done.
15:32:51 INFO  : Context for 'APU' is selected.
15:32:51 INFO  : Hardware design information is loaded from 'C:/Users/Administrator/Desktop/arm_fpga_04_hdmi_output/arm_fpga_04_hdmi_output.sdk/design_1_wrapper_hw_platform_0/system.hdf'.
15:32:51 INFO  : 'configparams force-mem-access 1' command is executed.
15:32:51 INFO  : Context for 'APU' is selected.
15:32:51 INFO  : 'stop' command is executed.
15:32:51 INFO  : 'ps7_init' command is executed.
15:32:51 INFO  : 'ps7_post_config' command is executed.
15:32:51 INFO  : Context for processor 'ps7_cortexa9_0' is selected.
15:32:51 INFO  : Processor reset is completed for 'ps7_cortexa9_0'.
15:32:51 INFO  : Context for processor 'ps7_cortexa9_0' is selected.
15:33:06 INFO  : The application 'C:/Users/Administrator/Desktop/arm_fpga_04_hdmi_output/arm_fpga_04_hdmi_output.sdk/hdmi_test/Debug/hdmi_test.elf' is downloaded to processor 'ps7_cortexa9_0'.
15:33:06 INFO  : 'configparams force-mem-access 0' command is executed.
15:33:06 INFO  : ----------------XSDB Script----------------
connect -url tcp:127.0.0.1:3121
source C:/Users/Administrator/Desktop/arm_fpga_04_hdmi_output/arm_fpga_04_hdmi_output.sdk/design_1_wrapper_hw_platform_0/ps7_init.tcl
targets -set -nocase -filter {name =~"APU*" && jtag_cable_name =~ "Digilent JTAG-HS1 210512180081"} -index 0
loadhw -hw C:/Users/Administrator/Desktop/arm_fpga_04_hdmi_output/arm_fpga_04_hdmi_output.sdk/design_1_wrapper_hw_platform_0/system.hdf -mem-ranges [list {0x40000000 0xbfffffff}]
configparams force-mem-access 1
targets -set -nocase -filter {name =~"APU*" && jtag_cable_name =~ "Digilent JTAG-HS1 210512180081"} -index 0
stop
ps7_init
ps7_post_config
targets -set -nocase -filter {name =~ "ARM*#0" && jtag_cable_name =~ "Digilent JTAG-HS1 210512180081"} -index 0
rst -processor
targets -set -nocase -filter {name =~ "ARM*#0" && jtag_cable_name =~ "Digilent JTAG-HS1 210512180081"} -index 0
dow C:/Users/Administrator/Desktop/arm_fpga_04_hdmi_output/arm_fpga_04_hdmi_output.sdk/hdmi_test/Debug/hdmi_test.elf
configparams force-mem-access 0
----------------End of Script----------------

15:33:06 INFO  : Memory regions updated for context APU
15:33:06 INFO  : Context for processor 'ps7_cortexa9_0' is selected.
15:33:06 INFO  : 'con' command is executed.
15:33:06 INFO  : ----------------XSDB Script (After Launch)----------------
targets -set -nocase -filter {name =~ "ARM*#0" && jtag_cable_name =~ "Digilent JTAG-HS1 210512180081"} -index 0
con
----------------End of Script----------------

15:33:06 INFO  : Launch script is exported to file 'C:\Users\Administrator\Desktop\arm_fpga_04_hdmi_output\arm_fpga_04_hdmi_output.sdk\.sdk\launch_scripts\xilinx_c-c++_application_(system_debugger)\system_debugger_using_debug_hdmi_test.elf_on_local.tcl'
15:37:59 INFO  : Disconnected from the channel tcfchan#11.
15:38:00 INFO  : Connected to target on host '127.0.0.1' and port '3121'.
15:38:00 INFO  : Jtag cable 'Digilent JTAG-HS1 210512180081' is selected.
15:38:00 INFO  : 'jtag frequency' command is executed.
15:38:00 INFO  : Sourcing of 'C:/Users/Administrator/Desktop/arm_fpga_04_hdmi_output/arm_fpga_04_hdmi_output.sdk/design_1_wrapper_hw_platform_0/ps7_init.tcl' is done.
15:38:00 INFO  : Context for 'APU' is selected.
15:38:00 INFO  : System reset is completed.
15:38:03 INFO  : 'after 3000' command is executed.
15:38:03 INFO  : 'targets -set -filter {jtag_cable_name =~ "Digilent JTAG-HS1 210512180081" && level==0} -index 1' command is executed.
15:38:05 INFO  : FPGA configured successfully with bitstream "C:/Users/Administrator/Desktop/arm_fpga_04_hdmi_output/arm_fpga_04_hdmi_output.sdk/design_1_wrapper_hw_platform_0/design_1_wrapper.bit"
15:38:05 INFO  : Context for 'APU' is selected.
15:38:06 INFO  : Hardware design information is loaded from 'C:/Users/Administrator/Desktop/arm_fpga_04_hdmi_output/arm_fpga_04_hdmi_output.sdk/design_1_wrapper_hw_platform_0/system.hdf'.
15:38:06 INFO  : 'configparams force-mem-access 1' command is executed.
15:38:06 INFO  : Context for 'APU' is selected.
15:38:07 INFO  : 'ps7_init' command is executed.
15:38:07 INFO  : 'ps7_post_config' command is executed.
15:38:07 INFO  : Context for processor 'ps7_cortexa9_0' is selected.
15:38:21 INFO  : The application 'C:/Users/Administrator/Desktop/arm_fpga_04_hdmi_output/arm_fpga_04_hdmi_output.sdk/hdmi_test/Debug/hdmi_test.elf' is downloaded to processor 'ps7_cortexa9_0'.
15:38:21 INFO  : 'configparams force-mem-access 0' command is executed.
15:38:21 INFO  : ----------------XSDB Script----------------
connect -url tcp:127.0.0.1:3121
source C:/Users/Administrator/Desktop/arm_fpga_04_hdmi_output/arm_fpga_04_hdmi_output.sdk/design_1_wrapper_hw_platform_0/ps7_init.tcl
targets -set -nocase -filter {name =~"APU*" && jtag_cable_name =~ "Digilent JTAG-HS1 210512180081"} -index 0
rst -system
after 3000
targets -set -filter {jtag_cable_name =~ "Digilent JTAG-HS1 210512180081" && level==0} -index 1
fpga -file C:/Users/Administrator/Desktop/arm_fpga_04_hdmi_output/arm_fpga_04_hdmi_output.sdk/design_1_wrapper_hw_platform_0/design_1_wrapper.bit
targets -set -nocase -filter {name =~"APU*" && jtag_cable_name =~ "Digilent JTAG-HS1 210512180081"} -index 0
loadhw -hw C:/Users/Administrator/Desktop/arm_fpga_04_hdmi_output/arm_fpga_04_hdmi_output.sdk/design_1_wrapper_hw_platform_0/system.hdf -mem-ranges [list {0x40000000 0xbfffffff}]
configparams force-mem-access 1
targets -set -nocase -filter {name =~"APU*" && jtag_cable_name =~ "Digilent JTAG-HS1 210512180081"} -index 0
ps7_init
ps7_post_config
targets -set -nocase -filter {name =~ "ARM*#0" && jtag_cable_name =~ "Digilent JTAG-HS1 210512180081"} -index 0
dow C:/Users/Administrator/Desktop/arm_fpga_04_hdmi_output/arm_fpga_04_hdmi_output.sdk/hdmi_test/Debug/hdmi_test.elf
configparams force-mem-access 0
----------------End of Script----------------

15:38:21 INFO  : Memory regions updated for context APU
15:38:21 INFO  : Context for processor 'ps7_cortexa9_0' is selected.
15:38:21 INFO  : 'con' command is executed.
15:38:21 INFO  : ----------------XSDB Script (After Launch)----------------
targets -set -nocase -filter {name =~ "ARM*#0" && jtag_cable_name =~ "Digilent JTAG-HS1 210512180081"} -index 0
con
----------------End of Script----------------

15:38:21 INFO  : Launch script is exported to file 'C:\Users\Administrator\Desktop\arm_fpga_04_hdmi_output\arm_fpga_04_hdmi_output.sdk\.sdk\launch_scripts\xilinx_c-c++_application_(system_debugger)\system_debugger_using_debug_hdmi_test.elf_on_local.tcl'
15:40:52 WARN  : channel "tcfchan#11" closed
15:40:53 INFO  : Disconnected from the channel tcfchan#12.
18:13:07 INFO  : Registering command handlers for SDK TCF services
18:13:07 INFO  : Launching XSCT server: xsct.bat -interactive C:\Users\Administrator\Desktop\arm_fpga_04_hdmi_output\arm_fpga_04_hdmi_output.sdk\temp_xsdb_launch_script.tcl
18:13:09 INFO  : XSCT server has started successfully.
18:13:09 INFO  : Successfully done setting XSCT server connection channel  
18:13:09 INFO  : Successfully done setting SDK workspace  
18:13:09 INFO  : Processing command line option -hwspec C:/Users/Administrator/Desktop/arm_fpga_04_hdmi_output/arm_fpga_04_hdmi_output.sdk/design_1_wrapper.hdf.
18:13:09 INFO  : Checking for hwspec changes in the project design_1_wrapper_hw_platform_0.
18:13:16 INFO  : Connected to target on host '127.0.0.1' and port '3121'.
18:13:17 INFO  : Jtag cable 'Digilent JTAG-HS1 210512180081' is selected.
18:13:17 INFO  : 'jtag frequency' command is executed.
18:13:17 INFO  : Sourcing of 'C:/Users/Administrator/Desktop/arm_fpga_04_hdmi_output/arm_fpga_04_hdmi_output.sdk/design_1_wrapper_hw_platform_0/ps7_init.tcl' is done.
18:13:17 INFO  : Context for 'APU' is selected.
18:13:17 INFO  : System reset is completed.
18:13:20 INFO  : 'after 3000' command is executed.
18:13:20 INFO  : 'targets -set -filter {jtag_cable_name =~ "Digilent JTAG-HS1 210512180081" && level==0} -index 1' command is executed.
18:13:22 INFO  : FPGA configured successfully with bitstream "C:/Users/Administrator/Desktop/arm_fpga_04_hdmi_output/arm_fpga_04_hdmi_output.sdk/design_1_wrapper_hw_platform_0/design_1_wrapper.bit"
18:13:22 INFO  : Context for 'APU' is selected.
18:13:22 INFO  : Hardware design information is loaded from 'C:/Users/Administrator/Desktop/arm_fpga_04_hdmi_output/arm_fpga_04_hdmi_output.sdk/design_1_wrapper_hw_platform_0/system.hdf'.
18:13:22 INFO  : 'configparams force-mem-access 1' command is executed.
18:13:22 INFO  : Context for 'APU' is selected.
18:13:23 INFO  : 'ps7_init' command is executed.
18:13:23 INFO  : 'ps7_post_config' command is executed.
18:13:23 INFO  : Context for processor 'ps7_cortexa9_0' is selected.
18:13:37 INFO  : The application 'C:/Users/Administrator/Desktop/arm_fpga_04_hdmi_output/arm_fpga_04_hdmi_output.sdk/hdmi_test/Debug/hdmi_test.elf' is downloaded to processor 'ps7_cortexa9_0'.
18:13:37 INFO  : 'configparams force-mem-access 0' command is executed.
18:13:37 INFO  : ----------------XSDB Script----------------
connect -url tcp:127.0.0.1:3121
source C:/Users/Administrator/Desktop/arm_fpga_04_hdmi_output/arm_fpga_04_hdmi_output.sdk/design_1_wrapper_hw_platform_0/ps7_init.tcl
targets -set -nocase -filter {name =~"APU*" && jtag_cable_name =~ "Digilent JTAG-HS1 210512180081"} -index 0
rst -system
after 3000
targets -set -filter {jtag_cable_name =~ "Digilent JTAG-HS1 210512180081" && level==0} -index 1
fpga -file C:/Users/Administrator/Desktop/arm_fpga_04_hdmi_output/arm_fpga_04_hdmi_output.sdk/design_1_wrapper_hw_platform_0/design_1_wrapper.bit
targets -set -nocase -filter {name =~"APU*" && jtag_cable_name =~ "Digilent JTAG-HS1 210512180081"} -index 0
loadhw -hw C:/Users/Administrator/Desktop/arm_fpga_04_hdmi_output/arm_fpga_04_hdmi_output.sdk/design_1_wrapper_hw_platform_0/system.hdf -mem-ranges [list {0x40000000 0xbfffffff}]
configparams force-mem-access 1
targets -set -nocase -filter {name =~"APU*" && jtag_cable_name =~ "Digilent JTAG-HS1 210512180081"} -index 0
ps7_init
ps7_post_config
targets -set -nocase -filter {name =~ "ARM*#0" && jtag_cable_name =~ "Digilent JTAG-HS1 210512180081"} -index 0
dow C:/Users/Administrator/Desktop/arm_fpga_04_hdmi_output/arm_fpga_04_hdmi_output.sdk/hdmi_test/Debug/hdmi_test.elf
configparams force-mem-access 0
----------------End of Script----------------

18:13:37 INFO  : Memory regions updated for context APU
18:13:37 INFO  : Context for processor 'ps7_cortexa9_0' is selected.
18:13:37 INFO  : 'con' command is executed.
18:13:37 INFO  : ----------------XSDB Script (After Launch)----------------
targets -set -nocase -filter {name =~ "ARM*#0" && jtag_cable_name =~ "Digilent JTAG-HS1 210512180081"} -index 0
con
----------------End of Script----------------

18:13:37 INFO  : Launch script is exported to file 'C:\Users\Administrator\Desktop\arm_fpga_04_hdmi_output\arm_fpga_04_hdmi_output.sdk\.sdk\launch_scripts\xilinx_c-c++_application_(system_debugger)\system_debugger_using_debug_hdmi_test.elf_on_local.tcl'
18:14:16 INFO  : Disconnected from the channel tcfchan#1.
18:14:17 INFO  : Connected to target on host '127.0.0.1' and port '3121'.
18:14:17 INFO  : Jtag cable 'Digilent JTAG-HS1 210512180081' is selected.
18:14:17 INFO  : 'jtag frequency' command is executed.
18:14:17 INFO  : Sourcing of 'C:/Users/Administrator/Desktop/arm_fpga_04_hdmi_output/arm_fpga_04_hdmi_output.sdk/design_1_wrapper_hw_platform_0/ps7_init.tcl' is done.
18:14:17 INFO  : Context for 'APU' is selected.
18:14:17 INFO  : System reset is completed.
18:14:20 INFO  : 'after 3000' command is executed.
18:14:20 INFO  : 'targets -set -filter {jtag_cable_name =~ "Digilent JTAG-HS1 210512180081" && level==0} -index 1' command is executed.
18:14:22 INFO  : FPGA configured successfully with bitstream "C:/Users/Administrator/Desktop/arm_fpga_04_hdmi_output/arm_fpga_04_hdmi_output.sdk/design_1_wrapper_hw_platform_0/design_1_wrapper.bit"
18:14:22 INFO  : Context for 'APU' is selected.
18:14:24 INFO  : Hardware design information is loaded from 'C:/Users/Administrator/Desktop/arm_fpga_04_hdmi_output/arm_fpga_04_hdmi_output.sdk/design_1_wrapper_hw_platform_0/system.hdf'.
18:14:24 INFO  : 'configparams force-mem-access 1' command is executed.
18:14:24 INFO  : Context for 'APU' is selected.
18:14:24 INFO  : 'ps7_init' command is executed.
18:14:24 INFO  : 'ps7_post_config' command is executed.
18:14:24 INFO  : Context for processor 'ps7_cortexa9_0' is selected.
18:14:38 INFO  : The application 'C:/Users/Administrator/Desktop/arm_fpga_04_hdmi_output/arm_fpga_04_hdmi_output.sdk/hdmi_test/Debug/hdmi_test.elf' is downloaded to processor 'ps7_cortexa9_0'.
18:14:38 INFO  : 'configparams force-mem-access 0' command is executed.
18:14:38 INFO  : ----------------XSDB Script----------------
connect -url tcp:127.0.0.1:3121
source C:/Users/Administrator/Desktop/arm_fpga_04_hdmi_output/arm_fpga_04_hdmi_output.sdk/design_1_wrapper_hw_platform_0/ps7_init.tcl
targets -set -nocase -filter {name =~"APU*" && jtag_cable_name =~ "Digilent JTAG-HS1 210512180081"} -index 0
rst -system
after 3000
targets -set -filter {jtag_cable_name =~ "Digilent JTAG-HS1 210512180081" && level==0} -index 1
fpga -file C:/Users/Administrator/Desktop/arm_fpga_04_hdmi_output/arm_fpga_04_hdmi_output.sdk/design_1_wrapper_hw_platform_0/design_1_wrapper.bit
targets -set -nocase -filter {name =~"APU*" && jtag_cable_name =~ "Digilent JTAG-HS1 210512180081"} -index 0
loadhw -hw C:/Users/Administrator/Desktop/arm_fpga_04_hdmi_output/arm_fpga_04_hdmi_output.sdk/design_1_wrapper_hw_platform_0/system.hdf -mem-ranges [list {0x40000000 0xbfffffff}]
configparams force-mem-access 1
targets -set -nocase -filter {name =~"APU*" && jtag_cable_name =~ "Digilent JTAG-HS1 210512180081"} -index 0
ps7_init
ps7_post_config
targets -set -nocase -filter {name =~ "ARM*#0" && jtag_cable_name =~ "Digilent JTAG-HS1 210512180081"} -index 0
dow C:/Users/Administrator/Desktop/arm_fpga_04_hdmi_output/arm_fpga_04_hdmi_output.sdk/hdmi_test/Debug/hdmi_test.elf
configparams force-mem-access 0
----------------End of Script----------------

18:14:38 INFO  : Memory regions updated for context APU
18:14:38 INFO  : Context for processor 'ps7_cortexa9_0' is selected.
18:14:38 INFO  : 'con' command is executed.
18:14:38 INFO  : ----------------XSDB Script (After Launch)----------------
targets -set -nocase -filter {name =~ "ARM*#0" && jtag_cable_name =~ "Digilent JTAG-HS1 210512180081"} -index 0
con
----------------End of Script----------------

18:14:38 INFO  : Launch script is exported to file 'C:\Users\Administrator\Desktop\arm_fpga_04_hdmi_output\arm_fpga_04_hdmi_output.sdk\.sdk\launch_scripts\xilinx_c-c++_application_(system_debugger)\system_debugger_using_debug_hdmi_test.elf_on_local.tcl'
18:45:30 INFO  : Disconnected from the channel tcfchan#2.
18:45:31 INFO  : Connected to target on host '127.0.0.1' and port '3121'.
18:45:31 WARN  : Part name present in the hardware specification 'xc7z010clg400-1' doesn't match the one present on the target 'xc7z020'.
18:45:36 INFO  : Jtag cable 'Digilent JTAG-HS1 210512180081' is selected.
18:45:36 INFO  : 'jtag frequency' command is executed.
18:45:36 INFO  : Sourcing of 'C:/Users/Administrator/Desktop/arm_fpga_04_hdmi_output/arm_fpga_04_hdmi_output.sdk/design_1_wrapper_hw_platform_0/ps7_init.tcl' is done.
18:45:36 INFO  : Context for 'APU' is selected.
18:45:36 INFO  : System reset is completed.
18:45:39 INFO  : 'after 3000' command is executed.
18:45:39 INFO  : 'targets -set -filter {jtag_cable_name =~ "Digilent JTAG-HS1 210512180081" && level==0} -index 1' command is executed.
18:45:39 ERROR : bitstream is not compatible with the target
18:45:39 ERROR : Exception occured while running Program FPGA.
java.lang.RuntimeException: bitstream is not compatible with the target
18:45:39 INFO  : ----------------XSDB Script----------------
connect -url tcp:127.0.0.1:3121
source C:/Users/Administrator/Desktop/arm_fpga_04_hdmi_output/arm_fpga_04_hdmi_output.sdk/design_1_wrapper_hw_platform_0/ps7_init.tcl
targets -set -nocase -filter {name =~"APU*" && jtag_cable_name =~ "Digilent JTAG-HS1 210512180081"} -index 0
rst -system
after 3000
----------------End of Script----------------

18:46:02 INFO  : Connected to target on host '127.0.0.1' and port '3121'.
18:46:02 WARN  : Part name present in the hardware specification 'xc7z010clg400-1' doesn't match the one present on the target 'xc7z020'.
18:46:04 INFO  : ----------------XSDB Script----------------
connect -url tcp:127.0.0.1:3121
----------------End of Script----------------

18:46:08 INFO  : Connected to target on host '127.0.0.1' and port '3121'.
18:46:09 WARN  : Part name present in the hardware specification 'xc7z010clg400-1' doesn't match the one present on the target 'xc7z020'.
18:46:14 INFO  : ----------------XSDB Script----------------
connect -url tcp:127.0.0.1:3121
----------------End of Script----------------

18:46:26 INFO  : Connected to target on host '127.0.0.1' and port '3121'.
18:46:26 INFO  : Jtag cable 'Digilent JTAG-HS1 210512180081' is selected.
18:46:26 INFO  : 'jtag frequency' command is executed.
18:46:26 INFO  : Sourcing of 'C:/Users/Administrator/Desktop/arm_fpga_04_hdmi_output/arm_fpga_04_hdmi_output.sdk/design_1_wrapper_hw_platform_0/ps7_init.tcl' is done.
18:46:26 INFO  : Context for 'APU' is selected.
18:46:27 INFO  : System reset is completed.
18:46:30 INFO  : 'after 3000' command is executed.
18:46:30 INFO  : 'targets -set -filter {jtag_cable_name =~ "Digilent JTAG-HS1 210512180081" && level==0} -index 1' command is executed.
18:46:31 INFO  : FPGA configured successfully with bitstream "C:/Users/Administrator/Desktop/arm_fpga_04_hdmi_output/arm_fpga_04_hdmi_output.sdk/design_1_wrapper_hw_platform_0/design_1_wrapper.bit"
18:46:32 INFO  : Context for 'APU' is selected.
18:46:33 INFO  : Hardware design information is loaded from 'C:/Users/Administrator/Desktop/arm_fpga_04_hdmi_output/arm_fpga_04_hdmi_output.sdk/design_1_wrapper_hw_platform_0/system.hdf'.
18:46:33 INFO  : 'configparams force-mem-access 1' command is executed.
18:46:33 INFO  : Context for 'APU' is selected.
18:46:33 INFO  : 'ps7_init' command is executed.
18:46:33 INFO  : 'ps7_post_config' command is executed.
18:46:33 INFO  : Context for processor 'ps7_cortexa9_0' is selected.
18:46:47 INFO  : The application 'C:/Users/Administrator/Desktop/arm_fpga_04_hdmi_output/arm_fpga_04_hdmi_output.sdk/hdmi_test/Debug/hdmi_test.elf' is downloaded to processor 'ps7_cortexa9_0'.
18:46:47 INFO  : 'configparams force-mem-access 0' command is executed.
18:46:47 INFO  : ----------------XSDB Script----------------
connect -url tcp:127.0.0.1:3121
source C:/Users/Administrator/Desktop/arm_fpga_04_hdmi_output/arm_fpga_04_hdmi_output.sdk/design_1_wrapper_hw_platform_0/ps7_init.tcl
targets -set -nocase -filter {name =~"APU*" && jtag_cable_name =~ "Digilent JTAG-HS1 210512180081"} -index 0
rst -system
after 3000
targets -set -filter {jtag_cable_name =~ "Digilent JTAG-HS1 210512180081" && level==0} -index 1
fpga -file C:/Users/Administrator/Desktop/arm_fpga_04_hdmi_output/arm_fpga_04_hdmi_output.sdk/design_1_wrapper_hw_platform_0/design_1_wrapper.bit
targets -set -nocase -filter {name =~"APU*" && jtag_cable_name =~ "Digilent JTAG-HS1 210512180081"} -index 0
loadhw -hw C:/Users/Administrator/Desktop/arm_fpga_04_hdmi_output/arm_fpga_04_hdmi_output.sdk/design_1_wrapper_hw_platform_0/system.hdf -mem-ranges [list {0x40000000 0xbfffffff}]
configparams force-mem-access 1
targets -set -nocase -filter {name =~"APU*" && jtag_cable_name =~ "Digilent JTAG-HS1 210512180081"} -index 0
ps7_init
ps7_post_config
targets -set -nocase -filter {name =~ "ARM*#0" && jtag_cable_name =~ "Digilent JTAG-HS1 210512180081"} -index 0
dow C:/Users/Administrator/Desktop/arm_fpga_04_hdmi_output/arm_fpga_04_hdmi_output.sdk/hdmi_test/Debug/hdmi_test.elf
configparams force-mem-access 0
----------------End of Script----------------

18:46:47 INFO  : Memory regions updated for context APU
18:46:47 INFO  : Context for processor 'ps7_cortexa9_0' is selected.
18:46:47 INFO  : 'con' command is executed.
18:46:47 INFO  : ----------------XSDB Script (After Launch)----------------
targets -set -nocase -filter {name =~ "ARM*#0" && jtag_cable_name =~ "Digilent JTAG-HS1 210512180081"} -index 0
con
----------------End of Script----------------

18:46:47 INFO  : Launch script is exported to file 'C:\Users\Administrator\Desktop\arm_fpga_04_hdmi_output\arm_fpga_04_hdmi_output.sdk\.sdk\launch_scripts\xilinx_c-c++_application_(system_debugger)\system_debugger_using_debug_hdmi_test.elf_on_local.tcl'
18:47:32 INFO  : Disconnected from the channel tcfchan#3.
18:47:33 INFO  : Connected to target on host '127.0.0.1' and port '3121'.
18:47:33 INFO  : Jtag cable 'Digilent JTAG-HS1 210512180081' is selected.
18:47:33 INFO  : 'jtag frequency' command is executed.
18:47:33 INFO  : Sourcing of 'C:/Users/Administrator/Desktop/arm_fpga_04_hdmi_output/arm_fpga_04_hdmi_output.sdk/design_1_wrapper_hw_platform_0/ps7_init.tcl' is done.
18:47:33 INFO  : Context for 'APU' is selected.
18:47:33 INFO  : System reset is completed.
18:47:36 INFO  : 'after 3000' command is executed.
18:47:36 INFO  : 'targets -set -filter {jtag_cable_name =~ "Digilent JTAG-HS1 210512180081" && level==0} -index 1' command is executed.
18:47:38 INFO  : FPGA configured successfully with bitstream "C:/Users/Administrator/Desktop/arm_fpga_04_hdmi_output/arm_fpga_04_hdmi_output.sdk/design_1_wrapper_hw_platform_0/design_1_wrapper.bit"
18:47:38 INFO  : Context for 'APU' is selected.
18:47:39 INFO  : Hardware design information is loaded from 'C:/Users/Administrator/Desktop/arm_fpga_04_hdmi_output/arm_fpga_04_hdmi_output.sdk/design_1_wrapper_hw_platform_0/system.hdf'.
18:47:39 INFO  : 'configparams force-mem-access 1' command is executed.
18:47:39 INFO  : Context for 'APU' is selected.
18:47:39 INFO  : 'ps7_init' command is executed.
18:47:39 INFO  : 'ps7_post_config' command is executed.
18:47:39 INFO  : Context for processor 'ps7_cortexa9_0' is selected.
18:47:54 INFO  : The application 'C:/Users/Administrator/Desktop/arm_fpga_04_hdmi_output/arm_fpga_04_hdmi_output.sdk/hdmi_test/Debug/hdmi_test.elf' is downloaded to processor 'ps7_cortexa9_0'.
18:47:54 INFO  : 'configparams force-mem-access 0' command is executed.
18:47:54 INFO  : ----------------XSDB Script----------------
connect -url tcp:127.0.0.1:3121
source C:/Users/Administrator/Desktop/arm_fpga_04_hdmi_output/arm_fpga_04_hdmi_output.sdk/design_1_wrapper_hw_platform_0/ps7_init.tcl
targets -set -nocase -filter {name =~"APU*" && jtag_cable_name =~ "Digilent JTAG-HS1 210512180081"} -index 0
rst -system
after 3000
targets -set -filter {jtag_cable_name =~ "Digilent JTAG-HS1 210512180081" && level==0} -index 1
fpga -file C:/Users/Administrator/Desktop/arm_fpga_04_hdmi_output/arm_fpga_04_hdmi_output.sdk/design_1_wrapper_hw_platform_0/design_1_wrapper.bit
targets -set -nocase -filter {name =~"APU*" && jtag_cable_name =~ "Digilent JTAG-HS1 210512180081"} -index 0
loadhw -hw C:/Users/Administrator/Desktop/arm_fpga_04_hdmi_output/arm_fpga_04_hdmi_output.sdk/design_1_wrapper_hw_platform_0/system.hdf -mem-ranges [list {0x40000000 0xbfffffff}]
configparams force-mem-access 1
targets -set -nocase -filter {name =~"APU*" && jtag_cable_name =~ "Digilent JTAG-HS1 210512180081"} -index 0
ps7_init
ps7_post_config
targets -set -nocase -filter {name =~ "ARM*#0" && jtag_cable_name =~ "Digilent JTAG-HS1 210512180081"} -index 0
dow C:/Users/Administrator/Desktop/arm_fpga_04_hdmi_output/arm_fpga_04_hdmi_output.sdk/hdmi_test/Debug/hdmi_test.elf
configparams force-mem-access 0
----------------End of Script----------------

18:47:54 INFO  : Memory regions updated for context APU
18:47:54 INFO  : Context for processor 'ps7_cortexa9_0' is selected.
18:47:54 INFO  : 'con' command is executed.
18:47:54 INFO  : ----------------XSDB Script (After Launch)----------------
targets -set -nocase -filter {name =~ "ARM*#0" && jtag_cable_name =~ "Digilent JTAG-HS1 210512180081"} -index 0
con
----------------End of Script----------------

18:47:54 INFO  : Launch script is exported to file 'C:\Users\Administrator\Desktop\arm_fpga_04_hdmi_output\arm_fpga_04_hdmi_output.sdk\.sdk\launch_scripts\xilinx_c-c++_application_(system_debugger)\system_debugger_using_debug_hdmi_test.elf_on_local.tcl'
18:48:08 INFO  : Disconnected from the channel tcfchan#4.
18:48:09 INFO  : Connected to target on host '127.0.0.1' and port '3121'.
18:48:09 INFO  : Jtag cable 'Digilent JTAG-HS1 210512180081' is selected.
18:48:09 INFO  : 'jtag frequency' command is executed.
18:48:09 INFO  : Sourcing of 'C:/Users/Administrator/Desktop/arm_fpga_04_hdmi_output/arm_fpga_04_hdmi_output.sdk/design_1_wrapper_hw_platform_0/ps7_init.tcl' is done.
18:48:09 INFO  : Context for 'APU' is selected.
18:48:09 INFO  : System reset is completed.
18:48:12 INFO  : 'after 3000' command is executed.
18:48:12 INFO  : 'targets -set -filter {jtag_cable_name =~ "Digilent JTAG-HS1 210512180081" && level==0} -index 1' command is executed.
18:48:14 INFO  : FPGA configured successfully with bitstream "C:/Users/Administrator/Desktop/arm_fpga_04_hdmi_output/arm_fpga_04_hdmi_output.sdk/design_1_wrapper_hw_platform_0/design_1_wrapper.bit"
18:48:14 INFO  : Context for 'APU' is selected.
18:48:16 INFO  : Hardware design information is loaded from 'C:/Users/Administrator/Desktop/arm_fpga_04_hdmi_output/arm_fpga_04_hdmi_output.sdk/design_1_wrapper_hw_platform_0/system.hdf'.
18:48:16 INFO  : 'configparams force-mem-access 1' command is executed.
18:48:16 INFO  : Context for 'APU' is selected.
18:48:16 INFO  : 'ps7_init' command is executed.
18:48:16 INFO  : 'ps7_post_config' command is executed.
18:48:16 INFO  : Context for processor 'ps7_cortexa9_0' is selected.
18:48:30 INFO  : The application 'C:/Users/Administrator/Desktop/arm_fpga_04_hdmi_output/arm_fpga_04_hdmi_output.sdk/hdmi_test/Debug/hdmi_test.elf' is downloaded to processor 'ps7_cortexa9_0'.
18:48:30 INFO  : 'configparams force-mem-access 0' command is executed.
18:48:30 INFO  : ----------------XSDB Script----------------
connect -url tcp:127.0.0.1:3121
source C:/Users/Administrator/Desktop/arm_fpga_04_hdmi_output/arm_fpga_04_hdmi_output.sdk/design_1_wrapper_hw_platform_0/ps7_init.tcl
targets -set -nocase -filter {name =~"APU*" && jtag_cable_name =~ "Digilent JTAG-HS1 210512180081"} -index 0
rst -system
after 3000
targets -set -filter {jtag_cable_name =~ "Digilent JTAG-HS1 210512180081" && level==0} -index 1
fpga -file C:/Users/Administrator/Desktop/arm_fpga_04_hdmi_output/arm_fpga_04_hdmi_output.sdk/design_1_wrapper_hw_platform_0/design_1_wrapper.bit
targets -set -nocase -filter {name =~"APU*" && jtag_cable_name =~ "Digilent JTAG-HS1 210512180081"} -index 0
loadhw -hw C:/Users/Administrator/Desktop/arm_fpga_04_hdmi_output/arm_fpga_04_hdmi_output.sdk/design_1_wrapper_hw_platform_0/system.hdf -mem-ranges [list {0x40000000 0xbfffffff}]
configparams force-mem-access 1
targets -set -nocase -filter {name =~"APU*" && jtag_cable_name =~ "Digilent JTAG-HS1 210512180081"} -index 0
ps7_init
ps7_post_config
targets -set -nocase -filter {name =~ "ARM*#0" && jtag_cable_name =~ "Digilent JTAG-HS1 210512180081"} -index 0
dow C:/Users/Administrator/Desktop/arm_fpga_04_hdmi_output/arm_fpga_04_hdmi_output.sdk/hdmi_test/Debug/hdmi_test.elf
configparams force-mem-access 0
----------------End of Script----------------

18:48:30 INFO  : Memory regions updated for context APU
18:48:31 INFO  : Context for processor 'ps7_cortexa9_0' is selected.
18:48:31 INFO  : 'con' command is executed.
18:48:31 INFO  : ----------------XSDB Script (After Launch)----------------
targets -set -nocase -filter {name =~ "ARM*#0" && jtag_cable_name =~ "Digilent JTAG-HS1 210512180081"} -index 0
con
----------------End of Script----------------

18:48:31 INFO  : Launch script is exported to file 'C:\Users\Administrator\Desktop\arm_fpga_04_hdmi_output\arm_fpga_04_hdmi_output.sdk\.sdk\launch_scripts\xilinx_c-c++_application_(system_debugger)\system_debugger_using_debug_hdmi_test.elf_on_local.tcl'
18:48:55 INFO  : Disconnected from the channel tcfchan#5.
18:48:56 INFO  : Connected to target on host '127.0.0.1' and port '3121'.
18:48:56 INFO  : Jtag cable 'Digilent JTAG-HS1 210512180081' is selected.
18:48:56 INFO  : 'jtag frequency' command is executed.
18:48:56 INFO  : Sourcing of 'C:/Users/Administrator/Desktop/arm_fpga_04_hdmi_output/arm_fpga_04_hdmi_output.sdk/design_1_wrapper_hw_platform_0/ps7_init.tcl' is done.
18:48:56 INFO  : Context for 'APU' is selected.
18:48:57 INFO  : System reset is completed.
18:49:00 INFO  : 'after 3000' command is executed.
18:49:00 INFO  : 'targets -set -filter {jtag_cable_name =~ "Digilent JTAG-HS1 210512180081" && level==0} -index 1' command is executed.
18:49:01 INFO  : FPGA configured successfully with bitstream "C:/Users/Administrator/Desktop/arm_fpga_04_hdmi_output/arm_fpga_04_hdmi_output.sdk/design_1_wrapper_hw_platform_0/design_1_wrapper.bit"
18:49:01 INFO  : Context for 'APU' is selected.
18:49:03 INFO  : Hardware design information is loaded from 'C:/Users/Administrator/Desktop/arm_fpga_04_hdmi_output/arm_fpga_04_hdmi_output.sdk/design_1_wrapper_hw_platform_0/system.hdf'.
18:49:03 INFO  : 'configparams force-mem-access 1' command is executed.
18:49:03 INFO  : Context for 'APU' is selected.
18:49:03 INFO  : 'ps7_init' command is executed.
18:49:03 INFO  : 'ps7_post_config' command is executed.
18:49:03 INFO  : Context for processor 'ps7_cortexa9_0' is selected.
18:49:18 INFO  : The application 'C:/Users/Administrator/Desktop/arm_fpga_04_hdmi_output/arm_fpga_04_hdmi_output.sdk/hdmi_test/Debug/hdmi_test.elf' is downloaded to processor 'ps7_cortexa9_0'.
18:49:18 INFO  : 'configparams force-mem-access 0' command is executed.
18:49:18 INFO  : ----------------XSDB Script----------------
connect -url tcp:127.0.0.1:3121
source C:/Users/Administrator/Desktop/arm_fpga_04_hdmi_output/arm_fpga_04_hdmi_output.sdk/design_1_wrapper_hw_platform_0/ps7_init.tcl
targets -set -nocase -filter {name =~"APU*" && jtag_cable_name =~ "Digilent JTAG-HS1 210512180081"} -index 0
rst -system
after 3000
targets -set -filter {jtag_cable_name =~ "Digilent JTAG-HS1 210512180081" && level==0} -index 1
fpga -file C:/Users/Administrator/Desktop/arm_fpga_04_hdmi_output/arm_fpga_04_hdmi_output.sdk/design_1_wrapper_hw_platform_0/design_1_wrapper.bit
targets -set -nocase -filter {name =~"APU*" && jtag_cable_name =~ "Digilent JTAG-HS1 210512180081"} -index 0
loadhw -hw C:/Users/Administrator/Desktop/arm_fpga_04_hdmi_output/arm_fpga_04_hdmi_output.sdk/design_1_wrapper_hw_platform_0/system.hdf -mem-ranges [list {0x40000000 0xbfffffff}]
configparams force-mem-access 1
targets -set -nocase -filter {name =~"APU*" && jtag_cable_name =~ "Digilent JTAG-HS1 210512180081"} -index 0
ps7_init
ps7_post_config
targets -set -nocase -filter {name =~ "ARM*#0" && jtag_cable_name =~ "Digilent JTAG-HS1 210512180081"} -index 0
dow C:/Users/Administrator/Desktop/arm_fpga_04_hdmi_output/arm_fpga_04_hdmi_output.sdk/hdmi_test/Debug/hdmi_test.elf
configparams force-mem-access 0
----------------End of Script----------------

18:49:18 INFO  : Memory regions updated for context APU
18:49:18 INFO  : Context for processor 'ps7_cortexa9_0' is selected.
18:49:18 INFO  : 'con' command is executed.
18:49:18 INFO  : ----------------XSDB Script (After Launch)----------------
targets -set -nocase -filter {name =~ "ARM*#0" && jtag_cable_name =~ "Digilent JTAG-HS1 210512180081"} -index 0
con
----------------End of Script----------------

18:49:18 INFO  : Launch script is exported to file 'C:\Users\Administrator\Desktop\arm_fpga_04_hdmi_output\arm_fpga_04_hdmi_output.sdk\.sdk\launch_scripts\xilinx_c-c++_application_(system_debugger)\system_debugger_using_debug_hdmi_test.elf_on_local.tcl'
18:55:20 INFO  : Disconnected from the channel tcfchan#6.
10:29:40 INFO  : Registering command handlers for SDK TCF services
10:29:41 INFO  : Launching XSCT server: xsct.bat -interactive C:\Users\Administrator\Desktop\ZYNQ_MINI\arm_fpga_04_hdmi_output\arm_fpga_04_hdmi_output.sdk\temp_xsdb_launch_script.tcl
10:29:44 INFO  : XSCT server has started successfully.
10:29:46 INFO  : Successfully done setting XSCT server connection channel  
10:29:46 INFO  : Successfully done setting SDK workspace  
10:29:46 INFO  : Processing command line option -hwspec C:/Users/Administrator/Desktop/ZYNQ_MINI/arm_fpga_04_hdmi_output/arm_fpga_04_hdmi_output.sdk/design_1_wrapper.hdf.
10:30:16 INFO  : Launching XSCT server: xsct.bat -interactive C:\Users\Administrator\Desktop\ZYNQ_MINI\arm_fpga_04_hdmi_output\arm_fpga_04_hdmi_output.sdk\temp_xsdb_launch_script.tcl
10:30:19 INFO  : XSCT server has started successfully.
10:30:19 INFO  : Successfully done setting XSCT server connection channel  
10:30:19 INFO  : Successfully done setting SDK workspace  
10:30:20 INFO  : Registering command handlers for SDK TCF services
10:30:20 INFO  : Processing command line option -hwspec C:/Users/Administrator/Desktop/ZYNQ_MINI/arm_fpga_04_hdmi_output/arm_fpga_04_hdmi_output.sdk/design_1_wrapper.hdf.
10:31:06 INFO  : Connected to target on host '127.0.0.1' and port '3121'.
10:31:06 INFO  : Jtag cable 'Digilent JTAG-SMT2 210251A08870' is selected.
10:31:06 INFO  : 'jtag frequency' command is executed.
10:31:06 INFO  : Sourcing of 'C:/Users/Administrator/Desktop/ZYNQ_MINI/arm_fpga_04_hdmi_output/arm_fpga_04_hdmi_output.sdk/design_1_wrapper_hw_platform_0/ps7_init.tcl' is done.
10:31:07 INFO  : Context for 'APU' is selected.
10:31:07 INFO  : System reset is completed.
10:31:10 INFO  : 'after 3000' command is executed.
10:31:10 INFO  : 'targets -set -filter {jtag_cable_name =~ "Digilent JTAG-SMT2 210251A08870" && level==0} -index 1' command is executed.
10:31:11 INFO  : FPGA configured successfully with bitstream "C:/Users/Administrator/Desktop/ZYNQ_MINI/arm_fpga_04_hdmi_output/arm_fpga_04_hdmi_output.sdk/design_1_wrapper_hw_platform_0/design_1_wrapper.bit"
10:31:11 INFO  : Context for 'APU' is selected.
10:31:11 INFO  : Hardware design information is loaded from 'C:/Users/Administrator/Desktop/ZYNQ_MINI/arm_fpga_04_hdmi_output/arm_fpga_04_hdmi_output.sdk/design_1_wrapper_hw_platform_0/system.hdf'.
10:31:11 INFO  : 'configparams force-mem-access 1' command is executed.
10:31:11 INFO  : Context for 'APU' is selected.
10:31:11 INFO  : 'ps7_init' command is executed.
10:31:11 INFO  : 'ps7_post_config' command is executed.
10:31:11 INFO  : Context for processor 'ps7_cortexa9_0' is selected.
10:31:23 INFO  : The application 'C:/Users/Administrator/Desktop/ZYNQ_MINI/arm_fpga_04_hdmi_output/arm_fpga_04_hdmi_output.sdk/hdmi_test/Debug/hdmi_test.elf' is downloaded to processor 'ps7_cortexa9_0'.
10:31:23 INFO  : 'configparams force-mem-access 0' command is executed.
10:31:23 INFO  : ----------------XSDB Script----------------
connect -url tcp:127.0.0.1:3121
source C:/Users/Administrator/Desktop/ZYNQ_MINI/arm_fpga_04_hdmi_output/arm_fpga_04_hdmi_output.sdk/design_1_wrapper_hw_platform_0/ps7_init.tcl
targets -set -nocase -filter {name =~"APU*" && jtag_cable_name =~ "Digilent JTAG-SMT2 210251A08870"} -index 0
rst -system
after 3000
targets -set -filter {jtag_cable_name =~ "Digilent JTAG-SMT2 210251A08870" && level==0} -index 1
fpga -file C:/Users/Administrator/Desktop/ZYNQ_MINI/arm_fpga_04_hdmi_output/arm_fpga_04_hdmi_output.sdk/design_1_wrapper_hw_platform_0/design_1_wrapper.bit
targets -set -nocase -filter {name =~"APU*" && jtag_cable_name =~ "Digilent JTAG-SMT2 210251A08870"} -index 0
loadhw -hw C:/Users/Administrator/Desktop/ZYNQ_MINI/arm_fpga_04_hdmi_output/arm_fpga_04_hdmi_output.sdk/design_1_wrapper_hw_platform_0/system.hdf -mem-ranges [list {0x40000000 0xbfffffff}]
configparams force-mem-access 1
targets -set -nocase -filter {name =~"APU*" && jtag_cable_name =~ "Digilent JTAG-SMT2 210251A08870"} -index 0
ps7_init
ps7_post_config
targets -set -nocase -filter {name =~ "ARM*#0" && jtag_cable_name =~ "Digilent JTAG-SMT2 210251A08870"} -index 0
dow C:/Users/Administrator/Desktop/ZYNQ_MINI/arm_fpga_04_hdmi_output/arm_fpga_04_hdmi_output.sdk/hdmi_test/Debug/hdmi_test.elf
configparams force-mem-access 0
----------------End of Script----------------

10:31:23 INFO  : Memory regions updated for context APU
10:31:23 INFO  : Context for processor 'ps7_cortexa9_0' is selected.
10:31:23 INFO  : 'con' command is executed.
10:31:23 INFO  : ----------------XSDB Script (After Launch)----------------
targets -set -nocase -filter {name =~ "ARM*#0" && jtag_cable_name =~ "Digilent JTAG-SMT2 210251A08870"} -index 0
con
----------------End of Script----------------

10:31:23 INFO  : Launch script is exported to file 'C:\Users\Administrator\Desktop\ZYNQ_MINI\arm_fpga_04_hdmi_output\arm_fpga_04_hdmi_output.sdk\.sdk\launch_scripts\xilinx_c-c++_application_(system_debugger)\system_debugger_using_debug_hdmi_test.elf_on_local.tcl'
10:32:03 INFO  : Disconnected from the channel tcfchan#1.
22:58:36 INFO  : Registering command handlers for SDK TCF services
22:58:36 INFO  : Launching XSCT server: xsct.bat -interactive C:\Users\Administrator\Desktop\arm_fpga_04_hdmi_output\arm_fpga_04_hdmi_output.sdk\temp_xsdb_launch_script.tcl
22:58:38 INFO  : XSCT server has started successfully.
22:58:38 INFO  : Successfully done setting XSCT server connection channel  
22:58:38 INFO  : Successfully done setting SDK workspace  
22:58:38 INFO  : Processing command line option -hwspec C:/Users/Administrator/Desktop/arm_fpga_04_hdmi_output/arm_fpga_04_hdmi_output.sdk/design_1_wrapper.hdf.
23:00:11 INFO  : Connected to target on host '127.0.0.1' and port '3121'.
23:00:12 INFO  : Jtag cable 'Digilent JTAG-SMT2 210251A08870' is selected.
23:00:12 INFO  : 'jtag frequency' command is executed.
23:00:12 INFO  : Sourcing of 'C:/Users/Administrator/Desktop/arm_fpga_04_hdmi_output/arm_fpga_04_hdmi_output.sdk/design_1_wrapper_hw_platform_0/ps7_init.tcl' is done.
23:00:12 INFO  : Context for 'APU' is selected.
23:00:12 INFO  : System reset is completed.
23:00:15 INFO  : 'after 3000' command is executed.
23:00:15 INFO  : 'targets -set -filter {jtag_cable_name =~ "Digilent JTAG-SMT2 210251A08870" && level==0} -index 1' command is executed.
23:00:16 INFO  : FPGA configured successfully with bitstream "C:/Users/Administrator/Desktop/arm_fpga_04_hdmi_output/arm_fpga_04_hdmi_output.sdk/design_1_wrapper_hw_platform_0/design_1_wrapper.bit"
23:00:16 INFO  : Context for 'APU' is selected.
23:00:17 INFO  : Hardware design information is loaded from 'C:/Users/Administrator/Desktop/arm_fpga_04_hdmi_output/arm_fpga_04_hdmi_output.sdk/design_1_wrapper_hw_platform_0/system.hdf'.
23:00:17 INFO  : 'configparams force-mem-access 1' command is executed.
23:00:17 INFO  : Context for 'APU' is selected.
23:00:17 INFO  : 'ps7_init' command is executed.
23:00:17 INFO  : 'ps7_post_config' command is executed.
23:00:17 INFO  : Context for processor 'ps7_cortexa9_0' is selected.
23:00:29 INFO  : The application 'C:/Users/Administrator/Desktop/arm_fpga_04_hdmi_output/arm_fpga_04_hdmi_output.sdk/hdmi_test/Debug/hdmi_test.elf' is downloaded to processor 'ps7_cortexa9_0'.
23:00:29 INFO  : 'configparams force-mem-access 0' command is executed.
23:00:29 INFO  : ----------------XSDB Script----------------
connect -url tcp:127.0.0.1:3121
source C:/Users/Administrator/Desktop/arm_fpga_04_hdmi_output/arm_fpga_04_hdmi_output.sdk/design_1_wrapper_hw_platform_0/ps7_init.tcl
targets -set -nocase -filter {name =~"APU*" && jtag_cable_name =~ "Digilent JTAG-SMT2 210251A08870"} -index 0
rst -system
after 3000
targets -set -filter {jtag_cable_name =~ "Digilent JTAG-SMT2 210251A08870" && level==0} -index 1
fpga -file C:/Users/Administrator/Desktop/arm_fpga_04_hdmi_output/arm_fpga_04_hdmi_output.sdk/design_1_wrapper_hw_platform_0/design_1_wrapper.bit
targets -set -nocase -filter {name =~"APU*" && jtag_cable_name =~ "Digilent JTAG-SMT2 210251A08870"} -index 0
loadhw -hw C:/Users/Administrator/Desktop/arm_fpga_04_hdmi_output/arm_fpga_04_hdmi_output.sdk/design_1_wrapper_hw_platform_0/system.hdf -mem-ranges [list {0x40000000 0xbfffffff}]
configparams force-mem-access 1
targets -set -nocase -filter {name =~"APU*" && jtag_cable_name =~ "Digilent JTAG-SMT2 210251A08870"} -index 0
ps7_init
ps7_post_config
targets -set -nocase -filter {name =~ "ARM*#0" && jtag_cable_name =~ "Digilent JTAG-SMT2 210251A08870"} -index 0
dow C:/Users/Administrator/Desktop/arm_fpga_04_hdmi_output/arm_fpga_04_hdmi_output.sdk/hdmi_test/Debug/hdmi_test.elf
configparams force-mem-access 0
----------------End of Script----------------

23:00:29 INFO  : Memory regions updated for context APU
23:00:29 INFO  : Context for processor 'ps7_cortexa9_0' is selected.
23:00:29 INFO  : 'con' command is executed.
23:00:29 INFO  : ----------------XSDB Script (After Launch)----------------
targets -set -nocase -filter {name =~ "ARM*#0" && jtag_cable_name =~ "Digilent JTAG-SMT2 210251A08870"} -index 0
con
----------------End of Script----------------

23:00:29 INFO  : Launch script is exported to file 'C:\Users\Administrator\Desktop\arm_fpga_04_hdmi_output\arm_fpga_04_hdmi_output.sdk\.sdk\launch_scripts\xilinx_c-c++_application_(system_debugger)\system_debugger_using_debug_hdmi_test.elf_on_local.tcl'
23:00:35 INFO  : Disconnected from the channel tcfchan#1.
